<?xml version="1.0" encoding="UTF-8"?>
<testsuite xmlns:xsi="http://www.w3.org/2001/XMLSchema-instance" xsi:noNamespaceSchemaLocation="https://maven.apache.org/surefire/maven-surefire-plugin/xsd/surefire-test-report.xsd" name="com.n26.bestbuy.api.PlayGroundTest" time="39.776" tests="1" errors="0" skipped="0" failures="1">
  <properties>
    <property name="sun.desktop" value="windows"/>
    <property name="awt.toolkit" value="sun.awt.windows.WToolkit"/>
    <property name="file.encoding.pkg" value="sun.io"/>
    <property name="java.specification.version" value="1.8"/>
    <property name="sun.cpu.isalist" value="amd64"/>
    <property name="sun.jnu.encoding" value="Cp1252"/>
    <property name="java.class.path" value="C:\Users\bkristip\eclipse-workspace\swamy\rest-automation\target\test-classes;C:\Users\bkristip\eclipse-workspace\swamy\rest-automation\target\classes;C:\Users\bkristip\.m2\repository\com\intuit\karate\karate-apache\0.9.4\karate-apache-0.9.4.jar;C:\Users\bkristip\.m2\repository\com\intuit\karate\karate-core\0.9.4\karate-core-0.9.4.jar;C:\Users\bkristip\.m2\repository\com\jayway\jsonpath\json-path\2.1.0\json-path-2.1.0.jar;C:\Users\bkristip\.m2\repository\net\minidev\json-smart\2.2\json-smart-2.2.jar;C:\Users\bkristip\.m2\repository\net\minidev\accessors-smart\1.1\accessors-smart-1.1.jar;C:\Users\bkristip\.m2\repository\org\ow2\asm\asm\5.0.3\asm-5.0.3.jar;C:\Users\bkristip\.m2\repository\info\cukes\cucumber-java\1.2.5\cucumber-java-1.2.5.jar;C:\Users\bkristip\.m2\repository\info\cukes\cucumber-core\1.2.5\cucumber-core-1.2.5.jar;C:\Users\bkristip\.m2\repository\org\yaml\snakeyaml\1.24\snakeyaml-1.24.jar;C:\Users\bkristip\.m2\repository\de\siegmar\fastcsv\1.0.3\fastcsv-1.0.3.jar;C:\Users\bkristip\.m2\repository\info\picocli\picocli\3.0.1\picocli-3.0.1.jar;C:\Users\bkristip\.m2\repository\org\apache\httpcomponents\httpclient\4.5.5\httpclient-4.5.5.jar;C:\Users\bkristip\.m2\repository\org\apache\httpcomponents\httpcore\4.4.9\httpcore-4.4.9.jar;C:\Users\bkristip\.m2\repository\commons-codec\commons-codec\1.10\commons-codec-1.10.jar;C:\Users\bkristip\.m2\repository\org\apache\httpcomponents\httpmime\4.5.5\httpmime-4.5.5.jar;C:\Users\bkristip\.m2\repository\org\slf4j\jcl-over-slf4j\1.7.25\jcl-over-slf4j-1.7.25.jar;C:\Users\bkristip\.m2\repository\org\slf4j\slf4j-api\1.7.25\slf4j-api-1.7.25.jar;C:\Users\bkristip\.m2\repository\ch\qos\logback\logback-classic\1.2.3\logback-classic-1.2.3.jar;C:\Users\bkristip\.m2\repository\ch\qos\logback\logback-core\1.2.3\logback-core-1.2.3.jar;C:\Users\bkristip\.m2\repository\com\intuit\karate\karate-junit4\0.9.4\karate-junit4-0.9.4.jar;C:\Users\bkristip\.m2\repository\junit\junit\4.12\junit-4.12.jar;C:\Users\bkristip\.m2\repository\org\hamcrest\hamcrest-core\1.3\hamcrest-core-1.3.jar;C:\Users\bkristip\.m2\repository\net\masterthought\cucumber-reporting\3.8.0\cucumber-reporting-3.8.0.jar;C:\Users\bkristip\.m2\repository\org\apache\logging\log4j\log4j-api\2.6\log4j-api-2.6.jar;C:\Users\bkristip\.m2\repository\org\apache\logging\log4j\log4j-core\2.6\log4j-core-2.6.jar;C:\Users\bkristip\.m2\repository\com\fasterxml\jackson\core\jackson-databind\2.8.5\jackson-databind-2.8.5.jar;C:\Users\bkristip\.m2\repository\com\fasterxml\jackson\core\jackson-annotations\2.8.0\jackson-annotations-2.8.0.jar;C:\Users\bkristip\.m2\repository\com\fasterxml\jackson\core\jackson-core\2.8.5\jackson-core-2.8.5.jar;C:\Users\bkristip\.m2\repository\org\apache\velocity\velocity\1.7\velocity-1.7.jar;C:\Users\bkristip\.m2\repository\commons-collections\commons-collections\3.2.1\commons-collections-3.2.1.jar;C:\Users\bkristip\.m2\repository\commons-lang\commons-lang\2.4\commons-lang-2.4.jar;C:\Users\bkristip\.m2\repository\velocity-tools\velocity-tools\1.4\velocity-tools-1.4.jar;C:\Users\bkristip\.m2\repository\joda-time\joda-time\2.9.6\joda-time-2.9.6.jar;C:\Users\bkristip\.m2\repository\org\apache\commons\commons-lang3\3.5\commons-lang3-3.5.jar;C:\Users\bkristip\.m2\repository\commons-io\commons-io\2.5\commons-io-2.5.jar;C:\Users\bkristip\.m2\repository\net\lingala\zip4j\zip4j\1.3.2\zip4j-1.3.2.jar;C:\Users\bkristip\.m2\repository\org\codehaus\plexus\plexus-utils\3.0.24\plexus-utils-3.0.24.jar;C:\Users\bkristip\.m2\repository\org\jsoup\jsoup\1.10.1\jsoup-1.10.1.jar;C:\Users\bkristip\.m2\repository\com\googlecode\owasp-java-html-sanitizer\owasp-java-html-sanitizer\20160924.1\owasp-java-html-sanitizer-20160924.1.jar;C:\Users\bkristip\.m2\repository\com\google\guava\guava\20.0\guava-20.0.jar;"/>
    <property name="java.vm.vendor" value="Oracle Corporation"/>
    <property name="sun.arch.data.model" value="64"/>
    <property name="user.variant" value=""/>
    <property name="java.vendor.url" value="http://java.oracle.com/"/>
    <property name="user.timezone" value="Asia/Calcutta"/>
    <property name="java.vm.specification.version" value="1.8"/>
    <property name="os.name" value="Windows 10"/>
    <property name="user.country" value="US"/>
    <property name="sun.java.launcher" value="SUN_STANDARD"/>
    <property name="sun.boot.library.path" value="C:\Program Files\Java\jdk1.8.0_221\jre\bin"/>
    <property name="sun.java.command" value="C:\Users\bkristip\AppData\Local\Temp\surefire6739942091830465033\surefirebooter1297850228487256826.jar C:\Users\bkristip\AppData\Local\Temp\surefire6739942091830465033 2019-11-08T22-48-42_468-jvmRun1 surefire6352546274707167930tmp surefire_0576235713957980982tmp"/>
    <property name="surefire.test.class.path" value="C:\Users\bkristip\eclipse-workspace\swamy\rest-automation\target\test-classes;C:\Users\bkristip\eclipse-workspace\swamy\rest-automation\target\classes;C:\Users\bkristip\.m2\repository\com\intuit\karate\karate-apache\0.9.4\karate-apache-0.9.4.jar;C:\Users\bkristip\.m2\repository\com\intuit\karate\karate-core\0.9.4\karate-core-0.9.4.jar;C:\Users\bkristip\.m2\repository\com\jayway\jsonpath\json-path\2.1.0\json-path-2.1.0.jar;C:\Users\bkristip\.m2\repository\net\minidev\json-smart\2.2\json-smart-2.2.jar;C:\Users\bkristip\.m2\repository\net\minidev\accessors-smart\1.1\accessors-smart-1.1.jar;C:\Users\bkristip\.m2\repository\org\ow2\asm\asm\5.0.3\asm-5.0.3.jar;C:\Users\bkristip\.m2\repository\info\cukes\cucumber-java\1.2.5\cucumber-java-1.2.5.jar;C:\Users\bkristip\.m2\repository\info\cukes\cucumber-core\1.2.5\cucumber-core-1.2.5.jar;C:\Users\bkristip\.m2\repository\org\yaml\snakeyaml\1.24\snakeyaml-1.24.jar;C:\Users\bkristip\.m2\repository\de\siegmar\fastcsv\1.0.3\fastcsv-1.0.3.jar;C:\Users\bkristip\.m2\repository\info\picocli\picocli\3.0.1\picocli-3.0.1.jar;C:\Users\bkristip\.m2\repository\org\apache\httpcomponents\httpclient\4.5.5\httpclient-4.5.5.jar;C:\Users\bkristip\.m2\repository\org\apache\httpcomponents\httpcore\4.4.9\httpcore-4.4.9.jar;C:\Users\bkristip\.m2\repository\commons-codec\commons-codec\1.10\commons-codec-1.10.jar;C:\Users\bkristip\.m2\repository\org\apache\httpcomponents\httpmime\4.5.5\httpmime-4.5.5.jar;C:\Users\bkristip\.m2\repository\org\slf4j\jcl-over-slf4j\1.7.25\jcl-over-slf4j-1.7.25.jar;C:\Users\bkristip\.m2\repository\org\slf4j\slf4j-api\1.7.25\slf4j-api-1.7.25.jar;C:\Users\bkristip\.m2\repository\ch\qos\logback\logback-classic\1.2.3\logback-classic-1.2.3.jar;C:\Users\bkristip\.m2\repository\ch\qos\logback\logback-core\1.2.3\logback-core-1.2.3.jar;C:\Users\bkristip\.m2\repository\com\intuit\karate\karate-junit4\0.9.4\karate-junit4-0.9.4.jar;C:\Users\bkristip\.m2\repository\junit\junit\4.12\junit-4.12.jar;C:\Users\bkristip\.m2\repository\org\hamcrest\hamcrest-core\1.3\hamcrest-core-1.3.jar;C:\Users\bkristip\.m2\repository\net\masterthought\cucumber-reporting\3.8.0\cucumber-reporting-3.8.0.jar;C:\Users\bkristip\.m2\repository\org\apache\logging\log4j\log4j-api\2.6\log4j-api-2.6.jar;C:\Users\bkristip\.m2\repository\org\apache\logging\log4j\log4j-core\2.6\log4j-core-2.6.jar;C:\Users\bkristip\.m2\repository\com\fasterxml\jackson\core\jackson-databind\2.8.5\jackson-databind-2.8.5.jar;C:\Users\bkristip\.m2\repository\com\fasterxml\jackson\core\jackson-annotations\2.8.0\jackson-annotations-2.8.0.jar;C:\Users\bkristip\.m2\repository\com\fasterxml\jackson\core\jackson-core\2.8.5\jackson-core-2.8.5.jar;C:\Users\bkristip\.m2\repository\org\apache\velocity\velocity\1.7\velocity-1.7.jar;C:\Users\bkristip\.m2\repository\commons-collections\commons-collections\3.2.1\commons-collections-3.2.1.jar;C:\Users\bkristip\.m2\repository\commons-lang\commons-lang\2.4\commons-lang-2.4.jar;C:\Users\bkristip\.m2\repository\velocity-tools\velocity-tools\1.4\velocity-tools-1.4.jar;C:\Users\bkristip\.m2\repository\joda-time\joda-time\2.9.6\joda-time-2.9.6.jar;C:\Users\bkristip\.m2\repository\org\apache\commons\commons-lang3\3.5\commons-lang3-3.5.jar;C:\Users\bkristip\.m2\repository\commons-io\commons-io\2.5\commons-io-2.5.jar;C:\Users\bkristip\.m2\repository\net\lingala\zip4j\zip4j\1.3.2\zip4j-1.3.2.jar;C:\Users\bkristip\.m2\repository\org\codehaus\plexus\plexus-utils\3.0.24\plexus-utils-3.0.24.jar;C:\Users\bkristip\.m2\repository\org\jsoup\jsoup\1.10.1\jsoup-1.10.1.jar;C:\Users\bkristip\.m2\repository\com\googlecode\owasp-java-html-sanitizer\owasp-java-html-sanitizer\20160924.1\owasp-java-html-sanitizer-20160924.1.jar;C:\Users\bkristip\.m2\repository\com\google\guava\guava\20.0\guava-20.0.jar;"/>
    <property name="sun.cpu.endian" value="little"/>
    <property name="user.home" value="C:\Users\bkristip"/>
    <property name="user.language" value="en"/>
    <property name="java.specification.vendor" value="Oracle Corporation"/>
    <property name="java.home" value="C:\Program Files\Java\jdk1.8.0_221\jre"/>
    <property name="basedir" value="C:\Users\bkristip\eclipse-workspace\swamy\rest-automation"/>
    <property name="file.separator" value="\"/>
    <property name="line.separator" value="&#10;"/>
    <property name="java.vm.specification.vendor" value="Oracle Corporation"/>
    <property name="java.specification.name" value="Java Platform API Specification"/>
    <property name="java.awt.graphicsenv" value="sun.awt.Win32GraphicsEnvironment"/>
    <property name="surefire.real.class.path" value="C:\Users\bkristip\AppData\Local\Temp\surefire6739942091830465033\surefirebooter1297850228487256826.jar"/>
    <property name="sun.boot.class.path" value="C:\Program Files\Java\jdk1.8.0_221\jre\lib\resources.jar;C:\Program Files\Java\jdk1.8.0_221\jre\lib\rt.jar;C:\Program Files\Java\jdk1.8.0_221\jre\lib\sunrsasign.jar;C:\Program Files\Java\jdk1.8.0_221\jre\lib\jsse.jar;C:\Program Files\Java\jdk1.8.0_221\jre\lib\jce.jar;C:\Program Files\Java\jdk1.8.0_221\jre\lib\charsets.jar;C:\Program Files\Java\jdk1.8.0_221\jre\lib\jfr.jar;C:\Program Files\Java\jdk1.8.0_221\jre\classes"/>
    <property name="user.script" value=""/>
    <property name="sun.management.compiler" value="HotSpot 64-Bit Tiered Compilers"/>
    <property name="java.runtime.version" value="1.8.0_221-b11"/>
    <property name="user.name" value="bkristip"/>
    <property name="path.separator" value=";"/>
    <property name="os.version" value="10.0"/>
    <property name="java.endorsed.dirs" value="C:\Program Files\Java\jdk1.8.0_221\jre\lib\endorsed"/>
    <property name="java.runtime.name" value="Java(TM) SE Runtime Environment"/>
    <property name="file.encoding" value="Cp1252"/>
    <property name="java.vm.name" value="Java HotSpot(TM) 64-Bit Server VM"/>
    <property name="localRepository" value="C:\Users\bkristip\.m2\repository"/>
    <property name="java.vendor.url.bug" value="http://bugreport.sun.com/bugreport/"/>
    <property name="java.io.tmpdir" value="C:\Users\bkristip\AppData\Local\Temp\"/>
    <property name="java.version" value="1.8.0_221"/>
    <property name="user.dir" value="C:\Users\bkristip\eclipse-workspace\swamy\rest-automation"/>
    <property name="os.arch" value="amd64"/>
    <property name="java.vm.specification.name" value="Java Virtual Machine Specification"/>
    <property name="java.awt.printerjob" value="sun.awt.windows.WPrinterJob"/>
    <property name="sun.os.patch.level" value=""/>
    <property name="java.library.path" value="C:\Program Files\Java\jdk1.8.0_221\jre\bin;C:\windows\Sun\Java\bin;C:\windows\system32;C:\windows;C:/Program Files/Java/jdk1.8.0_221/bin/../jre/bin/server;C:/Program Files/Java/jdk1.8.0_221/bin/../jre/bin;C:/Program Files/Java/jdk1.8.0_221/bin/../jre/lib/amd64;C:\ProgramData\DockerDesktop\version-bin;C:\Program Files\Docker\Docker\Resources\bin;C:\Program Files\Java\jdk1.8.0_221\bin;C:\apache-maven-3.6.1\bin;C:\apache-ant-1.10.6\bin;C:\Bharath\softwares\gradle-5.6.2\bin;C:\windows\system32;C:\windows;C:\windows\System32\Wbem;C:\windows\System32\WindowsPowerShell\v1.0\;C:\windows\System32\OpenSSH\;C:\Program Files\Git\cmd;C:\Program Files\Mercurial\;C:\Program Files (x86)\DevDesktop\drush_9;C:\Program Files (x86)\Yarn\bin\;C:\Program Files\nodejs\;C:\Program Files\Amazon\AWSCLI\bin\;C:\Users\bkristip\AppData\Local\Programs\Python\Python37-32\Scripts\;C:\Users\bkristip\AppData\Local\Programs\Python\Python37-32\;C:\Users\bkristip\AppData\Local\Programs\Microsoft VS Code\bin;C:\Users\bkristip\AppData\Local\Yarn\bin;C:\Users\bkristip\AppData\Roaming\npm;C:\Bharath\softwares\eclipse-jee-2019-09-R-win32-x86_64\eclipse;;."/>
    <property name="java.vm.info" value="mixed mode"/>
    <property name="java.vendor" value="Oracle Corporation"/>
    <property name="java.vm.version" value="25.221-b11"/>
    <property name="java.ext.dirs" value="C:\Program Files\Java\jdk1.8.0_221\jre\lib\ext;C:\windows\Sun\Java\lib\ext"/>
    <property name="sun.io.unicode.encoding" value="UnicodeLittle"/>
    <property name="java.class.version" value="52.0"/>
  </properties>
  <testcase name="testParallel" classname="com.n26.bestbuy.api.PlayGroundTest" time="39.404">
    <failure message="failed features:&#10;com.n26.bestbuy.api.products.products-patch: products-patch.feature:11 - &#10;java.net.SocketTimeoutException: Read timed out&#10;" type="java.lang.AssertionError">java.lang.AssertionError: 
failed features:
com.n26.bestbuy.api.products.products-patch: products-patch.feature:11 - 
java.net.SocketTimeoutException: Read timed out

	at com.n26.bestbuy.api.PlayGroundTest.testParallel(PlayGroundTest.java:26)
</failure>
    <system-out><![CDATA[22:48:49.976 [ForkJoinPool-1-worker-5] INFO  com.intuit.karate - karate.env system property was: null 
22:48:49.964 [ForkJoinPool-1-worker-4] INFO  com.intuit.karate - karate.env system property was: null 
22:48:49.965 [ForkJoinPool-1-worker-3] INFO  com.intuit.karate - karate.env system property was: null 
22:48:49.953 [ForkJoinPool-1-worker-1] INFO  com.intuit.karate - karate.env system property was: null 
22:48:49.952 [ForkJoinPool-1-worker-2] INFO  com.intuit.karate - karate.env system property was: null 
22:48:54.329 [ForkJoinPool-1-worker-2] DEBUG com.intuit.karate - request:
1 > GET http://localhost:3030/products?%24select%5B%5D=description
1 > Accept-Encoding: gzip,deflate
1 > Connection: Keep-Alive
1 > Host: localhost:3030
1 > User-Agent: Apache-HttpClient/4.5.5 (Java/1.8.0_221)

22:48:54.329 [ForkJoinPool-1-worker-3] DEBUG com.intuit.karate - request:
1 > GET http://localhost:3030/categories?name%5B%24like%5D=*Mobile*
1 > Accept-Encoding: gzip,deflate
1 > Connection: Keep-Alive
1 > Host: localhost:3030
1 > User-Agent: Apache-HttpClient/4.5.5 (Java/1.8.0_221)

22:48:54.330 [ForkJoinPool-1-worker-1] DEBUG com.intuit.karate - request:
1 > GET http://localhost:3030/categories?name%5B%24like%5D=*Mobile*
1 > Accept-Encoding: gzip,deflate
1 > Connection: Keep-Alive
1 > Host: localhost:3030
1 > User-Agent: Apache-HttpClient/4.5.5 (Java/1.8.0_221)

22:48:54.331 [ForkJoinPool-1-worker-4] DEBUG com.intuit.karate - request:
1 > GET http://localhost:3030/categories?%24select%5B%5D=name
1 > Accept-Encoding: gzip,deflate
1 > Connection: Keep-Alive
1 > Host: localhost:3030
1 > User-Agent: Apache-HttpClient/4.5.5 (Java/1.8.0_221)

22:48:54.353 [ForkJoinPool-1-worker-5] DEBUG com.intuit.karate - request:
1 > GET http://localhost:3030/categories?%24select%5B%5D=name
1 > Accept-Encoding: gzip,deflate
1 > Connection: Keep-Alive
1 > Host: localhost:3030
1 > User-Agent: Apache-HttpClient/4.5.5 (Java/1.8.0_221)

22:48:54.738 [ForkJoinPool-1-worker-4] DEBUG com.intuit.karate - response time in milliseconds: 401.89
1 < 500
1 < Access-Control-Allow-Origin: *
1 < Allow: GET,POST,PUT,PATCH,DELETE
1 < Connection: keep-alive
1 < Content-Length: 136
1 < Content-Type: application/json; charset=utf-8
1 < Date: Fri, 08 Nov 2019 17:18:54 GMT
1 < ETag: W/"88-e8uslLG0bI45ttWPqYwsOCTVQHs"
1 < Vary: Accept-Encoding
1 < X-Powered-By: Express
{"name":"GeneralError","message":"Cannot read property 'map' of undefined","code":500,"className":"general-error","data":{},"errors":{}}

22:48:54.748 [ForkJoinPool-1-worker-4] INFO  com.intuit.karate - [print] {
  "name": "GeneralError",
  "message": "Cannot read property 'map' of undefined",
  "code": 500,
  "className": "general-error",
  "data": {
  },
  "errors": {
  }
}

22:48:54.766 [ForkJoinPool-1-worker-4] INFO  com.intuit.karate - karate.env system property was: null 
22:48:54.775 [ForkJoinPool-1-worker-4] DEBUG com.intuit.karate - request:
1 > GET http://localhost:3030/categories?name%5B%24like%5D=*Mobile*
1 > Accept-Encoding: gzip,deflate
1 > Connection: Keep-Alive
1 > Host: localhost:3030
1 > User-Agent: Apache-HttpClient/4.5.5 (Java/1.8.0_221)

22:48:54.784 [ForkJoinPool-1-worker-5] DEBUG com.intuit.karate - response time in milliseconds: 426.48
1 < 500
1 < Access-Control-Allow-Origin: *
1 < Allow: GET,POST,PUT,PATCH,DELETE
1 < Connection: keep-alive
1 < Content-Length: 136
1 < Content-Type: application/json; charset=utf-8
1 < Date: Fri, 08 Nov 2019 17:18:54 GMT
1 < ETag: W/"88-e8uslLG0bI45ttWPqYwsOCTVQHs"
1 < Vary: Accept-Encoding
1 < X-Powered-By: Express
{"name":"GeneralError","message":"Cannot read property 'map' of undefined","code":500,"className":"general-error","data":{},"errors":{}}

22:48:54.786 [ForkJoinPool-1-worker-5] INFO  com.intuit.karate - [print] {
  "name": "GeneralError",
  "message": "Cannot read property 'map' of undefined",
  "code": 500,
  "className": "general-error",
  "data": {
  },
  "errors": {
  }
}

22:48:54.808 [ForkJoinPool-1-worker-5] INFO  com.intuit.karate - karate.env system property was: null 
22:48:54.816 [ForkJoinPool-1-worker-5] DEBUG com.intuit.karate - request:
1 > GET http://localhost:3030/categories?name%5B%24like%5D=*Mobile*
1 > Accept-Encoding: gzip,deflate
1 > Connection: Keep-Alive
1 > Host: localhost:3030
1 > User-Agent: Apache-HttpClient/4.5.5 (Java/1.8.0_221)

22:48:54.935 [ForkJoinPool-1-worker-3] DEBUG com.intuit.karate - response time in milliseconds: 493.10
1 < 200
1 < Access-Control-Allow-Origin: *
1 < Allow: GET,POST,PUT,PATCH,DELETE
1 < Connection: keep-alive
1 < Content-Type: application/json; charset=utf-8
1 < Date: Fri, 08 Nov 2019 17:18:54 GMT
1 < ETag: W/"1577-1ka8gZT/TT4ykD3mHTskILPg8Ls"
1 < Transfer-Encoding: chunked
1 < Vary: Accept, Accept-Encoding
1 < X-Powered-By: Express
{"total":55,"limit":10,"skip":0,"data":[{"id":"pcmcat282400050018","name":"Geek Squad Protection Plans for Mobile Phones","createdAt":"2016-11-17T17:57:04.285Z","updatedAt":"2016-11-17T17:57:04.285Z","subCategories":[],"categoryPath":[{"id":"pcmcat138100050018","name":"Geek Squad","createdAt":"2016-11-17T17:57:04.643Z","updatedAt":"2016-11-17T17:57:04.643Z"},{"id":"pcmcat282400050018","name":"Geek Squad Protection Plans for Mobile Phones","createdAt":"2016-11-17T17:57:04.285Z","updatedAt":"2016-11-17T17:57:04.285Z"},{"id":"pcmcat748300499229","name":"Promo E GS & AppleCare Pages","createdAt":"2016-11-17T17:57:04.899Z","updatedAt":"2016-11-17T17:57:04.899Z"}]},{"id":"pcmcat298000050005","name":"Mdot Mobile SAS","createdAt":"2016-11-17T17:57:04.285Z","updatedAt":"2016-11-17T17:57:04.285Z","subCategories":[],"categoryPath":[{"id":"pcmcat144600050035","name":"More Categories","createdAt":"2016-11-17T17:57:04.899Z","updatedAt":"2016-11-17T17:57:04.899Z"},{"id":"pcmcat221300050003","name":"Mdot Promotions","createdAt":"2016-11-17T17:57:05.399Z","updatedAt":"2016-11-17T17:57:05.399Z"},{"id":"pcmcat298000050005","name":"Mdot Mobile SAS","createdAt":"2016-11-17T17:57:04.285Z","updatedAt":"2016-11-17T17:57:04.285Z"}]},{"id":"pcmcat298200050001","name":"Mdot Mobile Phone Trade-In","createdAt":"2016-11-17T17:57:04.285Z","updatedAt":"2016-11-17T17:57:04.285Z","subCategories":[],"categoryPath":[{"id":"pcmcat144600050035","name":"More Categories","createdAt":"2016-11-17T17:57:04.899Z","updatedAt":"2016-11-17T17:57:04.899Z"},{"id":"pcmcat221300050003","name":"Mdot Promotions","createdAt":"2016-11-17T17:57:05.399Z","updatedAt":"2016-11-17T17:57:05.399Z"},{"id":"pcmcat298200050001","name":"Mdot Mobile Phone Trade-In","createdAt":"2016-11-17T17:57:04.285Z","updatedAt":"2016-11-17T17:57:04.285Z"}]},{"id":"pcmcat307000050001","name":"Mobile Payment Devices","createdAt":"2016-11-17T17:57:04.285Z","updatedAt":"2016-11-17T17:57:04.285Z","subCategories":[],"categoryPath":[{"id":"abcat0805000","name":"Office Electronics","createdAt":"2016-11-17T17:57:04.285Z","updatedAt":"2016-11-17T17:57:04.285Z"},{"id":"pcmcat307000050001","name":"Mobile Payment Devices","createdAt":"2016-11-17T17:57:04.285Z","updatedAt":"2016-11-17T17:57:04.285Z"},{"id":"pcmcat312300050015","name":"Connected Home & Housewares","createdAt":"2016-11-17T17:57:04.285Z","updatedAt":"2016-11-17T17:57:04.285Z"}]},{"id":"pcmcat310700050040","name":"Plantronics Mobile Headsets","createdAt":"2016-11-17T17:57:04.285Z","updatedAt":"2016-11-17T17:57:04.285Z","subCategories":[],"categoryPath":[{"id":"pcmcat128500050004","name":"Name Brands","createdAt":"2016-11-17T17:57:04.643Z","updatedAt":"2016-11-17T17:57:04.643Z"},{"id":"pcmcat309000050000","name":"Plantronics Headsets","createdAt":"2016-11-17T17:57:04.285Z","updatedAt":"2016-11-17T17:57:04.285Z"},{"id":"pcmcat310700050040","name":"Plantronics Mobile Headsets","createdAt":"2016-11-17T17:57:04.285Z","updatedAt":"2016-11-17T17:57:04.285Z"}]},{"id":"pcmcat313900050003","name":"Mobile Phone Accessories","createdAt":"2016-11-17T17:57:04.285Z","updatedAt":"2016-11-17T17:57:04.285Z","subCategories":[],"categoryPath":[{"id":"pcmcat128500050004","name":"Name Brands","createdAt":"2016-11-17T17:57:04.643Z","updatedAt":"2016-11-17T17:57:04.643Z"},{"id":"pcmcat155800050048","name":"Monster","createdAt":"2016-11-17T17:57:04.899Z","updatedAt":"2016-11-17T17:57:04.899Z"},{"id":"pcmcat313900050003","name":"Mobile Phone Accessories","createdAt":"2016-11-17T17:57:04.285Z","updatedAt":"2016-11-17T17:57:04.285Z"}]},{"id":"pcmcat339400050005","name":"T-Mobile Prepaid Minutes","createdAt":"2016-11-17T17:57:04.643Z","updatedAt":"2016-11-17T17:57:04.643Z","subCategories":[],"categoryPath":[{"id":"abcat0800000","name":"Cell Phones","createdAt":"2016-11-17T17:57:04.285Z","updatedAt":"2016-11-17T17:57:04.285Z"},{"id":"pcmcat208100050004","name":"T-Mobile","createdAt":"2016-11-17T17:57:05.399Z","updatedAt":"2016-11-17T17:57:05.399Z"},{"id":"pcmcat339400050005","name":"T-Mobile Prepaid Minutes","createdAt":"2016-11-17T17:57:04.643Z","updatedAt":"2016-11-17T17:57:04.643Z"}]},{"id":"pcmcat339400050006","name":"T-Mobile SIM Cards","createdAt":"2016-11-17T17:57:04.643Z","updatedAt":"2016-11-17T17:57:04.643Z","subCategories":[],"categoryPath":[{"id":"abcat0800000","name":"Cell Phones","createdAt":"2016-11-17T17:57:04.285Z","updatedAt":"2016-11-17T17:57:04.285Z"},{"id":"pcmcat208100050004","name":"T-Mobile","createdAt":"2016-11-17T17:57:05.399Z","updatedAt":"2016-11-17T17:57:05.399Z"},{"id":"pcmcat339400050006","name":"T-Mobile SIM Cards","createdAt":"2016-11-17T17:57:04.643Z","updatedAt":"2016-11-17T17:57:04.643Z"}]},{"id":"pcmcat383800050000","name":"Boost Mobile","createdAt":"2016-11-17T17:57:04.643Z","updatedAt":"2016-11-17T17:57:04.643Z","subCategories":[],"categoryPath":[{"id":"pcmcat128500050004","name":"Name Brands","createdAt":"2016-11-17T17:57:04.643Z","updatedAt":"2016-11-17T17:57:04.643Z"},{"id":"pcmcat383800050000","name":"Boost Mobile","createdAt":"2016-11-17T17:57:04.643Z","updatedAt":"2016-11-17T17:57:04.643Z"}]},{"id":"pcmcat383800050001","name":"Virgin Mobile","createdAt":"2016-11-17T17:57:04.643Z","updatedAt":"2016-11-17T17:57:04.643Z","subCategories":[],"categoryPath":[{"id":"pcmcat128500050004","name":"Name Brands","createdAt":"2016-11-17T17:57:04.643Z","updatedAt":"2016-11-17T17:57:04.643Z"},{"id":"pcmcat383800050001","name":"Virgin Mobile","createdAt":"2016-11-17T17:57:04.643Z","updatedAt":"2016-11-17T17:57:04.643Z"}]}]}

22:48:54.947 [ForkJoinPool-1-worker-3] INFO  com.intuit.karate - [print] {
  "total": 55,
  "limit": 10,
  "skip": 0,
  "data": [
    {
      "id": "pcmcat282400050018",
      "name": "Geek Squad Protection Plans for Mobile Phones",
      "createdAt": "2016-11-17T17:57:04.285Z",
      "updatedAt": "2016-11-17T17:57:04.285Z",
      "subCategories": [
      ],
      "categoryPath": [
        {
          "id": "pcmcat138100050018",
          "name": "Geek Squad",
          "createdAt": "2016-11-17T17:57:04.643Z",
          "updatedAt": "2016-11-17T17:57:04.643Z"
        },
        {
          "id": "pcmcat282400050018",
          "name": "Geek Squad Protection Plans for Mobile Phones",
          "createdAt": "2016-11-17T17:57:04.285Z",
          "updatedAt": "2016-11-17T17:57:04.285Z"
        },
        {
          "id": "pcmcat748300499229",
          "name": "Promo E GS & AppleCare Pages",
          "createdAt": "2016-11-17T17:57:04.899Z",
          "updatedAt": "2016-11-17T17:57:04.899Z"
        }
      ]
    },
    {
      "id": "pcmcat298000050005",
      "name": "Mdot Mobile SAS",
      "createdAt": "2016-11-17T17:57:04.285Z",
      "updatedAt": "2016-11-17T17:57:04.285Z",
      "subCategories": [
      ],
      "categoryPath": [
        {
          "id": "pcmcat144600050035",
          "name": "More Categories",
          "createdAt": "2016-11-17T17:57:04.899Z",
          "updatedAt": "2016-11-17T17:57:04.899Z"
        },
        {
          "id": "pcmcat221300050003",
          "name": "Mdot Promotions",
          "createdAt": "2016-11-17T17:57:05.399Z",
          "updatedAt": "2016-11-17T17:57:05.399Z"
        },
        {
          "id": "pcmcat298000050005",
          "name": "Mdot Mobile SAS",
          "createdAt": "2016-11-17T17:57:04.285Z",
          "updatedAt": "2016-11-17T17:57:04.285Z"
        }
      ]
    },
    {
      "id": "pcmcat298200050001",
      "name": "Mdot Mobile Phone Trade-In",
      "createdAt": "2016-11-17T17:57:04.285Z",
      "updatedAt": "2016-11-17T17:57:04.285Z",
      "subCategories": [
      ],
      "categoryPath": [
        {
          "id": "pcmcat144600050035",
          "name": "More Categories",
          "createdAt": "2016-11-17T17:57:04.899Z",
          "updatedAt": "2016-11-17T17:57:04.899Z"
        },
        {
          "id": "pcmcat221300050003",
          "name": "Mdot Promotions",
          "createdAt": "2016-11-17T17:57:05.399Z",
          "updatedAt": "2016-11-17T17:57:05.399Z"
        },
        {
          "id": "pcmcat298200050001",
          "name": "Mdot Mobile Phone Trade-In",
          "createdAt": "2016-11-17T17:57:04.285Z",
          "updatedAt": "2016-11-17T17:57:04.285Z"
        }
      ]
    },
    {
      "id": "pcmcat307000050001",
      "name": "Mobile Payment Devices",
      "createdAt": "2016-11-17T17:57:04.285Z",
      "updatedAt": "2016-11-17T17:57:04.285Z",
      "subCategories": [
      ],
      "categoryPath": [
        {
          "id": "abcat0805000",
          "name": "Office Electronics",
          "createdAt": "2016-11-17T17:57:04.285Z",
          "updatedAt": "2016-11-17T17:57:04.285Z"
        },
        {
          "id": "pcmcat307000050001",
          "name": "Mobile Payment Devices",
          "createdAt": "2016-11-17T17:57:04.285Z",
          "updatedAt": "2016-11-17T17:57:04.285Z"
        },
        {
          "id": "pcmcat312300050015",
          "name": "Connected Home & Housewares",
          "createdAt": "2016-11-17T17:57:04.285Z",
          "updatedAt": "2016-11-17T17:57:04.285Z"
        }
      ]
    },
    {
      "id": "pcmcat310700050040",
      "name": "Plantronics Mobile Headsets",
      "createdAt": "2016-11-17T17:57:04.285Z",
      "updatedAt": "2016-11-17T17:57:04.285Z",
      "subCategories": [
      ],
      "categoryPath": [
        {
          "id": "pcmcat128500050004",
          "name": "Name Brands",
          "createdAt": "2016-11-17T17:57:04.643Z",
          "updatedAt": "2016-11-17T17:57:04.643Z"
        },
        {
          "id": "pcmcat309000050000",
          "name": "Plantronics Headsets",
          "createdAt": "2016-11-17T17:57:04.285Z",
          "updatedAt": "2016-11-17T17:57:04.285Z"
        },
        {
          "id": "pcmcat310700050040",
          "name": "Plantronics Mobile Headsets",
          "createdAt": "2016-11-17T17:57:04.285Z",
          "updatedAt": "2016-11-17T17:57:04.285Z"
        }
      ]
    },
    {
      "id": "pcmcat313900050003",
      "name": "Mobile Phone Accessories",
      "createdAt": "2016-11-17T17:57:04.285Z",
      "updatedAt": "2016-11-17T17:57:04.285Z",
      "subCategories": [
      ],
      "categoryPath": [
        {
          "id": "pcmcat128500050004",
          "name": "Name Brands",
          "createdAt": "2016-11-17T17:57:04.643Z",
          "updatedAt": "2016-11-17T17:57:04.643Z"
        },
        {
          "id": "pcmcat155800050048",
          "name": "Monster",
          "createdAt": "2016-11-17T17:57:04.899Z",
          "updatedAt": "2016-11-17T17:57:04.899Z"
        },
        {
          "id": "pcmcat313900050003",
          "name": "Mobile Phone Accessories",
          "createdAt": "2016-11-17T17:57:04.285Z",
          "updatedAt": "2016-11-17T17:57:04.285Z"
        }
      ]
    },
    {
      "id": "pcmcat339400050005",
      "name": "T-Mobile Prepaid Minutes",
      "createdAt": "2016-11-17T17:57:04.643Z",
      "updatedAt": "2016-11-17T17:57:04.643Z",
      "subCategories": [
      ],
      "categoryPath": [
        {
          "id": "abcat0800000",
          "name": "Cell Phones",
          "createdAt": "2016-11-17T17:57:04.285Z",
          "updatedAt": "2016-11-17T17:57:04.285Z"
        },
        {
          "id": "pcmcat208100050004",
          "name": "T-Mobile",
          "createdAt": "2016-11-17T17:57:05.399Z",
          "updatedAt": "2016-11-17T17:57:05.399Z"
        },
        {
          "id": "pcmcat339400050005",
          "name": "T-Mobile Prepaid Minutes",
          "createdAt": "2016-11-17T17:57:04.643Z",
          "updatedAt": "2016-11-17T17:57:04.643Z"
        }
      ]
    },
    {
      "id": "pcmcat339400050006",
      "name": "T-Mobile SIM Cards",
      "createdAt": "2016-11-17T17:57:04.643Z",
      "updatedAt": "2016-11-17T17:57:04.643Z",
      "subCategories": [
      ],
      "categoryPath": [
        {
          "id": "abcat0800000",
          "name": "Cell Phones",
          "createdAt": "2016-11-17T17:57:04.285Z",
          "updatedAt": "2016-11-17T17:57:04.285Z"
        },
        {
          "id": "pcmcat208100050004",
          "name": "T-Mobile",
          "createdAt": "2016-11-17T17:57:05.399Z",
          "updatedAt": "2016-11-17T17:57:05.399Z"
        },
        {
          "id": "pcmcat339400050006",
          "name": "T-Mobile SIM Cards",
          "createdAt": "2016-11-17T17:57:04.643Z",
          "updatedAt": "2016-11-17T17:57:04.643Z"
        }
      ]
    },
    {
      "id": "pcmcat383800050000",
      "name": "Boost Mobile",
      "createdAt": "2016-11-17T17:57:04.643Z",
      "updatedAt": "2016-11-17T17:57:04.643Z",
      "subCategories": [
      ],
      "categoryPath": [
        {
          "id": "pcmcat128500050004",
          "name": "Name Brands",
          "createdAt": "2016-11-17T17:57:04.643Z",
          "updatedAt": "2016-11-17T17:57:04.643Z"
        },
        {
          "id": "pcmcat383800050000",
          "name": "Boost Mobile",
          "createdAt": "2016-11-17T17:57:04.643Z",
          "updatedAt": "2016-11-17T17:57:04.643Z"
        }
      ]
    },
    {
      "id": "pcmcat383800050001",
      "name": "Virgin Mobile",
      "createdAt": "2016-11-17T17:57:04.643Z",
      "updatedAt": "2016-11-17T17:57:04.643Z",
      "subCategories": [
      ],
      "categoryPath": [
        {
          "id": "pcmcat128500050004",
          "name": "Name Brands",
          "createdAt": "2016-11-17T17:57:04.643Z",
          "updatedAt": "2016-11-17T17:57:04.643Z"
        },
        {
          "id": "pcmcat383800050001",
          "name": "Virgin Mobile",
          "createdAt": "2016-11-17T17:57:04.643Z",
          "updatedAt": "2016-11-17T17:57:04.643Z"
        }
      ]
    }
  ]
}

22:48:54.969 [ForkJoinPool-1-worker-3] INFO  com.intuit.karate - karate.env system property was: null 
22:48:54.977 [ForkJoinPool-1-worker-3] DEBUG com.intuit.karate - request:
1 > GET http://localhost:3030/categories?%24select%5B%5D=name
1 > Accept-Encoding: gzip,deflate
1 > Connection: Keep-Alive
1 > Host: localhost:3030
1 > User-Agent: Apache-HttpClient/4.5.5 (Java/1.8.0_221)

22:48:54.983 [ForkJoinPool-1-worker-2] DEBUG com.intuit.karate - response time in milliseconds: 625.06
1 < 200
1 < Access-Control-Allow-Origin: *
1 < Allow: GET,POST,PUT,PATCH,DELETE
1 < Connection: keep-alive
1 < Content-Type: application/json; charset=utf-8
1 < Date: Fri, 08 Nov 2019 17:18:54 GMT
1 < ETag: W/"498-GpO+gKQiRbESBYyTAWYZBnny7JI"
1 < Transfer-Encoding: chunked
1 < Vary: Accept, Accept-Encoding
1 < X-Powered-By: Express
{"total":51957,"limit":10,"skip":0,"data":[{"description":"Compatible with select electronic devices; AAA size; DURALOCK Power Preserve technology; 4-pack"},{"description":"Long-lasting energy; DURALOCK Power Preserve technology; for toys, clocks, radios, games, remotes, PDAs and more"},{"description":"Compatible with select electronic devices; AA size; DURALOCK Power Preserve technology; 8-pack"},{"description":"4-pack AA alkaline batteries; battery tester included"},{"description":"Compatible with select electronic devices; C size; DURALOCK Power Preserve technology; 4-pack"},{"description":"Compatible with select electronic devices; D size; DURALOCK Power Preserve technology; 4-pack"},{"description":"80W maximum power (20W RMS); 4\" IMPP composite cone woofer; 3/4\" horn tweeter"},{"description":"Compatible with select electronic devices; alkaline chemistry; 9V size; DURALOCK Power Preserve technology; 2-pack"},{"description":"Alkaline batteries; 1.5V"},{"description":"From our expanded online assortment; compatible with most 1989-2000 Ford, Lincoln and Mercury vehicles; snap-in TurboKit offers fast installation; spacer/trim ring; rear support bracket"}]}

22:48:54.996 [ForkJoinPool-1-worker-2] INFO  com.intuit.karate - karate.env system property was: null 
22:48:55.027 [ForkJoinPool-1-worker-2] DEBUG com.intuit.karate - request:
1 > GET http://localhost:3030/products?category.name=TVs&price%5B%24gt%5D=500&price%5B%24lt%5D=800&shipping%5B%24eq%5D=0
1 > Accept-Encoding: gzip,deflate
1 > Connection: Keep-Alive
1 > Host: localhost:3030
1 > User-Agent: Apache-HttpClient/4.5.5 (Java/1.8.0_221)

22:48:55.035 [ForkJoinPool-1-worker-1] DEBUG com.intuit.karate - response time in milliseconds: 678.96
1 < 200
1 < Access-Control-Allow-Origin: *
1 < Allow: GET,POST,PUT,PATCH,DELETE
1 < Connection: keep-alive
1 < Content-Type: application/json; charset=utf-8
1 < Date: Fri, 08 Nov 2019 17:18:54 GMT
1 < ETag: W/"1577-1ka8gZT/TT4ykD3mHTskILPg8Ls"
1 < Transfer-Encoding: chunked
1 < Vary: Accept, Accept-Encoding
1 < X-Powered-By: Express
{"total":55,"limit":10,"skip":0,"data":[{"id":"pcmcat282400050018","name":"Geek Squad Protection Plans for Mobile Phones","createdAt":"2016-11-17T17:57:04.285Z","updatedAt":"2016-11-17T17:57:04.285Z","subCategories":[],"categoryPath":[{"id":"pcmcat138100050018","name":"Geek Squad","createdAt":"2016-11-17T17:57:04.643Z","updatedAt":"2016-11-17T17:57:04.643Z"},{"id":"pcmcat282400050018","name":"Geek Squad Protection Plans for Mobile Phones","createdAt":"2016-11-17T17:57:04.285Z","updatedAt":"2016-11-17T17:57:04.285Z"},{"id":"pcmcat748300499229","name":"Promo E GS & AppleCare Pages","createdAt":"2016-11-17T17:57:04.899Z","updatedAt":"2016-11-17T17:57:04.899Z"}]},{"id":"pcmcat298000050005","name":"Mdot Mobile SAS","createdAt":"2016-11-17T17:57:04.285Z","updatedAt":"2016-11-17T17:57:04.285Z","subCategories":[],"categoryPath":[{"id":"pcmcat144600050035","name":"More Categories","createdAt":"2016-11-17T17:57:04.899Z","updatedAt":"2016-11-17T17:57:04.899Z"},{"id":"pcmcat221300050003","name":"Mdot Promotions","createdAt":"2016-11-17T17:57:05.399Z","updatedAt":"2016-11-17T17:57:05.399Z"},{"id":"pcmcat298000050005","name":"Mdot Mobile SAS","createdAt":"2016-11-17T17:57:04.285Z","updatedAt":"2016-11-17T17:57:04.285Z"}]},{"id":"pcmcat298200050001","name":"Mdot Mobile Phone Trade-In","createdAt":"2016-11-17T17:57:04.285Z","updatedAt":"2016-11-17T17:57:04.285Z","subCategories":[],"categoryPath":[{"id":"pcmcat144600050035","name":"More Categories","createdAt":"2016-11-17T17:57:04.899Z","updatedAt":"2016-11-17T17:57:04.899Z"},{"id":"pcmcat221300050003","name":"Mdot Promotions","createdAt":"2016-11-17T17:57:05.399Z","updatedAt":"2016-11-17T17:57:05.399Z"},{"id":"pcmcat298200050001","name":"Mdot Mobile Phone Trade-In","createdAt":"2016-11-17T17:57:04.285Z","updatedAt":"2016-11-17T17:57:04.285Z"}]},{"id":"pcmcat307000050001","name":"Mobile Payment Devices","createdAt":"2016-11-17T17:57:04.285Z","updatedAt":"2016-11-17T17:57:04.285Z","subCategories":[],"categoryPath":[{"id":"abcat0805000","name":"Office Electronics","createdAt":"2016-11-17T17:57:04.285Z","updatedAt":"2016-11-17T17:57:04.285Z"},{"id":"pcmcat307000050001","name":"Mobile Payment Devices","createdAt":"2016-11-17T17:57:04.285Z","updatedAt":"2016-11-17T17:57:04.285Z"},{"id":"pcmcat312300050015","name":"Connected Home & Housewares","createdAt":"2016-11-17T17:57:04.285Z","updatedAt":"2016-11-17T17:57:04.285Z"}]},{"id":"pcmcat310700050040","name":"Plantronics Mobile Headsets","createdAt":"2016-11-17T17:57:04.285Z","updatedAt":"2016-11-17T17:57:04.285Z","subCategories":[],"categoryPath":[{"id":"pcmcat128500050004","name":"Name Brands","createdAt":"2016-11-17T17:57:04.643Z","updatedAt":"2016-11-17T17:57:04.643Z"},{"id":"pcmcat309000050000","name":"Plantronics Headsets","createdAt":"2016-11-17T17:57:04.285Z","updatedAt":"2016-11-17T17:57:04.285Z"},{"id":"pcmcat310700050040","name":"Plantronics Mobile Headsets","createdAt":"2016-11-17T17:57:04.285Z","updatedAt":"2016-11-17T17:57:04.285Z"}]},{"id":"pcmcat313900050003","name":"Mobile Phone Accessories","createdAt":"2016-11-17T17:57:04.285Z","updatedAt":"2016-11-17T17:57:04.285Z","subCategories":[],"categoryPath":[{"id":"pcmcat128500050004","name":"Name Brands","createdAt":"2016-11-17T17:57:04.643Z","updatedAt":"2016-11-17T17:57:04.643Z"},{"id":"pcmcat155800050048","name":"Monster","createdAt":"2016-11-17T17:57:04.899Z","updatedAt":"2016-11-17T17:57:04.899Z"},{"id":"pcmcat313900050003","name":"Mobile Phone Accessories","createdAt":"2016-11-17T17:57:04.285Z","updatedAt":"2016-11-17T17:57:04.285Z"}]},{"id":"pcmcat339400050005","name":"T-Mobile Prepaid Minutes","createdAt":"2016-11-17T17:57:04.643Z","updatedAt":"2016-11-17T17:57:04.643Z","subCategories":[],"categoryPath":[{"id":"abcat0800000","name":"Cell Phones","createdAt":"2016-11-17T17:57:04.285Z","updatedAt":"2016-11-17T17:57:04.285Z"},{"id":"pcmcat208100050004","name":"T-Mobile","createdAt":"2016-11-17T17:57:05.399Z","updatedAt":"2016-11-17T17:57:05.399Z"},{"id":"pcmcat339400050005","name":"T-Mobile Prepaid Minutes","createdAt":"2016-11-17T17:57:04.643Z","updatedAt":"2016-11-17T17:57:04.643Z"}]},{"id":"pcmcat339400050006","name":"T-Mobile SIM Cards","createdAt":"2016-11-17T17:57:04.643Z","updatedAt":"2016-11-17T17:57:04.643Z","subCategories":[],"categoryPath":[{"id":"abcat0800000","name":"Cell Phones","createdAt":"2016-11-17T17:57:04.285Z","updatedAt":"2016-11-17T17:57:04.285Z"},{"id":"pcmcat208100050004","name":"T-Mobile","createdAt":"2016-11-17T17:57:05.399Z","updatedAt":"2016-11-17T17:57:05.399Z"},{"id":"pcmcat339400050006","name":"T-Mobile SIM Cards","createdAt":"2016-11-17T17:57:04.643Z","updatedAt":"2016-11-17T17:57:04.643Z"}]},{"id":"pcmcat383800050000","name":"Boost Mobile","createdAt":"2016-11-17T17:57:04.643Z","updatedAt":"2016-11-17T17:57:04.643Z","subCategories":[],"categoryPath":[{"id":"pcmcat128500050004","name":"Name Brands","createdAt":"2016-11-17T17:57:04.643Z","updatedAt":"2016-11-17T17:57:04.643Z"},{"id":"pcmcat383800050000","name":"Boost Mobile","createdAt":"2016-11-17T17:57:04.643Z","updatedAt":"2016-11-17T17:57:04.643Z"}]},{"id":"pcmcat383800050001","name":"Virgin Mobile","createdAt":"2016-11-17T17:57:04.643Z","updatedAt":"2016-11-17T17:57:04.643Z","subCategories":[],"categoryPath":[{"id":"pcmcat128500050004","name":"Name Brands","createdAt":"2016-11-17T17:57:04.643Z","updatedAt":"2016-11-17T17:57:04.643Z"},{"id":"pcmcat383800050001","name":"Virgin Mobile","createdAt":"2016-11-17T17:57:04.643Z","updatedAt":"2016-11-17T17:57:04.643Z"}]}]}

22:48:55.040 [ForkJoinPool-1-worker-1] INFO  com.intuit.karate - [print] {
  "total": 55,
  "limit": 10,
  "skip": 0,
  "data": [
    {
      "id": "pcmcat282400050018",
      "name": "Geek Squad Protection Plans for Mobile Phones",
      "createdAt": "2016-11-17T17:57:04.285Z",
      "updatedAt": "2016-11-17T17:57:04.285Z",
      "subCategories": [
      ],
      "categoryPath": [
        {
          "id": "pcmcat138100050018",
          "name": "Geek Squad",
          "createdAt": "2016-11-17T17:57:04.643Z",
          "updatedAt": "2016-11-17T17:57:04.643Z"
        },
        {
          "id": "pcmcat282400050018",
          "name": "Geek Squad Protection Plans for Mobile Phones",
          "createdAt": "2016-11-17T17:57:04.285Z",
          "updatedAt": "2016-11-17T17:57:04.285Z"
        },
        {
          "id": "pcmcat748300499229",
          "name": "Promo E GS & AppleCare Pages",
          "createdAt": "2016-11-17T17:57:04.899Z",
          "updatedAt": "2016-11-17T17:57:04.899Z"
        }
      ]
    },
    {
      "id": "pcmcat298000050005",
      "name": "Mdot Mobile SAS",
      "createdAt": "2016-11-17T17:57:04.285Z",
      "updatedAt": "2016-11-17T17:57:04.285Z",
      "subCategories": [
      ],
      "categoryPath": [
        {
          "id": "pcmcat144600050035",
          "name": "More Categories",
          "createdAt": "2016-11-17T17:57:04.899Z",
          "updatedAt": "2016-11-17T17:57:04.899Z"
        },
        {
          "id": "pcmcat221300050003",
          "name": "Mdot Promotions",
          "createdAt": "2016-11-17T17:57:05.399Z",
          "updatedAt": "2016-11-17T17:57:05.399Z"
        },
        {
          "id": "pcmcat298000050005",
          "name": "Mdot Mobile SAS",
          "createdAt": "2016-11-17T17:57:04.285Z",
          "updatedAt": "2016-11-17T17:57:04.285Z"
        }
      ]
    },
    {
      "id": "pcmcat298200050001",
      "name": "Mdot Mobile Phone Trade-In",
      "createdAt": "2016-11-17T17:57:04.285Z",
      "updatedAt": "2016-11-17T17:57:04.285Z",
      "subCategories": [
      ],
      "categoryPath": [
        {
          "id": "pcmcat144600050035",
          "name": "More Categories",
          "createdAt": "2016-11-17T17:57:04.899Z",
          "updatedAt": "2016-11-17T17:57:04.899Z"
        },
        {
          "id": "pcmcat221300050003",
          "name": "Mdot Promotions",
          "createdAt": "2016-11-17T17:57:05.399Z",
          "updatedAt": "2016-11-17T17:57:05.399Z"
        },
        {
          "id": "pcmcat298200050001",
          "name": "Mdot Mobile Phone Trade-In",
          "createdAt": "2016-11-17T17:57:04.285Z",
          "updatedAt": "2016-11-17T17:57:04.285Z"
        }
      ]
    },
    {
      "id": "pcmcat307000050001",
      "name": "Mobile Payment Devices",
      "createdAt": "2016-11-17T17:57:04.285Z",
      "updatedAt": "2016-11-17T17:57:04.285Z",
      "subCategories": [
      ],
      "categoryPath": [
        {
          "id": "abcat0805000",
          "name": "Office Electronics",
          "createdAt": "2016-11-17T17:57:04.285Z",
          "updatedAt": "2016-11-17T17:57:04.285Z"
        },
        {
          "id": "pcmcat307000050001",
          "name": "Mobile Payment Devices",
          "createdAt": "2016-11-17T17:57:04.285Z",
          "updatedAt": "2016-11-17T17:57:04.285Z"
        },
        {
          "id": "pcmcat312300050015",
          "name": "Connected Home & Housewares",
          "createdAt": "2016-11-17T17:57:04.285Z",
          "updatedAt": "2016-11-17T17:57:04.285Z"
        }
      ]
    },
    {
      "id": "pcmcat310700050040",
      "name": "Plantronics Mobile Headsets",
      "createdAt": "2016-11-17T17:57:04.285Z",
      "updatedAt": "2016-11-17T17:57:04.285Z",
      "subCategories": [
      ],
      "categoryPath": [
        {
          "id": "pcmcat128500050004",
          "name": "Name Brands",
          "createdAt": "2016-11-17T17:57:04.643Z",
          "updatedAt": "2016-11-17T17:57:04.643Z"
        },
        {
          "id": "pcmcat309000050000",
          "name": "Plantronics Headsets",
          "createdAt": "2016-11-17T17:57:04.285Z",
          "updatedAt": "2016-11-17T17:57:04.285Z"
        },
        {
          "id": "pcmcat310700050040",
          "name": "Plantronics Mobile Headsets",
          "createdAt": "2016-11-17T17:57:04.285Z",
          "updatedAt": "2016-11-17T17:57:04.285Z"
        }
      ]
    },
    {
      "id": "pcmcat313900050003",
      "name": "Mobile Phone Accessories",
      "createdAt": "2016-11-17T17:57:04.285Z",
      "updatedAt": "2016-11-17T17:57:04.285Z",
      "subCategories": [
      ],
      "categoryPath": [
        {
          "id": "pcmcat128500050004",
          "name": "Name Brands",
          "createdAt": "2016-11-17T17:57:04.643Z",
          "updatedAt": "2016-11-17T17:57:04.643Z"
        },
        {
          "id": "pcmcat155800050048",
          "name": "Monster",
          "createdAt": "2016-11-17T17:57:04.899Z",
          "updatedAt": "2016-11-17T17:57:04.899Z"
        },
        {
          "id": "pcmcat313900050003",
          "name": "Mobile Phone Accessories",
          "createdAt": "2016-11-17T17:57:04.285Z",
          "updatedAt": "2016-11-17T17:57:04.285Z"
        }
      ]
    },
    {
      "id": "pcmcat339400050005",
      "name": "T-Mobile Prepaid Minutes",
      "createdAt": "2016-11-17T17:57:04.643Z",
      "updatedAt": "2016-11-17T17:57:04.643Z",
      "subCategories": [
      ],
      "categoryPath": [
        {
          "id": "abcat0800000",
          "name": "Cell Phones",
          "createdAt": "2016-11-17T17:57:04.285Z",
          "updatedAt": "2016-11-17T17:57:04.285Z"
        },
        {
          "id": "pcmcat208100050004",
          "name": "T-Mobile",
          "createdAt": "2016-11-17T17:57:05.399Z",
          "updatedAt": "2016-11-17T17:57:05.399Z"
        },
        {
          "id": "pcmcat339400050005",
          "name": "T-Mobile Prepaid Minutes",
          "createdAt": "2016-11-17T17:57:04.643Z",
          "updatedAt": "2016-11-17T17:57:04.643Z"
        }
      ]
    },
    {
      "id": "pcmcat339400050006",
      "name": "T-Mobile SIM Cards",
      "createdAt": "2016-11-17T17:57:04.643Z",
      "updatedAt": "2016-11-17T17:57:04.643Z",
      "subCategories": [
      ],
      "categoryPath": [
        {
          "id": "abcat0800000",
          "name": "Cell Phones",
          "createdAt": "2016-11-17T17:57:04.285Z",
          "updatedAt": "2016-11-17T17:57:04.285Z"
        },
        {
          "id": "pcmcat208100050004",
          "name": "T-Mobile",
          "createdAt": "2016-11-17T17:57:05.399Z",
          "updatedAt": "2016-11-17T17:57:05.399Z"
        },
        {
          "id": "pcmcat339400050006",
          "name": "T-Mobile SIM Cards",
          "createdAt": "2016-11-17T17:57:04.643Z",
          "updatedAt": "2016-11-17T17:57:04.643Z"
        }
      ]
    },
    {
      "id": "pcmcat383800050000",
      "name": "Boost Mobile",
      "createdAt": "2016-11-17T17:57:04.643Z",
      "updatedAt": "2016-11-17T17:57:04.643Z",
      "subCategories": [
      ],
      "categoryPath": [
        {
          "id": "pcmcat128500050004",
          "name": "Name Brands",
          "createdAt": "2016-11-17T17:57:04.643Z",
          "updatedAt": "2016-11-17T17:57:04.643Z"
        },
        {
          "id": "pcmcat383800050000",
          "name": "Boost Mobile",
          "createdAt": "2016-11-17T17:57:04.643Z",
          "updatedAt": "2016-11-17T17:57:04.643Z"
        }
      ]
    },
    {
      "id": "pcmcat383800050001",
      "name": "Virgin Mobile",
      "createdAt": "2016-11-17T17:57:04.643Z",
      "updatedAt": "2016-11-17T17:57:04.643Z",
      "subCategories": [
      ],
      "categoryPath": [
        {
          "id": "pcmcat128500050004",
          "name": "Name Brands",
          "createdAt": "2016-11-17T17:57:04.643Z",
          "updatedAt": "2016-11-17T17:57:04.643Z"
        },
        {
          "id": "pcmcat383800050001",
          "name": "Virgin Mobile",
          "createdAt": "2016-11-17T17:57:04.643Z",
          "updatedAt": "2016-11-17T17:57:04.643Z"
        }
      ]
    }
  ]
}

22:48:55.058 [ForkJoinPool-1-worker-1] INFO  com.intuit.karate - karate.env system property was: null 
22:48:55.064 [ForkJoinPool-1-worker-1] DEBUG com.intuit.karate - request:
1 > GET http://localhost:3030/categories?name%5B%24like%5D=*Mobile*
1 > Accept-Encoding: gzip,deflate
1 > Connection: Keep-Alive
1 > Host: localhost:3030
1 > User-Agent: Apache-HttpClient/4.5.5 (Java/1.8.0_221)

22:48:56.177 [ForkJoinPool-1-worker-3] DEBUG com.intuit.karate - response time in milliseconds: 1199.23
1 < 500
1 < Access-Control-Allow-Origin: *
1 < Allow: GET,POST,PUT,PATCH,DELETE
1 < Connection: keep-alive
1 < Content-Length: 136
1 < Content-Type: application/json; charset=utf-8
1 < Date: Fri, 08 Nov 2019 17:18:56 GMT
1 < ETag: W/"88-e8uslLG0bI45ttWPqYwsOCTVQHs"
1 < Vary: Accept-Encoding
1 < X-Powered-By: Express
{"name":"GeneralError","message":"Cannot read property 'map' of undefined","code":500,"className":"general-error","data":{},"errors":{}}

22:48:56.178 [ForkJoinPool-1-worker-3] INFO  com.intuit.karate - [print] {
  "name": "GeneralError",
  "message": "Cannot read property 'map' of undefined",
  "code": 500,
  "className": "general-error",
  "data": {
  },
  "errors": {
  }
}

22:48:56.192 [ForkJoinPool-1-worker-3] INFO  com.intuit.karate - karate.env system property was: null 
22:48:56.200 [ForkJoinPool-1-worker-3] DEBUG com.intuit.karate - request:
1 > GET http://localhost:3030/categories?name%5B%24like%5D=*Mobile*
1 > Accept-Encoding: gzip,deflate
1 > Connection: Keep-Alive
1 > Host: localhost:3030
1 > User-Agent: Apache-HttpClient/4.5.5 (Java/1.8.0_221)

22:48:56.203 [ForkJoinPool-1-worker-4] DEBUG com.intuit.karate - response time in milliseconds: 1361.37
1 < 200
1 < Access-Control-Allow-Origin: *
1 < Allow: GET,POST,PUT,PATCH,DELETE
1 < Connection: keep-alive
1 < Content-Type: application/json; charset=utf-8
1 < Date: Fri, 08 Nov 2019 17:18:56 GMT
1 < ETag: W/"1577-1ka8gZT/TT4ykD3mHTskILPg8Ls"
1 < Transfer-Encoding: chunked
1 < Vary: Accept, Accept-Encoding
1 < X-Powered-By: Express
{"total":55,"limit":10,"skip":0,"data":[{"id":"pcmcat282400050018","name":"Geek Squad Protection Plans for Mobile Phones","createdAt":"2016-11-17T17:57:04.285Z","updatedAt":"2016-11-17T17:57:04.285Z","subCategories":[],"categoryPath":[{"id":"pcmcat138100050018","name":"Geek Squad","createdAt":"2016-11-17T17:57:04.643Z","updatedAt":"2016-11-17T17:57:04.643Z"},{"id":"pcmcat282400050018","name":"Geek Squad Protection Plans for Mobile Phones","createdAt":"2016-11-17T17:57:04.285Z","updatedAt":"2016-11-17T17:57:04.285Z"},{"id":"pcmcat748300499229","name":"Promo E GS & AppleCare Pages","createdAt":"2016-11-17T17:57:04.899Z","updatedAt":"2016-11-17T17:57:04.899Z"}]},{"id":"pcmcat298000050005","name":"Mdot Mobile SAS","createdAt":"2016-11-17T17:57:04.285Z","updatedAt":"2016-11-17T17:57:04.285Z","subCategories":[],"categoryPath":[{"id":"pcmcat144600050035","name":"More Categories","createdAt":"2016-11-17T17:57:04.899Z","updatedAt":"2016-11-17T17:57:04.899Z"},{"id":"pcmcat221300050003","name":"Mdot Promotions","createdAt":"2016-11-17T17:57:05.399Z","updatedAt":"2016-11-17T17:57:05.399Z"},{"id":"pcmcat298000050005","name":"Mdot Mobile SAS","createdAt":"2016-11-17T17:57:04.285Z","updatedAt":"2016-11-17T17:57:04.285Z"}]},{"id":"pcmcat298200050001","name":"Mdot Mobile Phone Trade-In","createdAt":"2016-11-17T17:57:04.285Z","updatedAt":"2016-11-17T17:57:04.285Z","subCategories":[],"categoryPath":[{"id":"pcmcat144600050035","name":"More Categories","createdAt":"2016-11-17T17:57:04.899Z","updatedAt":"2016-11-17T17:57:04.899Z"},{"id":"pcmcat221300050003","name":"Mdot Promotions","createdAt":"2016-11-17T17:57:05.399Z","updatedAt":"2016-11-17T17:57:05.399Z"},{"id":"pcmcat298200050001","name":"Mdot Mobile Phone Trade-In","createdAt":"2016-11-17T17:57:04.285Z","updatedAt":"2016-11-17T17:57:04.285Z"}]},{"id":"pcmcat307000050001","name":"Mobile Payment Devices","createdAt":"2016-11-17T17:57:04.285Z","updatedAt":"2016-11-17T17:57:04.285Z","subCategories":[],"categoryPath":[{"id":"abcat0805000","name":"Office Electronics","createdAt":"2016-11-17T17:57:04.285Z","updatedAt":"2016-11-17T17:57:04.285Z"},{"id":"pcmcat307000050001","name":"Mobile Payment Devices","createdAt":"2016-11-17T17:57:04.285Z","updatedAt":"2016-11-17T17:57:04.285Z"},{"id":"pcmcat312300050015","name":"Connected Home & Housewares","createdAt":"2016-11-17T17:57:04.285Z","updatedAt":"2016-11-17T17:57:04.285Z"}]},{"id":"pcmcat310700050040","name":"Plantronics Mobile Headsets","createdAt":"2016-11-17T17:57:04.285Z","updatedAt":"2016-11-17T17:57:04.285Z","subCategories":[],"categoryPath":[{"id":"pcmcat128500050004","name":"Name Brands","createdAt":"2016-11-17T17:57:04.643Z","updatedAt":"2016-11-17T17:57:04.643Z"},{"id":"pcmcat309000050000","name":"Plantronics Headsets","createdAt":"2016-11-17T17:57:04.285Z","updatedAt":"2016-11-17T17:57:04.285Z"},{"id":"pcmcat310700050040","name":"Plantronics Mobile Headsets","createdAt":"2016-11-17T17:57:04.285Z","updatedAt":"2016-11-17T17:57:04.285Z"}]},{"id":"pcmcat313900050003","name":"Mobile Phone Accessories","createdAt":"2016-11-17T17:57:04.285Z","updatedAt":"2016-11-17T17:57:04.285Z","subCategories":[],"categoryPath":[{"id":"pcmcat128500050004","name":"Name Brands","createdAt":"2016-11-17T17:57:04.643Z","updatedAt":"2016-11-17T17:57:04.643Z"},{"id":"pcmcat155800050048","name":"Monster","createdAt":"2016-11-17T17:57:04.899Z","updatedAt":"2016-11-17T17:57:04.899Z"},{"id":"pcmcat313900050003","name":"Mobile Phone Accessories","createdAt":"2016-11-17T17:57:04.285Z","updatedAt":"2016-11-17T17:57:04.285Z"}]},{"id":"pcmcat339400050005","name":"T-Mobile Prepaid Minutes","createdAt":"2016-11-17T17:57:04.643Z","updatedAt":"2016-11-17T17:57:04.643Z","subCategories":[],"categoryPath":[{"id":"abcat0800000","name":"Cell Phones","createdAt":"2016-11-17T17:57:04.285Z","updatedAt":"2016-11-17T17:57:04.285Z"},{"id":"pcmcat208100050004","name":"T-Mobile","createdAt":"2016-11-17T17:57:05.399Z","updatedAt":"2016-11-17T17:57:05.399Z"},{"id":"pcmcat339400050005","name":"T-Mobile Prepaid Minutes","createdAt":"2016-11-17T17:57:04.643Z","updatedAt":"2016-11-17T17:57:04.643Z"}]},{"id":"pcmcat339400050006","name":"T-Mobile SIM Cards","createdAt":"2016-11-17T17:57:04.643Z","updatedAt":"2016-11-17T17:57:04.643Z","subCategories":[],"categoryPath":[{"id":"abcat0800000","name":"Cell Phones","createdAt":"2016-11-17T17:57:04.285Z","updatedAt":"2016-11-17T17:57:04.285Z"},{"id":"pcmcat208100050004","name":"T-Mobile","createdAt":"2016-11-17T17:57:05.399Z","updatedAt":"2016-11-17T17:57:05.399Z"},{"id":"pcmcat339400050006","name":"T-Mobile SIM Cards","createdAt":"2016-11-17T17:57:04.643Z","updatedAt":"2016-11-17T17:57:04.643Z"}]},{"id":"pcmcat383800050000","name":"Boost Mobile","createdAt":"2016-11-17T17:57:04.643Z","updatedAt":"2016-11-17T17:57:04.643Z","subCategories":[],"categoryPath":[{"id":"pcmcat128500050004","name":"Name Brands","createdAt":"2016-11-17T17:57:04.643Z","updatedAt":"2016-11-17T17:57:04.643Z"},{"id":"pcmcat383800050000","name":"Boost Mobile","createdAt":"2016-11-17T17:57:04.643Z","updatedAt":"2016-11-17T17:57:04.643Z"}]},{"id":"pcmcat383800050001","name":"Virgin Mobile","createdAt":"2016-11-17T17:57:04.643Z","updatedAt":"2016-11-17T17:57:04.643Z","subCategories":[],"categoryPath":[{"id":"pcmcat128500050004","name":"Name Brands","createdAt":"2016-11-17T17:57:04.643Z","updatedAt":"2016-11-17T17:57:04.643Z"},{"id":"pcmcat383800050001","name":"Virgin Mobile","createdAt":"2016-11-17T17:57:04.643Z","updatedAt":"2016-11-17T17:57:04.643Z"}]}]}

22:48:56.215 [ForkJoinPool-1-worker-4] INFO  com.intuit.karate - [print] {
  "total": 55,
  "limit": 10,
  "skip": 0,
  "data": [
    {
      "id": "pcmcat282400050018",
      "name": "Geek Squad Protection Plans for Mobile Phones",
      "createdAt": "2016-11-17T17:57:04.285Z",
      "updatedAt": "2016-11-17T17:57:04.285Z",
      "subCategories": [
      ],
      "categoryPath": [
        {
          "id": "pcmcat138100050018",
          "name": "Geek Squad",
          "createdAt": "2016-11-17T17:57:04.643Z",
          "updatedAt": "2016-11-17T17:57:04.643Z"
        },
        {
          "id": "pcmcat282400050018",
          "name": "Geek Squad Protection Plans for Mobile Phones",
          "createdAt": "2016-11-17T17:57:04.285Z",
          "updatedAt": "2016-11-17T17:57:04.285Z"
        },
        {
          "id": "pcmcat748300499229",
          "name": "Promo E GS & AppleCare Pages",
          "createdAt": "2016-11-17T17:57:04.899Z",
          "updatedAt": "2016-11-17T17:57:04.899Z"
        }
      ]
    },
    {
      "id": "pcmcat298000050005",
      "name": "Mdot Mobile SAS",
      "createdAt": "2016-11-17T17:57:04.285Z",
      "updatedAt": "2016-11-17T17:57:04.285Z",
      "subCategories": [
      ],
      "categoryPath": [
        {
          "id": "pcmcat144600050035",
          "name": "More Categories",
          "createdAt": "2016-11-17T17:57:04.899Z",
          "updatedAt": "2016-11-17T17:57:04.899Z"
        },
        {
          "id": "pcmcat221300050003",
          "name": "Mdot Promotions",
          "createdAt": "2016-11-17T17:57:05.399Z",
          "updatedAt": "2016-11-17T17:57:05.399Z"
        },
        {
          "id": "pcmcat298000050005",
          "name": "Mdot Mobile SAS",
          "createdAt": "2016-11-17T17:57:04.285Z",
          "updatedAt": "2016-11-17T17:57:04.285Z"
        }
      ]
    },
    {
      "id": "pcmcat298200050001",
      "name": "Mdot Mobile Phone Trade-In",
      "createdAt": "2016-11-17T17:57:04.285Z",
      "updatedAt": "2016-11-17T17:57:04.285Z",
      "subCategories": [
      ],
      "categoryPath": [
        {
          "id": "pcmcat144600050035",
          "name": "More Categories",
          "createdAt": "2016-11-17T17:57:04.899Z",
          "updatedAt": "2016-11-17T17:57:04.899Z"
        },
        {
          "id": "pcmcat221300050003",
          "name": "Mdot Promotions",
          "createdAt": "2016-11-17T17:57:05.399Z",
          "updatedAt": "2016-11-17T17:57:05.399Z"
        },
        {
          "id": "pcmcat298200050001",
          "name": "Mdot Mobile Phone Trade-In",
          "createdAt": "2016-11-17T17:57:04.285Z",
          "updatedAt": "2016-11-17T17:57:04.285Z"
        }
      ]
    },
    {
      "id": "pcmcat307000050001",
      "name": "Mobile Payment Devices",
      "createdAt": "2016-11-17T17:57:04.285Z",
      "updatedAt": "2016-11-17T17:57:04.285Z",
      "subCategories": [
      ],
      "categoryPath": [
        {
          "id": "abcat0805000",
          "name": "Office Electronics",
          "createdAt": "2016-11-17T17:57:04.285Z",
          "updatedAt": "2016-11-17T17:57:04.285Z"
        },
        {
          "id": "pcmcat307000050001",
          "name": "Mobile Payment Devices",
          "createdAt": "2016-11-17T17:57:04.285Z",
          "updatedAt": "2016-11-17T17:57:04.285Z"
        },
        {
          "id": "pcmcat312300050015",
          "name": "Connected Home & Housewares",
          "createdAt": "2016-11-17T17:57:04.285Z",
          "updatedAt": "2016-11-17T17:57:04.285Z"
        }
      ]
    },
    {
      "id": "pcmcat310700050040",
      "name": "Plantronics Mobile Headsets",
      "createdAt": "2016-11-17T17:57:04.285Z",
      "updatedAt": "2016-11-17T17:57:04.285Z",
      "subCategories": [
      ],
      "categoryPath": [
        {
          "id": "pcmcat128500050004",
          "name": "Name Brands",
          "createdAt": "2016-11-17T17:57:04.643Z",
          "updatedAt": "2016-11-17T17:57:04.643Z"
        },
        {
          "id": "pcmcat309000050000",
          "name": "Plantronics Headsets",
          "createdAt": "2016-11-17T17:57:04.285Z",
          "updatedAt": "2016-11-17T17:57:04.285Z"
        },
        {
          "id": "pcmcat310700050040",
          "name": "Plantronics Mobile Headsets",
          "createdAt": "2016-11-17T17:57:04.285Z",
          "updatedAt": "2016-11-17T17:57:04.285Z"
        }
      ]
    },
    {
      "id": "pcmcat313900050003",
      "name": "Mobile Phone Accessories",
      "createdAt": "2016-11-17T17:57:04.285Z",
      "updatedAt": "2016-11-17T17:57:04.285Z",
      "subCategories": [
      ],
      "categoryPath": [
        {
          "id": "pcmcat128500050004",
          "name": "Name Brands",
          "createdAt": "2016-11-17T17:57:04.643Z",
          "updatedAt": "2016-11-17T17:57:04.643Z"
        },
        {
          "id": "pcmcat155800050048",
          "name": "Monster",
          "createdAt": "2016-11-17T17:57:04.899Z",
          "updatedAt": "2016-11-17T17:57:04.899Z"
        },
        {
          "id": "pcmcat313900050003",
          "name": "Mobile Phone Accessories",
          "createdAt": "2016-11-17T17:57:04.285Z",
          "updatedAt": "2016-11-17T17:57:04.285Z"
        }
      ]
    },
    {
      "id": "pcmcat339400050005",
      "name": "T-Mobile Prepaid Minutes",
      "createdAt": "2016-11-17T17:57:04.643Z",
      "updatedAt": "2016-11-17T17:57:04.643Z",
      "subCategories": [
      ],
      "categoryPath": [
        {
          "id": "abcat0800000",
          "name": "Cell Phones",
          "createdAt": "2016-11-17T17:57:04.285Z",
          "updatedAt": "2016-11-17T17:57:04.285Z"
        },
        {
          "id": "pcmcat208100050004",
          "name": "T-Mobile",
          "createdAt": "2016-11-17T17:57:05.399Z",
          "updatedAt": "2016-11-17T17:57:05.399Z"
        },
        {
          "id": "pcmcat339400050005",
          "name": "T-Mobile Prepaid Minutes",
          "createdAt": "2016-11-17T17:57:04.643Z",
          "updatedAt": "2016-11-17T17:57:04.643Z"
        }
      ]
    },
    {
      "id": "pcmcat339400050006",
      "name": "T-Mobile SIM Cards",
      "createdAt": "2016-11-17T17:57:04.643Z",
      "updatedAt": "2016-11-17T17:57:04.643Z",
      "subCategories": [
      ],
      "categoryPath": [
        {
          "id": "abcat0800000",
          "name": "Cell Phones",
          "createdAt": "2016-11-17T17:57:04.285Z",
          "updatedAt": "2016-11-17T17:57:04.285Z"
        },
        {
          "id": "pcmcat208100050004",
          "name": "T-Mobile",
          "createdAt": "2016-11-17T17:57:05.399Z",
          "updatedAt": "2016-11-17T17:57:05.399Z"
        },
        {
          "id": "pcmcat339400050006",
          "name": "T-Mobile SIM Cards",
          "createdAt": "2016-11-17T17:57:04.643Z",
          "updatedAt": "2016-11-17T17:57:04.643Z"
        }
      ]
    },
    {
      "id": "pcmcat383800050000",
      "name": "Boost Mobile",
      "createdAt": "2016-11-17T17:57:04.643Z",
      "updatedAt": "2016-11-17T17:57:04.643Z",
      "subCategories": [
      ],
      "categoryPath": [
        {
          "id": "pcmcat128500050004",
          "name": "Name Brands",
          "createdAt": "2016-11-17T17:57:04.643Z",
          "updatedAt": "2016-11-17T17:57:04.643Z"
        },
        {
          "id": "pcmcat383800050000",
          "name": "Boost Mobile",
          "createdAt": "2016-11-17T17:57:04.643Z",
          "updatedAt": "2016-11-17T17:57:04.643Z"
        }
      ]
    },
    {
      "id": "pcmcat383800050001",
      "name": "Virgin Mobile",
      "createdAt": "2016-11-17T17:57:04.643Z",
      "updatedAt": "2016-11-17T17:57:04.643Z",
      "subCategories": [
      ],
      "categoryPath": [
        {
          "id": "pcmcat128500050004",
          "name": "Name Brands",
          "createdAt": "2016-11-17T17:57:04.643Z",
          "updatedAt": "2016-11-17T17:57:04.643Z"
        },
        {
          "id": "pcmcat383800050001",
          "name": "Virgin Mobile",
          "createdAt": "2016-11-17T17:57:04.643Z",
          "updatedAt": "2016-11-17T17:57:04.643Z"
        }
      ]
    }
  ]
}

22:48:56.230 [ForkJoinPool-1-worker-4] INFO  com.intuit.karate - karate.env system property was: null 
22:48:56.243 [ForkJoinPool-1-worker-4] DEBUG com.intuit.karate - request:
1 > GET http://localhost:3030/products?%24sort%5Bprice%5D=-1
1 > Accept-Encoding: gzip,deflate
1 > Connection: Keep-Alive
1 > Host: localhost:3030
1 > User-Agent: Apache-HttpClient/4.5.5 (Java/1.8.0_221)

22:48:56.742 [pool-1-thread-2] INFO  com.intuit.karate.Runner - <<pass>> feature 2 of 17: classpath:com/n26/bestbuy/api/categories/categories-get.feature
---------------------------------------------------------
feature: classpath:com/n26/bestbuy/api/categories/categories-get.feature
report: target\surefire-reports\com.n26.bestbuy.api.categories.categories-get.json
scenarios:  3 | passed:  3 | failed:  0 | time: 10.5465
---------------------------------------------------------
22:48:57.224 [ForkJoinPool-1-worker-5] DEBUG com.intuit.karate - response time in milliseconds: 1434.80
1 < 200
1 < Access-Control-Allow-Origin: *
1 < Allow: GET,POST,PUT,PATCH,DELETE
1 < Connection: keep-alive
1 < Content-Type: application/json; charset=utf-8
1 < Date: Fri, 08 Nov 2019 17:18:56 GMT
1 < ETag: W/"1577-1ka8gZT/TT4ykD3mHTskILPg8Ls"
1 < Transfer-Encoding: chunked
1 < Vary: Accept, Accept-Encoding
1 < X-Powered-By: Express
{"total":55,"limit":10,"skip":0,"data":[{"id":"pcmcat282400050018","name":"Geek Squad Protection Plans for Mobile Phones","createdAt":"2016-11-17T17:57:04.285Z","updatedAt":"2016-11-17T17:57:04.285Z","subCategories":[],"categoryPath":[{"id":"pcmcat138100050018","name":"Geek Squad","createdAt":"2016-11-17T17:57:04.643Z","updatedAt":"2016-11-17T17:57:04.643Z"},{"id":"pcmcat282400050018","name":"Geek Squad Protection Plans for Mobile Phones","createdAt":"2016-11-17T17:57:04.285Z","updatedAt":"2016-11-17T17:57:04.285Z"},{"id":"pcmcat748300499229","name":"Promo E GS & AppleCare Pages","createdAt":"2016-11-17T17:57:04.899Z","updatedAt":"2016-11-17T17:57:04.899Z"}]},{"id":"pcmcat298000050005","name":"Mdot Mobile SAS","createdAt":"2016-11-17T17:57:04.285Z","updatedAt":"2016-11-17T17:57:04.285Z","subCategories":[],"categoryPath":[{"id":"pcmcat144600050035","name":"More Categories","createdAt":"2016-11-17T17:57:04.899Z","updatedAt":"2016-11-17T17:57:04.899Z"},{"id":"pcmcat221300050003","name":"Mdot Promotions","createdAt":"2016-11-17T17:57:05.399Z","updatedAt":"2016-11-17T17:57:05.399Z"},{"id":"pcmcat298000050005","name":"Mdot Mobile SAS","createdAt":"2016-11-17T17:57:04.285Z","updatedAt":"2016-11-17T17:57:04.285Z"}]},{"id":"pcmcat298200050001","name":"Mdot Mobile Phone Trade-In","createdAt":"2016-11-17T17:57:04.285Z","updatedAt":"2016-11-17T17:57:04.285Z","subCategories":[],"categoryPath":[{"id":"pcmcat144600050035","name":"More Categories","createdAt":"2016-11-17T17:57:04.899Z","updatedAt":"2016-11-17T17:57:04.899Z"},{"id":"pcmcat221300050003","name":"Mdot Promotions","createdAt":"2016-11-17T17:57:05.399Z","updatedAt":"2016-11-17T17:57:05.399Z"},{"id":"pcmcat298200050001","name":"Mdot Mobile Phone Trade-In","createdAt":"2016-11-17T17:57:04.285Z","updatedAt":"2016-11-17T17:57:04.285Z"}]},{"id":"pcmcat307000050001","name":"Mobile Payment Devices","createdAt":"2016-11-17T17:57:04.285Z","updatedAt":"2016-11-17T17:57:04.285Z","subCategories":[],"categoryPath":[{"id":"abcat0805000","name":"Office Electronics","createdAt":"2016-11-17T17:57:04.285Z","updatedAt":"2016-11-17T17:57:04.285Z"},{"id":"pcmcat307000050001","name":"Mobile Payment Devices","createdAt":"2016-11-17T17:57:04.285Z","updatedAt":"2016-11-17T17:57:04.285Z"},{"id":"pcmcat312300050015","name":"Connected Home & Housewares","createdAt":"2016-11-17T17:57:04.285Z","updatedAt":"2016-11-17T17:57:04.285Z"}]},{"id":"pcmcat310700050040","name":"Plantronics Mobile Headsets","createdAt":"2016-11-17T17:57:04.285Z","updatedAt":"2016-11-17T17:57:04.285Z","subCategories":[],"categoryPath":[{"id":"pcmcat128500050004","name":"Name Brands","createdAt":"2016-11-17T17:57:04.643Z","updatedAt":"2016-11-17T17:57:04.643Z"},{"id":"pcmcat309000050000","name":"Plantronics Headsets","createdAt":"2016-11-17T17:57:04.285Z","updatedAt":"2016-11-17T17:57:04.285Z"},{"id":"pcmcat310700050040","name":"Plantronics Mobile Headsets","createdAt":"2016-11-17T17:57:04.285Z","updatedAt":"2016-11-17T17:57:04.285Z"}]},{"id":"pcmcat313900050003","name":"Mobile Phone Accessories","createdAt":"2016-11-17T17:57:04.285Z","updatedAt":"2016-11-17T17:57:04.285Z","subCategories":[],"categoryPath":[{"id":"pcmcat128500050004","name":"Name Brands","createdAt":"2016-11-17T17:57:04.643Z","updatedAt":"2016-11-17T17:57:04.643Z"},{"id":"pcmcat155800050048","name":"Monster","createdAt":"2016-11-17T17:57:04.899Z","updatedAt":"2016-11-17T17:57:04.899Z"},{"id":"pcmcat313900050003","name":"Mobile Phone Accessories","createdAt":"2016-11-17T17:57:04.285Z","updatedAt":"2016-11-17T17:57:04.285Z"}]},{"id":"pcmcat339400050005","name":"T-Mobile Prepaid Minutes","createdAt":"2016-11-17T17:57:04.643Z","updatedAt":"2016-11-17T17:57:04.643Z","subCategories":[],"categoryPath":[{"id":"abcat0800000","name":"Cell Phones","createdAt":"2016-11-17T17:57:04.285Z","updatedAt":"2016-11-17T17:57:04.285Z"},{"id":"pcmcat208100050004","name":"T-Mobile","createdAt":"2016-11-17T17:57:05.399Z","updatedAt":"2016-11-17T17:57:05.399Z"},{"id":"pcmcat339400050005","name":"T-Mobile Prepaid Minutes","createdAt":"2016-11-17T17:57:04.643Z","updatedAt":"2016-11-17T17:57:04.643Z"}]},{"id":"pcmcat339400050006","name":"T-Mobile SIM Cards","createdAt":"2016-11-17T17:57:04.643Z","updatedAt":"2016-11-17T17:57:04.643Z","subCategories":[],"categoryPath":[{"id":"abcat0800000","name":"Cell Phones","createdAt":"2016-11-17T17:57:04.285Z","updatedAt":"2016-11-17T17:57:04.285Z"},{"id":"pcmcat208100050004","name":"T-Mobile","createdAt":"2016-11-17T17:57:05.399Z","updatedAt":"2016-11-17T17:57:05.399Z"},{"id":"pcmcat339400050006","name":"T-Mobile SIM Cards","createdAt":"2016-11-17T17:57:04.643Z","updatedAt":"2016-11-17T17:57:04.643Z"}]},{"id":"pcmcat383800050000","name":"Boost Mobile","createdAt":"2016-11-17T17:57:04.643Z","updatedAt":"2016-11-17T17:57:04.643Z","subCategories":[],"categoryPath":[{"id":"pcmcat128500050004","name":"Name Brands","createdAt":"2016-11-17T17:57:04.643Z","updatedAt":"2016-11-17T17:57:04.643Z"},{"id":"pcmcat383800050000","name":"Boost Mobile","createdAt":"2016-11-17T17:57:04.643Z","updatedAt":"2016-11-17T17:57:04.643Z"}]},{"id":"pcmcat383800050001","name":"Virgin Mobile","createdAt":"2016-11-17T17:57:04.643Z","updatedAt":"2016-11-17T17:57:04.643Z","subCategories":[],"categoryPath":[{"id":"pcmcat128500050004","name":"Name Brands","createdAt":"2016-11-17T17:57:04.643Z","updatedAt":"2016-11-17T17:57:04.643Z"},{"id":"pcmcat383800050001","name":"Virgin Mobile","createdAt":"2016-11-17T17:57:04.643Z","updatedAt":"2016-11-17T17:57:04.643Z"}]}]}

22:48:57.229 [ForkJoinPool-1-worker-5] INFO  com.intuit.karate - [print] {
  "total": 55,
  "limit": 10,
  "skip": 0,
  "data": [
    {
      "id": "pcmcat282400050018",
      "name": "Geek Squad Protection Plans for Mobile Phones",
      "createdAt": "2016-11-17T17:57:04.285Z",
      "updatedAt": "2016-11-17T17:57:04.285Z",
      "subCategories": [
      ],
      "categoryPath": [
        {
          "id": "pcmcat138100050018",
          "name": "Geek Squad",
          "createdAt": "2016-11-17T17:57:04.643Z",
          "updatedAt": "2016-11-17T17:57:04.643Z"
        },
        {
          "id": "pcmcat282400050018",
          "name": "Geek Squad Protection Plans for Mobile Phones",
          "createdAt": "2016-11-17T17:57:04.285Z",
          "updatedAt": "2016-11-17T17:57:04.285Z"
        },
        {
          "id": "pcmcat748300499229",
          "name": "Promo E GS & AppleCare Pages",
          "createdAt": "2016-11-17T17:57:04.899Z",
          "updatedAt": "2016-11-17T17:57:04.899Z"
        }
      ]
    },
    {
      "id": "pcmcat298000050005",
      "name": "Mdot Mobile SAS",
      "createdAt": "2016-11-17T17:57:04.285Z",
      "updatedAt": "2016-11-17T17:57:04.285Z",
      "subCategories": [
      ],
      "categoryPath": [
        {
          "id": "pcmcat144600050035",
          "name": "More Categories",
          "createdAt": "2016-11-17T17:57:04.899Z",
          "updatedAt": "2016-11-17T17:57:04.899Z"
        },
        {
          "id": "pcmcat221300050003",
          "name": "Mdot Promotions",
          "createdAt": "2016-11-17T17:57:05.399Z",
          "updatedAt": "2016-11-17T17:57:05.399Z"
        },
        {
          "id": "pcmcat298000050005",
          "name": "Mdot Mobile SAS",
          "createdAt": "2016-11-17T17:57:04.285Z",
          "updatedAt": "2016-11-17T17:57:04.285Z"
        }
      ]
    },
    {
      "id": "pcmcat298200050001",
      "name": "Mdot Mobile Phone Trade-In",
      "createdAt": "2016-11-17T17:57:04.285Z",
      "updatedAt": "2016-11-17T17:57:04.285Z",
      "subCategories": [
      ],
      "categoryPath": [
        {
          "id": "pcmcat144600050035",
          "name": "More Categories",
          "createdAt": "2016-11-17T17:57:04.899Z",
          "updatedAt": "2016-11-17T17:57:04.899Z"
        },
        {
          "id": "pcmcat221300050003",
          "name": "Mdot Promotions",
          "createdAt": "2016-11-17T17:57:05.399Z",
          "updatedAt": "2016-11-17T17:57:05.399Z"
        },
        {
          "id": "pcmcat298200050001",
          "name": "Mdot Mobile Phone Trade-In",
          "createdAt": "2016-11-17T17:57:04.285Z",
          "updatedAt": "2016-11-17T17:57:04.285Z"
        }
      ]
    },
    {
      "id": "pcmcat307000050001",
      "name": "Mobile Payment Devices",
      "createdAt": "2016-11-17T17:57:04.285Z",
      "updatedAt": "2016-11-17T17:57:04.285Z",
      "subCategories": [
      ],
      "categoryPath": [
        {
          "id": "abcat0805000",
          "name": "Office Electronics",
          "createdAt": "2016-11-17T17:57:04.285Z",
          "updatedAt": "2016-11-17T17:57:04.285Z"
        },
        {
          "id": "pcmcat307000050001",
          "name": "Mobile Payment Devices",
          "createdAt": "2016-11-17T17:57:04.285Z",
          "updatedAt": "2016-11-17T17:57:04.285Z"
        },
        {
          "id": "pcmcat312300050015",
          "name": "Connected Home & Housewares",
          "createdAt": "2016-11-17T17:57:04.285Z",
          "updatedAt": "2016-11-17T17:57:04.285Z"
        }
      ]
    },
    {
      "id": "pcmcat310700050040",
      "name": "Plantronics Mobile Headsets",
      "createdAt": "2016-11-17T17:57:04.285Z",
      "updatedAt": "2016-11-17T17:57:04.285Z",
      "subCategories": [
      ],
      "categoryPath": [
        {
          "id": "pcmcat128500050004",
          "name": "Name Brands",
          "createdAt": "2016-11-17T17:57:04.643Z",
          "updatedAt": "2016-11-17T17:57:04.643Z"
        },
        {
          "id": "pcmcat309000050000",
          "name": "Plantronics Headsets",
          "createdAt": "2016-11-17T17:57:04.285Z",
          "updatedAt": "2016-11-17T17:57:04.285Z"
        },
        {
          "id": "pcmcat310700050040",
          "name": "Plantronics Mobile Headsets",
          "createdAt": "2016-11-17T17:57:04.285Z",
          "updatedAt": "2016-11-17T17:57:04.285Z"
        }
      ]
    },
    {
      "id": "pcmcat313900050003",
      "name": "Mobile Phone Accessories",
      "createdAt": "2016-11-17T17:57:04.285Z",
      "updatedAt": "2016-11-17T17:57:04.285Z",
      "subCategories": [
      ],
      "categoryPath": [
        {
          "id": "pcmcat128500050004",
          "name": "Name Brands",
          "createdAt": "2016-11-17T17:57:04.643Z",
          "updatedAt": "2016-11-17T17:57:04.643Z"
        },
        {
          "id": "pcmcat155800050048",
          "name": "Monster",
          "createdAt": "2016-11-17T17:57:04.899Z",
          "updatedAt": "2016-11-17T17:57:04.899Z"
        },
        {
          "id": "pcmcat313900050003",
          "name": "Mobile Phone Accessories",
          "createdAt": "2016-11-17T17:57:04.285Z",
          "updatedAt": "2016-11-17T17:57:04.285Z"
        }
      ]
    },
    {
      "id": "pcmcat339400050005",
      "name": "T-Mobile Prepaid Minutes",
      "createdAt": "2016-11-17T17:57:04.643Z",
      "updatedAt": "2016-11-17T17:57:04.643Z",
      "subCategories": [
      ],
      "categoryPath": [
        {
          "id": "abcat0800000",
          "name": "Cell Phones",
          "createdAt": "2016-11-17T17:57:04.285Z",
          "updatedAt": "2016-11-17T17:57:04.285Z"
        },
        {
          "id": "pcmcat208100050004",
          "name": "T-Mobile",
          "createdAt": "2016-11-17T17:57:05.399Z",
          "updatedAt": "2016-11-17T17:57:05.399Z"
        },
        {
          "id": "pcmcat339400050005",
          "name": "T-Mobile Prepaid Minutes",
          "createdAt": "2016-11-17T17:57:04.643Z",
          "updatedAt": "2016-11-17T17:57:04.643Z"
        }
      ]
    },
    {
      "id": "pcmcat339400050006",
      "name": "T-Mobile SIM Cards",
      "createdAt": "2016-11-17T17:57:04.643Z",
      "updatedAt": "2016-11-17T17:57:04.643Z",
      "subCategories": [
      ],
      "categoryPath": [
        {
          "id": "abcat0800000",
          "name": "Cell Phones",
          "createdAt": "2016-11-17T17:57:04.285Z",
          "updatedAt": "2016-11-17T17:57:04.285Z"
        },
        {
          "id": "pcmcat208100050004",
          "name": "T-Mobile",
          "createdAt": "2016-11-17T17:57:05.399Z",
          "updatedAt": "2016-11-17T17:57:05.399Z"
        },
        {
          "id": "pcmcat339400050006",
          "name": "T-Mobile SIM Cards",
          "createdAt": "2016-11-17T17:57:04.643Z",
          "updatedAt": "2016-11-17T17:57:04.643Z"
        }
      ]
    },
    {
      "id": "pcmcat383800050000",
      "name": "Boost Mobile",
      "createdAt": "2016-11-17T17:57:04.643Z",
      "updatedAt": "2016-11-17T17:57:04.643Z",
      "subCategories": [
      ],
      "categoryPath": [
        {
          "id": "pcmcat128500050004",
          "name": "Name Brands",
          "createdAt": "2016-11-17T17:57:04.643Z",
          "updatedAt": "2016-11-17T17:57:04.643Z"
        },
        {
          "id": "pcmcat383800050000",
          "name": "Boost Mobile",
          "createdAt": "2016-11-17T17:57:04.643Z",
          "updatedAt": "2016-11-17T17:57:04.643Z"
        }
      ]
    },
    {
      "id": "pcmcat383800050001",
      "name": "Virgin Mobile",
      "createdAt": "2016-11-17T17:57:04.643Z",
      "updatedAt": "2016-11-17T17:57:04.643Z",
      "subCategories": [
      ],
      "categoryPath": [
        {
          "id": "pcmcat128500050004",
          "name": "Name Brands",
          "createdAt": "2016-11-17T17:57:04.643Z",
          "updatedAt": "2016-11-17T17:57:04.643Z"
        },
        {
          "id": "pcmcat383800050001",
          "name": "Virgin Mobile",
          "createdAt": "2016-11-17T17:57:04.643Z",
          "updatedAt": "2016-11-17T17:57:04.643Z"
        }
      ]
    }
  ]
}

22:48:57.245 [ForkJoinPool-1-worker-5] INFO  com.intuit.karate - karate.env system property was: null 
22:48:57.252 [ForkJoinPool-1-worker-5] DEBUG com.intuit.karate - request:
1 > GET http://localhost:3030/products?%24select%5B%5D=description
1 > Accept-Encoding: gzip,deflate
1 > Connection: Keep-Alive
1 > Host: localhost:3030
1 > User-Agent: Apache-HttpClient/4.5.5 (Java/1.8.0_221)

22:48:57.302 [ForkJoinPool-1-worker-2] DEBUG com.intuit.karate - response time in milliseconds: 2237.57
1 < 200
1 < Access-Control-Allow-Origin: *
1 < Allow: GET,POST,PUT,PATCH,DELETE
1 < Connection: keep-alive
1 < Content-Type: application/json; charset=utf-8
1 < Date: Fri, 08 Nov 2019 17:18:57 GMT
1 < ETag: W/"26ba-UOMZTn8L8Lk9aDbN1qp7bvK0uFQ"
1 < Transfer-Encoding: chunked
1 < Vary: Accept, Accept-Encoding
1 < X-Powered-By: Express
{"total":29,"limit":10,"skip":0,"data":[{"id":2698105,"name":"Sony - 43\" Class (42.5\" Diag.) - LED - 2160p - Smart - 4K Ultra HD TV - Black","type":"HardGood","price":699.99,"upc":"027242888067","shipping":0,"description":"2160p resolutionMotionflow XR 960Smart Android TV with Google Play and Google Cast built-in","manufacturer":"Sony","model":"XBR43X830C","url":"http://www.bestbuy.com/site/sony-43-class-42-5-diag--led-2160p-smart-4k-ultra-hd-tv-black/2698105.p?id=1219555371949&skuId=2698105&cmp=RMXCC","image":"http://img.bbystatic.com/BestBuy_US/images/products/2698/2698105_sa.jpg","createdAt":"2016-11-17T18:01:44.806Z","updatedAt":"2016-11-17T18:01:44.806Z","categories":[{"id":"abcat0100000","name":"TV & Home Theater","createdAt":"2016-11-17T17:57:04.285Z","updatedAt":"2016-11-17T17:57:04.285Z"},{"id":"abcat0101000","name":"TVs","createdAt":"2016-11-17T17:57:04.285Z","updatedAt":"2016-11-17T17:57:04.285Z"},{"id":"pcmcat333800050003","name":"4K Ultra HD TVs","createdAt":"2016-11-17T17:57:04.643Z","updatedAt":"2016-11-17T17:57:04.643Z"}]},{"id":3892026,"name":"LG - 50\" Class (49.5\" Diag.) - LED - 1080p - Smart - HDTV - Black","type":"HardGood","price":549.99,"upc":"719192597044","shipping":0,"description":"1080p resolutionTruMotion 120Smart TV, LG Content Store, Web browser included","manufacturer":"LG","model":"50LF6100","url":"http://www.bestbuy.com/site/lg-50-class-49-5-diag--led-1080p-smart-hdtv-black/3892026.p?id=1219606085772&skuId=3892026&cmp=RMXCC","image":"http://img.bbystatic.com/BestBuy_US/images/products/3892/3892026_sa.jpg","createdAt":"2016-11-17T18:00:01.751Z","updatedAt":"2016-11-17T18:00:01.751Z","categories":[{"id":"abcat0100000","name":"TV & Home Theater","createdAt":"2016-11-17T17:57:04.285Z","updatedAt":"2016-11-17T17:57:04.285Z"},{"id":"abcat0101000","name":"TVs","createdAt":"2016-11-17T17:57:04.285Z","updatedAt":"2016-11-17T17:57:04.285Z"},{"id":"abcat0101001","name":"All Flat-Panel TVs","createdAt":"2016-11-17T17:57:04.285Z","updatedAt":"2016-11-17T17:57:04.285Z"}]},{"id":3953157,"name":"Samsung - 40\" Class (40\" Diag.) - LED - 2160p - Smart - 4K Ultra HD TV - Black","type":"HardGood","price":749.99,"upc":"887276075716","shipping":0,"description":"2160p 4K Ultra HD resolutionClear Motion Rate 120Smart TV, S-Recommendation, Web browser","manufacturer":"Samsung","model":"UN40JU6500FXZA","url":"http://www.bestbuy.com/site/samsung-40-class-40-diag--led-2160p-smart-4k-ultra-hd-tv-black/3953157.p?id=1219609307257&skuId=3953157&cmp=RMXCC","image":"http://img.bbystatic.com/BestBuy_US/images/products/3953/3953157_sa.jpg","createdAt":"2016-11-17T18:00:31.886Z","updatedAt":"2016-11-17T18:00:31.886Z","categories":[{"id":"abcat0100000","name":"TV & Home Theater","createdAt":"2016-11-17T17:57:04.285Z","updatedAt":"2016-11-17T17:57:04.285Z"},{"id":"abcat0101000","name":"TVs","createdAt":"2016-11-17T17:57:04.285Z","updatedAt":"2016-11-17T17:57:04.285Z"},{"id":"pcmcat333800050003","name":"4K Ultra HD TVs","createdAt":"2016-11-17T17:57:04.643Z","updatedAt":"2016-11-17T17:57:04.643Z"}]},{"id":4405201,"name":"Samsung - 50\" Class (49.5\" Diag.) - LED - 1080p - Smart - HDTV - Black","type":"HardGood","price":699.99,"upc":"887276069210","shipping":0,"description":"1080p resolutionMotion Rate 60Smart TV, Web browser included","manufacturer":"Samsung","model":"UN50J5200AFXZA","url":"http://www.bestbuy.com/site/samsung-50-class-49-5-diag--led-1080p-smart-hdtv-black/4405201.p?id=1219743457219&skuId=4405201&cmp=RMXCC","image":"http://img.bbystatic.com/BestBuy_US/images/products/4405/4405201_sa.jpg","createdAt":"2016-11-17T18:01:06.648Z","updatedAt":"2016-11-17T18:01:06.648Z","categories":[{"id":"abcat0100000","name":"TV & Home Theater","createdAt":"2016-11-17T17:57:04.285Z","updatedAt":"2016-11-17T17:57:04.285Z"},{"id":"abcat0101000","name":"TVs","createdAt":"2016-11-17T17:57:04.285Z","updatedAt":"2016-11-17T17:57:04.285Z"},{"id":"abcat0101001","name":"All Flat-Panel TVs","createdAt":"2016-11-17T17:57:04.285Z","updatedAt":"2016-11-17T17:57:04.285Z"}]},{"id":4513700,"name":"Samsung - 48\" Class (47.6\" Diag.) - LED - 1080p - Smart - HDTV - Black","type":"HardGood","price":599.99,"upc":"887276124797","shipping":0,"description":"1080p resolutionMotion Rate 60Smart TV, Samsung Smart Hub, Web browser included","manufacturer":"Samsung","model":"UN48J5201AFXZA","url":"http://www.bestbuy.com/site/samsung-48-class-47-6-diag--led-1080p-smart-hdtv-black/4513700.p?id=1219756369972&skuId=4513700&cmp=RMXCC","image":"http://img.bbystatic.com/BestBuy_US/images/products/4513/4513700_sa.jpg","createdAt":"2016-11-17T17:58:03.298Z","updatedAt":"2016-11-17T17:58:03.298Z","categories":[{"id":"abcat0100000","name":"TV & Home Theater","createdAt":"2016-11-17T17:57:04.285Z","updatedAt":"2016-11-17T17:57:04.285Z"},{"id":"abcat0101000","name":"TVs","createdAt":"2016-11-17T17:57:04.285Z","updatedAt":"2016-11-17T17:57:04.285Z"},{"id":"abcat0101001","name":"All Flat-Panel TVs","createdAt":"2016-11-17T17:57:04.285Z","updatedAt":"2016-11-17T17:57:04.285Z"}]},{"id":4517000,"name":"LG - 49\" Class (48.5\" Diag.) - LED - 2160p - Smart - 4K Ultra HDTV - Black","type":"HardGood","price":599.99,"upc":"719192602632","shipping":0,"description":"2160p resolutionTruMotion 120Smart TV","manufacturer":"LG","model":"49UF6430","url":"http://www.bestbuy.com/site/lg-49-class-48-5-diag--led-2160p-smart-4k-ultra-hdtv-black/4517000.p?id=1219755712396&skuId=4517000&cmp=RMXCC","image":"http://img.bbystatic.com/BestBuy_US/images/products/4517/4517000_sa.jpg","createdAt":"2016-11-17T17:58:03.298Z","updatedAt":"2016-11-17T17:58:03.298Z","categories":[{"id":"abcat0100000","name":"TV & Home Theater","createdAt":"2016-11-17T17:57:04.285Z","updatedAt":"2016-11-17T17:57:04.285Z"},{"id":"abcat0101000","name":"TVs","createdAt":"2016-11-17T17:57:04.285Z","updatedAt":"2016-11-17T17:57:04.285Z"},{"id":"pcmcat333800050003","name":"4K Ultra HD TVs","createdAt":"2016-11-17T17:57:04.643Z","updatedAt":"2016-11-17T17:57:04.643Z"}]},{"id":4801501,"name":"Sony - 48\" Class (47.6\" Diag.) - LED - 1080p - Smart - HDTV - Black","type":"HardGood","price":549.99,"upc":"027242896482","shipping":0,"description":"1080p resolutionMotionflow XR 240Smart TV, Opera browser,","manufacturer":"Sony","model":"KDL48W650D","url":"http://www.bestbuy.com/site/sony-48-class-47-6-diag--led-1080p-smart-hdtv-black/4801501.p?id=1219824662196&skuId=4801501&cmp=RMXCC","image":"http://img.bbystatic.com/BestBuy_US/images/products/4801/4801501_sa.jpg","createdAt":"2016-11-17T18:02:21.601Z","updatedAt":"2016-11-17T18:02:21.601Z","categories":[{"id":"abcat0100000","name":"TV & Home Theater","createdAt":"2016-11-17T17:57:04.285Z","updatedAt":"2016-11-17T17:57:04.285Z"},{"id":"abcat0101000","name":"TVs","createdAt":"2016-11-17T17:57:04.285Z","updatedAt":"2016-11-17T17:57:04.285Z"},{"id":"abcat0101001","name":"All Flat-Panel TVs","createdAt":"2016-11-17T17:57:04.285Z","updatedAt":"2016-11-17T17:57:04.285Z"}]},{"id":4801700,"name":"Sony - 43\" Class (42.5\" Diag.) - LED - 2160p - Smart - 4K Ultra HD TV with High Dynamic Range - Black","type":"HardGood","price":749.99,"upc":"027242896529","shipping":0,"description":"2160p resolution with HDRMotionflow XR 240Smart TV, Android TV","manufacturer":"Sony","model":"XBR43X800D","url":"http://www.bestbuy.com/site/sony-43-class-42-5-diag--led-2160p-smart-4k-ultra-hd-tv-with-high-dynamic-range-black/4801700.p?id=1219824659346&skuId=4801700&cmp=RMXCC","image":"http://img.bbystatic.com/BestBuy_US/images/products/4801/4801700_sa.jpg","createdAt":"2016-11-17T18:02:21.601Z","updatedAt":"2016-11-17T18:02:21.601Z","categories":[{"id":"abcat0100000","name":"TV & Home Theater","createdAt":"2016-11-17T17:57:04.285Z","updatedAt":"2016-11-17T17:57:04.285Z"},{"id":"abcat0101000","name":"TVs","createdAt":"2016-11-17T17:57:04.285Z","updatedAt":"2016-11-17T17:57:04.285Z"},{"id":"pcmcat333800050003","name":"4K Ultra HD TVs","createdAt":"2016-11-17T17:57:04.643Z","updatedAt":"2016-11-17T17:57:04.643Z"}]},{"id":4801704,"name":"Sony - 49\" Class (48.5\" Diag.) - LED - 2160p - Smart - 4K Ultra HD TV - Black","type":"HardGood","price":799.99,"upc":"027242896581","shipping":0,"description":"2160p resolutionMotionflow XR 240Smart TV, Android TV","manufacturer":"Sony","model":"XBR49X700D","url":"http://www.bestbuy.com/site/sony-49-class-48-5-diag--led-2160p-smart-4k-ultra-hd-tv-black/4801704.p?id=1219824659349&skuId=4801704&cmp=RMXCC","image":"http://img.bbystatic.com/BestBuy_US/images/products/4801/4801704_sa.jpg","createdAt":"2016-11-17T18:02:21.601Z","updatedAt":"2016-11-17T18:02:21.601Z","categories":[{"id":"abcat0100000","name":"TV & Home Theater","createdAt":"2016-11-17T17:57:04.285Z","updatedAt":"2016-11-17T17:57:04.285Z"},{"id":"abcat0101000","name":"TVs","createdAt":"2016-11-17T17:57:04.285Z","updatedAt":"2016-11-17T17:57:04.285Z"},{"id":"pcmcat333800050003","name":"4K Ultra HD TVs","createdAt":"2016-11-17T17:57:04.643Z","updatedAt":"2016-11-17T17:57:04.643Z"}]},{"id":4807300,"name":"Toshiba - 55\" Class (54.6\" Diag.) - LED - 1080p - Smart - HDTV - Black","type":"HardGood","price":549.99,"upc":"600603198250","shipping":0,"description":"Only at Best Buy1080p resolution60Hz refresh rateSmart TV","manufacturer":"Toshiba","model":"55L421U","url":"http://www.bestbuy.com/site/toshiba-55-class-54-6-diag--led-1080p-smart-hdtv-black/4807300.p?id=bb4807300&skuId=4807300&cmp=RMXCC","image":"http://img.bbystatic.com/BestBuy_US/images/products/4807/4807300_sa.jpg","createdAt":"2016-11-17T17:58:03.298Z","updatedAt":"2016-11-17T17:58:03.298Z","categories":[{"id":"abcat0100000","name":"TV & Home Theater","createdAt":"2016-11-17T17:57:04.285Z","updatedAt":"2016-11-17T17:57:04.285Z"},{"id":"abcat0101000","name":"TVs","createdAt":"2016-11-17T17:57:04.285Z","updatedAt":"2016-11-17T17:57:04.285Z"},{"id":"abcat0101001","name":"All Flat-Panel TVs","createdAt":"2016-11-17T17:57:04.285Z","updatedAt":"2016-11-17T17:57:04.285Z"}]}]}

22:48:57.317 [ForkJoinPool-1-worker-2] INFO  com.intuit.karate - karate.env system property was: null 
22:48:57.326 [ForkJoinPool-1-worker-2] DEBUG com.intuit.karate - request:
1 > GET http://localhost:3030/products?category.name=TVs&price%5B%24gt%5D=500&price%5B%24lt%5D=800&shipping%5B%24eq%5D=0
1 > Accept-Encoding: gzip,deflate
1 > Connection: Keep-Alive
1 > Host: localhost:3030
1 > User-Agent: Apache-HttpClient/4.5.5 (Java/1.8.0_221)

22:48:57.336 [ForkJoinPool-1-worker-1] DEBUG com.intuit.karate - response time in milliseconds: 2254.47
1 < 200
1 < Access-Control-Allow-Origin: *
1 < Allow: GET,POST,PUT,PATCH,DELETE
1 < Connection: keep-alive
1 < Content-Type: application/json; charset=utf-8
1 < Date: Fri, 08 Nov 2019 17:18:57 GMT
1 < ETag: W/"1577-1ka8gZT/TT4ykD3mHTskILPg8Ls"
1 < Transfer-Encoding: chunked
1 < Vary: Accept, Accept-Encoding
1 < X-Powered-By: Express
{"total":55,"limit":10,"skip":0,"data":[{"id":"pcmcat282400050018","name":"Geek Squad Protection Plans for Mobile Phones","createdAt":"2016-11-17T17:57:04.285Z","updatedAt":"2016-11-17T17:57:04.285Z","subCategories":[],"categoryPath":[{"id":"pcmcat138100050018","name":"Geek Squad","createdAt":"2016-11-17T17:57:04.643Z","updatedAt":"2016-11-17T17:57:04.643Z"},{"id":"pcmcat282400050018","name":"Geek Squad Protection Plans for Mobile Phones","createdAt":"2016-11-17T17:57:04.285Z","updatedAt":"2016-11-17T17:57:04.285Z"},{"id":"pcmcat748300499229","name":"Promo E GS & AppleCare Pages","createdAt":"2016-11-17T17:57:04.899Z","updatedAt":"2016-11-17T17:57:04.899Z"}]},{"id":"pcmcat298000050005","name":"Mdot Mobile SAS","createdAt":"2016-11-17T17:57:04.285Z","updatedAt":"2016-11-17T17:57:04.285Z","subCategories":[],"categoryPath":[{"id":"pcmcat144600050035","name":"More Categories","createdAt":"2016-11-17T17:57:04.899Z","updatedAt":"2016-11-17T17:57:04.899Z"},{"id":"pcmcat221300050003","name":"Mdot Promotions","createdAt":"2016-11-17T17:57:05.399Z","updatedAt":"2016-11-17T17:57:05.399Z"},{"id":"pcmcat298000050005","name":"Mdot Mobile SAS","createdAt":"2016-11-17T17:57:04.285Z","updatedAt":"2016-11-17T17:57:04.285Z"}]},{"id":"pcmcat298200050001","name":"Mdot Mobile Phone Trade-In","createdAt":"2016-11-17T17:57:04.285Z","updatedAt":"2016-11-17T17:57:04.285Z","subCategories":[],"categoryPath":[{"id":"pcmcat144600050035","name":"More Categories","createdAt":"2016-11-17T17:57:04.899Z","updatedAt":"2016-11-17T17:57:04.899Z"},{"id":"pcmcat221300050003","name":"Mdot Promotions","createdAt":"2016-11-17T17:57:05.399Z","updatedAt":"2016-11-17T17:57:05.399Z"},{"id":"pcmcat298200050001","name":"Mdot Mobile Phone Trade-In","createdAt":"2016-11-17T17:57:04.285Z","updatedAt":"2016-11-17T17:57:04.285Z"}]},{"id":"pcmcat307000050001","name":"Mobile Payment Devices","createdAt":"2016-11-17T17:57:04.285Z","updatedAt":"2016-11-17T17:57:04.285Z","subCategories":[],"categoryPath":[{"id":"abcat0805000","name":"Office Electronics","createdAt":"2016-11-17T17:57:04.285Z","updatedAt":"2016-11-17T17:57:04.285Z"},{"id":"pcmcat307000050001","name":"Mobile Payment Devices","createdAt":"2016-11-17T17:57:04.285Z","updatedAt":"2016-11-17T17:57:04.285Z"},{"id":"pcmcat312300050015","name":"Connected Home & Housewares","createdAt":"2016-11-17T17:57:04.285Z","updatedAt":"2016-11-17T17:57:04.285Z"}]},{"id":"pcmcat310700050040","name":"Plantronics Mobile Headsets","createdAt":"2016-11-17T17:57:04.285Z","updatedAt":"2016-11-17T17:57:04.285Z","subCategories":[],"categoryPath":[{"id":"pcmcat128500050004","name":"Name Brands","createdAt":"2016-11-17T17:57:04.643Z","updatedAt":"2016-11-17T17:57:04.643Z"},{"id":"pcmcat309000050000","name":"Plantronics Headsets","createdAt":"2016-11-17T17:57:04.285Z","updatedAt":"2016-11-17T17:57:04.285Z"},{"id":"pcmcat310700050040","name":"Plantronics Mobile Headsets","createdAt":"2016-11-17T17:57:04.285Z","updatedAt":"2016-11-17T17:57:04.285Z"}]},{"id":"pcmcat313900050003","name":"Mobile Phone Accessories","createdAt":"2016-11-17T17:57:04.285Z","updatedAt":"2016-11-17T17:57:04.285Z","subCategories":[],"categoryPath":[{"id":"pcmcat128500050004","name":"Name Brands","createdAt":"2016-11-17T17:57:04.643Z","updatedAt":"2016-11-17T17:57:04.643Z"},{"id":"pcmcat155800050048","name":"Monster","createdAt":"2016-11-17T17:57:04.899Z","updatedAt":"2016-11-17T17:57:04.899Z"},{"id":"pcmcat313900050003","name":"Mobile Phone Accessories","createdAt":"2016-11-17T17:57:04.285Z","updatedAt":"2016-11-17T17:57:04.285Z"}]},{"id":"pcmcat339400050005","name":"T-Mobile Prepaid Minutes","createdAt":"2016-11-17T17:57:04.643Z","updatedAt":"2016-11-17T17:57:04.643Z","subCategories":[],"categoryPath":[{"id":"abcat0800000","name":"Cell Phones","createdAt":"2016-11-17T17:57:04.285Z","updatedAt":"2016-11-17T17:57:04.285Z"},{"id":"pcmcat208100050004","name":"T-Mobile","createdAt":"2016-11-17T17:57:05.399Z","updatedAt":"2016-11-17T17:57:05.399Z"},{"id":"pcmcat339400050005","name":"T-Mobile Prepaid Minutes","createdAt":"2016-11-17T17:57:04.643Z","updatedAt":"2016-11-17T17:57:04.643Z"}]},{"id":"pcmcat339400050006","name":"T-Mobile SIM Cards","createdAt":"2016-11-17T17:57:04.643Z","updatedAt":"2016-11-17T17:57:04.643Z","subCategories":[],"categoryPath":[{"id":"abcat0800000","name":"Cell Phones","createdAt":"2016-11-17T17:57:04.285Z","updatedAt":"2016-11-17T17:57:04.285Z"},{"id":"pcmcat208100050004","name":"T-Mobile","createdAt":"2016-11-17T17:57:05.399Z","updatedAt":"2016-11-17T17:57:05.399Z"},{"id":"pcmcat339400050006","name":"T-Mobile SIM Cards","createdAt":"2016-11-17T17:57:04.643Z","updatedAt":"2016-11-17T17:57:04.643Z"}]},{"id":"pcmcat383800050000","name":"Boost Mobile","createdAt":"2016-11-17T17:57:04.643Z","updatedAt":"2016-11-17T17:57:04.643Z","subCategories":[],"categoryPath":[{"id":"pcmcat128500050004","name":"Name Brands","createdAt":"2016-11-17T17:57:04.643Z","updatedAt":"2016-11-17T17:57:04.643Z"},{"id":"pcmcat383800050000","name":"Boost Mobile","createdAt":"2016-11-17T17:57:04.643Z","updatedAt":"2016-11-17T17:57:04.643Z"}]},{"id":"pcmcat383800050001","name":"Virgin Mobile","createdAt":"2016-11-17T17:57:04.643Z","updatedAt":"2016-11-17T17:57:04.643Z","subCategories":[],"categoryPath":[{"id":"pcmcat128500050004","name":"Name Brands","createdAt":"2016-11-17T17:57:04.643Z","updatedAt":"2016-11-17T17:57:04.643Z"},{"id":"pcmcat383800050001","name":"Virgin Mobile","createdAt":"2016-11-17T17:57:04.643Z","updatedAt":"2016-11-17T17:57:04.643Z"}]}]}

22:48:57.339 [ForkJoinPool-1-worker-1] INFO  com.intuit.karate - [print] {
  "total": 55,
  "limit": 10,
  "skip": 0,
  "data": [
    {
      "id": "pcmcat282400050018",
      "name": "Geek Squad Protection Plans for Mobile Phones",
      "createdAt": "2016-11-17T17:57:04.285Z",
      "updatedAt": "2016-11-17T17:57:04.285Z",
      "subCategories": [
      ],
      "categoryPath": [
        {
          "id": "pcmcat138100050018",
          "name": "Geek Squad",
          "createdAt": "2016-11-17T17:57:04.643Z",
          "updatedAt": "2016-11-17T17:57:04.643Z"
        },
        {
          "id": "pcmcat282400050018",
          "name": "Geek Squad Protection Plans for Mobile Phones",
          "createdAt": "2016-11-17T17:57:04.285Z",
          "updatedAt": "2016-11-17T17:57:04.285Z"
        },
        {
          "id": "pcmcat748300499229",
          "name": "Promo E GS & AppleCare Pages",
          "createdAt": "2016-11-17T17:57:04.899Z",
          "updatedAt": "2016-11-17T17:57:04.899Z"
        }
      ]
    },
    {
      "id": "pcmcat298000050005",
      "name": "Mdot Mobile SAS",
      "createdAt": "2016-11-17T17:57:04.285Z",
      "updatedAt": "2016-11-17T17:57:04.285Z",
      "subCategories": [
      ],
      "categoryPath": [
        {
          "id": "pcmcat144600050035",
          "name": "More Categories",
          "createdAt": "2016-11-17T17:57:04.899Z",
          "updatedAt": "2016-11-17T17:57:04.899Z"
        },
        {
          "id": "pcmcat221300050003",
          "name": "Mdot Promotions",
          "createdAt": "2016-11-17T17:57:05.399Z",
          "updatedAt": "2016-11-17T17:57:05.399Z"
        },
        {
          "id": "pcmcat298000050005",
          "name": "Mdot Mobile SAS",
          "createdAt": "2016-11-17T17:57:04.285Z",
          "updatedAt": "2016-11-17T17:57:04.285Z"
        }
      ]
    },
    {
      "id": "pcmcat298200050001",
      "name": "Mdot Mobile Phone Trade-In",
      "createdAt": "2016-11-17T17:57:04.285Z",
      "updatedAt": "2016-11-17T17:57:04.285Z",
      "subCategories": [
      ],
      "categoryPath": [
        {
          "id": "pcmcat144600050035",
          "name": "More Categories",
          "createdAt": "2016-11-17T17:57:04.899Z",
          "updatedAt": "2016-11-17T17:57:04.899Z"
        },
        {
          "id": "pcmcat221300050003",
          "name": "Mdot Promotions",
          "createdAt": "2016-11-17T17:57:05.399Z",
          "updatedAt": "2016-11-17T17:57:05.399Z"
        },
        {
          "id": "pcmcat298200050001",
          "name": "Mdot Mobile Phone Trade-In",
          "createdAt": "2016-11-17T17:57:04.285Z",
          "updatedAt": "2016-11-17T17:57:04.285Z"
        }
      ]
    },
    {
      "id": "pcmcat307000050001",
      "name": "Mobile Payment Devices",
      "createdAt": "2016-11-17T17:57:04.285Z",
      "updatedAt": "2016-11-17T17:57:04.285Z",
      "subCategories": [
      ],
      "categoryPath": [
        {
          "id": "abcat0805000",
          "name": "Office Electronics",
          "createdAt": "2016-11-17T17:57:04.285Z",
          "updatedAt": "2016-11-17T17:57:04.285Z"
        },
        {
          "id": "pcmcat307000050001",
          "name": "Mobile Payment Devices",
          "createdAt": "2016-11-17T17:57:04.285Z",
          "updatedAt": "2016-11-17T17:57:04.285Z"
        },
        {
          "id": "pcmcat312300050015",
          "name": "Connected Home & Housewares",
          "createdAt": "2016-11-17T17:57:04.285Z",
          "updatedAt": "2016-11-17T17:57:04.285Z"
        }
      ]
    },
    {
      "id": "pcmcat310700050040",
      "name": "Plantronics Mobile Headsets",
      "createdAt": "2016-11-17T17:57:04.285Z",
      "updatedAt": "2016-11-17T17:57:04.285Z",
      "subCategories": [
      ],
      "categoryPath": [
        {
          "id": "pcmcat128500050004",
          "name": "Name Brands",
          "createdAt": "2016-11-17T17:57:04.643Z",
          "updatedAt": "2016-11-17T17:57:04.643Z"
        },
        {
          "id": "pcmcat309000050000",
          "name": "Plantronics Headsets",
          "createdAt": "2016-11-17T17:57:04.285Z",
          "updatedAt": "2016-11-17T17:57:04.285Z"
        },
        {
          "id": "pcmcat310700050040",
          "name": "Plantronics Mobile Headsets",
          "createdAt": "2016-11-17T17:57:04.285Z",
          "updatedAt": "2016-11-17T17:57:04.285Z"
        }
      ]
    },
    {
      "id": "pcmcat313900050003",
      "name": "Mobile Phone Accessories",
      "createdAt": "2016-11-17T17:57:04.285Z",
      "updatedAt": "2016-11-17T17:57:04.285Z",
      "subCategories": [
      ],
      "categoryPath": [
        {
          "id": "pcmcat128500050004",
          "name": "Name Brands",
          "createdAt": "2016-11-17T17:57:04.643Z",
          "updatedAt": "2016-11-17T17:57:04.643Z"
        },
        {
          "id": "pcmcat155800050048",
          "name": "Monster",
          "createdAt": "2016-11-17T17:57:04.899Z",
          "updatedAt": "2016-11-17T17:57:04.899Z"
        },
        {
          "id": "pcmcat313900050003",
          "name": "Mobile Phone Accessories",
          "createdAt": "2016-11-17T17:57:04.285Z",
          "updatedAt": "2016-11-17T17:57:04.285Z"
        }
      ]
    },
    {
      "id": "pcmcat339400050005",
      "name": "T-Mobile Prepaid Minutes",
      "createdAt": "2016-11-17T17:57:04.643Z",
      "updatedAt": "2016-11-17T17:57:04.643Z",
      "subCategories": [
      ],
      "categoryPath": [
        {
          "id": "abcat0800000",
          "name": "Cell Phones",
          "createdAt": "2016-11-17T17:57:04.285Z",
          "updatedAt": "2016-11-17T17:57:04.285Z"
        },
        {
          "id": "pcmcat208100050004",
          "name": "T-Mobile",
          "createdAt": "2016-11-17T17:57:05.399Z",
          "updatedAt": "2016-11-17T17:57:05.399Z"
        },
        {
          "id": "pcmcat339400050005",
          "name": "T-Mobile Prepaid Minutes",
          "createdAt": "2016-11-17T17:57:04.643Z",
          "updatedAt": "2016-11-17T17:57:04.643Z"
        }
      ]
    },
    {
      "id": "pcmcat339400050006",
      "name": "T-Mobile SIM Cards",
      "createdAt": "2016-11-17T17:57:04.643Z",
      "updatedAt": "2016-11-17T17:57:04.643Z",
      "subCategories": [
      ],
      "categoryPath": [
        {
          "id": "abcat0800000",
          "name": "Cell Phones",
          "createdAt": "2016-11-17T17:57:04.285Z",
          "updatedAt": "2016-11-17T17:57:04.285Z"
        },
        {
          "id": "pcmcat208100050004",
          "name": "T-Mobile",
          "createdAt": "2016-11-17T17:57:05.399Z",
          "updatedAt": "2016-11-17T17:57:05.399Z"
        },
        {
          "id": "pcmcat339400050006",
          "name": "T-Mobile SIM Cards",
          "createdAt": "2016-11-17T17:57:04.643Z",
          "updatedAt": "2016-11-17T17:57:04.643Z"
        }
      ]
    },
    {
      "id": "pcmcat383800050000",
      "name": "Boost Mobile",
      "createdAt": "2016-11-17T17:57:04.643Z",
      "updatedAt": "2016-11-17T17:57:04.643Z",
      "subCategories": [
      ],
      "categoryPath": [
        {
          "id": "pcmcat128500050004",
          "name": "Name Brands",
          "createdAt": "2016-11-17T17:57:04.643Z",
          "updatedAt": "2016-11-17T17:57:04.643Z"
        },
        {
          "id": "pcmcat383800050000",
          "name": "Boost Mobile",
          "createdAt": "2016-11-17T17:57:04.643Z",
          "updatedAt": "2016-11-17T17:57:04.643Z"
        }
      ]
    },
    {
      "id": "pcmcat383800050001",
      "name": "Virgin Mobile",
      "createdAt": "2016-11-17T17:57:04.643Z",
      "updatedAt": "2016-11-17T17:57:04.643Z",
      "subCategories": [
      ],
      "categoryPath": [
        {
          "id": "pcmcat128500050004",
          "name": "Name Brands",
          "createdAt": "2016-11-17T17:57:04.643Z",
          "updatedAt": "2016-11-17T17:57:04.643Z"
        },
        {
          "id": "pcmcat383800050001",
          "name": "Virgin Mobile",
          "createdAt": "2016-11-17T17:57:04.643Z",
          "updatedAt": "2016-11-17T17:57:04.643Z"
        }
      ]
    }
  ]
}

22:48:57.351 [ForkJoinPool-1-worker-1] INFO  com.intuit.karate - karate.env system property was: null 
22:48:57.359 [ForkJoinPool-1-worker-1] DEBUG com.intuit.karate - request:
1 > GET http://localhost:3030/products?%24sort%5Bprice%5D=-1
1 > Accept-Encoding: gzip,deflate
1 > Connection: Keep-Alive
1 > Host: localhost:3030
1 > User-Agent: Apache-HttpClient/4.5.5 (Java/1.8.0_221)

22:48:57.387 [pool-1-thread-3] INFO  com.intuit.karate.Runner - <<pass>> feature 3 of 17: classpath:com/n26/bestbuy/api/categories/categories-patch.feature
---------------------------------------------------------
feature: classpath:com/n26/bestbuy/api/categories/categories-patch.feature
report: target\surefire-reports\com.n26.bestbuy.api.categories.categories-patch.json
scenarios:  3 | passed:  3 | failed:  0 | time: 8.0902
---------------------------------------------------------
22:48:59.508 [ForkJoinPool-1-worker-3] DEBUG com.intuit.karate - response time in milliseconds: 3284.25
1 < 200
1 < Access-Control-Allow-Origin: *
1 < Allow: GET,POST,PUT,PATCH,DELETE
1 < Connection: keep-alive
1 < Content-Type: application/json; charset=utf-8
1 < Date: Fri, 08 Nov 2019 17:18:58 GMT
1 < ETag: W/"1577-1ka8gZT/TT4ykD3mHTskILPg8Ls"
1 < Transfer-Encoding: chunked
1 < Vary: Accept, Accept-Encoding
1 < X-Powered-By: Express
{"total":55,"limit":10,"skip":0,"data":[{"id":"pcmcat282400050018","name":"Geek Squad Protection Plans for Mobile Phones","createdAt":"2016-11-17T17:57:04.285Z","updatedAt":"2016-11-17T17:57:04.285Z","subCategories":[],"categoryPath":[{"id":"pcmcat138100050018","name":"Geek Squad","createdAt":"2016-11-17T17:57:04.643Z","updatedAt":"2016-11-17T17:57:04.643Z"},{"id":"pcmcat282400050018","name":"Geek Squad Protection Plans for Mobile Phones","createdAt":"2016-11-17T17:57:04.285Z","updatedAt":"2016-11-17T17:57:04.285Z"},{"id":"pcmcat748300499229","name":"Promo E GS & AppleCare Pages","createdAt":"2016-11-17T17:57:04.899Z","updatedAt":"2016-11-17T17:57:04.899Z"}]},{"id":"pcmcat298000050005","name":"Mdot Mobile SAS","createdAt":"2016-11-17T17:57:04.285Z","updatedAt":"2016-11-17T17:57:04.285Z","subCategories":[],"categoryPath":[{"id":"pcmcat144600050035","name":"More Categories","createdAt":"2016-11-17T17:57:04.899Z","updatedAt":"2016-11-17T17:57:04.899Z"},{"id":"pcmcat221300050003","name":"Mdot Promotions","createdAt":"2016-11-17T17:57:05.399Z","updatedAt":"2016-11-17T17:57:05.399Z"},{"id":"pcmcat298000050005","name":"Mdot Mobile SAS","createdAt":"2016-11-17T17:57:04.285Z","updatedAt":"2016-11-17T17:57:04.285Z"}]},{"id":"pcmcat298200050001","name":"Mdot Mobile Phone Trade-In","createdAt":"2016-11-17T17:57:04.285Z","updatedAt":"2016-11-17T17:57:04.285Z","subCategories":[],"categoryPath":[{"id":"pcmcat144600050035","name":"More Categories","createdAt":"2016-11-17T17:57:04.899Z","updatedAt":"2016-11-17T17:57:04.899Z"},{"id":"pcmcat221300050003","name":"Mdot Promotions","createdAt":"2016-11-17T17:57:05.399Z","updatedAt":"2016-11-17T17:57:05.399Z"},{"id":"pcmcat298200050001","name":"Mdot Mobile Phone Trade-In","createdAt":"2016-11-17T17:57:04.285Z","updatedAt":"2016-11-17T17:57:04.285Z"}]},{"id":"pcmcat307000050001","name":"Mobile Payment Devices","createdAt":"2016-11-17T17:57:04.285Z","updatedAt":"2016-11-17T17:57:04.285Z","subCategories":[],"categoryPath":[{"id":"abcat0805000","name":"Office Electronics","createdAt":"2016-11-17T17:57:04.285Z","updatedAt":"2016-11-17T17:57:04.285Z"},{"id":"pcmcat307000050001","name":"Mobile Payment Devices","createdAt":"2016-11-17T17:57:04.285Z","updatedAt":"2016-11-17T17:57:04.285Z"},{"id":"pcmcat312300050015","name":"Connected Home & Housewares","createdAt":"2016-11-17T17:57:04.285Z","updatedAt":"2016-11-17T17:57:04.285Z"}]},{"id":"pcmcat310700050040","name":"Plantronics Mobile Headsets","createdAt":"2016-11-17T17:57:04.285Z","updatedAt":"2016-11-17T17:57:04.285Z","subCategories":[],"categoryPath":[{"id":"pcmcat128500050004","name":"Name Brands","createdAt":"2016-11-17T17:57:04.643Z","updatedAt":"2016-11-17T17:57:04.643Z"},{"id":"pcmcat309000050000","name":"Plantronics Headsets","createdAt":"2016-11-17T17:57:04.285Z","updatedAt":"2016-11-17T17:57:04.285Z"},{"id":"pcmcat310700050040","name":"Plantronics Mobile Headsets","createdAt":"2016-11-17T17:57:04.285Z","updatedAt":"2016-11-17T17:57:04.285Z"}]},{"id":"pcmcat313900050003","name":"Mobile Phone Accessories","createdAt":"2016-11-17T17:57:04.285Z","updatedAt":"2016-11-17T17:57:04.285Z","subCategories":[],"categoryPath":[{"id":"pcmcat128500050004","name":"Name Brands","createdAt":"2016-11-17T17:57:04.643Z","updatedAt":"2016-11-17T17:57:04.643Z"},{"id":"pcmcat155800050048","name":"Monster","createdAt":"2016-11-17T17:57:04.899Z","updatedAt":"2016-11-17T17:57:04.899Z"},{"id":"pcmcat313900050003","name":"Mobile Phone Accessories","createdAt":"2016-11-17T17:57:04.285Z","updatedAt":"2016-11-17T17:57:04.285Z"}]},{"id":"pcmcat339400050005","name":"T-Mobile Prepaid Minutes","createdAt":"2016-11-17T17:57:04.643Z","updatedAt":"2016-11-17T17:57:04.643Z","subCategories":[],"categoryPath":[{"id":"abcat0800000","name":"Cell Phones","createdAt":"2016-11-17T17:57:04.285Z","updatedAt":"2016-11-17T17:57:04.285Z"},{"id":"pcmcat208100050004","name":"T-Mobile","createdAt":"2016-11-17T17:57:05.399Z","updatedAt":"2016-11-17T17:57:05.399Z"},{"id":"pcmcat339400050005","name":"T-Mobile Prepaid Minutes","createdAt":"2016-11-17T17:57:04.643Z","updatedAt":"2016-11-17T17:57:04.643Z"}]},{"id":"pcmcat339400050006","name":"T-Mobile SIM Cards","createdAt":"2016-11-17T17:57:04.643Z","updatedAt":"2016-11-17T17:57:04.643Z","subCategories":[],"categoryPath":[{"id":"abcat0800000","name":"Cell Phones","createdAt":"2016-11-17T17:57:04.285Z","updatedAt":"2016-11-17T17:57:04.285Z"},{"id":"pcmcat208100050004","name":"T-Mobile","createdAt":"2016-11-17T17:57:05.399Z","updatedAt":"2016-11-17T17:57:05.399Z"},{"id":"pcmcat339400050006","name":"T-Mobile SIM Cards","createdAt":"2016-11-17T17:57:04.643Z","updatedAt":"2016-11-17T17:57:04.643Z"}]},{"id":"pcmcat383800050000","name":"Boost Mobile","createdAt":"2016-11-17T17:57:04.643Z","updatedAt":"2016-11-17T17:57:04.643Z","subCategories":[],"categoryPath":[{"id":"pcmcat128500050004","name":"Name Brands","createdAt":"2016-11-17T17:57:04.643Z","updatedAt":"2016-11-17T17:57:04.643Z"},{"id":"pcmcat383800050000","name":"Boost Mobile","createdAt":"2016-11-17T17:57:04.643Z","updatedAt":"2016-11-17T17:57:04.643Z"}]},{"id":"pcmcat383800050001","name":"Virgin Mobile","createdAt":"2016-11-17T17:57:04.643Z","updatedAt":"2016-11-17T17:57:04.643Z","subCategories":[],"categoryPath":[{"id":"pcmcat128500050004","name":"Name Brands","createdAt":"2016-11-17T17:57:04.643Z","updatedAt":"2016-11-17T17:57:04.643Z"},{"id":"pcmcat383800050001","name":"Virgin Mobile","createdAt":"2016-11-17T17:57:04.643Z","updatedAt":"2016-11-17T17:57:04.643Z"}]}]}

22:48:59.511 [ForkJoinPool-1-worker-3] INFO  com.intuit.karate - [print] {
  "total": 55,
  "limit": 10,
  "skip": 0,
  "data": [
    {
      "id": "pcmcat282400050018",
      "name": "Geek Squad Protection Plans for Mobile Phones",
      "createdAt": "2016-11-17T17:57:04.285Z",
      "updatedAt": "2016-11-17T17:57:04.285Z",
      "subCategories": [
      ],
      "categoryPath": [
        {
          "id": "pcmcat138100050018",
          "name": "Geek Squad",
          "createdAt": "2016-11-17T17:57:04.643Z",
          "updatedAt": "2016-11-17T17:57:04.643Z"
        },
        {
          "id": "pcmcat282400050018",
          "name": "Geek Squad Protection Plans for Mobile Phones",
          "createdAt": "2016-11-17T17:57:04.285Z",
          "updatedAt": "2016-11-17T17:57:04.285Z"
        },
        {
          "id": "pcmcat748300499229",
          "name": "Promo E GS & AppleCare Pages",
          "createdAt": "2016-11-17T17:57:04.899Z",
          "updatedAt": "2016-11-17T17:57:04.899Z"
        }
      ]
    },
    {
      "id": "pcmcat298000050005",
      "name": "Mdot Mobile SAS",
      "createdAt": "2016-11-17T17:57:04.285Z",
      "updatedAt": "2016-11-17T17:57:04.285Z",
      "subCategories": [
      ],
      "categoryPath": [
        {
          "id": "pcmcat144600050035",
          "name": "More Categories",
          "createdAt": "2016-11-17T17:57:04.899Z",
          "updatedAt": "2016-11-17T17:57:04.899Z"
        },
        {
          "id": "pcmcat221300050003",
          "name": "Mdot Promotions",
          "createdAt": "2016-11-17T17:57:05.399Z",
          "updatedAt": "2016-11-17T17:57:05.399Z"
        },
        {
          "id": "pcmcat298000050005",
          "name": "Mdot Mobile SAS",
          "createdAt": "2016-11-17T17:57:04.285Z",
          "updatedAt": "2016-11-17T17:57:04.285Z"
        }
      ]
    },
    {
      "id": "pcmcat298200050001",
      "name": "Mdot Mobile Phone Trade-In",
      "createdAt": "2016-11-17T17:57:04.285Z",
      "updatedAt": "2016-11-17T17:57:04.285Z",
      "subCategories": [
      ],
      "categoryPath": [
        {
          "id": "pcmcat144600050035",
          "name": "More Categories",
          "createdAt": "2016-11-17T17:57:04.899Z",
          "updatedAt": "2016-11-17T17:57:04.899Z"
        },
        {
          "id": "pcmcat221300050003",
          "name": "Mdot Promotions",
          "createdAt": "2016-11-17T17:57:05.399Z",
          "updatedAt": "2016-11-17T17:57:05.399Z"
        },
        {
          "id": "pcmcat298200050001",
          "name": "Mdot Mobile Phone Trade-In",
          "createdAt": "2016-11-17T17:57:04.285Z",
          "updatedAt": "2016-11-17T17:57:04.285Z"
        }
      ]
    },
    {
      "id": "pcmcat307000050001",
      "name": "Mobile Payment Devices",
      "createdAt": "2016-11-17T17:57:04.285Z",
      "updatedAt": "2016-11-17T17:57:04.285Z",
      "subCategories": [
      ],
      "categoryPath": [
        {
          "id": "abcat0805000",
          "name": "Office Electronics",
          "createdAt": "2016-11-17T17:57:04.285Z",
          "updatedAt": "2016-11-17T17:57:04.285Z"
        },
        {
          "id": "pcmcat307000050001",
          "name": "Mobile Payment Devices",
          "createdAt": "2016-11-17T17:57:04.285Z",
          "updatedAt": "2016-11-17T17:57:04.285Z"
        },
        {
          "id": "pcmcat312300050015",
          "name": "Connected Home & Housewares",
          "createdAt": "2016-11-17T17:57:04.285Z",
          "updatedAt": "2016-11-17T17:57:04.285Z"
        }
      ]
    },
    {
      "id": "pcmcat310700050040",
      "name": "Plantronics Mobile Headsets",
      "createdAt": "2016-11-17T17:57:04.285Z",
      "updatedAt": "2016-11-17T17:57:04.285Z",
      "subCategories": [
      ],
      "categoryPath": [
        {
          "id": "pcmcat128500050004",
          "name": "Name Brands",
          "createdAt": "2016-11-17T17:57:04.643Z",
          "updatedAt": "2016-11-17T17:57:04.643Z"
        },
        {
          "id": "pcmcat309000050000",
          "name": "Plantronics Headsets",
          "createdAt": "2016-11-17T17:57:04.285Z",
          "updatedAt": "2016-11-17T17:57:04.285Z"
        },
        {
          "id": "pcmcat310700050040",
          "name": "Plantronics Mobile Headsets",
          "createdAt": "2016-11-17T17:57:04.285Z",
          "updatedAt": "2016-11-17T17:57:04.285Z"
        }
      ]
    },
    {
      "id": "pcmcat313900050003",
      "name": "Mobile Phone Accessories",
      "createdAt": "2016-11-17T17:57:04.285Z",
      "updatedAt": "2016-11-17T17:57:04.285Z",
      "subCategories": [
      ],
      "categoryPath": [
        {
          "id": "pcmcat128500050004",
          "name": "Name Brands",
          "createdAt": "2016-11-17T17:57:04.643Z",
          "updatedAt": "2016-11-17T17:57:04.643Z"
        },
        {
          "id": "pcmcat155800050048",
          "name": "Monster",
          "createdAt": "2016-11-17T17:57:04.899Z",
          "updatedAt": "2016-11-17T17:57:04.899Z"
        },
        {
          "id": "pcmcat313900050003",
          "name": "Mobile Phone Accessories",
          "createdAt": "2016-11-17T17:57:04.285Z",
          "updatedAt": "2016-11-17T17:57:04.285Z"
        }
      ]
    },
    {
      "id": "pcmcat339400050005",
      "name": "T-Mobile Prepaid Minutes",
      "createdAt": "2016-11-17T17:57:04.643Z",
      "updatedAt": "2016-11-17T17:57:04.643Z",
      "subCategories": [
      ],
      "categoryPath": [
        {
          "id": "abcat0800000",
          "name": "Cell Phones",
          "createdAt": "2016-11-17T17:57:04.285Z",
          "updatedAt": "2016-11-17T17:57:04.285Z"
        },
        {
          "id": "pcmcat208100050004",
          "name": "T-Mobile",
          "createdAt": "2016-11-17T17:57:05.399Z",
          "updatedAt": "2016-11-17T17:57:05.399Z"
        },
        {
          "id": "pcmcat339400050005",
          "name": "T-Mobile Prepaid Minutes",
          "createdAt": "2016-11-17T17:57:04.643Z",
          "updatedAt": "2016-11-17T17:57:04.643Z"
        }
      ]
    },
    {
      "id": "pcmcat339400050006",
      "name": "T-Mobile SIM Cards",
      "createdAt": "2016-11-17T17:57:04.643Z",
      "updatedAt": "2016-11-17T17:57:04.643Z",
      "subCategories": [
      ],
      "categoryPath": [
        {
          "id": "abcat0800000",
          "name": "Cell Phones",
          "createdAt": "2016-11-17T17:57:04.285Z",
          "updatedAt": "2016-11-17T17:57:04.285Z"
        },
        {
          "id": "pcmcat208100050004",
          "name": "T-Mobile",
          "createdAt": "2016-11-17T17:57:05.399Z",
          "updatedAt": "2016-11-17T17:57:05.399Z"
        },
        {
          "id": "pcmcat339400050006",
          "name": "T-Mobile SIM Cards",
          "createdAt": "2016-11-17T17:57:04.643Z",
          "updatedAt": "2016-11-17T17:57:04.643Z"
        }
      ]
    },
    {
      "id": "pcmcat383800050000",
      "name": "Boost Mobile",
      "createdAt": "2016-11-17T17:57:04.643Z",
      "updatedAt": "2016-11-17T17:57:04.643Z",
      "subCategories": [
      ],
      "categoryPath": [
        {
          "id": "pcmcat128500050004",
          "name": "Name Brands",
          "createdAt": "2016-11-17T17:57:04.643Z",
          "updatedAt": "2016-11-17T17:57:04.643Z"
        },
        {
          "id": "pcmcat383800050000",
          "name": "Boost Mobile",
          "createdAt": "2016-11-17T17:57:04.643Z",
          "updatedAt": "2016-11-17T17:57:04.643Z"
        }
      ]
    },
    {
      "id": "pcmcat383800050001",
      "name": "Virgin Mobile",
      "createdAt": "2016-11-17T17:57:04.643Z",
      "updatedAt": "2016-11-17T17:57:04.643Z",
      "subCategories": [
      ],
      "categoryPath": [
        {
          "id": "pcmcat128500050004",
          "name": "Name Brands",
          "createdAt": "2016-11-17T17:57:04.643Z",
          "updatedAt": "2016-11-17T17:57:04.643Z"
        },
        {
          "id": "pcmcat383800050001",
          "name": "Virgin Mobile",
          "createdAt": "2016-11-17T17:57:04.643Z",
          "updatedAt": "2016-11-17T17:57:04.643Z"
        }
      ]
    }
  ]
}

22:48:59.524 [ForkJoinPool-1-worker-3] INFO  com.intuit.karate - karate.env system property was: null 
22:48:59.532 [ForkJoinPool-1-worker-3] DEBUG com.intuit.karate - request:
1 > GET http://localhost:3030/products?%24select%5B%5D=description
1 > Accept-Encoding: gzip,deflate
1 > Connection: Keep-Alive
1 > Host: localhost:3030
1 > User-Agent: Apache-HttpClient/4.5.5 (Java/1.8.0_221)

22:48:59.558 [pool-1-thread-4] INFO  com.intuit.karate.Runner - <<pass>> feature 4 of 17: classpath:com/n26/bestbuy/api/categories/categories-post.feature
---------------------------------------------------------
feature: classpath:com/n26/bestbuy/api/categories/categories-post.feature
report: target\surefire-reports\com.n26.bestbuy.api.categories.categories-post.json
scenarios:  3 | passed:  3 | failed:  0 | time: 10.1632
---------------------------------------------------------
22:49:00.603 [ForkJoinPool-1-worker-4] DEBUG com.intuit.karate - response time in milliseconds: 4350.65
1 < 200
1 < Access-Control-Allow-Origin: *
1 < Allow: GET,POST,PUT,PATCH,DELETE
1 < Connection: keep-alive
1 < Content-Type: application/json; charset=utf-8
1 < Date: Fri, 08 Nov 2019 17:18:59 GMT
1 < ETag: W/"3293-P9azs8YOnTtIwIdcIW+1YJyStx8"
1 < Transfer-Encoding: chunked
1 < Vary: Accept, Accept-Encoding
1 < X-Powered-By: Express
{"total":51957,"limit":10,"skip":0,"data":[{"id":3041141,"name":"Sony - ES SXRD 3D-Ready 4K Home Theater Projector - Black","type":"HardGood","price":27999.98,"upc":"027242873193","shipping":0,"description":"4K (4096 x 2160) resolution2000 lumens brightness16:9 aspect ratio","manufacturer":"Sony","model":"VPLVW1100ES","url":"http://www.bestbuy.com/site/sony-es-sxrd-3d-ready-4k-home-theater-projector-black/3041141.p?id=1219086346401&skuId=3041141&cmp=RMXCC","image":"http://img.bbystatic.com/BestBuy_US/images/products/3041/3041141_sa.jpg","createdAt":"2016-11-17T18:02:21.601Z","updatedAt":"2016-11-17T18:02:21.601Z","categories":[{"id":"abcat0100000","name":"TV & Home Theater","createdAt":"2016-11-17T17:57:04.285Z","updatedAt":"2016-11-17T17:57:04.285Z"},{"id":"pcmcat158900050008","name":"Projectors & Screens","createdAt":"2016-11-17T17:57:04.899Z","updatedAt":"2016-11-17T17:57:04.899Z"},{"id":"pcmcat158900050018","name":"Projectors","createdAt":"2016-11-17T17:57:04.899Z","updatedAt":"2016-11-17T17:57:04.899Z"}]},{"id":1790046,"name":"Nikon - AF-S NIKKOR 800mm f/5.6E FL ED VR Super-Telephoto Lens for Select Nikon Cameras - Black","type":"HardGood","price":16299.99,"upc":"018208022052","shipping":0,"description":"Compatible with select Nikon cameras; VR (Vibration Reduction) image stabilization; ED (Extra-Low Dispersion) glass; SWM (Silent Wave Motor); 1.25x teleconverter","manufacturer":"Nikon","model":"2205","url":"http://www.bestbuy.com/site/nikon-af-s-nikkor-800mm-f-5-6e-fl-ed-vr-super-telephoto-lens-for-select-nikon-cameras-black/1790046.p?id=1219064724072&skuId=1790046&cmp=RMXCC","image":"http://img.bbystatic.com/BestBuy_US/images/products/1790/1790046_sa.jpg","createdAt":"2016-11-17T18:00:01.751Z","updatedAt":"2016-11-17T18:00:01.751Z","categories":[{"id":"abcat0400000","name":"Cameras & Camcorders","createdAt":"2016-11-17T17:57:04.285Z","updatedAt":"2016-11-17T17:57:04.285Z"},{"id":"abcat0410000","name":"Digital Camera Accessories","createdAt":"2016-11-17T17:57:04.285Z","updatedAt":"2016-11-17T17:57:04.285Z"},{"id":"abcat0410018","name":"Camera Lenses","createdAt":"2016-11-17T17:57:04.285Z","updatedAt":"2016-11-17T17:57:04.285Z"},{"id":"pcmcat195200050001","name":"Prime Lenses","createdAt":"2016-11-17T17:57:05.399Z","updatedAt":"2016-11-17T17:57:05.399Z"},{"id":"pcmcat233000050008","name":"DSLR Lenses","createdAt":"2016-11-17T17:57:05.399Z","updatedAt":"2016-11-17T17:57:05.399Z"}]},{"id":4621000,"name":"Sony - ES 4K SXRD Projector - Black","type":"HardGood","price":14999.98,"upc":"027242892095","shipping":0,"description":"4K Ultra HD resolution16:9 aspect ratio","manufacturer":"Sony","model":"VPLVW665ES","url":"http://www.bestbuy.com/site/sony-es-4k-sxrd-projector-black/4621000.p?id=1219780138505&skuId=4621000&cmp=RMXCC","image":"http://img.bbystatic.com/BestBuy_US/images/products/4621/4621000_sa.jpg","createdAt":"2016-11-17T18:01:33.383Z","updatedAt":"2016-11-17T18:01:33.383Z","categories":[{"id":"abcat0100000","name":"TV & Home Theater","createdAt":"2016-11-17T17:57:04.285Z","updatedAt":"2016-11-17T17:57:04.285Z"},{"id":"pcmcat158900050008","name":"Projectors & Screens","createdAt":"2016-11-17T17:57:04.899Z","updatedAt":"2016-11-17T17:57:04.899Z"},{"id":"pcmcat158900050018","name":"Projectors","createdAt":"2016-11-17T17:57:04.899Z","updatedAt":"2016-11-17T17:57:04.899Z"}]},{"id":8794897,"name":"Canon - EF 800mm f/5.6L IS USM Super-Telephoto Lens for Canon EOS Cameras - White","type":"HardGood","price":12999.99,"upc":"013803092738","shipping":0,"description":"Compatible with Canon EOS cameras; image stabilization; USM (Ultrasonic Motor); 800mm focal length; 0.14x maximum magnification; f/32 minimum and f/5.6 maximum aperture","manufacturer":"Canon","model":"2746B002","url":"http://www.bestbuy.com/site/canon-ef-800mm-f-5-6l-is-usm-super-telephoto-lens-for-canon-eos-cameras-white/8794897.p?id=1205537954826&skuId=8794897&cmp=RMXCC","image":"http://img.bbystatic.com/BestBuy_US/images/products/8794/8794897_rc.jpg","createdAt":"2016-11-17T18:00:31.886Z","updatedAt":"2016-11-17T18:00:31.886Z","categories":[{"id":"abcat0400000","name":"Cameras & Camcorders","createdAt":"2016-11-17T17:57:04.285Z","updatedAt":"2016-11-17T17:57:04.285Z"},{"id":"abcat0410000","name":"Digital Camera Accessories","createdAt":"2016-11-17T17:57:04.285Z","updatedAt":"2016-11-17T17:57:04.285Z"},{"id":"abcat0410018","name":"Camera Lenses","createdAt":"2016-11-17T17:57:04.285Z","updatedAt":"2016-11-17T17:57:04.285Z"},{"id":"pcmcat195200050001","name":"Prime Lenses","createdAt":"2016-11-17T17:57:05.399Z","updatedAt":"2016-11-17T17:57:05.399Z"},{"id":"pcmcat233000050008","name":"DSLR Lenses","createdAt":"2016-11-17T17:57:05.399Z","updatedAt":"2016-11-17T17:57:05.399Z"}]},{"id":4262200,"name":"Nikon - Nikkor AF-S 600mm f/4.0 E FL ED VR Optical Telephoto Lens for Nikon F - Black","type":"HardGood","price":12299.99,"upc":"018208200542","shipping":0,"description":"Compatible with 35mm SLRs and digital SLRs; optical image stabilization; tele; internal focusing system, full-time manual focusing, ED glass; 40.5mm filter size; 14.4' minimum focus distance; up to 0.14x magnification","manufacturer":"Nikon","model":"20054","url":"http://www.bestbuy.com/site/nikon-nikkor-af-s-600mm-f-4-0-e-fl-ed-vr-optical-telephoto-lens-for-nikon-f-black/4262200.p?id=1219732458980&skuId=4262200&cmp=RMXCC","image":"http://img.bbystatic.com/BestBuy_US/images/products/4262/4262200_sa.jpg","createdAt":"2016-11-17T18:01:06.648Z","updatedAt":"2016-11-17T18:01:06.648Z","categories":[{"id":"abcat0400000","name":"Cameras & Camcorders","createdAt":"2016-11-17T17:57:04.285Z","updatedAt":"2016-11-17T17:57:04.285Z"},{"id":"abcat0410000","name":"Digital Camera Accessories","createdAt":"2016-11-17T17:57:04.285Z","updatedAt":"2016-11-17T17:57:04.285Z"},{"id":"abcat0410018","name":"Camera Lenses","createdAt":"2016-11-17T17:57:04.285Z","updatedAt":"2016-11-17T17:57:04.285Z"},{"id":"pcmcat196500050012","name":"Long-Range Zoom Lenses","createdAt":"2016-11-17T17:57:05.399Z","updatedAt":"2016-11-17T17:57:05.399Z"},{"id":"pcmcat233000050008","name":"DSLR Lenses","createdAt":"2016-11-17T17:57:05.399Z","updatedAt":"2016-11-17T17:57:05.399Z"}]},{"id":8437043,"name":"Key Digital - Champion Series 16 x 16 HDMI Matrix Switcher - Black","type":"HardGood","price":11999.98,"upc":"819505001708","shipping":0,"description":"KEY DIGITAL Champion Series 16 x 16 HDMI Matrix Switcher: Compatible with most HDMI sources; 1080p maximum resolution; supports Dolby TrueHD, Dolby Digital Plus and DTS-HD Master Audio; 3D-ready","manufacturer":"Key Digital","model":"KD-16X16CS","url":"http://www.bestbuy.com/site/key-digital-champion-series-16-x-16-hdmi-matrix-switcher-black/8437043.p?id=1219691713155&skuId=8437043&cmp=RMXCC","image":"http://img.bbystatic.com/BestBuy_US/images/products/8437/8437043_sa.jpg","createdAt":"2016-11-17T18:01:44.806Z","updatedAt":"2016-11-17T18:01:44.806Z","categories":[{"id":"abcat0100000","name":"TV & Home Theater","createdAt":"2016-11-17T17:57:04.285Z","updatedAt":"2016-11-17T17:57:04.285Z"},{"id":"abcat0107000","name":"TV & Home Theater Accessories","createdAt":"2016-11-17T17:57:04.285Z","updatedAt":"2016-11-17T17:57:04.285Z"},{"id":"abcat0107015","name":"A/V Cables & Connectors","createdAt":"2016-11-17T17:57:04.285Z","updatedAt":"2016-11-17T17:57:04.285Z"},{"id":"pcmcat175600050016","name":"A/V Switchers","createdAt":"2016-11-17T17:57:05.399Z","updatedAt":"2016-11-17T17:57:05.399Z"}]},{"id":1688841,"name":"Canon - EF 600mm f/4L IS II USM Super Telephoto Lens for Most Canon EOS SLR Cameras - White","type":"HardGood","price":11499.99,"upc":"013803134148","shipping":0,"description":"Compatible with most Canon EOS SLR cameras; 3 image stabilization modes; inner focusing system; 52mm filter size; 14.8' minimum focus distance","manufacturer":"Canon","model":"5125B002","url":"http://www.bestbuy.com/site/canon-ef-600mm-f-4l-is-ii-usm-super-telephoto-lens-for-most-canon-eos-slr-cameras-white/1688841.p?id=1219060409045&skuId=1688841&cmp=RMXCC","image":"http://img.bbystatic.com/BestBuy_US/images/products/1688/1688841_rc.jpg","createdAt":"2016-11-17T17:58:03.298Z","updatedAt":"2016-11-17T17:58:03.298Z","categories":[{"id":"abcat0400000","name":"Cameras & Camcorders","createdAt":"2016-11-17T17:57:04.285Z","updatedAt":"2016-11-17T17:57:04.285Z"},{"id":"abcat0410000","name":"Digital Camera Accessories","createdAt":"2016-11-17T17:57:04.285Z","updatedAt":"2016-11-17T17:57:04.285Z"},{"id":"abcat0410018","name":"Camera Lenses","createdAt":"2016-11-17T17:57:04.285Z","updatedAt":"2016-11-17T17:57:04.285Z"},{"id":"pcmcat195200050001","name":"Prime Lenses","createdAt":"2016-11-17T17:57:05.399Z","updatedAt":"2016-11-17T17:57:05.399Z"},{"id":"pcmcat233000050008","name":"DSLR Lenses","createdAt":"2016-11-17T17:57:05.399Z","updatedAt":"2016-11-17T17:57:05.399Z"}]},{"id":9324006,"name":"Nikon - AF-S NIKKOR 400mm f/2.8E FL ED VR Lens for Select Nikon DSLR Cameras","type":"HardGood","price":11199.99,"upc":"018208022175","shipping":0,"description":"Compatible with most Nikon DSLR cameras with an F-Bayonet mount; lightweight design; image stabilization; ED glass; fluorite lens element; IF lens; nano crystal coat; silent wave motor","manufacturer":"Nikon","model":"2217","url":"http://www.bestbuy.com/site/nikon-af-s-nikkor-400mm-f-2-8e-fl-ed-vr-lens-for-select-nikon-dslr-cameras/9324006.p?id=1219405808498&skuId=9324006&cmp=RMXCC","image":"http://img.bbystatic.com/BestBuy_US/images/products/9324/9324006_sa.jpg","createdAt":"2016-11-17T17:58:46.655Z","updatedAt":"2016-11-17T17:58:46.655Z","categories":[{"id":"abcat0400000","name":"Cameras & Camcorders","createdAt":"2016-11-17T17:57:04.285Z","updatedAt":"2016-11-17T17:57:04.285Z"},{"id":"abcat0410000","name":"Digital Camera Accessories","createdAt":"2016-11-17T17:57:04.285Z","updatedAt":"2016-11-17T17:57:04.285Z"},{"id":"abcat0410018","name":"Camera Lenses","createdAt":"2016-11-17T17:57:04.285Z","updatedAt":"2016-11-17T17:57:04.285Z"},{"id":"pcmcat195200050001","name":"Prime Lenses","createdAt":"2016-11-17T17:57:05.399Z","updatedAt":"2016-11-17T17:57:05.399Z"},{"id":"pcmcat233000050008","name":"DSLR Lenses","createdAt":"2016-11-17T17:57:05.399Z","updatedAt":"2016-11-17T17:57:05.399Z"}]},{"id":1757296,"name":"Canon - EF 200-400mm f/4L IS USM Super Telephoto Lens for Most Canon EOS SLR Cameras - White","type":"HardGood","price":10999.99,"upc":"013803134179","shipping":0,"description":"Compatible with most Canon EOS SLR cameras; built-in 1.4x extender; 3 image stabilization modes; 52mm filter size; 6.6' minimum focus distance","manufacturer":"Canon","model":"5176B002","url":"http://www.bestbuy.com/site/canon-ef-200-400mm-f-4l-is-usm-super-telephoto-lens-for-most-canon-eos-slr-cameras-white/1757296.p?id=1219062656772&skuId=1757296&cmp=RMXCC","image":"http://img.bbystatic.com/BestBuy_US/images/products/1757/1757296_sa.jpg","createdAt":"2016-11-17T17:59:24.820Z","updatedAt":"2016-11-17T17:59:24.820Z","categories":[{"id":"abcat0400000","name":"Cameras & Camcorders","createdAt":"2016-11-17T17:57:04.285Z","updatedAt":"2016-11-17T17:57:04.285Z"},{"id":"abcat0410000","name":"Digital Camera Accessories","createdAt":"2016-11-17T17:57:04.285Z","updatedAt":"2016-11-17T17:57:04.285Z"},{"id":"abcat0410018","name":"Camera Lenses","createdAt":"2016-11-17T17:57:04.285Z","updatedAt":"2016-11-17T17:57:04.285Z"},{"id":"pcmcat196500050012","name":"Long-Range Zoom Lenses","createdAt":"2016-11-17T17:57:05.399Z","updatedAt":"2016-11-17T17:57:05.399Z"},{"id":"pcmcat233000050008","name":"DSLR Lenses","createdAt":"2016-11-17T17:57:05.399Z","updatedAt":"2016-11-17T17:57:05.399Z"}]},{"id":4262000,"name":"Nikon - AF-S NIKKOR 500mm f/4E FL ED VR Super Telephoto Lens - Black","type":"HardGood","price":10299.99,"upc":"018208200535","shipping":0,"description":"Compatible with Nikon cameras with an F-mount; 4-stop VR image stabilization; Nano Crystal Coat; 40.5mm filter size; 11.9' minimum focus distance","manufacturer":"Nikon","model":"20053","url":"http://www.bestbuy.com/site/nikon-af-s-nikkor-500mm-f-4e-fl-ed-vr-super-telephoto-lens-black/4262000.p?id=1219732457043&skuId=4262000&cmp=RMXCC","image":"http://img.bbystatic.com/BestBuy_US/images/products/4262/4262000_sa.jpg","createdAt":"2016-11-17T18:01:06.648Z","updatedAt":"2016-11-17T18:01:06.648Z","categories":[{"id":"abcat0400000","name":"Cameras & Camcorders","createdAt":"2016-11-17T17:57:04.285Z","updatedAt":"2016-11-17T17:57:04.285Z"},{"id":"abcat0410000","name":"Digital Camera Accessories","createdAt":"2016-11-17T17:57:04.285Z","updatedAt":"2016-11-17T17:57:04.285Z"},{"id":"abcat0410018","name":"Camera Lenses","createdAt":"2016-11-17T17:57:04.285Z","updatedAt":"2016-11-17T17:57:04.285Z"},{"id":"pcmcat195200050001","name":"Prime Lenses","createdAt":"2016-11-17T17:57:05.399Z","updatedAt":"2016-11-17T17:57:05.399Z"},{"id":"pcmcat233000050008","name":"DSLR Lenses","createdAt":"2016-11-17T17:57:05.399Z","updatedAt":"2016-11-17T17:57:05.399Z"}]}]}

22:49:00.620 [ForkJoinPool-1-worker-4] INFO  com.intuit.karate - karate.env system property was: null 
22:49:00.634 [ForkJoinPool-1-worker-4] DEBUG com.intuit.karate - request:
1 > GET http://localhost:3030/products?%24select%5B%5D=description
1 > Accept-Encoding: gzip,deflate
1 > Connection: Keep-Alive
1 > Host: localhost:3030
1 > User-Agent: Apache-HttpClient/4.5.5 (Java/1.8.0_221)

22:49:00.639 [ForkJoinPool-1-worker-5] DEBUG com.intuit.karate - response time in milliseconds: 3345.10
1 < 200
1 < Access-Control-Allow-Origin: *
1 < Allow: GET,POST,PUT,PATCH,DELETE
1 < Connection: keep-alive
1 < Content-Type: application/json; charset=utf-8
1 < Date: Fri, 08 Nov 2019 17:18:59 GMT
1 < ETag: W/"498-GpO+gKQiRbESBYyTAWYZBnny7JI"
1 < Transfer-Encoding: chunked
1 < Vary: Accept, Accept-Encoding
1 < X-Powered-By: Express
{"total":51957,"limit":10,"skip":0,"data":[{"description":"Compatible with select electronic devices; AAA size; DURALOCK Power Preserve technology; 4-pack"},{"description":"Long-lasting energy; DURALOCK Power Preserve technology; for toys, clocks, radios, games, remotes, PDAs and more"},{"description":"Compatible with select electronic devices; AA size; DURALOCK Power Preserve technology; 8-pack"},{"description":"4-pack AA alkaline batteries; battery tester included"},{"description":"Compatible with select electronic devices; C size; DURALOCK Power Preserve technology; 4-pack"},{"description":"Compatible with select electronic devices; D size; DURALOCK Power Preserve technology; 4-pack"},{"description":"80W maximum power (20W RMS); 4\" IMPP composite cone woofer; 3/4\" horn tweeter"},{"description":"Compatible with select electronic devices; alkaline chemistry; 9V size; DURALOCK Power Preserve technology; 2-pack"},{"description":"Alkaline batteries; 1.5V"},{"description":"From our expanded online assortment; compatible with most 1989-2000 Ford, Lincoln and Mercury vehicles; snap-in TurboKit offers fast installation; spacer/trim ring; rear support bracket"}]}

22:49:00.655 [ForkJoinPool-1-worker-5] INFO  com.intuit.karate - karate.env system property was: null 
22:49:00.670 [ForkJoinPool-1-worker-5] DEBUG com.intuit.karate - request:
1 > GET http://localhost:3030/products?category.name=TVs&price%5B%24gt%5D=500&price%5B%24lt%5D=800&shipping%5B%24eq%5D=0
1 > Accept-Encoding: gzip,deflate
1 > Connection: Keep-Alive
1 > Host: localhost:3030
1 > User-Agent: Apache-HttpClient/4.5.5 (Java/1.8.0_221)

22:49:00.773 [pool-1-thread-5] INFO  com.intuit.karate.Runner - <<pass>> feature 5 of 17: classpath:com/n26/bestbuy/api/products/products-delete.feature
---------------------------------------------------------
feature: classpath:com/n26/bestbuy/api/products/products-delete.feature
report: target\surefire-reports\com.n26.bestbuy.api.products.products-delete.json
scenarios:  3 | passed:  3 | failed:  0 | time: 11.3164
---------------------------------------------------------
22:49:01.756 [ForkJoinPool-1-worker-2] DEBUG com.intuit.karate - response time in milliseconds: 4428.18
1 < 200
1 < Access-Control-Allow-Origin: *
1 < Allow: GET,POST,PUT,PATCH,DELETE
1 < Connection: keep-alive
1 < Content-Type: application/json; charset=utf-8
1 < Date: Fri, 08 Nov 2019 17:19:01 GMT
1 < ETag: W/"26ba-UOMZTn8L8Lk9aDbN1qp7bvK0uFQ"
1 < Transfer-Encoding: chunked
1 < Vary: Accept, Accept-Encoding
1 < X-Powered-By: Express
{"total":29,"limit":10,"skip":0,"data":[{"id":2698105,"name":"Sony - 43\" Class (42.5\" Diag.) - LED - 2160p - Smart - 4K Ultra HD TV - Black","type":"HardGood","price":699.99,"upc":"027242888067","shipping":0,"description":"2160p resolutionMotionflow XR 960Smart Android TV with Google Play and Google Cast built-in","manufacturer":"Sony","model":"XBR43X830C","url":"http://www.bestbuy.com/site/sony-43-class-42-5-diag--led-2160p-smart-4k-ultra-hd-tv-black/2698105.p?id=1219555371949&skuId=2698105&cmp=RMXCC","image":"http://img.bbystatic.com/BestBuy_US/images/products/2698/2698105_sa.jpg","createdAt":"2016-11-17T18:01:44.806Z","updatedAt":"2016-11-17T18:01:44.806Z","categories":[{"id":"abcat0100000","name":"TV & Home Theater","createdAt":"2016-11-17T17:57:04.285Z","updatedAt":"2016-11-17T17:57:04.285Z"},{"id":"abcat0101000","name":"TVs","createdAt":"2016-11-17T17:57:04.285Z","updatedAt":"2016-11-17T17:57:04.285Z"},{"id":"pcmcat333800050003","name":"4K Ultra HD TVs","createdAt":"2016-11-17T17:57:04.643Z","updatedAt":"2016-11-17T17:57:04.643Z"}]},{"id":3892026,"name":"LG - 50\" Class (49.5\" Diag.) - LED - 1080p - Smart - HDTV - Black","type":"HardGood","price":549.99,"upc":"719192597044","shipping":0,"description":"1080p resolutionTruMotion 120Smart TV, LG Content Store, Web browser included","manufacturer":"LG","model":"50LF6100","url":"http://www.bestbuy.com/site/lg-50-class-49-5-diag--led-1080p-smart-hdtv-black/3892026.p?id=1219606085772&skuId=3892026&cmp=RMXCC","image":"http://img.bbystatic.com/BestBuy_US/images/products/3892/3892026_sa.jpg","createdAt":"2016-11-17T18:00:01.751Z","updatedAt":"2016-11-17T18:00:01.751Z","categories":[{"id":"abcat0100000","name":"TV & Home Theater","createdAt":"2016-11-17T17:57:04.285Z","updatedAt":"2016-11-17T17:57:04.285Z"},{"id":"abcat0101000","name":"TVs","createdAt":"2016-11-17T17:57:04.285Z","updatedAt":"2016-11-17T17:57:04.285Z"},{"id":"abcat0101001","name":"All Flat-Panel TVs","createdAt":"2016-11-17T17:57:04.285Z","updatedAt":"2016-11-17T17:57:04.285Z"}]},{"id":3953157,"name":"Samsung - 40\" Class (40\" Diag.) - LED - 2160p - Smart - 4K Ultra HD TV - Black","type":"HardGood","price":749.99,"upc":"887276075716","shipping":0,"description":"2160p 4K Ultra HD resolutionClear Motion Rate 120Smart TV, S-Recommendation, Web browser","manufacturer":"Samsung","model":"UN40JU6500FXZA","url":"http://www.bestbuy.com/site/samsung-40-class-40-diag--led-2160p-smart-4k-ultra-hd-tv-black/3953157.p?id=1219609307257&skuId=3953157&cmp=RMXCC","image":"http://img.bbystatic.com/BestBuy_US/images/products/3953/3953157_sa.jpg","createdAt":"2016-11-17T18:00:31.886Z","updatedAt":"2016-11-17T18:00:31.886Z","categories":[{"id":"abcat0100000","name":"TV & Home Theater","createdAt":"2016-11-17T17:57:04.285Z","updatedAt":"2016-11-17T17:57:04.285Z"},{"id":"abcat0101000","name":"TVs","createdAt":"2016-11-17T17:57:04.285Z","updatedAt":"2016-11-17T17:57:04.285Z"},{"id":"pcmcat333800050003","name":"4K Ultra HD TVs","createdAt":"2016-11-17T17:57:04.643Z","updatedAt":"2016-11-17T17:57:04.643Z"}]},{"id":4405201,"name":"Samsung - 50\" Class (49.5\" Diag.) - LED - 1080p - Smart - HDTV - Black","type":"HardGood","price":699.99,"upc":"887276069210","shipping":0,"description":"1080p resolutionMotion Rate 60Smart TV, Web browser included","manufacturer":"Samsung","model":"UN50J5200AFXZA","url":"http://www.bestbuy.com/site/samsung-50-class-49-5-diag--led-1080p-smart-hdtv-black/4405201.p?id=1219743457219&skuId=4405201&cmp=RMXCC","image":"http://img.bbystatic.com/BestBuy_US/images/products/4405/4405201_sa.jpg","createdAt":"2016-11-17T18:01:06.648Z","updatedAt":"2016-11-17T18:01:06.648Z","categories":[{"id":"abcat0100000","name":"TV & Home Theater","createdAt":"2016-11-17T17:57:04.285Z","updatedAt":"2016-11-17T17:57:04.285Z"},{"id":"abcat0101000","name":"TVs","createdAt":"2016-11-17T17:57:04.285Z","updatedAt":"2016-11-17T17:57:04.285Z"},{"id":"abcat0101001","name":"All Flat-Panel TVs","createdAt":"2016-11-17T17:57:04.285Z","updatedAt":"2016-11-17T17:57:04.285Z"}]},{"id":4513700,"name":"Samsung - 48\" Class (47.6\" Diag.) - LED - 1080p - Smart - HDTV - Black","type":"HardGood","price":599.99,"upc":"887276124797","shipping":0,"description":"1080p resolutionMotion Rate 60Smart TV, Samsung Smart Hub, Web browser included","manufacturer":"Samsung","model":"UN48J5201AFXZA","url":"http://www.bestbuy.com/site/samsung-48-class-47-6-diag--led-1080p-smart-hdtv-black/4513700.p?id=1219756369972&skuId=4513700&cmp=RMXCC","image":"http://img.bbystatic.com/BestBuy_US/images/products/4513/4513700_sa.jpg","createdAt":"2016-11-17T17:58:03.298Z","updatedAt":"2016-11-17T17:58:03.298Z","categories":[{"id":"abcat0100000","name":"TV & Home Theater","createdAt":"2016-11-17T17:57:04.285Z","updatedAt":"2016-11-17T17:57:04.285Z"},{"id":"abcat0101000","name":"TVs","createdAt":"2016-11-17T17:57:04.285Z","updatedAt":"2016-11-17T17:57:04.285Z"},{"id":"abcat0101001","name":"All Flat-Panel TVs","createdAt":"2016-11-17T17:57:04.285Z","updatedAt":"2016-11-17T17:57:04.285Z"}]},{"id":4517000,"name":"LG - 49\" Class (48.5\" Diag.) - LED - 2160p - Smart - 4K Ultra HDTV - Black","type":"HardGood","price":599.99,"upc":"719192602632","shipping":0,"description":"2160p resolutionTruMotion 120Smart TV","manufacturer":"LG","model":"49UF6430","url":"http://www.bestbuy.com/site/lg-49-class-48-5-diag--led-2160p-smart-4k-ultra-hdtv-black/4517000.p?id=1219755712396&skuId=4517000&cmp=RMXCC","image":"http://img.bbystatic.com/BestBuy_US/images/products/4517/4517000_sa.jpg","createdAt":"2016-11-17T17:58:03.298Z","updatedAt":"2016-11-17T17:58:03.298Z","categories":[{"id":"abcat0100000","name":"TV & Home Theater","createdAt":"2016-11-17T17:57:04.285Z","updatedAt":"2016-11-17T17:57:04.285Z"},{"id":"abcat0101000","name":"TVs","createdAt":"2016-11-17T17:57:04.285Z","updatedAt":"2016-11-17T17:57:04.285Z"},{"id":"pcmcat333800050003","name":"4K Ultra HD TVs","createdAt":"2016-11-17T17:57:04.643Z","updatedAt":"2016-11-17T17:57:04.643Z"}]},{"id":4801501,"name":"Sony - 48\" Class (47.6\" Diag.) - LED - 1080p - Smart - HDTV - Black","type":"HardGood","price":549.99,"upc":"027242896482","shipping":0,"description":"1080p resolutionMotionflow XR 240Smart TV, Opera browser,","manufacturer":"Sony","model":"KDL48W650D","url":"http://www.bestbuy.com/site/sony-48-class-47-6-diag--led-1080p-smart-hdtv-black/4801501.p?id=1219824662196&skuId=4801501&cmp=RMXCC","image":"http://img.bbystatic.com/BestBuy_US/images/products/4801/4801501_sa.jpg","createdAt":"2016-11-17T18:02:21.601Z","updatedAt":"2016-11-17T18:02:21.601Z","categories":[{"id":"abcat0100000","name":"TV & Home Theater","createdAt":"2016-11-17T17:57:04.285Z","updatedAt":"2016-11-17T17:57:04.285Z"},{"id":"abcat0101000","name":"TVs","createdAt":"2016-11-17T17:57:04.285Z","updatedAt":"2016-11-17T17:57:04.285Z"},{"id":"abcat0101001","name":"All Flat-Panel TVs","createdAt":"2016-11-17T17:57:04.285Z","updatedAt":"2016-11-17T17:57:04.285Z"}]},{"id":4801700,"name":"Sony - 43\" Class (42.5\" Diag.) - LED - 2160p - Smart - 4K Ultra HD TV with High Dynamic Range - Black","type":"HardGood","price":749.99,"upc":"027242896529","shipping":0,"description":"2160p resolution with HDRMotionflow XR 240Smart TV, Android TV","manufacturer":"Sony","model":"XBR43X800D","url":"http://www.bestbuy.com/site/sony-43-class-42-5-diag--led-2160p-smart-4k-ultra-hd-tv-with-high-dynamic-range-black/4801700.p?id=1219824659346&skuId=4801700&cmp=RMXCC","image":"http://img.bbystatic.com/BestBuy_US/images/products/4801/4801700_sa.jpg","createdAt":"2016-11-17T18:02:21.601Z","updatedAt":"2016-11-17T18:02:21.601Z","categories":[{"id":"abcat0100000","name":"TV & Home Theater","createdAt":"2016-11-17T17:57:04.285Z","updatedAt":"2016-11-17T17:57:04.285Z"},{"id":"abcat0101000","name":"TVs","createdAt":"2016-11-17T17:57:04.285Z","updatedAt":"2016-11-17T17:57:04.285Z"},{"id":"pcmcat333800050003","name":"4K Ultra HD TVs","createdAt":"2016-11-17T17:57:04.643Z","updatedAt":"2016-11-17T17:57:04.643Z"}]},{"id":4801704,"name":"Sony - 49\" Class (48.5\" Diag.) - LED - 2160p - Smart - 4K Ultra HD TV - Black","type":"HardGood","price":799.99,"upc":"027242896581","shipping":0,"description":"2160p resolutionMotionflow XR 240Smart TV, Android TV","manufacturer":"Sony","model":"XBR49X700D","url":"http://www.bestbuy.com/site/sony-49-class-48-5-diag--led-2160p-smart-4k-ultra-hd-tv-black/4801704.p?id=1219824659349&skuId=4801704&cmp=RMXCC","image":"http://img.bbystatic.com/BestBuy_US/images/products/4801/4801704_sa.jpg","createdAt":"2016-11-17T18:02:21.601Z","updatedAt":"2016-11-17T18:02:21.601Z","categories":[{"id":"abcat0100000","name":"TV & Home Theater","createdAt":"2016-11-17T17:57:04.285Z","updatedAt":"2016-11-17T17:57:04.285Z"},{"id":"abcat0101000","name":"TVs","createdAt":"2016-11-17T17:57:04.285Z","updatedAt":"2016-11-17T17:57:04.285Z"},{"id":"pcmcat333800050003","name":"4K Ultra HD TVs","createdAt":"2016-11-17T17:57:04.643Z","updatedAt":"2016-11-17T17:57:04.643Z"}]},{"id":4807300,"name":"Toshiba - 55\" Class (54.6\" Diag.) - LED - 1080p - Smart - HDTV - Black","type":"HardGood","price":549.99,"upc":"600603198250","shipping":0,"description":"Only at Best Buy1080p resolution60Hz refresh rateSmart TV","manufacturer":"Toshiba","model":"55L421U","url":"http://www.bestbuy.com/site/toshiba-55-class-54-6-diag--led-1080p-smart-hdtv-black/4807300.p?id=bb4807300&skuId=4807300&cmp=RMXCC","image":"http://img.bbystatic.com/BestBuy_US/images/products/4807/4807300_sa.jpg","createdAt":"2016-11-17T17:58:03.298Z","updatedAt":"2016-11-17T17:58:03.298Z","categories":[{"id":"abcat0100000","name":"TV & Home Theater","createdAt":"2016-11-17T17:57:04.285Z","updatedAt":"2016-11-17T17:57:04.285Z"},{"id":"abcat0101000","name":"TVs","createdAt":"2016-11-17T17:57:04.285Z","updatedAt":"2016-11-17T17:57:04.285Z"},{"id":"abcat0101001","name":"All Flat-Panel TVs","createdAt":"2016-11-17T17:57:04.285Z","updatedAt":"2016-11-17T17:57:04.285Z"}]}]}

22:49:01.758 [ForkJoinPool-1-worker-1] DEBUG com.intuit.karate - response time in milliseconds: 4395.50
1 < 200
1 < Access-Control-Allow-Origin: *
1 < Allow: GET,POST,PUT,PATCH,DELETE
1 < Connection: keep-alive
1 < Content-Type: application/json; charset=utf-8
1 < Date: Fri, 08 Nov 2019 17:19:01 GMT
1 < ETag: W/"3293-P9azs8YOnTtIwIdcIW+1YJyStx8"
1 < Transfer-Encoding: chunked
1 < Vary: Accept, Accept-Encoding
1 < X-Powered-By: Express
{"total":51957,"limit":10,"skip":0,"data":[{"id":3041141,"name":"Sony - ES SXRD 3D-Ready 4K Home Theater Projector - Black","type":"HardGood","price":27999.98,"upc":"027242873193","shipping":0,"description":"4K (4096 x 2160) resolution2000 lumens brightness16:9 aspect ratio","manufacturer":"Sony","model":"VPLVW1100ES","url":"http://www.bestbuy.com/site/sony-es-sxrd-3d-ready-4k-home-theater-projector-black/3041141.p?id=1219086346401&skuId=3041141&cmp=RMXCC","image":"http://img.bbystatic.com/BestBuy_US/images/products/3041/3041141_sa.jpg","createdAt":"2016-11-17T18:02:21.601Z","updatedAt":"2016-11-17T18:02:21.601Z","categories":[{"id":"abcat0100000","name":"TV & Home Theater","createdAt":"2016-11-17T17:57:04.285Z","updatedAt":"2016-11-17T17:57:04.285Z"},{"id":"pcmcat158900050008","name":"Projectors & Screens","createdAt":"2016-11-17T17:57:04.899Z","updatedAt":"2016-11-17T17:57:04.899Z"},{"id":"pcmcat158900050018","name":"Projectors","createdAt":"2016-11-17T17:57:04.899Z","updatedAt":"2016-11-17T17:57:04.899Z"}]},{"id":1790046,"name":"Nikon - AF-S NIKKOR 800mm f/5.6E FL ED VR Super-Telephoto Lens for Select Nikon Cameras - Black","type":"HardGood","price":16299.99,"upc":"018208022052","shipping":0,"description":"Compatible with select Nikon cameras; VR (Vibration Reduction) image stabilization; ED (Extra-Low Dispersion) glass; SWM (Silent Wave Motor); 1.25x teleconverter","manufacturer":"Nikon","model":"2205","url":"http://www.bestbuy.com/site/nikon-af-s-nikkor-800mm-f-5-6e-fl-ed-vr-super-telephoto-lens-for-select-nikon-cameras-black/1790046.p?id=1219064724072&skuId=1790046&cmp=RMXCC","image":"http://img.bbystatic.com/BestBuy_US/images/products/1790/1790046_sa.jpg","createdAt":"2016-11-17T18:00:01.751Z","updatedAt":"2016-11-17T18:00:01.751Z","categories":[{"id":"abcat0400000","name":"Cameras & Camcorders","createdAt":"2016-11-17T17:57:04.285Z","updatedAt":"2016-11-17T17:57:04.285Z"},{"id":"abcat0410000","name":"Digital Camera Accessories","createdAt":"2016-11-17T17:57:04.285Z","updatedAt":"2016-11-17T17:57:04.285Z"},{"id":"abcat0410018","name":"Camera Lenses","createdAt":"2016-11-17T17:57:04.285Z","updatedAt":"2016-11-17T17:57:04.285Z"},{"id":"pcmcat195200050001","name":"Prime Lenses","createdAt":"2016-11-17T17:57:05.399Z","updatedAt":"2016-11-17T17:57:05.399Z"},{"id":"pcmcat233000050008","name":"DSLR Lenses","createdAt":"2016-11-17T17:57:05.399Z","updatedAt":"2016-11-17T17:57:05.399Z"}]},{"id":4621000,"name":"Sony - ES 4K SXRD Projector - Black","type":"HardGood","price":14999.98,"upc":"027242892095","shipping":0,"description":"4K Ultra HD resolution16:9 aspect ratio","manufacturer":"Sony","model":"VPLVW665ES","url":"http://www.bestbuy.com/site/sony-es-4k-sxrd-projector-black/4621000.p?id=1219780138505&skuId=4621000&cmp=RMXCC","image":"http://img.bbystatic.com/BestBuy_US/images/products/4621/4621000_sa.jpg","createdAt":"2016-11-17T18:01:33.383Z","updatedAt":"2016-11-17T18:01:33.383Z","categories":[{"id":"abcat0100000","name":"TV & Home Theater","createdAt":"2016-11-17T17:57:04.285Z","updatedAt":"2016-11-17T17:57:04.285Z"},{"id":"pcmcat158900050008","name":"Projectors & Screens","createdAt":"2016-11-17T17:57:04.899Z","updatedAt":"2016-11-17T17:57:04.899Z"},{"id":"pcmcat158900050018","name":"Projectors","createdAt":"2016-11-17T17:57:04.899Z","updatedAt":"2016-11-17T17:57:04.899Z"}]},{"id":8794897,"name":"Canon - EF 800mm f/5.6L IS USM Super-Telephoto Lens for Canon EOS Cameras - White","type":"HardGood","price":12999.99,"upc":"013803092738","shipping":0,"description":"Compatible with Canon EOS cameras; image stabilization; USM (Ultrasonic Motor); 800mm focal length; 0.14x maximum magnification; f/32 minimum and f/5.6 maximum aperture","manufacturer":"Canon","model":"2746B002","url":"http://www.bestbuy.com/site/canon-ef-800mm-f-5-6l-is-usm-super-telephoto-lens-for-canon-eos-cameras-white/8794897.p?id=1205537954826&skuId=8794897&cmp=RMXCC","image":"http://img.bbystatic.com/BestBuy_US/images/products/8794/8794897_rc.jpg","createdAt":"2016-11-17T18:00:31.886Z","updatedAt":"2016-11-17T18:00:31.886Z","categories":[{"id":"abcat0400000","name":"Cameras & Camcorders","createdAt":"2016-11-17T17:57:04.285Z","updatedAt":"2016-11-17T17:57:04.285Z"},{"id":"abcat0410000","name":"Digital Camera Accessories","createdAt":"2016-11-17T17:57:04.285Z","updatedAt":"2016-11-17T17:57:04.285Z"},{"id":"abcat0410018","name":"Camera Lenses","createdAt":"2016-11-17T17:57:04.285Z","updatedAt":"2016-11-17T17:57:04.285Z"},{"id":"pcmcat195200050001","name":"Prime Lenses","createdAt":"2016-11-17T17:57:05.399Z","updatedAt":"2016-11-17T17:57:05.399Z"},{"id":"pcmcat233000050008","name":"DSLR Lenses","createdAt":"2016-11-17T17:57:05.399Z","updatedAt":"2016-11-17T17:57:05.399Z"}]},{"id":4262200,"name":"Nikon - Nikkor AF-S 600mm f/4.0 E FL ED VR Optical Telephoto Lens for Nikon F - Black","type":"HardGood","price":12299.99,"upc":"018208200542","shipping":0,"description":"Compatible with 35mm SLRs and digital SLRs; optical image stabilization; tele; internal focusing system, full-time manual focusing, ED glass; 40.5mm filter size; 14.4' minimum focus distance; up to 0.14x magnification","manufacturer":"Nikon","model":"20054","url":"http://www.bestbuy.com/site/nikon-nikkor-af-s-600mm-f-4-0-e-fl-ed-vr-optical-telephoto-lens-for-nikon-f-black/4262200.p?id=1219732458980&skuId=4262200&cmp=RMXCC","image":"http://img.bbystatic.com/BestBuy_US/images/products/4262/4262200_sa.jpg","createdAt":"2016-11-17T18:01:06.648Z","updatedAt":"2016-11-17T18:01:06.648Z","categories":[{"id":"abcat0400000","name":"Cameras & Camcorders","createdAt":"2016-11-17T17:57:04.285Z","updatedAt":"2016-11-17T17:57:04.285Z"},{"id":"abcat0410000","name":"Digital Camera Accessories","createdAt":"2016-11-17T17:57:04.285Z","updatedAt":"2016-11-17T17:57:04.285Z"},{"id":"abcat0410018","name":"Camera Lenses","createdAt":"2016-11-17T17:57:04.285Z","updatedAt":"2016-11-17T17:57:04.285Z"},{"id":"pcmcat196500050012","name":"Long-Range Zoom Lenses","createdAt":"2016-11-17T17:57:05.399Z","updatedAt":"2016-11-17T17:57:05.399Z"},{"id":"pcmcat233000050008","name":"DSLR Lenses","createdAt":"2016-11-17T17:57:05.399Z","updatedAt":"2016-11-17T17:57:05.399Z"}]},{"id":8437043,"name":"Key Digital - Champion Series 16 x 16 HDMI Matrix Switcher - Black","type":"HardGood","price":11999.98,"upc":"819505001708","shipping":0,"description":"KEY DIGITAL Champion Series 16 x 16 HDMI Matrix Switcher: Compatible with most HDMI sources; 1080p maximum resolution; supports Dolby TrueHD, Dolby Digital Plus and DTS-HD Master Audio; 3D-ready","manufacturer":"Key Digital","model":"KD-16X16CS","url":"http://www.bestbuy.com/site/key-digital-champion-series-16-x-16-hdmi-matrix-switcher-black/8437043.p?id=1219691713155&skuId=8437043&cmp=RMXCC","image":"http://img.bbystatic.com/BestBuy_US/images/products/8437/8437043_sa.jpg","createdAt":"2016-11-17T18:01:44.806Z","updatedAt":"2016-11-17T18:01:44.806Z","categories":[{"id":"abcat0100000","name":"TV & Home Theater","createdAt":"2016-11-17T17:57:04.285Z","updatedAt":"2016-11-17T17:57:04.285Z"},{"id":"abcat0107000","name":"TV & Home Theater Accessories","createdAt":"2016-11-17T17:57:04.285Z","updatedAt":"2016-11-17T17:57:04.285Z"},{"id":"abcat0107015","name":"A/V Cables & Connectors","createdAt":"2016-11-17T17:57:04.285Z","updatedAt":"2016-11-17T17:57:04.285Z"},{"id":"pcmcat175600050016","name":"A/V Switchers","createdAt":"2016-11-17T17:57:05.399Z","updatedAt":"2016-11-17T17:57:05.399Z"}]},{"id":1688841,"name":"Canon - EF 600mm f/4L IS II USM Super Telephoto Lens for Most Canon EOS SLR Cameras - White","type":"HardGood","price":11499.99,"upc":"013803134148","shipping":0,"description":"Compatible with most Canon EOS SLR cameras; 3 image stabilization modes; inner focusing system; 52mm filter size; 14.8' minimum focus distance","manufacturer":"Canon","model":"5125B002","url":"http://www.bestbuy.com/site/canon-ef-600mm-f-4l-is-ii-usm-super-telephoto-lens-for-most-canon-eos-slr-cameras-white/1688841.p?id=1219060409045&skuId=1688841&cmp=RMXCC","image":"http://img.bbystatic.com/BestBuy_US/images/products/1688/1688841_rc.jpg","createdAt":"2016-11-17T17:58:03.298Z","updatedAt":"2016-11-17T17:58:03.298Z","categories":[{"id":"abcat0400000","name":"Cameras & Camcorders","createdAt":"2016-11-17T17:57:04.285Z","updatedAt":"2016-11-17T17:57:04.285Z"},{"id":"abcat0410000","name":"Digital Camera Accessories","createdAt":"2016-11-17T17:57:04.285Z","updatedAt":"2016-11-17T17:57:04.285Z"},{"id":"abcat0410018","name":"Camera Lenses","createdAt":"2016-11-17T17:57:04.285Z","updatedAt":"2016-11-17T17:57:04.285Z"},{"id":"pcmcat195200050001","name":"Prime Lenses","createdAt":"2016-11-17T17:57:05.399Z","updatedAt":"2016-11-17T17:57:05.399Z"},{"id":"pcmcat233000050008","name":"DSLR Lenses","createdAt":"2016-11-17T17:57:05.399Z","updatedAt":"2016-11-17T17:57:05.399Z"}]},{"id":9324006,"name":"Nikon - AF-S NIKKOR 400mm f/2.8E FL ED VR Lens for Select Nikon DSLR Cameras","type":"HardGood","price":11199.99,"upc":"018208022175","shipping":0,"description":"Compatible with most Nikon DSLR cameras with an F-Bayonet mount; lightweight design; image stabilization; ED glass; fluorite lens element; IF lens; nano crystal coat; silent wave motor","manufacturer":"Nikon","model":"2217","url":"http://www.bestbuy.com/site/nikon-af-s-nikkor-400mm-f-2-8e-fl-ed-vr-lens-for-select-nikon-dslr-cameras/9324006.p?id=1219405808498&skuId=9324006&cmp=RMXCC","image":"http://img.bbystatic.com/BestBuy_US/images/products/9324/9324006_sa.jpg","createdAt":"2016-11-17T17:58:46.655Z","updatedAt":"2016-11-17T17:58:46.655Z","categories":[{"id":"abcat0400000","name":"Cameras & Camcorders","createdAt":"2016-11-17T17:57:04.285Z","updatedAt":"2016-11-17T17:57:04.285Z"},{"id":"abcat0410000","name":"Digital Camera Accessories","createdAt":"2016-11-17T17:57:04.285Z","updatedAt":"2016-11-17T17:57:04.285Z"},{"id":"abcat0410018","name":"Camera Lenses","createdAt":"2016-11-17T17:57:04.285Z","updatedAt":"2016-11-17T17:57:04.285Z"},{"id":"pcmcat195200050001","name":"Prime Lenses","createdAt":"2016-11-17T17:57:05.399Z","updatedAt":"2016-11-17T17:57:05.399Z"},{"id":"pcmcat233000050008","name":"DSLR Lenses","createdAt":"2016-11-17T17:57:05.399Z","updatedAt":"2016-11-17T17:57:05.399Z"}]},{"id":1757296,"name":"Canon - EF 200-400mm f/4L IS USM Super Telephoto Lens for Most Canon EOS SLR Cameras - White","type":"HardGood","price":10999.99,"upc":"013803134179","shipping":0,"description":"Compatible with most Canon EOS SLR cameras; built-in 1.4x extender; 3 image stabilization modes; 52mm filter size; 6.6' minimum focus distance","manufacturer":"Canon","model":"5176B002","url":"http://www.bestbuy.com/site/canon-ef-200-400mm-f-4l-is-usm-super-telephoto-lens-for-most-canon-eos-slr-cameras-white/1757296.p?id=1219062656772&skuId=1757296&cmp=RMXCC","image":"http://img.bbystatic.com/BestBuy_US/images/products/1757/1757296_sa.jpg","createdAt":"2016-11-17T17:59:24.820Z","updatedAt":"2016-11-17T17:59:24.820Z","categories":[{"id":"abcat0400000","name":"Cameras & Camcorders","createdAt":"2016-11-17T17:57:04.285Z","updatedAt":"2016-11-17T17:57:04.285Z"},{"id":"abcat0410000","name":"Digital Camera Accessories","createdAt":"2016-11-17T17:57:04.285Z","updatedAt":"2016-11-17T17:57:04.285Z"},{"id":"abcat0410018","name":"Camera Lenses","createdAt":"2016-11-17T17:57:04.285Z","updatedAt":"2016-11-17T17:57:04.285Z"},{"id":"pcmcat196500050012","name":"Long-Range Zoom Lenses","createdAt":"2016-11-17T17:57:05.399Z","updatedAt":"2016-11-17T17:57:05.399Z"},{"id":"pcmcat233000050008","name":"DSLR Lenses","createdAt":"2016-11-17T17:57:05.399Z","updatedAt":"2016-11-17T17:57:05.399Z"}]},{"id":4262000,"name":"Nikon - AF-S NIKKOR 500mm f/4E FL ED VR Super Telephoto Lens - Black","type":"HardGood","price":10299.99,"upc":"018208200535","shipping":0,"description":"Compatible with Nikon cameras with an F-mount; 4-stop VR image stabilization; Nano Crystal Coat; 40.5mm filter size; 11.9' minimum focus distance","manufacturer":"Nikon","model":"20053","url":"http://www.bestbuy.com/site/nikon-af-s-nikkor-500mm-f-4e-fl-ed-vr-super-telephoto-lens-black/4262000.p?id=1219732457043&skuId=4262000&cmp=RMXCC","image":"http://img.bbystatic.com/BestBuy_US/images/products/4262/4262000_sa.jpg","createdAt":"2016-11-17T18:01:06.648Z","updatedAt":"2016-11-17T18:01:06.648Z","categories":[{"id":"abcat0400000","name":"Cameras & Camcorders","createdAt":"2016-11-17T17:57:04.285Z","updatedAt":"2016-11-17T17:57:04.285Z"},{"id":"abcat0410000","name":"Digital Camera Accessories","createdAt":"2016-11-17T17:57:04.285Z","updatedAt":"2016-11-17T17:57:04.285Z"},{"id":"abcat0410018","name":"Camera Lenses","createdAt":"2016-11-17T17:57:04.285Z","updatedAt":"2016-11-17T17:57:04.285Z"},{"id":"pcmcat195200050001","name":"Prime Lenses","createdAt":"2016-11-17T17:57:05.399Z","updatedAt":"2016-11-17T17:57:05.399Z"},{"id":"pcmcat233000050008","name":"DSLR Lenses","createdAt":"2016-11-17T17:57:05.399Z","updatedAt":"2016-11-17T17:57:05.399Z"}]}]}

22:49:01.774 [ForkJoinPool-1-worker-1] INFO  com.intuit.karate - karate.env system property was: null 
22:49:01.774 [ForkJoinPool-1-worker-2] INFO  com.intuit.karate - karate.env system property was: null 
22:49:01.781 [ForkJoinPool-1-worker-2] DEBUG com.intuit.karate - request:
1 > GET http://localhost:3030/products?%24sort%5Bprice%5D=-1
1 > Accept-Encoding: gzip,deflate
1 > Connection: Keep-Alive
1 > Host: localhost:3030
1 > User-Agent: Apache-HttpClient/4.5.5 (Java/1.8.0_221)

22:49:01.781 [ForkJoinPool-1-worker-1] DEBUG com.intuit.karate - request:
1 > GET http://localhost:3030/products?category.name=TVs&price%5B%24gt%5D=500&price%5B%24lt%5D=800&shipping%5B%24eq%5D=0
1 > Accept-Encoding: gzip,deflate
1 > Connection: Keep-Alive
1 > Host: localhost:3030
1 > User-Agent: Apache-HttpClient/4.5.5 (Java/1.8.0_221)

22:49:01.832 [pool-1-thread-2] INFO  com.intuit.karate.Runner - <<pass>> feature 6 of 17: classpath:com/n26/bestbuy/api/products/products-get.feature
---------------------------------------------------------
feature: classpath:com/n26/bestbuy/api/products/products-get.feature
report: target\surefire-reports\com.n26.bestbuy.api.products.products-get.json
scenarios:  3 | passed:  3 | failed:  0 | time: 12.2362
---------------------------------------------------------
22:49:04.536 [ForkJoinPool-1-worker-3] ERROR com.intuit.karate - java.net.SocketTimeoutException: Read timed out, http call failed after 5003 milliseconds for URL: http://localhost:3030/products?%24select%5B%5D=description
22:49:04.537 [ForkJoinPool-1-worker-3] ERROR com.intuit.karate - http request failed: 
java.net.SocketTimeoutException: Read timed out
22:49:04.548 [ForkJoinPool-1-worker-3] INFO  com.intuit.karate - karate.env system property was: null 
22:49:04.555 [ForkJoinPool-1-worker-3] DEBUG com.intuit.karate - request:
1 > GET http://localhost:3030/categories?name%5B%24like%5D=*Mobile*
1 > Accept-Encoding: gzip,deflate
1 > Connection: Keep-Alive
1 > Host: localhost:3030
1 > User-Agent: Apache-HttpClient/4.5.5 (Java/1.8.0_221)

22:49:05.271 [ForkJoinPool-1-worker-4] DEBUG com.intuit.karate - response time in milliseconds: 4629.62
1 < 200
1 < Access-Control-Allow-Origin: *
1 < Allow: GET,POST,PUT,PATCH,DELETE
1 < Connection: keep-alive
1 < Content-Type: application/json; charset=utf-8
1 < Date: Fri, 08 Nov 2019 17:19:04 GMT
1 < ETag: W/"498-GpO+gKQiRbESBYyTAWYZBnny7JI"
1 < Transfer-Encoding: chunked
1 < Vary: Accept, Accept-Encoding
1 < X-Powered-By: Express
{"total":51957,"limit":10,"skip":0,"data":[{"description":"Compatible with select electronic devices; AAA size; DURALOCK Power Preserve technology; 4-pack"},{"description":"Long-lasting energy; DURALOCK Power Preserve technology; for toys, clocks, radios, games, remotes, PDAs and more"},{"description":"Compatible with select electronic devices; AA size; DURALOCK Power Preserve technology; 8-pack"},{"description":"4-pack AA alkaline batteries; battery tester included"},{"description":"Compatible with select electronic devices; C size; DURALOCK Power Preserve technology; 4-pack"},{"description":"Compatible with select electronic devices; D size; DURALOCK Power Preserve technology; 4-pack"},{"description":"80W maximum power (20W RMS); 4\" IMPP composite cone woofer; 3/4\" horn tweeter"},{"description":"Compatible with select electronic devices; alkaline chemistry; 9V size; DURALOCK Power Preserve technology; 2-pack"},{"description":"Alkaline batteries; 1.5V"},{"description":"From our expanded online assortment; compatible with most 1989-2000 Ford, Lincoln and Mercury vehicles; snap-in TurboKit offers fast installation; spacer/trim ring; rear support bracket"}]}

22:49:05.283 [ForkJoinPool-1-worker-4] INFO  com.intuit.karate - karate.env system property was: null 
22:49:05.293 [ForkJoinPool-1-worker-4] DEBUG com.intuit.karate - request:
1 > GET http://localhost:3030/services
1 > Accept-Encoding: gzip,deflate
1 > Connection: Keep-Alive
1 > Host: localhost:3030
1 > User-Agent: Apache-HttpClient/4.5.5 (Java/1.8.0_221)

22:49:05.296 [ForkJoinPool-1-worker-5] DEBUG com.intuit.karate - response time in milliseconds: 4601.31
1 < 200
1 < Access-Control-Allow-Origin: *
1 < Allow: GET,POST,PUT,PATCH,DELETE
1 < Connection: keep-alive
1 < Content-Type: application/json; charset=utf-8
1 < Date: Fri, 08 Nov 2019 17:19:05 GMT
1 < ETag: W/"26ba-UOMZTn8L8Lk9aDbN1qp7bvK0uFQ"
1 < Transfer-Encoding: chunked
1 < Vary: Accept, Accept-Encoding
1 < X-Powered-By: Express
{"total":29,"limit":10,"skip":0,"data":[{"id":2698105,"name":"Sony - 43\" Class (42.5\" Diag.) - LED - 2160p - Smart - 4K Ultra HD TV - Black","type":"HardGood","price":699.99,"upc":"027242888067","shipping":0,"description":"2160p resolutionMotionflow XR 960Smart Android TV with Google Play and Google Cast built-in","manufacturer":"Sony","model":"XBR43X830C","url":"http://www.bestbuy.com/site/sony-43-class-42-5-diag--led-2160p-smart-4k-ultra-hd-tv-black/2698105.p?id=1219555371949&skuId=2698105&cmp=RMXCC","image":"http://img.bbystatic.com/BestBuy_US/images/products/2698/2698105_sa.jpg","createdAt":"2016-11-17T18:01:44.806Z","updatedAt":"2016-11-17T18:01:44.806Z","categories":[{"id":"abcat0100000","name":"TV & Home Theater","createdAt":"2016-11-17T17:57:04.285Z","updatedAt":"2016-11-17T17:57:04.285Z"},{"id":"abcat0101000","name":"TVs","createdAt":"2016-11-17T17:57:04.285Z","updatedAt":"2016-11-17T17:57:04.285Z"},{"id":"pcmcat333800050003","name":"4K Ultra HD TVs","createdAt":"2016-11-17T17:57:04.643Z","updatedAt":"2016-11-17T17:57:04.643Z"}]},{"id":3892026,"name":"LG - 50\" Class (49.5\" Diag.) - LED - 1080p - Smart - HDTV - Black","type":"HardGood","price":549.99,"upc":"719192597044","shipping":0,"description":"1080p resolutionTruMotion 120Smart TV, LG Content Store, Web browser included","manufacturer":"LG","model":"50LF6100","url":"http://www.bestbuy.com/site/lg-50-class-49-5-diag--led-1080p-smart-hdtv-black/3892026.p?id=1219606085772&skuId=3892026&cmp=RMXCC","image":"http://img.bbystatic.com/BestBuy_US/images/products/3892/3892026_sa.jpg","createdAt":"2016-11-17T18:00:01.751Z","updatedAt":"2016-11-17T18:00:01.751Z","categories":[{"id":"abcat0100000","name":"TV & Home Theater","createdAt":"2016-11-17T17:57:04.285Z","updatedAt":"2016-11-17T17:57:04.285Z"},{"id":"abcat0101000","name":"TVs","createdAt":"2016-11-17T17:57:04.285Z","updatedAt":"2016-11-17T17:57:04.285Z"},{"id":"abcat0101001","name":"All Flat-Panel TVs","createdAt":"2016-11-17T17:57:04.285Z","updatedAt":"2016-11-17T17:57:04.285Z"}]},{"id":3953157,"name":"Samsung - 40\" Class (40\" Diag.) - LED - 2160p - Smart - 4K Ultra HD TV - Black","type":"HardGood","price":749.99,"upc":"887276075716","shipping":0,"description":"2160p 4K Ultra HD resolutionClear Motion Rate 120Smart TV, S-Recommendation, Web browser","manufacturer":"Samsung","model":"UN40JU6500FXZA","url":"http://www.bestbuy.com/site/samsung-40-class-40-diag--led-2160p-smart-4k-ultra-hd-tv-black/3953157.p?id=1219609307257&skuId=3953157&cmp=RMXCC","image":"http://img.bbystatic.com/BestBuy_US/images/products/3953/3953157_sa.jpg","createdAt":"2016-11-17T18:00:31.886Z","updatedAt":"2016-11-17T18:00:31.886Z","categories":[{"id":"abcat0100000","name":"TV & Home Theater","createdAt":"2016-11-17T17:57:04.285Z","updatedAt":"2016-11-17T17:57:04.285Z"},{"id":"abcat0101000","name":"TVs","createdAt":"2016-11-17T17:57:04.285Z","updatedAt":"2016-11-17T17:57:04.285Z"},{"id":"pcmcat333800050003","name":"4K Ultra HD TVs","createdAt":"2016-11-17T17:57:04.643Z","updatedAt":"2016-11-17T17:57:04.643Z"}]},{"id":4405201,"name":"Samsung - 50\" Class (49.5\" Diag.) - LED - 1080p - Smart - HDTV - Black","type":"HardGood","price":699.99,"upc":"887276069210","shipping":0,"description":"1080p resolutionMotion Rate 60Smart TV, Web browser included","manufacturer":"Samsung","model":"UN50J5200AFXZA","url":"http://www.bestbuy.com/site/samsung-50-class-49-5-diag--led-1080p-smart-hdtv-black/4405201.p?id=1219743457219&skuId=4405201&cmp=RMXCC","image":"http://img.bbystatic.com/BestBuy_US/images/products/4405/4405201_sa.jpg","createdAt":"2016-11-17T18:01:06.648Z","updatedAt":"2016-11-17T18:01:06.648Z","categories":[{"id":"abcat0100000","name":"TV & Home Theater","createdAt":"2016-11-17T17:57:04.285Z","updatedAt":"2016-11-17T17:57:04.285Z"},{"id":"abcat0101000","name":"TVs","createdAt":"2016-11-17T17:57:04.285Z","updatedAt":"2016-11-17T17:57:04.285Z"},{"id":"abcat0101001","name":"All Flat-Panel TVs","createdAt":"2016-11-17T17:57:04.285Z","updatedAt":"2016-11-17T17:57:04.285Z"}]},{"id":4513700,"name":"Samsung - 48\" Class (47.6\" Diag.) - LED - 1080p - Smart - HDTV - Black","type":"HardGood","price":599.99,"upc":"887276124797","shipping":0,"description":"1080p resolutionMotion Rate 60Smart TV, Samsung Smart Hub, Web browser included","manufacturer":"Samsung","model":"UN48J5201AFXZA","url":"http://www.bestbuy.com/site/samsung-48-class-47-6-diag--led-1080p-smart-hdtv-black/4513700.p?id=1219756369972&skuId=4513700&cmp=RMXCC","image":"http://img.bbystatic.com/BestBuy_US/images/products/4513/4513700_sa.jpg","createdAt":"2016-11-17T17:58:03.298Z","updatedAt":"2016-11-17T17:58:03.298Z","categories":[{"id":"abcat0100000","name":"TV & Home Theater","createdAt":"2016-11-17T17:57:04.285Z","updatedAt":"2016-11-17T17:57:04.285Z"},{"id":"abcat0101000","name":"TVs","createdAt":"2016-11-17T17:57:04.285Z","updatedAt":"2016-11-17T17:57:04.285Z"},{"id":"abcat0101001","name":"All Flat-Panel TVs","createdAt":"2016-11-17T17:57:04.285Z","updatedAt":"2016-11-17T17:57:04.285Z"}]},{"id":4517000,"name":"LG - 49\" Class (48.5\" Diag.) - LED - 2160p - Smart - 4K Ultra HDTV - Black","type":"HardGood","price":599.99,"upc":"719192602632","shipping":0,"description":"2160p resolutionTruMotion 120Smart TV","manufacturer":"LG","model":"49UF6430","url":"http://www.bestbuy.com/site/lg-49-class-48-5-diag--led-2160p-smart-4k-ultra-hdtv-black/4517000.p?id=1219755712396&skuId=4517000&cmp=RMXCC","image":"http://img.bbystatic.com/BestBuy_US/images/products/4517/4517000_sa.jpg","createdAt":"2016-11-17T17:58:03.298Z","updatedAt":"2016-11-17T17:58:03.298Z","categories":[{"id":"abcat0100000","name":"TV & Home Theater","createdAt":"2016-11-17T17:57:04.285Z","updatedAt":"2016-11-17T17:57:04.285Z"},{"id":"abcat0101000","name":"TVs","createdAt":"2016-11-17T17:57:04.285Z","updatedAt":"2016-11-17T17:57:04.285Z"},{"id":"pcmcat333800050003","name":"4K Ultra HD TVs","createdAt":"2016-11-17T17:57:04.643Z","updatedAt":"2016-11-17T17:57:04.643Z"}]},{"id":4801501,"name":"Sony - 48\" Class (47.6\" Diag.) - LED - 1080p - Smart - HDTV - Black","type":"HardGood","price":549.99,"upc":"027242896482","shipping":0,"description":"1080p resolutionMotionflow XR 240Smart TV, Opera browser,","manufacturer":"Sony","model":"KDL48W650D","url":"http://www.bestbuy.com/site/sony-48-class-47-6-diag--led-1080p-smart-hdtv-black/4801501.p?id=1219824662196&skuId=4801501&cmp=RMXCC","image":"http://img.bbystatic.com/BestBuy_US/images/products/4801/4801501_sa.jpg","createdAt":"2016-11-17T18:02:21.601Z","updatedAt":"2016-11-17T18:02:21.601Z","categories":[{"id":"abcat0100000","name":"TV & Home Theater","createdAt":"2016-11-17T17:57:04.285Z","updatedAt":"2016-11-17T17:57:04.285Z"},{"id":"abcat0101000","name":"TVs","createdAt":"2016-11-17T17:57:04.285Z","updatedAt":"2016-11-17T17:57:04.285Z"},{"id":"abcat0101001","name":"All Flat-Panel TVs","createdAt":"2016-11-17T17:57:04.285Z","updatedAt":"2016-11-17T17:57:04.285Z"}]},{"id":4801700,"name":"Sony - 43\" Class (42.5\" Diag.) - LED - 2160p - Smart - 4K Ultra HD TV with High Dynamic Range - Black","type":"HardGood","price":749.99,"upc":"027242896529","shipping":0,"description":"2160p resolution with HDRMotionflow XR 240Smart TV, Android TV","manufacturer":"Sony","model":"XBR43X800D","url":"http://www.bestbuy.com/site/sony-43-class-42-5-diag--led-2160p-smart-4k-ultra-hd-tv-with-high-dynamic-range-black/4801700.p?id=1219824659346&skuId=4801700&cmp=RMXCC","image":"http://img.bbystatic.com/BestBuy_US/images/products/4801/4801700_sa.jpg","createdAt":"2016-11-17T18:02:21.601Z","updatedAt":"2016-11-17T18:02:21.601Z","categories":[{"id":"abcat0100000","name":"TV & Home Theater","createdAt":"2016-11-17T17:57:04.285Z","updatedAt":"2016-11-17T17:57:04.285Z"},{"id":"abcat0101000","name":"TVs","createdAt":"2016-11-17T17:57:04.285Z","updatedAt":"2016-11-17T17:57:04.285Z"},{"id":"pcmcat333800050003","name":"4K Ultra HD TVs","createdAt":"2016-11-17T17:57:04.643Z","updatedAt":"2016-11-17T17:57:04.643Z"}]},{"id":4801704,"name":"Sony - 49\" Class (48.5\" Diag.) - LED - 2160p - Smart - 4K Ultra HD TV - Black","type":"HardGood","price":799.99,"upc":"027242896581","shipping":0,"description":"2160p resolutionMotionflow XR 240Smart TV, Android TV","manufacturer":"Sony","model":"XBR49X700D","url":"http://www.bestbuy.com/site/sony-49-class-48-5-diag--led-2160p-smart-4k-ultra-hd-tv-black/4801704.p?id=1219824659349&skuId=4801704&cmp=RMXCC","image":"http://img.bbystatic.com/BestBuy_US/images/products/4801/4801704_sa.jpg","createdAt":"2016-11-17T18:02:21.601Z","updatedAt":"2016-11-17T18:02:21.601Z","categories":[{"id":"abcat0100000","name":"TV & Home Theater","createdAt":"2016-11-17T17:57:04.285Z","updatedAt":"2016-11-17T17:57:04.285Z"},{"id":"abcat0101000","name":"TVs","createdAt":"2016-11-17T17:57:04.285Z","updatedAt":"2016-11-17T17:57:04.285Z"},{"id":"pcmcat333800050003","name":"4K Ultra HD TVs","createdAt":"2016-11-17T17:57:04.643Z","updatedAt":"2016-11-17T17:57:04.643Z"}]},{"id":4807300,"name":"Toshiba - 55\" Class (54.6\" Diag.) - LED - 1080p - Smart - HDTV - Black","type":"HardGood","price":549.99,"upc":"600603198250","shipping":0,"description":"Only at Best Buy1080p resolution60Hz refresh rateSmart TV","manufacturer":"Toshiba","model":"55L421U","url":"http://www.bestbuy.com/site/toshiba-55-class-54-6-diag--led-1080p-smart-hdtv-black/4807300.p?id=bb4807300&skuId=4807300&cmp=RMXCC","image":"http://img.bbystatic.com/BestBuy_US/images/products/4807/4807300_sa.jpg","createdAt":"2016-11-17T17:58:03.298Z","updatedAt":"2016-11-17T17:58:03.298Z","categories":[{"id":"abcat0100000","name":"TV & Home Theater","createdAt":"2016-11-17T17:57:04.285Z","updatedAt":"2016-11-17T17:57:04.285Z"},{"id":"abcat0101000","name":"TVs","createdAt":"2016-11-17T17:57:04.285Z","updatedAt":"2016-11-17T17:57:04.285Z"},{"id":"abcat0101001","name":"All Flat-Panel TVs","createdAt":"2016-11-17T17:57:04.285Z","updatedAt":"2016-11-17T17:57:04.285Z"}]}]}

22:49:05.307 [ForkJoinPool-1-worker-5] INFO  com.intuit.karate - karate.env system property was: null 
22:49:05.313 [ForkJoinPool-1-worker-5] DEBUG com.intuit.karate - request:
1 > GET http://localhost:3030/categories?%24select%5B%5D=name
1 > Accept-Encoding: gzip,deflate
1 > Connection: Keep-Alive
1 > Host: localhost:3030
1 > User-Agent: Apache-HttpClient/4.5.5 (Java/1.8.0_221)

22:49:06.162 [ForkJoinPool-1-worker-2] DEBUG com.intuit.karate - response time in milliseconds: 4374.90
1 < 200
1 < Access-Control-Allow-Origin: *
1 < Allow: GET,POST,PUT,PATCH,DELETE
1 < Connection: keep-alive
1 < Content-Type: application/json; charset=utf-8
1 < Date: Fri, 08 Nov 2019 17:19:05 GMT
1 < ETag: W/"3293-P9azs8YOnTtIwIdcIW+1YJyStx8"
1 < Transfer-Encoding: chunked
1 < Vary: Accept, Accept-Encoding
1 < X-Powered-By: Express
{"total":51957,"limit":10,"skip":0,"data":[{"id":3041141,"name":"Sony - ES SXRD 3D-Ready 4K Home Theater Projector - Black","type":"HardGood","price":27999.98,"upc":"027242873193","shipping":0,"description":"4K (4096 x 2160) resolution2000 lumens brightness16:9 aspect ratio","manufacturer":"Sony","model":"VPLVW1100ES","url":"http://www.bestbuy.com/site/sony-es-sxrd-3d-ready-4k-home-theater-projector-black/3041141.p?id=1219086346401&skuId=3041141&cmp=RMXCC","image":"http://img.bbystatic.com/BestBuy_US/images/products/3041/3041141_sa.jpg","createdAt":"2016-11-17T18:02:21.601Z","updatedAt":"2016-11-17T18:02:21.601Z","categories":[{"id":"abcat0100000","name":"TV & Home Theater","createdAt":"2016-11-17T17:57:04.285Z","updatedAt":"2016-11-17T17:57:04.285Z"},{"id":"pcmcat158900050008","name":"Projectors & Screens","createdAt":"2016-11-17T17:57:04.899Z","updatedAt":"2016-11-17T17:57:04.899Z"},{"id":"pcmcat158900050018","name":"Projectors","createdAt":"2016-11-17T17:57:04.899Z","updatedAt":"2016-11-17T17:57:04.899Z"}]},{"id":1790046,"name":"Nikon - AF-S NIKKOR 800mm f/5.6E FL ED VR Super-Telephoto Lens for Select Nikon Cameras - Black","type":"HardGood","price":16299.99,"upc":"018208022052","shipping":0,"description":"Compatible with select Nikon cameras; VR (Vibration Reduction) image stabilization; ED (Extra-Low Dispersion) glass; SWM (Silent Wave Motor); 1.25x teleconverter","manufacturer":"Nikon","model":"2205","url":"http://www.bestbuy.com/site/nikon-af-s-nikkor-800mm-f-5-6e-fl-ed-vr-super-telephoto-lens-for-select-nikon-cameras-black/1790046.p?id=1219064724072&skuId=1790046&cmp=RMXCC","image":"http://img.bbystatic.com/BestBuy_US/images/products/1790/1790046_sa.jpg","createdAt":"2016-11-17T18:00:01.751Z","updatedAt":"2016-11-17T18:00:01.751Z","categories":[{"id":"abcat0400000","name":"Cameras & Camcorders","createdAt":"2016-11-17T17:57:04.285Z","updatedAt":"2016-11-17T17:57:04.285Z"},{"id":"abcat0410000","name":"Digital Camera Accessories","createdAt":"2016-11-17T17:57:04.285Z","updatedAt":"2016-11-17T17:57:04.285Z"},{"id":"abcat0410018","name":"Camera Lenses","createdAt":"2016-11-17T17:57:04.285Z","updatedAt":"2016-11-17T17:57:04.285Z"},{"id":"pcmcat195200050001","name":"Prime Lenses","createdAt":"2016-11-17T17:57:05.399Z","updatedAt":"2016-11-17T17:57:05.399Z"},{"id":"pcmcat233000050008","name":"DSLR Lenses","createdAt":"2016-11-17T17:57:05.399Z","updatedAt":"2016-11-17T17:57:05.399Z"}]},{"id":4621000,"name":"Sony - ES 4K SXRD Projector - Black","type":"HardGood","price":14999.98,"upc":"027242892095","shipping":0,"description":"4K Ultra HD resolution16:9 aspect ratio","manufacturer":"Sony","model":"VPLVW665ES","url":"http://www.bestbuy.com/site/sony-es-4k-sxrd-projector-black/4621000.p?id=1219780138505&skuId=4621000&cmp=RMXCC","image":"http://img.bbystatic.com/BestBuy_US/images/products/4621/4621000_sa.jpg","createdAt":"2016-11-17T18:01:33.383Z","updatedAt":"2016-11-17T18:01:33.383Z","categories":[{"id":"abcat0100000","name":"TV & Home Theater","createdAt":"2016-11-17T17:57:04.285Z","updatedAt":"2016-11-17T17:57:04.285Z"},{"id":"pcmcat158900050008","name":"Projectors & Screens","createdAt":"2016-11-17T17:57:04.899Z","updatedAt":"2016-11-17T17:57:04.899Z"},{"id":"pcmcat158900050018","name":"Projectors","createdAt":"2016-11-17T17:57:04.899Z","updatedAt":"2016-11-17T17:57:04.899Z"}]},{"id":8794897,"name":"Canon - EF 800mm f/5.6L IS USM Super-Telephoto Lens for Canon EOS Cameras - White","type":"HardGood","price":12999.99,"upc":"013803092738","shipping":0,"description":"Compatible with Canon EOS cameras; image stabilization; USM (Ultrasonic Motor); 800mm focal length; 0.14x maximum magnification; f/32 minimum and f/5.6 maximum aperture","manufacturer":"Canon","model":"2746B002","url":"http://www.bestbuy.com/site/canon-ef-800mm-f-5-6l-is-usm-super-telephoto-lens-for-canon-eos-cameras-white/8794897.p?id=1205537954826&skuId=8794897&cmp=RMXCC","image":"http://img.bbystatic.com/BestBuy_US/images/products/8794/8794897_rc.jpg","createdAt":"2016-11-17T18:00:31.886Z","updatedAt":"2016-11-17T18:00:31.886Z","categories":[{"id":"abcat0400000","name":"Cameras & Camcorders","createdAt":"2016-11-17T17:57:04.285Z","updatedAt":"2016-11-17T17:57:04.285Z"},{"id":"abcat0410000","name":"Digital Camera Accessories","createdAt":"2016-11-17T17:57:04.285Z","updatedAt":"2016-11-17T17:57:04.285Z"},{"id":"abcat0410018","name":"Camera Lenses","createdAt":"2016-11-17T17:57:04.285Z","updatedAt":"2016-11-17T17:57:04.285Z"},{"id":"pcmcat195200050001","name":"Prime Lenses","createdAt":"2016-11-17T17:57:05.399Z","updatedAt":"2016-11-17T17:57:05.399Z"},{"id":"pcmcat233000050008","name":"DSLR Lenses","createdAt":"2016-11-17T17:57:05.399Z","updatedAt":"2016-11-17T17:57:05.399Z"}]},{"id":4262200,"name":"Nikon - Nikkor AF-S 600mm f/4.0 E FL ED VR Optical Telephoto Lens for Nikon F - Black","type":"HardGood","price":12299.99,"upc":"018208200542","shipping":0,"description":"Compatible with 35mm SLRs and digital SLRs; optical image stabilization; tele; internal focusing system, full-time manual focusing, ED glass; 40.5mm filter size; 14.4' minimum focus distance; up to 0.14x magnification","manufacturer":"Nikon","model":"20054","url":"http://www.bestbuy.com/site/nikon-nikkor-af-s-600mm-f-4-0-e-fl-ed-vr-optical-telephoto-lens-for-nikon-f-black/4262200.p?id=1219732458980&skuId=4262200&cmp=RMXCC","image":"http://img.bbystatic.com/BestBuy_US/images/products/4262/4262200_sa.jpg","createdAt":"2016-11-17T18:01:06.648Z","updatedAt":"2016-11-17T18:01:06.648Z","categories":[{"id":"abcat0400000","name":"Cameras & Camcorders","createdAt":"2016-11-17T17:57:04.285Z","updatedAt":"2016-11-17T17:57:04.285Z"},{"id":"abcat0410000","name":"Digital Camera Accessories","createdAt":"2016-11-17T17:57:04.285Z","updatedAt":"2016-11-17T17:57:04.285Z"},{"id":"abcat0410018","name":"Camera Lenses","createdAt":"2016-11-17T17:57:04.285Z","updatedAt":"2016-11-17T17:57:04.285Z"},{"id":"pcmcat196500050012","name":"Long-Range Zoom Lenses","createdAt":"2016-11-17T17:57:05.399Z","updatedAt":"2016-11-17T17:57:05.399Z"},{"id":"pcmcat233000050008","name":"DSLR Lenses","createdAt":"2016-11-17T17:57:05.399Z","updatedAt":"2016-11-17T17:57:05.399Z"}]},{"id":8437043,"name":"Key Digital - Champion Series 16 x 16 HDMI Matrix Switcher - Black","type":"HardGood","price":11999.98,"upc":"819505001708","shipping":0,"description":"KEY DIGITAL Champion Series 16 x 16 HDMI Matrix Switcher: Compatible with most HDMI sources; 1080p maximum resolution; supports Dolby TrueHD, Dolby Digital Plus and DTS-HD Master Audio; 3D-ready","manufacturer":"Key Digital","model":"KD-16X16CS","url":"http://www.bestbuy.com/site/key-digital-champion-series-16-x-16-hdmi-matrix-switcher-black/8437043.p?id=1219691713155&skuId=8437043&cmp=RMXCC","image":"http://img.bbystatic.com/BestBuy_US/images/products/8437/8437043_sa.jpg","createdAt":"2016-11-17T18:01:44.806Z","updatedAt":"2016-11-17T18:01:44.806Z","categories":[{"id":"abcat0100000","name":"TV & Home Theater","createdAt":"2016-11-17T17:57:04.285Z","updatedAt":"2016-11-17T17:57:04.285Z"},{"id":"abcat0107000","name":"TV & Home Theater Accessories","createdAt":"2016-11-17T17:57:04.285Z","updatedAt":"2016-11-17T17:57:04.285Z"},{"id":"abcat0107015","name":"A/V Cables & Connectors","createdAt":"2016-11-17T17:57:04.285Z","updatedAt":"2016-11-17T17:57:04.285Z"},{"id":"pcmcat175600050016","name":"A/V Switchers","createdAt":"2016-11-17T17:57:05.399Z","updatedAt":"2016-11-17T17:57:05.399Z"}]},{"id":1688841,"name":"Canon - EF 600mm f/4L IS II USM Super Telephoto Lens for Most Canon EOS SLR Cameras - White","type":"HardGood","price":11499.99,"upc":"013803134148","shipping":0,"description":"Compatible with most Canon EOS SLR cameras; 3 image stabilization modes; inner focusing system; 52mm filter size; 14.8' minimum focus distance","manufacturer":"Canon","model":"5125B002","url":"http://www.bestbuy.com/site/canon-ef-600mm-f-4l-is-ii-usm-super-telephoto-lens-for-most-canon-eos-slr-cameras-white/1688841.p?id=1219060409045&skuId=1688841&cmp=RMXCC","image":"http://img.bbystatic.com/BestBuy_US/images/products/1688/1688841_rc.jpg","createdAt":"2016-11-17T17:58:03.298Z","updatedAt":"2016-11-17T17:58:03.298Z","categories":[{"id":"abcat0400000","name":"Cameras & Camcorders","createdAt":"2016-11-17T17:57:04.285Z","updatedAt":"2016-11-17T17:57:04.285Z"},{"id":"abcat0410000","name":"Digital Camera Accessories","createdAt":"2016-11-17T17:57:04.285Z","updatedAt":"2016-11-17T17:57:04.285Z"},{"id":"abcat0410018","name":"Camera Lenses","createdAt":"2016-11-17T17:57:04.285Z","updatedAt":"2016-11-17T17:57:04.285Z"},{"id":"pcmcat195200050001","name":"Prime Lenses","createdAt":"2016-11-17T17:57:05.399Z","updatedAt":"2016-11-17T17:57:05.399Z"},{"id":"pcmcat233000050008","name":"DSLR Lenses","createdAt":"2016-11-17T17:57:05.399Z","updatedAt":"2016-11-17T17:57:05.399Z"}]},{"id":9324006,"name":"Nikon - AF-S NIKKOR 400mm f/2.8E FL ED VR Lens for Select Nikon DSLR Cameras","type":"HardGood","price":11199.99,"upc":"018208022175","shipping":0,"description":"Compatible with most Nikon DSLR cameras with an F-Bayonet mount; lightweight design; image stabilization; ED glass; fluorite lens element; IF lens; nano crystal coat; silent wave motor","manufacturer":"Nikon","model":"2217","url":"http://www.bestbuy.com/site/nikon-af-s-nikkor-400mm-f-2-8e-fl-ed-vr-lens-for-select-nikon-dslr-cameras/9324006.p?id=1219405808498&skuId=9324006&cmp=RMXCC","image":"http://img.bbystatic.com/BestBuy_US/images/products/9324/9324006_sa.jpg","createdAt":"2016-11-17T17:58:46.655Z","updatedAt":"2016-11-17T17:58:46.655Z","categories":[{"id":"abcat0400000","name":"Cameras & Camcorders","createdAt":"2016-11-17T17:57:04.285Z","updatedAt":"2016-11-17T17:57:04.285Z"},{"id":"abcat0410000","name":"Digital Camera Accessories","createdAt":"2016-11-17T17:57:04.285Z","updatedAt":"2016-11-17T17:57:04.285Z"},{"id":"abcat0410018","name":"Camera Lenses","createdAt":"2016-11-17T17:57:04.285Z","updatedAt":"2016-11-17T17:57:04.285Z"},{"id":"pcmcat195200050001","name":"Prime Lenses","createdAt":"2016-11-17T17:57:05.399Z","updatedAt":"2016-11-17T17:57:05.399Z"},{"id":"pcmcat233000050008","name":"DSLR Lenses","createdAt":"2016-11-17T17:57:05.399Z","updatedAt":"2016-11-17T17:57:05.399Z"}]},{"id":1757296,"name":"Canon - EF 200-400mm f/4L IS USM Super Telephoto Lens for Most Canon EOS SLR Cameras - White","type":"HardGood","price":10999.99,"upc":"013803134179","shipping":0,"description":"Compatible with most Canon EOS SLR cameras; built-in 1.4x extender; 3 image stabilization modes; 52mm filter size; 6.6' minimum focus distance","manufacturer":"Canon","model":"5176B002","url":"http://www.bestbuy.com/site/canon-ef-200-400mm-f-4l-is-usm-super-telephoto-lens-for-most-canon-eos-slr-cameras-white/1757296.p?id=1219062656772&skuId=1757296&cmp=RMXCC","image":"http://img.bbystatic.com/BestBuy_US/images/products/1757/1757296_sa.jpg","createdAt":"2016-11-17T17:59:24.820Z","updatedAt":"2016-11-17T17:59:24.820Z","categories":[{"id":"abcat0400000","name":"Cameras & Camcorders","createdAt":"2016-11-17T17:57:04.285Z","updatedAt":"2016-11-17T17:57:04.285Z"},{"id":"abcat0410000","name":"Digital Camera Accessories","createdAt":"2016-11-17T17:57:04.285Z","updatedAt":"2016-11-17T17:57:04.285Z"},{"id":"abcat0410018","name":"Camera Lenses","createdAt":"2016-11-17T17:57:04.285Z","updatedAt":"2016-11-17T17:57:04.285Z"},{"id":"pcmcat196500050012","name":"Long-Range Zoom Lenses","createdAt":"2016-11-17T17:57:05.399Z","updatedAt":"2016-11-17T17:57:05.399Z"},{"id":"pcmcat233000050008","name":"DSLR Lenses","createdAt":"2016-11-17T17:57:05.399Z","updatedAt":"2016-11-17T17:57:05.399Z"}]},{"id":4262000,"name":"Nikon - AF-S NIKKOR 500mm f/4E FL ED VR Super Telephoto Lens - Black","type":"HardGood","price":10299.99,"upc":"018208200535","shipping":0,"description":"Compatible with Nikon cameras with an F-mount; 4-stop VR image stabilization; Nano Crystal Coat; 40.5mm filter size; 11.9' minimum focus distance","manufacturer":"Nikon","model":"20053","url":"http://www.bestbuy.com/site/nikon-af-s-nikkor-500mm-f-4e-fl-ed-vr-super-telephoto-lens-black/4262000.p?id=1219732457043&skuId=4262000&cmp=RMXCC","image":"http://img.bbystatic.com/BestBuy_US/images/products/4262/4262000_sa.jpg","createdAt":"2016-11-17T18:01:06.648Z","updatedAt":"2016-11-17T18:01:06.648Z","categories":[{"id":"abcat0400000","name":"Cameras & Camcorders","createdAt":"2016-11-17T17:57:04.285Z","updatedAt":"2016-11-17T17:57:04.285Z"},{"id":"abcat0410000","name":"Digital Camera Accessories","createdAt":"2016-11-17T17:57:04.285Z","updatedAt":"2016-11-17T17:57:04.285Z"},{"id":"abcat0410018","name":"Camera Lenses","createdAt":"2016-11-17T17:57:04.285Z","updatedAt":"2016-11-17T17:57:04.285Z"},{"id":"pcmcat195200050001","name":"Prime Lenses","createdAt":"2016-11-17T17:57:05.399Z","updatedAt":"2016-11-17T17:57:05.399Z"},{"id":"pcmcat233000050008","name":"DSLR Lenses","createdAt":"2016-11-17T17:57:05.399Z","updatedAt":"2016-11-17T17:57:05.399Z"}]}]}

22:49:06.198 [pool-1-thread-4] INFO  com.intuit.karate.Runner - <<pass>> feature 8 of 17: classpath:com/n26/bestbuy/api/products/products-post.feature
---------------------------------------------------------
feature: classpath:com/n26/bestbuy/api/products/products-post.feature
report: target\surefire-reports\com.n26.bestbuy.api.products.products-post.json
scenarios:  3 | passed:  3 | failed:  0 | time: 13.6628
---------------------------------------------------------
22:49:06.209 [ForkJoinPool-1-worker-2] INFO  com.intuit.karate - karate.env system property was: null 
22:49:06.213 [ForkJoinPool-1-worker-1] DEBUG com.intuit.karate - response time in milliseconds: 4421.20
1 < 200
1 < Access-Control-Allow-Origin: *
1 < Allow: GET,POST,PUT,PATCH,DELETE
1 < Connection: keep-alive
1 < Content-Type: application/json; charset=utf-8
1 < Date: Fri, 08 Nov 2019 17:19:06 GMT
1 < ETag: W/"26ba-UOMZTn8L8Lk9aDbN1qp7bvK0uFQ"
1 < Transfer-Encoding: chunked
1 < Vary: Accept, Accept-Encoding
1 < X-Powered-By: Express
{"total":29,"limit":10,"skip":0,"data":[{"id":2698105,"name":"Sony - 43\" Class (42.5\" Diag.) - LED - 2160p - Smart - 4K Ultra HD TV - Black","type":"HardGood","price":699.99,"upc":"027242888067","shipping":0,"description":"2160p resolutionMotionflow XR 960Smart Android TV with Google Play and Google Cast built-in","manufacturer":"Sony","model":"XBR43X830C","url":"http://www.bestbuy.com/site/sony-43-class-42-5-diag--led-2160p-smart-4k-ultra-hd-tv-black/2698105.p?id=1219555371949&skuId=2698105&cmp=RMXCC","image":"http://img.bbystatic.com/BestBuy_US/images/products/2698/2698105_sa.jpg","createdAt":"2016-11-17T18:01:44.806Z","updatedAt":"2016-11-17T18:01:44.806Z","categories":[{"id":"abcat0100000","name":"TV & Home Theater","createdAt":"2016-11-17T17:57:04.285Z","updatedAt":"2016-11-17T17:57:04.285Z"},{"id":"abcat0101000","name":"TVs","createdAt":"2016-11-17T17:57:04.285Z","updatedAt":"2016-11-17T17:57:04.285Z"},{"id":"pcmcat333800050003","name":"4K Ultra HD TVs","createdAt":"2016-11-17T17:57:04.643Z","updatedAt":"2016-11-17T17:57:04.643Z"}]},{"id":3892026,"name":"LG - 50\" Class (49.5\" Diag.) - LED - 1080p - Smart - HDTV - Black","type":"HardGood","price":549.99,"upc":"719192597044","shipping":0,"description":"1080p resolutionTruMotion 120Smart TV, LG Content Store, Web browser included","manufacturer":"LG","model":"50LF6100","url":"http://www.bestbuy.com/site/lg-50-class-49-5-diag--led-1080p-smart-hdtv-black/3892026.p?id=1219606085772&skuId=3892026&cmp=RMXCC","image":"http://img.bbystatic.com/BestBuy_US/images/products/3892/3892026_sa.jpg","createdAt":"2016-11-17T18:00:01.751Z","updatedAt":"2016-11-17T18:00:01.751Z","categories":[{"id":"abcat0100000","name":"TV & Home Theater","createdAt":"2016-11-17T17:57:04.285Z","updatedAt":"2016-11-17T17:57:04.285Z"},{"id":"abcat0101000","name":"TVs","createdAt":"2016-11-17T17:57:04.285Z","updatedAt":"2016-11-17T17:57:04.285Z"},{"id":"abcat0101001","name":"All Flat-Panel TVs","createdAt":"2016-11-17T17:57:04.285Z","updatedAt":"2016-11-17T17:57:04.285Z"}]},{"id":3953157,"name":"Samsung - 40\" Class (40\" Diag.) - LED - 2160p - Smart - 4K Ultra HD TV - Black","type":"HardGood","price":749.99,"upc":"887276075716","shipping":0,"description":"2160p 4K Ultra HD resolutionClear Motion Rate 120Smart TV, S-Recommendation, Web browser","manufacturer":"Samsung","model":"UN40JU6500FXZA","url":"http://www.bestbuy.com/site/samsung-40-class-40-diag--led-2160p-smart-4k-ultra-hd-tv-black/3953157.p?id=1219609307257&skuId=3953157&cmp=RMXCC","image":"http://img.bbystatic.com/BestBuy_US/images/products/3953/3953157_sa.jpg","createdAt":"2016-11-17T18:00:31.886Z","updatedAt":"2016-11-17T18:00:31.886Z","categories":[{"id":"abcat0100000","name":"TV & Home Theater","createdAt":"2016-11-17T17:57:04.285Z","updatedAt":"2016-11-17T17:57:04.285Z"},{"id":"abcat0101000","name":"TVs","createdAt":"2016-11-17T17:57:04.285Z","updatedAt":"2016-11-17T17:57:04.285Z"},{"id":"pcmcat333800050003","name":"4K Ultra HD TVs","createdAt":"2016-11-17T17:57:04.643Z","updatedAt":"2016-11-17T17:57:04.643Z"}]},{"id":4405201,"name":"Samsung - 50\" Class (49.5\" Diag.) - LED - 1080p - Smart - HDTV - Black","type":"HardGood","price":699.99,"upc":"887276069210","shipping":0,"description":"1080p resolutionMotion Rate 60Smart TV, Web browser included","manufacturer":"Samsung","model":"UN50J5200AFXZA","url":"http://www.bestbuy.com/site/samsung-50-class-49-5-diag--led-1080p-smart-hdtv-black/4405201.p?id=1219743457219&skuId=4405201&cmp=RMXCC","image":"http://img.bbystatic.com/BestBuy_US/images/products/4405/4405201_sa.jpg","createdAt":"2016-11-17T18:01:06.648Z","updatedAt":"2016-11-17T18:01:06.648Z","categories":[{"id":"abcat0100000","name":"TV & Home Theater","createdAt":"2016-11-17T17:57:04.285Z","updatedAt":"2016-11-17T17:57:04.285Z"},{"id":"abcat0101000","name":"TVs","createdAt":"2016-11-17T17:57:04.285Z","updatedAt":"2016-11-17T17:57:04.285Z"},{"id":"abcat0101001","name":"All Flat-Panel TVs","createdAt":"2016-11-17T17:57:04.285Z","updatedAt":"2016-11-17T17:57:04.285Z"}]},{"id":4513700,"name":"Samsung - 48\" Class (47.6\" Diag.) - LED - 1080p - Smart - HDTV - Black","type":"HardGood","price":599.99,"upc":"887276124797","shipping":0,"description":"1080p resolutionMotion Rate 60Smart TV, Samsung Smart Hub, Web browser included","manufacturer":"Samsung","model":"UN48J5201AFXZA","url":"http://www.bestbuy.com/site/samsung-48-class-47-6-diag--led-1080p-smart-hdtv-black/4513700.p?id=1219756369972&skuId=4513700&cmp=RMXCC","image":"http://img.bbystatic.com/BestBuy_US/images/products/4513/4513700_sa.jpg","createdAt":"2016-11-17T17:58:03.298Z","updatedAt":"2016-11-17T17:58:03.298Z","categories":[{"id":"abcat0100000","name":"TV & Home Theater","createdAt":"2016-11-17T17:57:04.285Z","updatedAt":"2016-11-17T17:57:04.285Z"},{"id":"abcat0101000","name":"TVs","createdAt":"2016-11-17T17:57:04.285Z","updatedAt":"2016-11-17T17:57:04.285Z"},{"id":"abcat0101001","name":"All Flat-Panel TVs","createdAt":"2016-11-17T17:57:04.285Z","updatedAt":"2016-11-17T17:57:04.285Z"}]},{"id":4517000,"name":"LG - 49\" Class (48.5\" Diag.) - LED - 2160p - Smart - 4K Ultra HDTV - Black","type":"HardGood","price":599.99,"upc":"719192602632","shipping":0,"description":"2160p resolutionTruMotion 120Smart TV","manufacturer":"LG","model":"49UF6430","url":"http://www.bestbuy.com/site/lg-49-class-48-5-diag--led-2160p-smart-4k-ultra-hdtv-black/4517000.p?id=1219755712396&skuId=4517000&cmp=RMXCC","image":"http://img.bbystatic.com/BestBuy_US/images/products/4517/4517000_sa.jpg","createdAt":"2016-11-17T17:58:03.298Z","updatedAt":"2016-11-17T17:58:03.298Z","categories":[{"id":"abcat0100000","name":"TV & Home Theater","createdAt":"2016-11-17T17:57:04.285Z","updatedAt":"2016-11-17T17:57:04.285Z"},{"id":"abcat0101000","name":"TVs","createdAt":"2016-11-17T17:57:04.285Z","updatedAt":"2016-11-17T17:57:04.285Z"},{"id":"pcmcat333800050003","name":"4K Ultra HD TVs","createdAt":"2016-11-17T17:57:04.643Z","updatedAt":"2016-11-17T17:57:04.643Z"}]},{"id":4801501,"name":"Sony - 48\" Class (47.6\" Diag.) - LED - 1080p - Smart - HDTV - Black","type":"HardGood","price":549.99,"upc":"027242896482","shipping":0,"description":"1080p resolutionMotionflow XR 240Smart TV, Opera browser,","manufacturer":"Sony","model":"KDL48W650D","url":"http://www.bestbuy.com/site/sony-48-class-47-6-diag--led-1080p-smart-hdtv-black/4801501.p?id=1219824662196&skuId=4801501&cmp=RMXCC","image":"http://img.bbystatic.com/BestBuy_US/images/products/4801/4801501_sa.jpg","createdAt":"2016-11-17T18:02:21.601Z","updatedAt":"2016-11-17T18:02:21.601Z","categories":[{"id":"abcat0100000","name":"TV & Home Theater","createdAt":"2016-11-17T17:57:04.285Z","updatedAt":"2016-11-17T17:57:04.285Z"},{"id":"abcat0101000","name":"TVs","createdAt":"2016-11-17T17:57:04.285Z","updatedAt":"2016-11-17T17:57:04.285Z"},{"id":"abcat0101001","name":"All Flat-Panel TVs","createdAt":"2016-11-17T17:57:04.285Z","updatedAt":"2016-11-17T17:57:04.285Z"}]},{"id":4801700,"name":"Sony - 43\" Class (42.5\" Diag.) - LED - 2160p - Smart - 4K Ultra HD TV with High Dynamic Range - Black","type":"HardGood","price":749.99,"upc":"027242896529","shipping":0,"description":"2160p resolution with HDRMotionflow XR 240Smart TV, Android TV","manufacturer":"Sony","model":"XBR43X800D","url":"http://www.bestbuy.com/site/sony-43-class-42-5-diag--led-2160p-smart-4k-ultra-hd-tv-with-high-dynamic-range-black/4801700.p?id=1219824659346&skuId=4801700&cmp=RMXCC","image":"http://img.bbystatic.com/BestBuy_US/images/products/4801/4801700_sa.jpg","createdAt":"2016-11-17T18:02:21.601Z","updatedAt":"2016-11-17T18:02:21.601Z","categories":[{"id":"abcat0100000","name":"TV & Home Theater","createdAt":"2016-11-17T17:57:04.285Z","updatedAt":"2016-11-17T17:57:04.285Z"},{"id":"abcat0101000","name":"TVs","createdAt":"2016-11-17T17:57:04.285Z","updatedAt":"2016-11-17T17:57:04.285Z"},{"id":"pcmcat333800050003","name":"4K Ultra HD TVs","createdAt":"2016-11-17T17:57:04.643Z","updatedAt":"2016-11-17T17:57:04.643Z"}]},{"id":4801704,"name":"Sony - 49\" Class (48.5\" Diag.) - LED - 2160p - Smart - 4K Ultra HD TV - Black","type":"HardGood","price":799.99,"upc":"027242896581","shipping":0,"description":"2160p resolutionMotionflow XR 240Smart TV, Android TV","manufacturer":"Sony","model":"XBR49X700D","url":"http://www.bestbuy.com/site/sony-49-class-48-5-diag--led-2160p-smart-4k-ultra-hd-tv-black/4801704.p?id=1219824659349&skuId=4801704&cmp=RMXCC","image":"http://img.bbystatic.com/BestBuy_US/images/products/4801/4801704_sa.jpg","createdAt":"2016-11-17T18:02:21.601Z","updatedAt":"2016-11-17T18:02:21.601Z","categories":[{"id":"abcat0100000","name":"TV & Home Theater","createdAt":"2016-11-17T17:57:04.285Z","updatedAt":"2016-11-17T17:57:04.285Z"},{"id":"abcat0101000","name":"TVs","createdAt":"2016-11-17T17:57:04.285Z","updatedAt":"2016-11-17T17:57:04.285Z"},{"id":"pcmcat333800050003","name":"4K Ultra HD TVs","createdAt":"2016-11-17T17:57:04.643Z","updatedAt":"2016-11-17T17:57:04.643Z"}]},{"id":4807300,"name":"Toshiba - 55\" Class (54.6\" Diag.) - LED - 1080p - Smart - HDTV - Black","type":"HardGood","price":549.99,"upc":"600603198250","shipping":0,"description":"Only at Best Buy1080p resolution60Hz refresh rateSmart TV","manufacturer":"Toshiba","model":"55L421U","url":"http://www.bestbuy.com/site/toshiba-55-class-54-6-diag--led-1080p-smart-hdtv-black/4807300.p?id=bb4807300&skuId=4807300&cmp=RMXCC","image":"http://img.bbystatic.com/BestBuy_US/images/products/4807/4807300_sa.jpg","createdAt":"2016-11-17T17:58:03.298Z","updatedAt":"2016-11-17T17:58:03.298Z","categories":[{"id":"abcat0100000","name":"TV & Home Theater","createdAt":"2016-11-17T17:57:04.285Z","updatedAt":"2016-11-17T17:57:04.285Z"},{"id":"abcat0101000","name":"TVs","createdAt":"2016-11-17T17:57:04.285Z","updatedAt":"2016-11-17T17:57:04.285Z"},{"id":"abcat0101001","name":"All Flat-Panel TVs","createdAt":"2016-11-17T17:57:04.285Z","updatedAt":"2016-11-17T17:57:04.285Z"}]}]}

22:49:06.230 [ForkJoinPool-1-worker-1] INFO  com.intuit.karate - karate.env system property was: null 
22:49:06.243 [ForkJoinPool-1-worker-2] DEBUG com.intuit.karate - request:
1 > GET http://localhost:3030/categories?name%5B%24like%5D=*Mobile*
1 > Accept-Encoding: gzip,deflate
1 > Connection: Keep-Alive
1 > Host: localhost:3030
1 > User-Agent: Apache-HttpClient/4.5.5 (Java/1.8.0_221)

22:49:06.244 [ForkJoinPool-1-worker-1] DEBUG com.intuit.karate - request:
1 > GET http://localhost:3030/products?%24sort%5Bprice%5D=-1
1 > Accept-Encoding: gzip,deflate
1 > Connection: Keep-Alive
1 > Host: localhost:3030
1 > User-Agent: Apache-HttpClient/4.5.5 (Java/1.8.0_221)

22:49:06.368 [ForkJoinPool-1-worker-3] DEBUG com.intuit.karate - response time in milliseconds: 1806.48
1 < 200
1 < Access-Control-Allow-Origin: *
1 < Allow: GET,POST,PUT,PATCH,DELETE
1 < Connection: keep-alive
1 < Content-Type: application/json; charset=utf-8
1 < Date: Fri, 08 Nov 2019 17:19:06 GMT
1 < ETag: W/"1577-1ka8gZT/TT4ykD3mHTskILPg8Ls"
1 < Transfer-Encoding: chunked
1 < Vary: Accept, Accept-Encoding
1 < X-Powered-By: Express
{"total":55,"limit":10,"skip":0,"data":[{"id":"pcmcat282400050018","name":"Geek Squad Protection Plans for Mobile Phones","createdAt":"2016-11-17T17:57:04.285Z","updatedAt":"2016-11-17T17:57:04.285Z","subCategories":[],"categoryPath":[{"id":"pcmcat138100050018","name":"Geek Squad","createdAt":"2016-11-17T17:57:04.643Z","updatedAt":"2016-11-17T17:57:04.643Z"},{"id":"pcmcat282400050018","name":"Geek Squad Protection Plans for Mobile Phones","createdAt":"2016-11-17T17:57:04.285Z","updatedAt":"2016-11-17T17:57:04.285Z"},{"id":"pcmcat748300499229","name":"Promo E GS & AppleCare Pages","createdAt":"2016-11-17T17:57:04.899Z","updatedAt":"2016-11-17T17:57:04.899Z"}]},{"id":"pcmcat298000050005","name":"Mdot Mobile SAS","createdAt":"2016-11-17T17:57:04.285Z","updatedAt":"2016-11-17T17:57:04.285Z","subCategories":[],"categoryPath":[{"id":"pcmcat144600050035","name":"More Categories","createdAt":"2016-11-17T17:57:04.899Z","updatedAt":"2016-11-17T17:57:04.899Z"},{"id":"pcmcat221300050003","name":"Mdot Promotions","createdAt":"2016-11-17T17:57:05.399Z","updatedAt":"2016-11-17T17:57:05.399Z"},{"id":"pcmcat298000050005","name":"Mdot Mobile SAS","createdAt":"2016-11-17T17:57:04.285Z","updatedAt":"2016-11-17T17:57:04.285Z"}]},{"id":"pcmcat298200050001","name":"Mdot Mobile Phone Trade-In","createdAt":"2016-11-17T17:57:04.285Z","updatedAt":"2016-11-17T17:57:04.285Z","subCategories":[],"categoryPath":[{"id":"pcmcat144600050035","name":"More Categories","createdAt":"2016-11-17T17:57:04.899Z","updatedAt":"2016-11-17T17:57:04.899Z"},{"id":"pcmcat221300050003","name":"Mdot Promotions","createdAt":"2016-11-17T17:57:05.399Z","updatedAt":"2016-11-17T17:57:05.399Z"},{"id":"pcmcat298200050001","name":"Mdot Mobile Phone Trade-In","createdAt":"2016-11-17T17:57:04.285Z","updatedAt":"2016-11-17T17:57:04.285Z"}]},{"id":"pcmcat307000050001","name":"Mobile Payment Devices","createdAt":"2016-11-17T17:57:04.285Z","updatedAt":"2016-11-17T17:57:04.285Z","subCategories":[],"categoryPath":[{"id":"abcat0805000","name":"Office Electronics","createdAt":"2016-11-17T17:57:04.285Z","updatedAt":"2016-11-17T17:57:04.285Z"},{"id":"pcmcat307000050001","name":"Mobile Payment Devices","createdAt":"2016-11-17T17:57:04.285Z","updatedAt":"2016-11-17T17:57:04.285Z"},{"id":"pcmcat312300050015","name":"Connected Home & Housewares","createdAt":"2016-11-17T17:57:04.285Z","updatedAt":"2016-11-17T17:57:04.285Z"}]},{"id":"pcmcat310700050040","name":"Plantronics Mobile Headsets","createdAt":"2016-11-17T17:57:04.285Z","updatedAt":"2016-11-17T17:57:04.285Z","subCategories":[],"categoryPath":[{"id":"pcmcat128500050004","name":"Name Brands","createdAt":"2016-11-17T17:57:04.643Z","updatedAt":"2016-11-17T17:57:04.643Z"},{"id":"pcmcat309000050000","name":"Plantronics Headsets","createdAt":"2016-11-17T17:57:04.285Z","updatedAt":"2016-11-17T17:57:04.285Z"},{"id":"pcmcat310700050040","name":"Plantronics Mobile Headsets","createdAt":"2016-11-17T17:57:04.285Z","updatedAt":"2016-11-17T17:57:04.285Z"}]},{"id":"pcmcat313900050003","name":"Mobile Phone Accessories","createdAt":"2016-11-17T17:57:04.285Z","updatedAt":"2016-11-17T17:57:04.285Z","subCategories":[],"categoryPath":[{"id":"pcmcat128500050004","name":"Name Brands","createdAt":"2016-11-17T17:57:04.643Z","updatedAt":"2016-11-17T17:57:04.643Z"},{"id":"pcmcat155800050048","name":"Monster","createdAt":"2016-11-17T17:57:04.899Z","updatedAt":"2016-11-17T17:57:04.899Z"},{"id":"pcmcat313900050003","name":"Mobile Phone Accessories","createdAt":"2016-11-17T17:57:04.285Z","updatedAt":"2016-11-17T17:57:04.285Z"}]},{"id":"pcmcat339400050005","name":"T-Mobile Prepaid Minutes","createdAt":"2016-11-17T17:57:04.643Z","updatedAt":"2016-11-17T17:57:04.643Z","subCategories":[],"categoryPath":[{"id":"abcat0800000","name":"Cell Phones","createdAt":"2016-11-17T17:57:04.285Z","updatedAt":"2016-11-17T17:57:04.285Z"},{"id":"pcmcat208100050004","name":"T-Mobile","createdAt":"2016-11-17T17:57:05.399Z","updatedAt":"2016-11-17T17:57:05.399Z"},{"id":"pcmcat339400050005","name":"T-Mobile Prepaid Minutes","createdAt":"2016-11-17T17:57:04.643Z","updatedAt":"2016-11-17T17:57:04.643Z"}]},{"id":"pcmcat339400050006","name":"T-Mobile SIM Cards","createdAt":"2016-11-17T17:57:04.643Z","updatedAt":"2016-11-17T17:57:04.643Z","subCategories":[],"categoryPath":[{"id":"abcat0800000","name":"Cell Phones","createdAt":"2016-11-17T17:57:04.285Z","updatedAt":"2016-11-17T17:57:04.285Z"},{"id":"pcmcat208100050004","name":"T-Mobile","createdAt":"2016-11-17T17:57:05.399Z","updatedAt":"2016-11-17T17:57:05.399Z"},{"id":"pcmcat339400050006","name":"T-Mobile SIM Cards","createdAt":"2016-11-17T17:57:04.643Z","updatedAt":"2016-11-17T17:57:04.643Z"}]},{"id":"pcmcat383800050000","name":"Boost Mobile","createdAt":"2016-11-17T17:57:04.643Z","updatedAt":"2016-11-17T17:57:04.643Z","subCategories":[],"categoryPath":[{"id":"pcmcat128500050004","name":"Name Brands","createdAt":"2016-11-17T17:57:04.643Z","updatedAt":"2016-11-17T17:57:04.643Z"},{"id":"pcmcat383800050000","name":"Boost Mobile","createdAt":"2016-11-17T17:57:04.643Z","updatedAt":"2016-11-17T17:57:04.643Z"}]},{"id":"pcmcat383800050001","name":"Virgin Mobile","createdAt":"2016-11-17T17:57:04.643Z","updatedAt":"2016-11-17T17:57:04.643Z","subCategories":[],"categoryPath":[{"id":"pcmcat128500050004","name":"Name Brands","createdAt":"2016-11-17T17:57:04.643Z","updatedAt":"2016-11-17T17:57:04.643Z"},{"id":"pcmcat383800050001","name":"Virgin Mobile","createdAt":"2016-11-17T17:57:04.643Z","updatedAt":"2016-11-17T17:57:04.643Z"}]}]}

22:49:06.371 [ForkJoinPool-1-worker-3] INFO  com.intuit.karate - [print] {
  "total": 55,
  "limit": 10,
  "skip": 0,
  "data": [
    {
      "id": "pcmcat282400050018",
      "name": "Geek Squad Protection Plans for Mobile Phones",
      "createdAt": "2016-11-17T17:57:04.285Z",
      "updatedAt": "2016-11-17T17:57:04.285Z",
      "subCategories": [
      ],
      "categoryPath": [
        {
          "id": "pcmcat138100050018",
          "name": "Geek Squad",
          "createdAt": "2016-11-17T17:57:04.643Z",
          "updatedAt": "2016-11-17T17:57:04.643Z"
        },
        {
          "id": "pcmcat282400050018",
          "name": "Geek Squad Protection Plans for Mobile Phones",
          "createdAt": "2016-11-17T17:57:04.285Z",
          "updatedAt": "2016-11-17T17:57:04.285Z"
        },
        {
          "id": "pcmcat748300499229",
          "name": "Promo E GS & AppleCare Pages",
          "createdAt": "2016-11-17T17:57:04.899Z",
          "updatedAt": "2016-11-17T17:57:04.899Z"
        }
      ]
    },
    {
      "id": "pcmcat298000050005",
      "name": "Mdot Mobile SAS",
      "createdAt": "2016-11-17T17:57:04.285Z",
      "updatedAt": "2016-11-17T17:57:04.285Z",
      "subCategories": [
      ],
      "categoryPath": [
        {
          "id": "pcmcat144600050035",
          "name": "More Categories",
          "createdAt": "2016-11-17T17:57:04.899Z",
          "updatedAt": "2016-11-17T17:57:04.899Z"
        },
        {
          "id": "pcmcat221300050003",
          "name": "Mdot Promotions",
          "createdAt": "2016-11-17T17:57:05.399Z",
          "updatedAt": "2016-11-17T17:57:05.399Z"
        },
        {
          "id": "pcmcat298000050005",
          "name": "Mdot Mobile SAS",
          "createdAt": "2016-11-17T17:57:04.285Z",
          "updatedAt": "2016-11-17T17:57:04.285Z"
        }
      ]
    },
    {
      "id": "pcmcat298200050001",
      "name": "Mdot Mobile Phone Trade-In",
      "createdAt": "2016-11-17T17:57:04.285Z",
      "updatedAt": "2016-11-17T17:57:04.285Z",
      "subCategories": [
      ],
      "categoryPath": [
        {
          "id": "pcmcat144600050035",
          "name": "More Categories",
          "createdAt": "2016-11-17T17:57:04.899Z",
          "updatedAt": "2016-11-17T17:57:04.899Z"
        },
        {
          "id": "pcmcat221300050003",
          "name": "Mdot Promotions",
          "createdAt": "2016-11-17T17:57:05.399Z",
          "updatedAt": "2016-11-17T17:57:05.399Z"
        },
        {
          "id": "pcmcat298200050001",
          "name": "Mdot Mobile Phone Trade-In",
          "createdAt": "2016-11-17T17:57:04.285Z",
          "updatedAt": "2016-11-17T17:57:04.285Z"
        }
      ]
    },
    {
      "id": "pcmcat307000050001",
      "name": "Mobile Payment Devices",
      "createdAt": "2016-11-17T17:57:04.285Z",
      "updatedAt": "2016-11-17T17:57:04.285Z",
      "subCategories": [
      ],
      "categoryPath": [
        {
          "id": "abcat0805000",
          "name": "Office Electronics",
          "createdAt": "2016-11-17T17:57:04.285Z",
          "updatedAt": "2016-11-17T17:57:04.285Z"
        },
        {
          "id": "pcmcat307000050001",
          "name": "Mobile Payment Devices",
          "createdAt": "2016-11-17T17:57:04.285Z",
          "updatedAt": "2016-11-17T17:57:04.285Z"
        },
        {
          "id": "pcmcat312300050015",
          "name": "Connected Home & Housewares",
          "createdAt": "2016-11-17T17:57:04.285Z",
          "updatedAt": "2016-11-17T17:57:04.285Z"
        }
      ]
    },
    {
      "id": "pcmcat310700050040",
      "name": "Plantronics Mobile Headsets",
      "createdAt": "2016-11-17T17:57:04.285Z",
      "updatedAt": "2016-11-17T17:57:04.285Z",
      "subCategories": [
      ],
      "categoryPath": [
        {
          "id": "pcmcat128500050004",
          "name": "Name Brands",
          "createdAt": "2016-11-17T17:57:04.643Z",
          "updatedAt": "2016-11-17T17:57:04.643Z"
        },
        {
          "id": "pcmcat309000050000",
          "name": "Plantronics Headsets",
          "createdAt": "2016-11-17T17:57:04.285Z",
          "updatedAt": "2016-11-17T17:57:04.285Z"
        },
        {
          "id": "pcmcat310700050040",
          "name": "Plantronics Mobile Headsets",
          "createdAt": "2016-11-17T17:57:04.285Z",
          "updatedAt": "2016-11-17T17:57:04.285Z"
        }
      ]
    },
    {
      "id": "pcmcat313900050003",
      "name": "Mobile Phone Accessories",
      "createdAt": "2016-11-17T17:57:04.285Z",
      "updatedAt": "2016-11-17T17:57:04.285Z",
      "subCategories": [
      ],
      "categoryPath": [
        {
          "id": "pcmcat128500050004",
          "name": "Name Brands",
          "createdAt": "2016-11-17T17:57:04.643Z",
          "updatedAt": "2016-11-17T17:57:04.643Z"
        },
        {
          "id": "pcmcat155800050048",
          "name": "Monster",
          "createdAt": "2016-11-17T17:57:04.899Z",
          "updatedAt": "2016-11-17T17:57:04.899Z"
        },
        {
          "id": "pcmcat313900050003",
          "name": "Mobile Phone Accessories",
          "createdAt": "2016-11-17T17:57:04.285Z",
          "updatedAt": "2016-11-17T17:57:04.285Z"
        }
      ]
    },
    {
      "id": "pcmcat339400050005",
      "name": "T-Mobile Prepaid Minutes",
      "createdAt": "2016-11-17T17:57:04.643Z",
      "updatedAt": "2016-11-17T17:57:04.643Z",
      "subCategories": [
      ],
      "categoryPath": [
        {
          "id": "abcat0800000",
          "name": "Cell Phones",
          "createdAt": "2016-11-17T17:57:04.285Z",
          "updatedAt": "2016-11-17T17:57:04.285Z"
        },
        {
          "id": "pcmcat208100050004",
          "name": "T-Mobile",
          "createdAt": "2016-11-17T17:57:05.399Z",
          "updatedAt": "2016-11-17T17:57:05.399Z"
        },
        {
          "id": "pcmcat339400050005",
          "name": "T-Mobile Prepaid Minutes",
          "createdAt": "2016-11-17T17:57:04.643Z",
          "updatedAt": "2016-11-17T17:57:04.643Z"
        }
      ]
    },
    {
      "id": "pcmcat339400050006",
      "name": "T-Mobile SIM Cards",
      "createdAt": "2016-11-17T17:57:04.643Z",
      "updatedAt": "2016-11-17T17:57:04.643Z",
      "subCategories": [
      ],
      "categoryPath": [
        {
          "id": "abcat0800000",
          "name": "Cell Phones",
          "createdAt": "2016-11-17T17:57:04.285Z",
          "updatedAt": "2016-11-17T17:57:04.285Z"
        },
        {
          "id": "pcmcat208100050004",
          "name": "T-Mobile",
          "createdAt": "2016-11-17T17:57:05.399Z",
          "updatedAt": "2016-11-17T17:57:05.399Z"
        },
        {
          "id": "pcmcat339400050006",
          "name": "T-Mobile SIM Cards",
          "createdAt": "2016-11-17T17:57:04.643Z",
          "updatedAt": "2016-11-17T17:57:04.643Z"
        }
      ]
    },
    {
      "id": "pcmcat383800050000",
      "name": "Boost Mobile",
      "createdAt": "2016-11-17T17:57:04.643Z",
      "updatedAt": "2016-11-17T17:57:04.643Z",
      "subCategories": [
      ],
      "categoryPath": [
        {
          "id": "pcmcat128500050004",
          "name": "Name Brands",
          "createdAt": "2016-11-17T17:57:04.643Z",
          "updatedAt": "2016-11-17T17:57:04.643Z"
        },
        {
          "id": "pcmcat383800050000",
          "name": "Boost Mobile",
          "createdAt": "2016-11-17T17:57:04.643Z",
          "updatedAt": "2016-11-17T17:57:04.643Z"
        }
      ]
    },
    {
      "id": "pcmcat383800050001",
      "name": "Virgin Mobile",
      "createdAt": "2016-11-17T17:57:04.643Z",
      "updatedAt": "2016-11-17T17:57:04.643Z",
      "subCategories": [
      ],
      "categoryPath": [
        {
          "id": "pcmcat128500050004",
          "name": "Name Brands",
          "createdAt": "2016-11-17T17:57:04.643Z",
          "updatedAt": "2016-11-17T17:57:04.643Z"
        },
        {
          "id": "pcmcat383800050001",
          "name": "Virgin Mobile",
          "createdAt": "2016-11-17T17:57:04.643Z",
          "updatedAt": "2016-11-17T17:57:04.643Z"
        }
      ]
    }
  ]
}

22:49:06.376 [ForkJoinPool-1-worker-4] DEBUG com.intuit.karate - response time in milliseconds: 1078.79
1 < 200
1 < Access-Control-Allow-Origin: *
1 < Allow: GET,POST,PUT,PATCH,DELETE
1 < Connection: keep-alive
1 < Content-Type: application/json; charset=utf-8
1 < Date: Fri, 08 Nov 2019 17:19:06 GMT
1 < ETag: W/"4ab-7GMDj/sIuMw0h9HaaEQTI/9aFDc"
1 < Transfer-Encoding: chunked
1 < Vary: Accept, Accept-Encoding
1 < X-Powered-By: Express
{"total":21,"limit":10,"skip":0,"data":[{"id":1,"name":"Geek Squad Services","createdAt":"2016-11-17T17:56:35.881Z","updatedAt":"2016-11-17T17:56:35.881Z"},{"id":2,"name":"Best Buy Mobile","createdAt":"2016-11-17T17:56:35.881Z","updatedAt":"2016-11-17T17:56:35.881Z"},{"id":3,"name":"Best Buy For Business","createdAt":"2016-11-17T17:56:35.881Z","updatedAt":"2016-11-17T17:56:35.881Z"},{"id":4,"name":"Apple Shop","createdAt":"2016-11-17T17:56:35.881Z","updatedAt":"2016-11-17T17:56:35.881Z"},{"id":5,"name":"Hablamos Español","createdAt":"2016-11-17T17:56:35.881Z","updatedAt":"2016-11-17T17:56:35.881Z"},{"id":6,"name":"Camera Experience Shop ","createdAt":"2016-11-17T17:56:35.881Z","updatedAt":"2016-11-17T17:56:35.881Z"},{"id":7,"name":"Electronics Recycling","createdAt":"2016-11-17T17:56:35.881Z","updatedAt":"2016-11-17T17:56:35.881Z"},{"id":8,"name":"Magnolia Home Theater","createdAt":"2016-11-17T17:56:35.881Z","updatedAt":"2016-11-17T17:56:35.881Z"},{"id":9,"name":"Samsung Experience Shop","createdAt":"2016-11-17T17:56:35.881Z","updatedAt":"2016-11-17T17:56:35.881Z"},{"id":10,"name":"Windows Store","createdAt":"2016-11-17T17:56:35.881Z","updatedAt":"2016-11-17T17:56:35.881Z"}]}

22:49:06.386 [ForkJoinPool-1-worker-3] INFO  com.intuit.karate - karate.env system property was: null 
22:49:06.390 [ForkJoinPool-1-worker-4] INFO  com.intuit.karate - karate.env system property was: null 
22:49:06.393 [ForkJoinPool-1-worker-3] DEBUG com.intuit.karate - request:
1 > GET http://localhost:3030/services
1 > Accept-Encoding: gzip,deflate
1 > Connection: Keep-Alive
1 > Host: localhost:3030
1 > User-Agent: Apache-HttpClient/4.5.5 (Java/1.8.0_221)

22:49:06.397 [ForkJoinPool-1-worker-4] DEBUG com.intuit.karate - request:
1 > GET http://localhost:3030/services
1 > Accept-Encoding: gzip,deflate
1 > Connection: Keep-Alive
1 > Host: localhost:3030
1 > User-Agent: Apache-HttpClient/4.5.5 (Java/1.8.0_221)

22:49:06.420 [ForkJoinPool-1-worker-5] DEBUG com.intuit.karate - response time in milliseconds: 1106.05
1 < 500
1 < Access-Control-Allow-Origin: *
1 < Allow: GET,POST,PUT,PATCH,DELETE
1 < Connection: keep-alive
1 < Content-Length: 136
1 < Content-Type: application/json; charset=utf-8
1 < Date: Fri, 08 Nov 2019 17:19:06 GMT
1 < ETag: W/"88-e8uslLG0bI45ttWPqYwsOCTVQHs"
1 < Vary: Accept-Encoding
1 < X-Powered-By: Express
{"name":"GeneralError","message":"Cannot read property 'map' of undefined","code":500,"className":"general-error","data":{},"errors":{}}

22:49:06.421 [ForkJoinPool-1-worker-5] INFO  com.intuit.karate - [print] {
  "name": "GeneralError",
  "message": "Cannot read property 'map' of undefined",
  "code": 500,
  "className": "general-error",
  "data": {
  },
  "errors": {
  }
}

22:49:06.432 [ForkJoinPool-1-worker-5] INFO  com.intuit.karate - karate.env system property was: null 
22:49:06.437 [ForkJoinPool-1-worker-5] DEBUG com.intuit.karate - request:
1 > GET http://localhost:3030/services
1 > Accept-Encoding: gzip,deflate
1 > Connection: Keep-Alive
1 > Host: localhost:3030
1 > User-Agent: Apache-HttpClient/4.5.5 (Java/1.8.0_221)

22:49:07.855 [ForkJoinPool-1-worker-2] DEBUG com.intuit.karate - response time in milliseconds: 1336.30
1 < 200
1 < Access-Control-Allow-Origin: *
1 < Allow: GET,POST,PUT,PATCH,DELETE
1 < Connection: keep-alive
1 < Content-Type: application/json; charset=utf-8
1 < Date: Fri, 08 Nov 2019 17:19:07 GMT
1 < ETag: W/"1577-1ka8gZT/TT4ykD3mHTskILPg8Ls"
1 < Transfer-Encoding: chunked
1 < Vary: Accept, Accept-Encoding
1 < X-Powered-By: Express
{"total":55,"limit":10,"skip":0,"data":[{"id":"pcmcat282400050018","name":"Geek Squad Protection Plans for Mobile Phones","createdAt":"2016-11-17T17:57:04.285Z","updatedAt":"2016-11-17T17:57:04.285Z","subCategories":[],"categoryPath":[{"id":"pcmcat138100050018","name":"Geek Squad","createdAt":"2016-11-17T17:57:04.643Z","updatedAt":"2016-11-17T17:57:04.643Z"},{"id":"pcmcat282400050018","name":"Geek Squad Protection Plans for Mobile Phones","createdAt":"2016-11-17T17:57:04.285Z","updatedAt":"2016-11-17T17:57:04.285Z"},{"id":"pcmcat748300499229","name":"Promo E GS & AppleCare Pages","createdAt":"2016-11-17T17:57:04.899Z","updatedAt":"2016-11-17T17:57:04.899Z"}]},{"id":"pcmcat298000050005","name":"Mdot Mobile SAS","createdAt":"2016-11-17T17:57:04.285Z","updatedAt":"2016-11-17T17:57:04.285Z","subCategories":[],"categoryPath":[{"id":"pcmcat144600050035","name":"More Categories","createdAt":"2016-11-17T17:57:04.899Z","updatedAt":"2016-11-17T17:57:04.899Z"},{"id":"pcmcat221300050003","name":"Mdot Promotions","createdAt":"2016-11-17T17:57:05.399Z","updatedAt":"2016-11-17T17:57:05.399Z"},{"id":"pcmcat298000050005","name":"Mdot Mobile SAS","createdAt":"2016-11-17T17:57:04.285Z","updatedAt":"2016-11-17T17:57:04.285Z"}]},{"id":"pcmcat298200050001","name":"Mdot Mobile Phone Trade-In","createdAt":"2016-11-17T17:57:04.285Z","updatedAt":"2016-11-17T17:57:04.285Z","subCategories":[],"categoryPath":[{"id":"pcmcat144600050035","name":"More Categories","createdAt":"2016-11-17T17:57:04.899Z","updatedAt":"2016-11-17T17:57:04.899Z"},{"id":"pcmcat221300050003","name":"Mdot Promotions","createdAt":"2016-11-17T17:57:05.399Z","updatedAt":"2016-11-17T17:57:05.399Z"},{"id":"pcmcat298200050001","name":"Mdot Mobile Phone Trade-In","createdAt":"2016-11-17T17:57:04.285Z","updatedAt":"2016-11-17T17:57:04.285Z"}]},{"id":"pcmcat307000050001","name":"Mobile Payment Devices","createdAt":"2016-11-17T17:57:04.285Z","updatedAt":"2016-11-17T17:57:04.285Z","subCategories":[],"categoryPath":[{"id":"abcat0805000","name":"Office Electronics","createdAt":"2016-11-17T17:57:04.285Z","updatedAt":"2016-11-17T17:57:04.285Z"},{"id":"pcmcat307000050001","name":"Mobile Payment Devices","createdAt":"2016-11-17T17:57:04.285Z","updatedAt":"2016-11-17T17:57:04.285Z"},{"id":"pcmcat312300050015","name":"Connected Home & Housewares","createdAt":"2016-11-17T17:57:04.285Z","updatedAt":"2016-11-17T17:57:04.285Z"}]},{"id":"pcmcat310700050040","name":"Plantronics Mobile Headsets","createdAt":"2016-11-17T17:57:04.285Z","updatedAt":"2016-11-17T17:57:04.285Z","subCategories":[],"categoryPath":[{"id":"pcmcat128500050004","name":"Name Brands","createdAt":"2016-11-17T17:57:04.643Z","updatedAt":"2016-11-17T17:57:04.643Z"},{"id":"pcmcat309000050000","name":"Plantronics Headsets","createdAt":"2016-11-17T17:57:04.285Z","updatedAt":"2016-11-17T17:57:04.285Z"},{"id":"pcmcat310700050040","name":"Plantronics Mobile Headsets","createdAt":"2016-11-17T17:57:04.285Z","updatedAt":"2016-11-17T17:57:04.285Z"}]},{"id":"pcmcat313900050003","name":"Mobile Phone Accessories","createdAt":"2016-11-17T17:57:04.285Z","updatedAt":"2016-11-17T17:57:04.285Z","subCategories":[],"categoryPath":[{"id":"pcmcat128500050004","name":"Name Brands","createdAt":"2016-11-17T17:57:04.643Z","updatedAt":"2016-11-17T17:57:04.643Z"},{"id":"pcmcat155800050048","name":"Monster","createdAt":"2016-11-17T17:57:04.899Z","updatedAt":"2016-11-17T17:57:04.899Z"},{"id":"pcmcat313900050003","name":"Mobile Phone Accessories","createdAt":"2016-11-17T17:57:04.285Z","updatedAt":"2016-11-17T17:57:04.285Z"}]},{"id":"pcmcat339400050005","name":"T-Mobile Prepaid Minutes","createdAt":"2016-11-17T17:57:04.643Z","updatedAt":"2016-11-17T17:57:04.643Z","subCategories":[],"categoryPath":[{"id":"abcat0800000","name":"Cell Phones","createdAt":"2016-11-17T17:57:04.285Z","updatedAt":"2016-11-17T17:57:04.285Z"},{"id":"pcmcat208100050004","name":"T-Mobile","createdAt":"2016-11-17T17:57:05.399Z","updatedAt":"2016-11-17T17:57:05.399Z"},{"id":"pcmcat339400050005","name":"T-Mobile Prepaid Minutes","createdAt":"2016-11-17T17:57:04.643Z","updatedAt":"2016-11-17T17:57:04.643Z"}]},{"id":"pcmcat339400050006","name":"T-Mobile SIM Cards","createdAt":"2016-11-17T17:57:04.643Z","updatedAt":"2016-11-17T17:57:04.643Z","subCategories":[],"categoryPath":[{"id":"abcat0800000","name":"Cell Phones","createdAt":"2016-11-17T17:57:04.285Z","updatedAt":"2016-11-17T17:57:04.285Z"},{"id":"pcmcat208100050004","name":"T-Mobile","createdAt":"2016-11-17T17:57:05.399Z","updatedAt":"2016-11-17T17:57:05.399Z"},{"id":"pcmcat339400050006","name":"T-Mobile SIM Cards","createdAt":"2016-11-17T17:57:04.643Z","updatedAt":"2016-11-17T17:57:04.643Z"}]},{"id":"pcmcat383800050000","name":"Boost Mobile","createdAt":"2016-11-17T17:57:04.643Z","updatedAt":"2016-11-17T17:57:04.643Z","subCategories":[],"categoryPath":[{"id":"pcmcat128500050004","name":"Name Brands","createdAt":"2016-11-17T17:57:04.643Z","updatedAt":"2016-11-17T17:57:04.643Z"},{"id":"pcmcat383800050000","name":"Boost Mobile","createdAt":"2016-11-17T17:57:04.643Z","updatedAt":"2016-11-17T17:57:04.643Z"}]},{"id":"pcmcat383800050001","name":"Virgin Mobile","createdAt":"2016-11-17T17:57:04.643Z","updatedAt":"2016-11-17T17:57:04.643Z","subCategories":[],"categoryPath":[{"id":"pcmcat128500050004","name":"Name Brands","createdAt":"2016-11-17T17:57:04.643Z","updatedAt":"2016-11-17T17:57:04.643Z"},{"id":"pcmcat383800050001","name":"Virgin Mobile","createdAt":"2016-11-17T17:57:04.643Z","updatedAt":"2016-11-17T17:57:04.643Z"}]}]}

22:49:07.859 [ForkJoinPool-1-worker-2] INFO  com.intuit.karate - [print] {
  "total": 55,
  "limit": 10,
  "skip": 0,
  "data": [
    {
      "id": "pcmcat282400050018",
      "name": "Geek Squad Protection Plans for Mobile Phones",
      "createdAt": "2016-11-17T17:57:04.285Z",
      "updatedAt": "2016-11-17T17:57:04.285Z",
      "subCategories": [
      ],
      "categoryPath": [
        {
          "id": "pcmcat138100050018",
          "name": "Geek Squad",
          "createdAt": "2016-11-17T17:57:04.643Z",
          "updatedAt": "2016-11-17T17:57:04.643Z"
        },
        {
          "id": "pcmcat282400050018",
          "name": "Geek Squad Protection Plans for Mobile Phones",
          "createdAt": "2016-11-17T17:57:04.285Z",
          "updatedAt": "2016-11-17T17:57:04.285Z"
        },
        {
          "id": "pcmcat748300499229",
          "name": "Promo E GS & AppleCare Pages",
          "createdAt": "2016-11-17T17:57:04.899Z",
          "updatedAt": "2016-11-17T17:57:04.899Z"
        }
      ]
    },
    {
      "id": "pcmcat298000050005",
      "name": "Mdot Mobile SAS",
      "createdAt": "2016-11-17T17:57:04.285Z",
      "updatedAt": "2016-11-17T17:57:04.285Z",
      "subCategories": [
      ],
      "categoryPath": [
        {
          "id": "pcmcat144600050035",
          "name": "More Categories",
          "createdAt": "2016-11-17T17:57:04.899Z",
          "updatedAt": "2016-11-17T17:57:04.899Z"
        },
        {
          "id": "pcmcat221300050003",
          "name": "Mdot Promotions",
          "createdAt": "2016-11-17T17:57:05.399Z",
          "updatedAt": "2016-11-17T17:57:05.399Z"
        },
        {
          "id": "pcmcat298000050005",
          "name": "Mdot Mobile SAS",
          "createdAt": "2016-11-17T17:57:04.285Z",
          "updatedAt": "2016-11-17T17:57:04.285Z"
        }
      ]
    },
    {
      "id": "pcmcat298200050001",
      "name": "Mdot Mobile Phone Trade-In",
      "createdAt": "2016-11-17T17:57:04.285Z",
      "updatedAt": "2016-11-17T17:57:04.285Z",
      "subCategories": [
      ],
      "categoryPath": [
        {
          "id": "pcmcat144600050035",
          "name": "More Categories",
          "createdAt": "2016-11-17T17:57:04.899Z",
          "updatedAt": "2016-11-17T17:57:04.899Z"
        },
        {
          "id": "pcmcat221300050003",
          "name": "Mdot Promotions",
          "createdAt": "2016-11-17T17:57:05.399Z",
          "updatedAt": "2016-11-17T17:57:05.399Z"
        },
        {
          "id": "pcmcat298200050001",
          "name": "Mdot Mobile Phone Trade-In",
          "createdAt": "2016-11-17T17:57:04.285Z",
          "updatedAt": "2016-11-17T17:57:04.285Z"
        }
      ]
    },
    {
      "id": "pcmcat307000050001",
      "name": "Mobile Payment Devices",
      "createdAt": "2016-11-17T17:57:04.285Z",
      "updatedAt": "2016-11-17T17:57:04.285Z",
      "subCategories": [
      ],
      "categoryPath": [
        {
          "id": "abcat0805000",
          "name": "Office Electronics",
          "createdAt": "2016-11-17T17:57:04.285Z",
          "updatedAt": "2016-11-17T17:57:04.285Z"
        },
        {
          "id": "pcmcat307000050001",
          "name": "Mobile Payment Devices",
          "createdAt": "2016-11-17T17:57:04.285Z",
          "updatedAt": "2016-11-17T17:57:04.285Z"
        },
        {
          "id": "pcmcat312300050015",
          "name": "Connected Home & Housewares",
          "createdAt": "2016-11-17T17:57:04.285Z",
          "updatedAt": "2016-11-17T17:57:04.285Z"
        }
      ]
    },
    {
      "id": "pcmcat310700050040",
      "name": "Plantronics Mobile Headsets",
      "createdAt": "2016-11-17T17:57:04.285Z",
      "updatedAt": "2016-11-17T17:57:04.285Z",
      "subCategories": [
      ],
      "categoryPath": [
        {
          "id": "pcmcat128500050004",
          "name": "Name Brands",
          "createdAt": "2016-11-17T17:57:04.643Z",
          "updatedAt": "2016-11-17T17:57:04.643Z"
        },
        {
          "id": "pcmcat309000050000",
          "name": "Plantronics Headsets",
          "createdAt": "2016-11-17T17:57:04.285Z",
          "updatedAt": "2016-11-17T17:57:04.285Z"
        },
        {
          "id": "pcmcat310700050040",
          "name": "Plantronics Mobile Headsets",
          "createdAt": "2016-11-17T17:57:04.285Z",
          "updatedAt": "2016-11-17T17:57:04.285Z"
        }
      ]
    },
    {
      "id": "pcmcat313900050003",
      "name": "Mobile Phone Accessories",
      "createdAt": "2016-11-17T17:57:04.285Z",
      "updatedAt": "2016-11-17T17:57:04.285Z",
      "subCategories": [
      ],
      "categoryPath": [
        {
          "id": "pcmcat128500050004",
          "name": "Name Brands",
          "createdAt": "2016-11-17T17:57:04.643Z",
          "updatedAt": "2016-11-17T17:57:04.643Z"
        },
        {
          "id": "pcmcat155800050048",
          "name": "Monster",
          "createdAt": "2016-11-17T17:57:04.899Z",
          "updatedAt": "2016-11-17T17:57:04.899Z"
        },
        {
          "id": "pcmcat313900050003",
          "name": "Mobile Phone Accessories",
          "createdAt": "2016-11-17T17:57:04.285Z",
          "updatedAt": "2016-11-17T17:57:04.285Z"
        }
      ]
    },
    {
      "id": "pcmcat339400050005",
      "name": "T-Mobile Prepaid Minutes",
      "createdAt": "2016-11-17T17:57:04.643Z",
      "updatedAt": "2016-11-17T17:57:04.643Z",
      "subCategories": [
      ],
      "categoryPath": [
        {
          "id": "abcat0800000",
          "name": "Cell Phones",
          "createdAt": "2016-11-17T17:57:04.285Z",
          "updatedAt": "2016-11-17T17:57:04.285Z"
        },
        {
          "id": "pcmcat208100050004",
          "name": "T-Mobile",
          "createdAt": "2016-11-17T17:57:05.399Z",
          "updatedAt": "2016-11-17T17:57:05.399Z"
        },
        {
          "id": "pcmcat339400050005",
          "name": "T-Mobile Prepaid Minutes",
          "createdAt": "2016-11-17T17:57:04.643Z",
          "updatedAt": "2016-11-17T17:57:04.643Z"
        }
      ]
    },
    {
      "id": "pcmcat339400050006",
      "name": "T-Mobile SIM Cards",
      "createdAt": "2016-11-17T17:57:04.643Z",
      "updatedAt": "2016-11-17T17:57:04.643Z",
      "subCategories": [
      ],
      "categoryPath": [
        {
          "id": "abcat0800000",
          "name": "Cell Phones",
          "createdAt": "2016-11-17T17:57:04.285Z",
          "updatedAt": "2016-11-17T17:57:04.285Z"
        },
        {
          "id": "pcmcat208100050004",
          "name": "T-Mobile",
          "createdAt": "2016-11-17T17:57:05.399Z",
          "updatedAt": "2016-11-17T17:57:05.399Z"
        },
        {
          "id": "pcmcat339400050006",
          "name": "T-Mobile SIM Cards",
          "createdAt": "2016-11-17T17:57:04.643Z",
          "updatedAt": "2016-11-17T17:57:04.643Z"
        }
      ]
    },
    {
      "id": "pcmcat383800050000",
      "name": "Boost Mobile",
      "createdAt": "2016-11-17T17:57:04.643Z",
      "updatedAt": "2016-11-17T17:57:04.643Z",
      "subCategories": [
      ],
      "categoryPath": [
        {
          "id": "pcmcat128500050004",
          "name": "Name Brands",
          "createdAt": "2016-11-17T17:57:04.643Z",
          "updatedAt": "2016-11-17T17:57:04.643Z"
        },
        {
          "id": "pcmcat383800050000",
          "name": "Boost Mobile",
          "createdAt": "2016-11-17T17:57:04.643Z",
          "updatedAt": "2016-11-17T17:57:04.643Z"
        }
      ]
    },
    {
      "id": "pcmcat383800050001",
      "name": "Virgin Mobile",
      "createdAt": "2016-11-17T17:57:04.643Z",
      "updatedAt": "2016-11-17T17:57:04.643Z",
      "subCategories": [
      ],
      "categoryPath": [
        {
          "id": "pcmcat128500050004",
          "name": "Name Brands",
          "createdAt": "2016-11-17T17:57:04.643Z",
          "updatedAt": "2016-11-17T17:57:04.643Z"
        },
        {
          "id": "pcmcat383800050001",
          "name": "Virgin Mobile",
          "createdAt": "2016-11-17T17:57:04.643Z",
          "updatedAt": "2016-11-17T17:57:04.643Z"
        }
      ]
    }
  ]
}

22:49:07.886 [ForkJoinPool-1-worker-2] INFO  com.intuit.karate - karate.env system property was: null 
22:49:07.895 [ForkJoinPool-1-worker-2] DEBUG com.intuit.karate - request:
1 > GET http://localhost:3030/services
1 > Accept-Encoding: gzip,deflate
1 > Connection: Keep-Alive
1 > Host: localhost:3030
1 > User-Agent: Apache-HttpClient/4.5.5 (Java/1.8.0_221)

22:49:07.911 [pool-1-thread-1] INFO  com.intuit.karate.Runner - <<pass>> feature 1 of 17: classpath:com/n26/bestbuy/api/categories/categories-delete.feature
---------------------------------------------------------
feature: classpath:com/n26/bestbuy/api/categories/categories-delete.feature
report: target\surefire-reports\com.n26.bestbuy.api.categories.categories-delete.json
scenarios:  3 | passed:  3 | failed:  0 | time: 4.5802
---------------------------------------------------------
22:49:07.918 [ForkJoinPool-1-worker-1] DEBUG com.intuit.karate - response time in milliseconds: 1670.99
1 < 200
1 < Access-Control-Allow-Origin: *
1 < Allow: GET,POST,PUT,PATCH,DELETE
1 < Connection: keep-alive
1 < Content-Type: application/json; charset=utf-8
1 < Date: Fri, 08 Nov 2019 17:19:07 GMT
1 < ETag: W/"3293-P9azs8YOnTtIwIdcIW+1YJyStx8"
1 < Transfer-Encoding: chunked
1 < Vary: Accept, Accept-Encoding
1 < X-Powered-By: Express
{"total":51957,"limit":10,"skip":0,"data":[{"id":3041141,"name":"Sony - ES SXRD 3D-Ready 4K Home Theater Projector - Black","type":"HardGood","price":27999.98,"upc":"027242873193","shipping":0,"description":"4K (4096 x 2160) resolution2000 lumens brightness16:9 aspect ratio","manufacturer":"Sony","model":"VPLVW1100ES","url":"http://www.bestbuy.com/site/sony-es-sxrd-3d-ready-4k-home-theater-projector-black/3041141.p?id=1219086346401&skuId=3041141&cmp=RMXCC","image":"http://img.bbystatic.com/BestBuy_US/images/products/3041/3041141_sa.jpg","createdAt":"2016-11-17T18:02:21.601Z","updatedAt":"2016-11-17T18:02:21.601Z","categories":[{"id":"abcat0100000","name":"TV & Home Theater","createdAt":"2016-11-17T17:57:04.285Z","updatedAt":"2016-11-17T17:57:04.285Z"},{"id":"pcmcat158900050008","name":"Projectors & Screens","createdAt":"2016-11-17T17:57:04.899Z","updatedAt":"2016-11-17T17:57:04.899Z"},{"id":"pcmcat158900050018","name":"Projectors","createdAt":"2016-11-17T17:57:04.899Z","updatedAt":"2016-11-17T17:57:04.899Z"}]},{"id":1790046,"name":"Nikon - AF-S NIKKOR 800mm f/5.6E FL ED VR Super-Telephoto Lens for Select Nikon Cameras - Black","type":"HardGood","price":16299.99,"upc":"018208022052","shipping":0,"description":"Compatible with select Nikon cameras; VR (Vibration Reduction) image stabilization; ED (Extra-Low Dispersion) glass; SWM (Silent Wave Motor); 1.25x teleconverter","manufacturer":"Nikon","model":"2205","url":"http://www.bestbuy.com/site/nikon-af-s-nikkor-800mm-f-5-6e-fl-ed-vr-super-telephoto-lens-for-select-nikon-cameras-black/1790046.p?id=1219064724072&skuId=1790046&cmp=RMXCC","image":"http://img.bbystatic.com/BestBuy_US/images/products/1790/1790046_sa.jpg","createdAt":"2016-11-17T18:00:01.751Z","updatedAt":"2016-11-17T18:00:01.751Z","categories":[{"id":"abcat0400000","name":"Cameras & Camcorders","createdAt":"2016-11-17T17:57:04.285Z","updatedAt":"2016-11-17T17:57:04.285Z"},{"id":"abcat0410000","name":"Digital Camera Accessories","createdAt":"2016-11-17T17:57:04.285Z","updatedAt":"2016-11-17T17:57:04.285Z"},{"id":"abcat0410018","name":"Camera Lenses","createdAt":"2016-11-17T17:57:04.285Z","updatedAt":"2016-11-17T17:57:04.285Z"},{"id":"pcmcat195200050001","name":"Prime Lenses","createdAt":"2016-11-17T17:57:05.399Z","updatedAt":"2016-11-17T17:57:05.399Z"},{"id":"pcmcat233000050008","name":"DSLR Lenses","createdAt":"2016-11-17T17:57:05.399Z","updatedAt":"2016-11-17T17:57:05.399Z"}]},{"id":4621000,"name":"Sony - ES 4K SXRD Projector - Black","type":"HardGood","price":14999.98,"upc":"027242892095","shipping":0,"description":"4K Ultra HD resolution16:9 aspect ratio","manufacturer":"Sony","model":"VPLVW665ES","url":"http://www.bestbuy.com/site/sony-es-4k-sxrd-projector-black/4621000.p?id=1219780138505&skuId=4621000&cmp=RMXCC","image":"http://img.bbystatic.com/BestBuy_US/images/products/4621/4621000_sa.jpg","createdAt":"2016-11-17T18:01:33.383Z","updatedAt":"2016-11-17T18:01:33.383Z","categories":[{"id":"abcat0100000","name":"TV & Home Theater","createdAt":"2016-11-17T17:57:04.285Z","updatedAt":"2016-11-17T17:57:04.285Z"},{"id":"pcmcat158900050008","name":"Projectors & Screens","createdAt":"2016-11-17T17:57:04.899Z","updatedAt":"2016-11-17T17:57:04.899Z"},{"id":"pcmcat158900050018","name":"Projectors","createdAt":"2016-11-17T17:57:04.899Z","updatedAt":"2016-11-17T17:57:04.899Z"}]},{"id":8794897,"name":"Canon - EF 800mm f/5.6L IS USM Super-Telephoto Lens for Canon EOS Cameras - White","type":"HardGood","price":12999.99,"upc":"013803092738","shipping":0,"description":"Compatible with Canon EOS cameras; image stabilization; USM (Ultrasonic Motor); 800mm focal length; 0.14x maximum magnification; f/32 minimum and f/5.6 maximum aperture","manufacturer":"Canon","model":"2746B002","url":"http://www.bestbuy.com/site/canon-ef-800mm-f-5-6l-is-usm-super-telephoto-lens-for-canon-eos-cameras-white/8794897.p?id=1205537954826&skuId=8794897&cmp=RMXCC","image":"http://img.bbystatic.com/BestBuy_US/images/products/8794/8794897_rc.jpg","createdAt":"2016-11-17T18:00:31.886Z","updatedAt":"2016-11-17T18:00:31.886Z","categories":[{"id":"abcat0400000","name":"Cameras & Camcorders","createdAt":"2016-11-17T17:57:04.285Z","updatedAt":"2016-11-17T17:57:04.285Z"},{"id":"abcat0410000","name":"Digital Camera Accessories","createdAt":"2016-11-17T17:57:04.285Z","updatedAt":"2016-11-17T17:57:04.285Z"},{"id":"abcat0410018","name":"Camera Lenses","createdAt":"2016-11-17T17:57:04.285Z","updatedAt":"2016-11-17T17:57:04.285Z"},{"id":"pcmcat195200050001","name":"Prime Lenses","createdAt":"2016-11-17T17:57:05.399Z","updatedAt":"2016-11-17T17:57:05.399Z"},{"id":"pcmcat233000050008","name":"DSLR Lenses","createdAt":"2016-11-17T17:57:05.399Z","updatedAt":"2016-11-17T17:57:05.399Z"}]},{"id":4262200,"name":"Nikon - Nikkor AF-S 600mm f/4.0 E FL ED VR Optical Telephoto Lens for Nikon F - Black","type":"HardGood","price":12299.99,"upc":"018208200542","shipping":0,"description":"Compatible with 35mm SLRs and digital SLRs; optical image stabilization; tele; internal focusing system, full-time manual focusing, ED glass; 40.5mm filter size; 14.4' minimum focus distance; up to 0.14x magnification","manufacturer":"Nikon","model":"20054","url":"http://www.bestbuy.com/site/nikon-nikkor-af-s-600mm-f-4-0-e-fl-ed-vr-optical-telephoto-lens-for-nikon-f-black/4262200.p?id=1219732458980&skuId=4262200&cmp=RMXCC","image":"http://img.bbystatic.com/BestBuy_US/images/products/4262/4262200_sa.jpg","createdAt":"2016-11-17T18:01:06.648Z","updatedAt":"2016-11-17T18:01:06.648Z","categories":[{"id":"abcat0400000","name":"Cameras & Camcorders","createdAt":"2016-11-17T17:57:04.285Z","updatedAt":"2016-11-17T17:57:04.285Z"},{"id":"abcat0410000","name":"Digital Camera Accessories","createdAt":"2016-11-17T17:57:04.285Z","updatedAt":"2016-11-17T17:57:04.285Z"},{"id":"abcat0410018","name":"Camera Lenses","createdAt":"2016-11-17T17:57:04.285Z","updatedAt":"2016-11-17T17:57:04.285Z"},{"id":"pcmcat196500050012","name":"Long-Range Zoom Lenses","createdAt":"2016-11-17T17:57:05.399Z","updatedAt":"2016-11-17T17:57:05.399Z"},{"id":"pcmcat233000050008","name":"DSLR Lenses","createdAt":"2016-11-17T17:57:05.399Z","updatedAt":"2016-11-17T17:57:05.399Z"}]},{"id":8437043,"name":"Key Digital - Champion Series 16 x 16 HDMI Matrix Switcher - Black","type":"HardGood","price":11999.98,"upc":"819505001708","shipping":0,"description":"KEY DIGITAL Champion Series 16 x 16 HDMI Matrix Switcher: Compatible with most HDMI sources; 1080p maximum resolution; supports Dolby TrueHD, Dolby Digital Plus and DTS-HD Master Audio; 3D-ready","manufacturer":"Key Digital","model":"KD-16X16CS","url":"http://www.bestbuy.com/site/key-digital-champion-series-16-x-16-hdmi-matrix-switcher-black/8437043.p?id=1219691713155&skuId=8437043&cmp=RMXCC","image":"http://img.bbystatic.com/BestBuy_US/images/products/8437/8437043_sa.jpg","createdAt":"2016-11-17T18:01:44.806Z","updatedAt":"2016-11-17T18:01:44.806Z","categories":[{"id":"abcat0100000","name":"TV & Home Theater","createdAt":"2016-11-17T17:57:04.285Z","updatedAt":"2016-11-17T17:57:04.285Z"},{"id":"abcat0107000","name":"TV & Home Theater Accessories","createdAt":"2016-11-17T17:57:04.285Z","updatedAt":"2016-11-17T17:57:04.285Z"},{"id":"abcat0107015","name":"A/V Cables & Connectors","createdAt":"2016-11-17T17:57:04.285Z","updatedAt":"2016-11-17T17:57:04.285Z"},{"id":"pcmcat175600050016","name":"A/V Switchers","createdAt":"2016-11-17T17:57:05.399Z","updatedAt":"2016-11-17T17:57:05.399Z"}]},{"id":1688841,"name":"Canon - EF 600mm f/4L IS II USM Super Telephoto Lens for Most Canon EOS SLR Cameras - White","type":"HardGood","price":11499.99,"upc":"013803134148","shipping":0,"description":"Compatible with most Canon EOS SLR cameras; 3 image stabilization modes; inner focusing system; 52mm filter size; 14.8' minimum focus distance","manufacturer":"Canon","model":"5125B002","url":"http://www.bestbuy.com/site/canon-ef-600mm-f-4l-is-ii-usm-super-telephoto-lens-for-most-canon-eos-slr-cameras-white/1688841.p?id=1219060409045&skuId=1688841&cmp=RMXCC","image":"http://img.bbystatic.com/BestBuy_US/images/products/1688/1688841_rc.jpg","createdAt":"2016-11-17T17:58:03.298Z","updatedAt":"2016-11-17T17:58:03.298Z","categories":[{"id":"abcat0400000","name":"Cameras & Camcorders","createdAt":"2016-11-17T17:57:04.285Z","updatedAt":"2016-11-17T17:57:04.285Z"},{"id":"abcat0410000","name":"Digital Camera Accessories","createdAt":"2016-11-17T17:57:04.285Z","updatedAt":"2016-11-17T17:57:04.285Z"},{"id":"abcat0410018","name":"Camera Lenses","createdAt":"2016-11-17T17:57:04.285Z","updatedAt":"2016-11-17T17:57:04.285Z"},{"id":"pcmcat195200050001","name":"Prime Lenses","createdAt":"2016-11-17T17:57:05.399Z","updatedAt":"2016-11-17T17:57:05.399Z"},{"id":"pcmcat233000050008","name":"DSLR Lenses","createdAt":"2016-11-17T17:57:05.399Z","updatedAt":"2016-11-17T17:57:05.399Z"}]},{"id":9324006,"name":"Nikon - AF-S NIKKOR 400mm f/2.8E FL ED VR Lens for Select Nikon DSLR Cameras","type":"HardGood","price":11199.99,"upc":"018208022175","shipping":0,"description":"Compatible with most Nikon DSLR cameras with an F-Bayonet mount; lightweight design; image stabilization; ED glass; fluorite lens element; IF lens; nano crystal coat; silent wave motor","manufacturer":"Nikon","model":"2217","url":"http://www.bestbuy.com/site/nikon-af-s-nikkor-400mm-f-2-8e-fl-ed-vr-lens-for-select-nikon-dslr-cameras/9324006.p?id=1219405808498&skuId=9324006&cmp=RMXCC","image":"http://img.bbystatic.com/BestBuy_US/images/products/9324/9324006_sa.jpg","createdAt":"2016-11-17T17:58:46.655Z","updatedAt":"2016-11-17T17:58:46.655Z","categories":[{"id":"abcat0400000","name":"Cameras & Camcorders","createdAt":"2016-11-17T17:57:04.285Z","updatedAt":"2016-11-17T17:57:04.285Z"},{"id":"abcat0410000","name":"Digital Camera Accessories","createdAt":"2016-11-17T17:57:04.285Z","updatedAt":"2016-11-17T17:57:04.285Z"},{"id":"abcat0410018","name":"Camera Lenses","createdAt":"2016-11-17T17:57:04.285Z","updatedAt":"2016-11-17T17:57:04.285Z"},{"id":"pcmcat195200050001","name":"Prime Lenses","createdAt":"2016-11-17T17:57:05.399Z","updatedAt":"2016-11-17T17:57:05.399Z"},{"id":"pcmcat233000050008","name":"DSLR Lenses","createdAt":"2016-11-17T17:57:05.399Z","updatedAt":"2016-11-17T17:57:05.399Z"}]},{"id":1757296,"name":"Canon - EF 200-400mm f/4L IS USM Super Telephoto Lens for Most Canon EOS SLR Cameras - White","type":"HardGood","price":10999.99,"upc":"013803134179","shipping":0,"description":"Compatible with most Canon EOS SLR cameras; built-in 1.4x extender; 3 image stabilization modes; 52mm filter size; 6.6' minimum focus distance","manufacturer":"Canon","model":"5176B002","url":"http://www.bestbuy.com/site/canon-ef-200-400mm-f-4l-is-usm-super-telephoto-lens-for-most-canon-eos-slr-cameras-white/1757296.p?id=1219062656772&skuId=1757296&cmp=RMXCC","image":"http://img.bbystatic.com/BestBuy_US/images/products/1757/1757296_sa.jpg","createdAt":"2016-11-17T17:59:24.820Z","updatedAt":"2016-11-17T17:59:24.820Z","categories":[{"id":"abcat0400000","name":"Cameras & Camcorders","createdAt":"2016-11-17T17:57:04.285Z","updatedAt":"2016-11-17T17:57:04.285Z"},{"id":"abcat0410000","name":"Digital Camera Accessories","createdAt":"2016-11-17T17:57:04.285Z","updatedAt":"2016-11-17T17:57:04.285Z"},{"id":"abcat0410018","name":"Camera Lenses","createdAt":"2016-11-17T17:57:04.285Z","updatedAt":"2016-11-17T17:57:04.285Z"},{"id":"pcmcat196500050012","name":"Long-Range Zoom Lenses","createdAt":"2016-11-17T17:57:05.399Z","updatedAt":"2016-11-17T17:57:05.399Z"},{"id":"pcmcat233000050008","name":"DSLR Lenses","createdAt":"2016-11-17T17:57:05.399Z","updatedAt":"2016-11-17T17:57:05.399Z"}]},{"id":4262000,"name":"Nikon - AF-S NIKKOR 500mm f/4E FL ED VR Super Telephoto Lens - Black","type":"HardGood","price":10299.99,"upc":"018208200535","shipping":0,"description":"Compatible with Nikon cameras with an F-mount; 4-stop VR image stabilization; Nano Crystal Coat; 40.5mm filter size; 11.9' minimum focus distance","manufacturer":"Nikon","model":"20053","url":"http://www.bestbuy.com/site/nikon-af-s-nikkor-500mm-f-4e-fl-ed-vr-super-telephoto-lens-black/4262000.p?id=1219732457043&skuId=4262000&cmp=RMXCC","image":"http://img.bbystatic.com/BestBuy_US/images/products/4262/4262000_sa.jpg","createdAt":"2016-11-17T18:01:06.648Z","updatedAt":"2016-11-17T18:01:06.648Z","categories":[{"id":"abcat0400000","name":"Cameras & Camcorders","createdAt":"2016-11-17T17:57:04.285Z","updatedAt":"2016-11-17T17:57:04.285Z"},{"id":"abcat0410000","name":"Digital Camera Accessories","createdAt":"2016-11-17T17:57:04.285Z","updatedAt":"2016-11-17T17:57:04.285Z"},{"id":"abcat0410018","name":"Camera Lenses","createdAt":"2016-11-17T17:57:04.285Z","updatedAt":"2016-11-17T17:57:04.285Z"},{"id":"pcmcat195200050001","name":"Prime Lenses","createdAt":"2016-11-17T17:57:05.399Z","updatedAt":"2016-11-17T17:57:05.399Z"},{"id":"pcmcat233000050008","name":"DSLR Lenses","createdAt":"2016-11-17T17:57:05.399Z","updatedAt":"2016-11-17T17:57:05.399Z"}]}]}

22:49:07.931 [ForkJoinPool-1-worker-1] INFO  com.intuit.karate - karate.env system property was: null 
22:49:07.935 [ForkJoinPool-1-worker-1] DEBUG com.intuit.karate - request:
1 > GET http://localhost:3030/services
1 > Accept-Encoding: gzip,deflate
1 > Connection: Keep-Alive
1 > Host: localhost:3030
1 > User-Agent: Apache-HttpClient/4.5.5 (Java/1.8.0_221)

22:49:07.990 [pool-1-thread-3] INFO  com.intuit.karate.Runner - <<fail>> feature 7 of 17: classpath:com/n26/bestbuy/api/products/products-patch.feature
---------------------------------------------------------
feature: classpath:com/n26/bestbuy/api/products/products-patch.feature
report: target\surefire-reports\com.n26.bestbuy.api.products.products-patch.json
scenarios:  3 | passed:  2 | failed:  1 | time: 11.1302
---------------------------------------------------------
22:49:08.031 [ForkJoinPool-1-worker-3] DEBUG com.intuit.karate - response time in milliseconds: 1632.53
1 < 200
1 < Access-Control-Allow-Origin: *
1 < Allow: GET,POST,PUT,PATCH,DELETE
1 < Connection: keep-alive
1 < Content-Type: application/json; charset=utf-8
1 < Date: Fri, 08 Nov 2019 17:19:07 GMT
1 < ETag: W/"4ab-7GMDj/sIuMw0h9HaaEQTI/9aFDc"
1 < Transfer-Encoding: chunked
1 < Vary: Accept, Accept-Encoding
1 < X-Powered-By: Express
{"total":21,"limit":10,"skip":0,"data":[{"id":1,"name":"Geek Squad Services","createdAt":"2016-11-17T17:56:35.881Z","updatedAt":"2016-11-17T17:56:35.881Z"},{"id":2,"name":"Best Buy Mobile","createdAt":"2016-11-17T17:56:35.881Z","updatedAt":"2016-11-17T17:56:35.881Z"},{"id":3,"name":"Best Buy For Business","createdAt":"2016-11-17T17:56:35.881Z","updatedAt":"2016-11-17T17:56:35.881Z"},{"id":4,"name":"Apple Shop","createdAt":"2016-11-17T17:56:35.881Z","updatedAt":"2016-11-17T17:56:35.881Z"},{"id":5,"name":"Hablamos Español","createdAt":"2016-11-17T17:56:35.881Z","updatedAt":"2016-11-17T17:56:35.881Z"},{"id":6,"name":"Camera Experience Shop ","createdAt":"2016-11-17T17:56:35.881Z","updatedAt":"2016-11-17T17:56:35.881Z"},{"id":7,"name":"Electronics Recycling","createdAt":"2016-11-17T17:56:35.881Z","updatedAt":"2016-11-17T17:56:35.881Z"},{"id":8,"name":"Magnolia Home Theater","createdAt":"2016-11-17T17:56:35.881Z","updatedAt":"2016-11-17T17:56:35.881Z"},{"id":9,"name":"Samsung Experience Shop","createdAt":"2016-11-17T17:56:35.881Z","updatedAt":"2016-11-17T17:56:35.881Z"},{"id":10,"name":"Windows Store","createdAt":"2016-11-17T17:56:35.881Z","updatedAt":"2016-11-17T17:56:35.881Z"}]}

22:49:08.048 [ForkJoinPool-1-worker-3] INFO  com.intuit.karate - karate.env system property was: null 
22:49:08.052 [ForkJoinPool-1-worker-4] DEBUG com.intuit.karate - response time in milliseconds: 1637.72
1 < 200
1 < Access-Control-Allow-Origin: *
1 < Allow: GET,POST,PUT,PATCH,DELETE
1 < Connection: keep-alive
1 < Content-Type: application/json; charset=utf-8
1 < Date: Fri, 08 Nov 2019 17:19:08 GMT
1 < ETag: W/"4ab-7GMDj/sIuMw0h9HaaEQTI/9aFDc"
1 < Transfer-Encoding: chunked
1 < Vary: Accept, Accept-Encoding
1 < X-Powered-By: Express
{"total":21,"limit":10,"skip":0,"data":[{"id":1,"name":"Geek Squad Services","createdAt":"2016-11-17T17:56:35.881Z","updatedAt":"2016-11-17T17:56:35.881Z"},{"id":2,"name":"Best Buy Mobile","createdAt":"2016-11-17T17:56:35.881Z","updatedAt":"2016-11-17T17:56:35.881Z"},{"id":3,"name":"Best Buy For Business","createdAt":"2016-11-17T17:56:35.881Z","updatedAt":"2016-11-17T17:56:35.881Z"},{"id":4,"name":"Apple Shop","createdAt":"2016-11-17T17:56:35.881Z","updatedAt":"2016-11-17T17:56:35.881Z"},{"id":5,"name":"Hablamos Español","createdAt":"2016-11-17T17:56:35.881Z","updatedAt":"2016-11-17T17:56:35.881Z"},{"id":6,"name":"Camera Experience Shop ","createdAt":"2016-11-17T17:56:35.881Z","updatedAt":"2016-11-17T17:56:35.881Z"},{"id":7,"name":"Electronics Recycling","createdAt":"2016-11-17T17:56:35.881Z","updatedAt":"2016-11-17T17:56:35.881Z"},{"id":8,"name":"Magnolia Home Theater","createdAt":"2016-11-17T17:56:35.881Z","updatedAt":"2016-11-17T17:56:35.881Z"},{"id":9,"name":"Samsung Experience Shop","createdAt":"2016-11-17T17:56:35.881Z","updatedAt":"2016-11-17T17:56:35.881Z"},{"id":10,"name":"Windows Store","createdAt":"2016-11-17T17:56:35.881Z","updatedAt":"2016-11-17T17:56:35.881Z"}]}

22:49:08.053 [ForkJoinPool-1-worker-3] DEBUG com.intuit.karate - request:
1 > GET http://localhost:3030/services
1 > Accept-Encoding: gzip,deflate
1 > Connection: Keep-Alive
1 > Host: localhost:3030
1 > User-Agent: Apache-HttpClient/4.5.5 (Java/1.8.0_221)

22:49:08.062 [ForkJoinPool-1-worker-5] DEBUG com.intuit.karate - response time in milliseconds: 1610.81
1 < 200
1 < Access-Control-Allow-Origin: *
1 < Allow: GET,POST,PUT,PATCH,DELETE
1 < Connection: keep-alive
1 < Content-Type: application/json; charset=utf-8
1 < Date: Fri, 08 Nov 2019 17:19:08 GMT
1 < ETag: W/"4ab-7GMDj/sIuMw0h9HaaEQTI/9aFDc"
1 < Transfer-Encoding: chunked
1 < Vary: Accept, Accept-Encoding
1 < X-Powered-By: Express
{"total":21,"limit":10,"skip":0,"data":[{"id":1,"name":"Geek Squad Services","createdAt":"2016-11-17T17:56:35.881Z","updatedAt":"2016-11-17T17:56:35.881Z"},{"id":2,"name":"Best Buy Mobile","createdAt":"2016-11-17T17:56:35.881Z","updatedAt":"2016-11-17T17:56:35.881Z"},{"id":3,"name":"Best Buy For Business","createdAt":"2016-11-17T17:56:35.881Z","updatedAt":"2016-11-17T17:56:35.881Z"},{"id":4,"name":"Apple Shop","createdAt":"2016-11-17T17:56:35.881Z","updatedAt":"2016-11-17T17:56:35.881Z"},{"id":5,"name":"Hablamos Español","createdAt":"2016-11-17T17:56:35.881Z","updatedAt":"2016-11-17T17:56:35.881Z"},{"id":6,"name":"Camera Experience Shop ","createdAt":"2016-11-17T17:56:35.881Z","updatedAt":"2016-11-17T17:56:35.881Z"},{"id":7,"name":"Electronics Recycling","createdAt":"2016-11-17T17:56:35.881Z","updatedAt":"2016-11-17T17:56:35.881Z"},{"id":8,"name":"Magnolia Home Theater","createdAt":"2016-11-17T17:56:35.881Z","updatedAt":"2016-11-17T17:56:35.881Z"},{"id":9,"name":"Samsung Experience Shop","createdAt":"2016-11-17T17:56:35.881Z","updatedAt":"2016-11-17T17:56:35.881Z"},{"id":10,"name":"Windows Store","createdAt":"2016-11-17T17:56:35.881Z","updatedAt":"2016-11-17T17:56:35.881Z"}]}

22:49:08.069 [ForkJoinPool-1-worker-4] INFO  com.intuit.karate - karate.env system property was: null 
22:49:08.079 [ForkJoinPool-1-worker-4] DEBUG com.intuit.karate - request:
1 > GET http://localhost:3030/services
1 > Accept-Encoding: gzip,deflate
1 > Connection: Keep-Alive
1 > Host: localhost:3030
1 > User-Agent: Apache-HttpClient/4.5.5 (Java/1.8.0_221)

22:49:08.081 [ForkJoinPool-1-worker-5] INFO  com.intuit.karate - karate.env system property was: null 
22:49:08.095 [ForkJoinPool-1-worker-5] DEBUG com.intuit.karate - request:
1 > GET http://localhost:3030/stores?state=MN
1 > Accept-Encoding: gzip,deflate
1 > Connection: Keep-Alive
1 > Host: localhost:3030
1 > User-Agent: Apache-HttpClient/4.5.5 (Java/1.8.0_221)

22:49:08.110 [pool-1-thread-2] INFO  com.intuit.karate.Runner - <<pass>> feature 10 of 17: classpath:com/n26/bestbuy/api/services/services-get.feature
---------------------------------------------------------
feature: classpath:com/n26/bestbuy/api/services/services-get.feature
report: target\surefire-reports\com.n26.bestbuy.api.services.services-get.json
scenarios:  2 | passed:  2 | failed:  0 | time: 3.2969
---------------------------------------------------------
22:49:08.211 [ForkJoinPool-1-worker-2] DEBUG com.intuit.karate - response time in milliseconds: 311.08
1 < 200
1 < Access-Control-Allow-Origin: *
1 < Allow: GET,POST,PUT,PATCH,DELETE
1 < Connection: keep-alive
1 < Content-Type: application/json; charset=utf-8
1 < Date: Fri, 08 Nov 2019 17:19:08 GMT
1 < ETag: W/"4ab-7GMDj/sIuMw0h9HaaEQTI/9aFDc"
1 < Transfer-Encoding: chunked
1 < Vary: Accept, Accept-Encoding
1 < X-Powered-By: Express
{"total":21,"limit":10,"skip":0,"data":[{"id":1,"name":"Geek Squad Services","createdAt":"2016-11-17T17:56:35.881Z","updatedAt":"2016-11-17T17:56:35.881Z"},{"id":2,"name":"Best Buy Mobile","createdAt":"2016-11-17T17:56:35.881Z","updatedAt":"2016-11-17T17:56:35.881Z"},{"id":3,"name":"Best Buy For Business","createdAt":"2016-11-17T17:56:35.881Z","updatedAt":"2016-11-17T17:56:35.881Z"},{"id":4,"name":"Apple Shop","createdAt":"2016-11-17T17:56:35.881Z","updatedAt":"2016-11-17T17:56:35.881Z"},{"id":5,"name":"Hablamos Español","createdAt":"2016-11-17T17:56:35.881Z","updatedAt":"2016-11-17T17:56:35.881Z"},{"id":6,"name":"Camera Experience Shop ","createdAt":"2016-11-17T17:56:35.881Z","updatedAt":"2016-11-17T17:56:35.881Z"},{"id":7,"name":"Electronics Recycling","createdAt":"2016-11-17T17:56:35.881Z","updatedAt":"2016-11-17T17:56:35.881Z"},{"id":8,"name":"Magnolia Home Theater","createdAt":"2016-11-17T17:56:35.881Z","updatedAt":"2016-11-17T17:56:35.881Z"},{"id":9,"name":"Samsung Experience Shop","createdAt":"2016-11-17T17:56:35.881Z","updatedAt":"2016-11-17T17:56:35.881Z"},{"id":10,"name":"Windows Store","createdAt":"2016-11-17T17:56:35.881Z","updatedAt":"2016-11-17T17:56:35.881Z"}]}

22:49:08.224 [ForkJoinPool-1-worker-2] INFO  com.intuit.karate - karate.env system property was: null 
22:49:08.239 [ForkJoinPool-1-worker-2] DEBUG com.intuit.karate - request:
1 > GET http://localhost:3030/stores?service.name=Apple+Shop
1 > Accept-Encoding: gzip,deflate
1 > Connection: Keep-Alive
1 > Host: localhost:3030
1 > User-Agent: Apache-HttpClient/4.5.5 (Java/1.8.0_221)

22:49:08.253 [pool-1-thread-4] INFO  com.intuit.karate.Runner - <<pass>> feature 11 of 17: classpath:com/n26/bestbuy/api/services/services-patch.feature
---------------------------------------------------------
feature: classpath:com/n26/bestbuy/api/services/services-patch.feature
report: target\surefire-reports\com.n26.bestbuy.api.services.services-patch.json
scenarios:  2 | passed:  2 | failed:  0 | time: 1.9650
---------------------------------------------------------
22:49:08.279 [ForkJoinPool-1-worker-1] DEBUG com.intuit.karate - response time in milliseconds: 340.31
1 < 200
1 < Access-Control-Allow-Origin: *
1 < Allow: GET,POST,PUT,PATCH,DELETE
1 < Connection: keep-alive
1 < Content-Type: application/json; charset=utf-8
1 < Date: Fri, 08 Nov 2019 17:19:08 GMT
1 < ETag: W/"4ab-7GMDj/sIuMw0h9HaaEQTI/9aFDc"
1 < Transfer-Encoding: chunked
1 < Vary: Accept, Accept-Encoding
1 < X-Powered-By: Express
{"total":21,"limit":10,"skip":0,"data":[{"id":1,"name":"Geek Squad Services","createdAt":"2016-11-17T17:56:35.881Z","updatedAt":"2016-11-17T17:56:35.881Z"},{"id":2,"name":"Best Buy Mobile","createdAt":"2016-11-17T17:56:35.881Z","updatedAt":"2016-11-17T17:56:35.881Z"},{"id":3,"name":"Best Buy For Business","createdAt":"2016-11-17T17:56:35.881Z","updatedAt":"2016-11-17T17:56:35.881Z"},{"id":4,"name":"Apple Shop","createdAt":"2016-11-17T17:56:35.881Z","updatedAt":"2016-11-17T17:56:35.881Z"},{"id":5,"name":"Hablamos Español","createdAt":"2016-11-17T17:56:35.881Z","updatedAt":"2016-11-17T17:56:35.881Z"},{"id":6,"name":"Camera Experience Shop ","createdAt":"2016-11-17T17:56:35.881Z","updatedAt":"2016-11-17T17:56:35.881Z"},{"id":7,"name":"Electronics Recycling","createdAt":"2016-11-17T17:56:35.881Z","updatedAt":"2016-11-17T17:56:35.881Z"},{"id":8,"name":"Magnolia Home Theater","createdAt":"2016-11-17T17:56:35.881Z","updatedAt":"2016-11-17T17:56:35.881Z"},{"id":9,"name":"Samsung Experience Shop","createdAt":"2016-11-17T17:56:35.881Z","updatedAt":"2016-11-17T17:56:35.881Z"},{"id":10,"name":"Windows Store","createdAt":"2016-11-17T17:56:35.881Z","updatedAt":"2016-11-17T17:56:35.881Z"}]}

22:49:08.288 [ForkJoinPool-1-worker-1] INFO  com.intuit.karate - karate.env system property was: null 
22:49:08.303 [ForkJoinPool-1-worker-1] DEBUG com.intuit.karate - request:
1 > GET http://localhost:3030/stores?service.name=Windows+Store&near=90210
1 > Accept-Encoding: gzip,deflate
1 > Connection: Keep-Alive
1 > Host: localhost:3030
1 > User-Agent: Apache-HttpClient/4.5.5 (Java/1.8.0_221)

22:49:08.465 [pool-1-thread-5] INFO  com.intuit.karate.Runner - <<pass>> feature 9 of 17: classpath:com/n26/bestbuy/api/services/services-delete.feature
---------------------------------------------------------
feature: classpath:com/n26/bestbuy/api/services/services-delete.feature
report: target\surefire-reports\com.n26.bestbuy.api.services.services-delete.json
scenarios:  2 | passed:  2 | failed:  0 | time: 1.4391
---------------------------------------------------------
22:49:08.561 [ForkJoinPool-1-worker-3] DEBUG com.intuit.karate - response time in milliseconds: 391.78
1 < 200
1 < Access-Control-Allow-Origin: *
1 < Allow: GET,POST,PUT,PATCH,DELETE
1 < Connection: keep-alive
1 < Content-Type: application/json; charset=utf-8
1 < Date: Fri, 08 Nov 2019 17:19:08 GMT
1 < ETag: W/"4ab-7GMDj/sIuMw0h9HaaEQTI/9aFDc"
1 < Transfer-Encoding: chunked
1 < Vary: Accept, Accept-Encoding
1 < X-Powered-By: Express
{"total":21,"limit":10,"skip":0,"data":[{"id":1,"name":"Geek Squad Services","createdAt":"2016-11-17T17:56:35.881Z","updatedAt":"2016-11-17T17:56:35.881Z"},{"id":2,"name":"Best Buy Mobile","createdAt":"2016-11-17T17:56:35.881Z","updatedAt":"2016-11-17T17:56:35.881Z"},{"id":3,"name":"Best Buy For Business","createdAt":"2016-11-17T17:56:35.881Z","updatedAt":"2016-11-17T17:56:35.881Z"},{"id":4,"name":"Apple Shop","createdAt":"2016-11-17T17:56:35.881Z","updatedAt":"2016-11-17T17:56:35.881Z"},{"id":5,"name":"Hablamos Español","createdAt":"2016-11-17T17:56:35.881Z","updatedAt":"2016-11-17T17:56:35.881Z"},{"id":6,"name":"Camera Experience Shop ","createdAt":"2016-11-17T17:56:35.881Z","updatedAt":"2016-11-17T17:56:35.881Z"},{"id":7,"name":"Electronics Recycling","createdAt":"2016-11-17T17:56:35.881Z","updatedAt":"2016-11-17T17:56:35.881Z"},{"id":8,"name":"Magnolia Home Theater","createdAt":"2016-11-17T17:56:35.881Z","updatedAt":"2016-11-17T17:56:35.881Z"},{"id":9,"name":"Samsung Experience Shop","createdAt":"2016-11-17T17:56:35.881Z","updatedAt":"2016-11-17T17:56:35.881Z"},{"id":10,"name":"Windows Store","createdAt":"2016-11-17T17:56:35.881Z","updatedAt":"2016-11-17T17:56:35.881Z"}]}

22:49:08.563 [ForkJoinPool-1-worker-4] DEBUG com.intuit.karate - response time in milliseconds: 366.69
1 < 200
1 < Access-Control-Allow-Origin: *
1 < Allow: GET,POST,PUT,PATCH,DELETE
1 < Connection: keep-alive
1 < Content-Type: application/json; charset=utf-8
1 < Date: Fri, 08 Nov 2019 17:19:08 GMT
1 < ETag: W/"4ab-7GMDj/sIuMw0h9HaaEQTI/9aFDc"
1 < Transfer-Encoding: chunked
1 < Vary: Accept, Accept-Encoding
1 < X-Powered-By: Express
{"total":21,"limit":10,"skip":0,"data":[{"id":1,"name":"Geek Squad Services","createdAt":"2016-11-17T17:56:35.881Z","updatedAt":"2016-11-17T17:56:35.881Z"},{"id":2,"name":"Best Buy Mobile","createdAt":"2016-11-17T17:56:35.881Z","updatedAt":"2016-11-17T17:56:35.881Z"},{"id":3,"name":"Best Buy For Business","createdAt":"2016-11-17T17:56:35.881Z","updatedAt":"2016-11-17T17:56:35.881Z"},{"id":4,"name":"Apple Shop","createdAt":"2016-11-17T17:56:35.881Z","updatedAt":"2016-11-17T17:56:35.881Z"},{"id":5,"name":"Hablamos Español","createdAt":"2016-11-17T17:56:35.881Z","updatedAt":"2016-11-17T17:56:35.881Z"},{"id":6,"name":"Camera Experience Shop ","createdAt":"2016-11-17T17:56:35.881Z","updatedAt":"2016-11-17T17:56:35.881Z"},{"id":7,"name":"Electronics Recycling","createdAt":"2016-11-17T17:56:35.881Z","updatedAt":"2016-11-17T17:56:35.881Z"},{"id":8,"name":"Magnolia Home Theater","createdAt":"2016-11-17T17:56:35.881Z","updatedAt":"2016-11-17T17:56:35.881Z"},{"id":9,"name":"Samsung Experience Shop","createdAt":"2016-11-17T17:56:35.881Z","updatedAt":"2016-11-17T17:56:35.881Z"},{"id":10,"name":"Windows Store","createdAt":"2016-11-17T17:56:35.881Z","updatedAt":"2016-11-17T17:56:35.881Z"}]}

22:49:08.572 [ForkJoinPool-1-worker-3] INFO  com.intuit.karate - karate.env system property was: null 
22:49:08.574 [ForkJoinPool-1-worker-4] INFO  com.intuit.karate - karate.env system property was: null 
22:49:08.576 [ForkJoinPool-1-worker-3] DEBUG com.intuit.karate - request:
1 > GET http://localhost:3030/stores?state=MN
1 > Accept-Encoding: gzip,deflate
1 > Connection: Keep-Alive
1 > Host: localhost:3030
1 > User-Agent: Apache-HttpClient/4.5.5 (Java/1.8.0_221)

22:49:08.583 [ForkJoinPool-1-worker-5] DEBUG com.intuit.karate - response time in milliseconds: 483.67
1 < 200
1 < Access-Control-Allow-Origin: *
1 < Allow: GET,POST,PUT,PATCH,DELETE
1 < Connection: keep-alive
1 < Content-Type: application/json; charset=utf-8
1 < Date: Fri, 08 Nov 2019 17:19:08 GMT
1 < ETag: W/"7226-6e2fjUN7t+OTac0BPqciHZXOz2M"
1 < Transfer-Encoding: chunked
1 < Vary: Accept, Accept-Encoding
1 < X-Powered-By: Express
{"total":46,"limit":10,"skip":0,"data":[{"id":4,"name":"Minnetonka","type":"BigBox","address":"13513 Ridgedale Dr","address2":"","city":"Hopkins","state":"MN","zip":"55305","lat":44.969658,"lng":-93.449539,"hours":"Mon: 10-9; Tue: 10-9; Wed: 10-9; Thurs: 10-9; Fri: 10-9; Sat: 10-9; Sun: 10-8","createdAt":"2016-11-17T17:57:05.708Z","updatedAt":"2016-11-17T17:57:05.708Z","services":[{"id":1,"name":"Geek Squad Services","createdAt":"2016-11-17T17:56:35.881Z","updatedAt":"2016-11-17T17:56:35.881Z","storeservices":{"createdAt":"2016-11-17T17:57:09.213Z","updatedAt":"2016-11-17T17:57:09.213Z","storeId":4,"serviceId":1}},{"id":2,"name":"Best Buy Mobile","createdAt":"2016-11-17T17:56:35.881Z","updatedAt":"2016-11-17T17:56:35.881Z","storeservices":{"createdAt":"2016-11-17T17:57:09.213Z","updatedAt":"2016-11-17T17:57:09.213Z","storeId":4,"serviceId":2}},{"id":3,"name":"Best Buy For Business","createdAt":"2016-11-17T17:56:35.881Z","updatedAt":"2016-11-17T17:56:35.881Z","storeservices":{"createdAt":"2016-11-17T17:57:09.213Z","updatedAt":"2016-11-17T17:57:09.213Z","storeId":4,"serviceId":3}},{"id":4,"name":"Apple Shop","createdAt":"2016-11-17T17:56:35.881Z","updatedAt":"2016-11-17T17:56:35.881Z","storeservices":{"createdAt":"2016-11-17T17:57:09.213Z","updatedAt":"2016-11-17T17:57:09.213Z","storeId":4,"serviceId":4}},{"id":7,"name":"Electronics Recycling","createdAt":"2016-11-17T17:56:35.881Z","updatedAt":"2016-11-17T17:56:35.881Z","storeservices":{"createdAt":"2016-11-17T17:57:09.213Z","updatedAt":"2016-11-17T17:57:09.213Z","storeId":4,"serviceId":7}},{"id":10,"name":"Windows Store","createdAt":"2016-11-17T17:56:35.881Z","updatedAt":"2016-11-17T17:56:35.881Z","storeservices":{"createdAt":"2016-11-17T17:57:09.213Z","updatedAt":"2016-11-17T17:57:09.213Z","storeId":4,"serviceId":10}},{"id":11,"name":"Samsung Experience","createdAt":"2016-11-17T17:56:35.881Z","updatedAt":"2016-11-17T17:56:35.881Z","storeservices":{"createdAt":"2016-11-17T17:57:09.213Z","updatedAt":"2016-11-17T17:57:09.213Z","storeId":4,"serviceId":11}},{"id":12,"name":"Car & GPS Installation Services","createdAt":"2016-11-17T17:56:35.881Z","updatedAt":"2016-11-17T17:56:35.881Z","storeservices":{"createdAt":"2016-11-17T17:57:09.213Z","updatedAt":"2016-11-17T17:57:09.213Z","storeId":4,"serviceId":12}},{"id":13,"name":"LG Experience ","createdAt":"2016-11-17T17:56:35.881Z","updatedAt":"2016-11-17T17:56:35.881Z","storeservices":{"createdAt":"2016-11-17T17:57:09.213Z","updatedAt":"2016-11-17T17:57:09.213Z","storeId":4,"serviceId":13}},{"id":14,"name":"Sony Experience ","createdAt":"2016-11-17T17:56:35.881Z","updatedAt":"2016-11-17T17:56:35.881Z","storeservices":{"createdAt":"2016-11-17T17:57:09.213Z","updatedAt":"2016-11-17T17:57:09.213Z","storeId":4,"serviceId":14}},{"id":15,"name":"Best Buy Marine Powered by Geek Squad","createdAt":"2016-11-17T17:56:35.881Z","updatedAt":"2016-11-17T17:56:35.881Z","storeservices":{"createdAt":"2016-11-17T17:57:09.213Z","updatedAt":"2016-11-17T17:57:09.213Z","storeId":4,"serviceId":15}},{"id":17,"name":"Magnolia Design Center ","createdAt":"2016-11-17T17:56:35.881Z","updatedAt":"2016-11-17T17:56:35.881Z","storeservices":{"createdAt":"2016-11-17T17:57:09.213Z","updatedAt":"2016-11-17T17:57:09.213Z","storeId":4,"serviceId":17}},{"id":18,"name":"Geek Squad Solution Central","createdAt":"2016-11-17T17:56:35.881Z","updatedAt":"2016-11-17T17:56:35.881Z","storeservices":{"createdAt":"2016-11-17T17:57:09.213Z","updatedAt":"2016-11-17T17:57:09.213Z","storeId":4,"serviceId":18}},{"id":19,"name":"Pacific Kitchen & Home","createdAt":"2016-11-17T17:56:35.881Z","updatedAt":"2016-11-17T17:56:35.881Z","storeservices":{"createdAt":"2016-11-17T17:57:09.213Z","updatedAt":"2016-11-17T17:57:09.213Z","storeId":4,"serviceId":19}}]},{"id":6,"name":"Inver Grove Heights","type":"BigBox","address":"1350 50th Street E","address2":"","city":"Inver Grove Heights","state":"MN","zip":"55077","lat":44.879314,"lng":-93.077156,"hours":"Mon: 10-9; Tue: 10-9; Wed: 10-9; Thurs: 10-9; Fri: 10-9; Sat: 10-9; Sun: 10-8","createdAt":"2016-11-17T17:57:05.831Z","updatedAt":"2016-11-17T17:57:05.831Z","services":[{"id":1,"name":"Geek Squad Services","createdAt":"2016-11-17T17:56:35.881Z","updatedAt":"2016-11-17T17:56:35.881Z","storeservices":{"createdAt":"2016-11-17T17:57:09.414Z","updatedAt":"2016-11-17T17:57:09.414Z","storeId":6,"serviceId":1}},{"id":2,"name":"Best Buy Mobile","createdAt":"2016-11-17T17:56:35.881Z","updatedAt":"2016-11-17T17:56:35.881Z","storeservices":{"createdAt":"2016-11-17T17:57:09.414Z","updatedAt":"2016-11-17T17:57:09.414Z","storeId":6,"serviceId":2}},{"id":3,"name":"Best Buy For Business","createdAt":"2016-11-17T17:56:35.881Z","updatedAt":"2016-11-17T17:56:35.881Z","storeservices":{"createdAt":"2016-11-17T17:57:09.414Z","updatedAt":"2016-11-17T17:57:09.414Z","storeId":6,"serviceId":3}},{"id":4,"name":"Apple Shop","createdAt":"2016-11-17T17:56:35.881Z","updatedAt":"2016-11-17T17:56:35.881Z","storeservices":{"createdAt":"2016-11-17T17:57:09.414Z","updatedAt":"2016-11-17T17:57:09.414Z","storeId":6,"serviceId":4}},{"id":5,"name":"Hablamos Español","createdAt":"2016-11-17T17:56:35.881Z","updatedAt":"2016-11-17T17:56:35.881Z","storeservices":{"createdAt":"2016-11-17T17:57:09.414Z","updatedAt":"2016-11-17T17:57:09.414Z","storeId":6,"serviceId":5}},{"id":7,"name":"Electronics Recycling","createdAt":"2016-11-17T17:56:35.881Z","updatedAt":"2016-11-17T17:56:35.881Z","storeservices":{"createdAt":"2016-11-17T17:57:09.414Z","updatedAt":"2016-11-17T17:57:09.414Z","storeId":6,"serviceId":7}},{"id":9,"name":"Samsung Experience Shop","createdAt":"2016-11-17T17:56:35.881Z","updatedAt":"2016-11-17T17:56:35.881Z","storeservices":{"createdAt":"2016-11-17T17:57:09.414Z","updatedAt":"2016-11-17T17:57:09.414Z","storeId":6,"serviceId":9}},{"id":10,"name":"Windows Store","createdAt":"2016-11-17T17:56:35.881Z","updatedAt":"2016-11-17T17:56:35.881Z","storeservices":{"createdAt":"2016-11-17T17:57:09.414Z","updatedAt":"2016-11-17T17:57:09.414Z","storeId":6,"serviceId":10}},{"id":12,"name":"Car & GPS Installation Services","createdAt":"2016-11-17T17:56:35.881Z","updatedAt":"2016-11-17T17:56:35.881Z","storeservices":{"createdAt":"2016-11-17T17:57:09.414Z","updatedAt":"2016-11-17T17:57:09.414Z","storeId":6,"serviceId":12}},{"id":18,"name":"Geek Squad Solution Central","createdAt":"2016-11-17T17:56:35.881Z","updatedAt":"2016-11-17T17:56:35.881Z","storeservices":{"createdAt":"2016-11-17T17:57:09.414Z","updatedAt":"2016-11-17T17:57:09.414Z","storeId":6,"serviceId":18}}]},{"id":7,"name":"Roseville","type":"BigBox","address":"1643 County Road B2","address2":"","city":"Roseville","state":"MN","zip":"55113","lat":45.01651,"lng":-93.168518,"hours":"Mon: 10-9; Tue: 10-9; Wed: 10-9; Thurs: 10-9; Fri: 10-9; Sat: 10-9; Sun: 10-8","createdAt":"2016-11-17T17:57:05.853Z","updatedAt":"2016-11-17T17:57:05.853Z","services":[{"id":1,"name":"Geek Squad Services","createdAt":"2016-11-17T17:56:35.881Z","updatedAt":"2016-11-17T17:56:35.881Z","storeservices":{"createdAt":"2016-11-17T17:57:09.417Z","updatedAt":"2016-11-17T17:57:09.417Z","storeId":7,"serviceId":1}},{"id":2,"name":"Best Buy Mobile","createdAt":"2016-11-17T17:56:35.881Z","updatedAt":"2016-11-17T17:56:35.881Z","storeservices":{"createdAt":"2016-11-17T17:57:09.417Z","updatedAt":"2016-11-17T17:57:09.417Z","storeId":7,"serviceId":2}},{"id":3,"name":"Best Buy For Business","createdAt":"2016-11-17T17:56:35.881Z","updatedAt":"2016-11-17T17:56:35.881Z","storeservices":{"createdAt":"2016-11-17T17:57:09.417Z","updatedAt":"2016-11-17T17:57:09.417Z","storeId":7,"serviceId":3}},{"id":4,"name":"Apple Shop","createdAt":"2016-11-17T17:56:35.881Z","updatedAt":"2016-11-17T17:56:35.881Z","storeservices":{"createdAt":"2016-11-17T17:57:09.417Z","updatedAt":"2016-11-17T17:57:09.417Z","storeId":7,"serviceId":4}},{"id":5,"name":"Hablamos Español","createdAt":"2016-11-17T17:56:35.881Z","updatedAt":"2016-11-17T17:56:35.881Z","storeservices":{"createdAt":"2016-11-17T17:57:09.417Z","updatedAt":"2016-11-17T17:57:09.417Z","storeId":7,"serviceId":5}},{"id":6,"name":"Camera Experience Shop ","createdAt":"2016-11-17T17:56:35.881Z","updatedAt":"2016-11-17T17:56:35.881Z","storeservices":{"createdAt":"2016-11-17T17:57:09.417Z","updatedAt":"2016-11-17T17:57:09.417Z","storeId":7,"serviceId":6}},{"id":7,"name":"Electronics Recycling","createdAt":"2016-11-17T17:56:35.881Z","updatedAt":"2016-11-17T17:56:35.881Z","storeservices":{"createdAt":"2016-11-17T17:57:09.417Z","updatedAt":"2016-11-17T17:57:09.417Z","storeId":7,"serviceId":7}},{"id":8,"name":"Magnolia Home Theater","createdAt":"2016-11-17T17:56:35.881Z","updatedAt":"2016-11-17T17:56:35.881Z","storeservices":{"createdAt":"2016-11-17T17:57:09.417Z","updatedAt":"2016-11-17T17:57:09.417Z","storeId":7,"serviceId":8}},{"id":10,"name":"Windows Store","createdAt":"2016-11-17T17:56:35.881Z","updatedAt":"2016-11-17T17:56:35.881Z","storeservices":{"createdAt":"2016-11-17T17:57:09.417Z","updatedAt":"2016-11-17T17:57:09.417Z","storeId":7,"serviceId":10}},{"id":11,"name":"Samsung Experience","createdAt":"2016-11-17T17:56:35.881Z","updatedAt":"2016-11-17T17:56:35.881Z","storeservices":{"createdAt":"2016-11-17T17:57:09.417Z","updatedAt":"2016-11-17T17:57:09.417Z","storeId":7,"serviceId":11}},{"id":12,"name":"Car & GPS Installation Services","createdAt":"2016-11-17T17:56:35.881Z","updatedAt":"2016-11-17T17:56:35.881Z","storeservices":{"createdAt":"2016-11-17T17:57:09.417Z","updatedAt":"2016-11-17T17:57:09.417Z","storeId":7,"serviceId":12}},{"id":15,"name":"Best Buy Marine Powered by Geek Squad","createdAt":"2016-11-17T17:56:35.881Z","updatedAt":"2016-11-17T17:56:35.881Z","storeservices":{"createdAt":"2016-11-17T17:57:09.417Z","updatedAt":"2016-11-17T17:57:09.417Z","storeId":7,"serviceId":15}},{"id":18,"name":"Geek Squad Solution Central","createdAt":"2016-11-17T17:56:35.881Z","updatedAt":"2016-11-17T17:56:35.881Z","storeservices":{"createdAt":"2016-11-17T17:57:09.417Z","updatedAt":"2016-11-17T17:57:09.417Z","storeId":7,"serviceId":18}},{"id":19,"name":"Pacific Kitchen & Home","createdAt":"2016-11-17T17:56:35.881Z","updatedAt":"2016-11-17T17:56:35.881Z","storeservices":{"createdAt":"2016-11-17T17:57:09.417Z","updatedAt":"2016-11-17T17:57:09.417Z","storeId":7,"serviceId":19}}]},{"id":8,"name":"Burnsville","type":"BigBox","address":"14141 Aldrich Ave S","address2":"","city":"Burnsville","state":"MN","zip":"55337","lat":44.747404,"lng":-93.288039,"hours":"Mon: 10-9; Tue: 10-9; Wed: 10-9; Thurs: 10-9; Fri: 10-9; Sat: 10-9; Sun: 10-8","createdAt":"2016-11-17T17:57:06.108Z","updatedAt":"2016-11-17T17:57:06.108Z","services":[{"id":1,"name":"Geek Squad Services","createdAt":"2016-11-17T17:56:35.881Z","updatedAt":"2016-11-17T17:56:35.881Z","storeservices":{"createdAt":"2016-11-17T17:57:09.595Z","updatedAt":"2016-11-17T17:57:09.595Z","storeId":8,"serviceId":1}},{"id":2,"name":"Best Buy Mobile","createdAt":"2016-11-17T17:56:35.881Z","updatedAt":"2016-11-17T17:56:35.881Z","storeservices":{"createdAt":"2016-11-17T17:57:09.595Z","updatedAt":"2016-11-17T17:57:09.595Z","storeId":8,"serviceId":2}},{"id":3,"name":"Best Buy For Business","createdAt":"2016-11-17T17:56:35.881Z","updatedAt":"2016-11-17T17:56:35.881Z","storeservices":{"createdAt":"2016-11-17T17:57:09.595Z","updatedAt":"2016-11-17T17:57:09.595Z","storeId":8,"serviceId":3}},{"id":4,"name":"Apple Shop","createdAt":"2016-11-17T17:56:35.881Z","updatedAt":"2016-11-17T17:56:35.881Z","storeservices":{"createdAt":"2016-11-17T17:57:09.595Z","updatedAt":"2016-11-17T17:57:09.595Z","storeId":8,"serviceId":4}},{"id":7,"name":"Electronics Recycling","createdAt":"2016-11-17T17:56:35.881Z","updatedAt":"2016-11-17T17:56:35.881Z","storeservices":{"createdAt":"2016-11-17T17:57:09.595Z","updatedAt":"2016-11-17T17:57:09.595Z","storeId":8,"serviceId":7}},{"id":9,"name":"Samsung Experience Shop","createdAt":"2016-11-17T17:56:35.881Z","updatedAt":"2016-11-17T17:56:35.881Z","storeservices":{"createdAt":"2016-11-17T17:57:09.595Z","updatedAt":"2016-11-17T17:57:09.595Z","storeId":8,"serviceId":9}},{"id":18,"name":"Geek Squad Solution Central","createdAt":"2016-11-17T17:56:35.881Z","updatedAt":"2016-11-17T17:56:35.881Z","storeservices":{"createdAt":"2016-11-17T17:57:09.595Z","updatedAt":"2016-11-17T17:57:09.595Z","storeId":8,"serviceId":18}}]},{"id":10,"name":"Maplewood","type":"BigBox","address":"1795 County Rd D E","address2":"","city":"Maplewood","state":"MN","zip":"55109","lat":45.036556,"lng":-93.025986,"hours":"Mon: 10-9; Tue: 10-9; Wed: 10-9; Thurs: 10-9; Fri: 10-9; Sat: 10-9; Sun: 10-8","createdAt":"2016-11-17T17:57:04.414Z","updatedAt":"2016-11-17T17:57:04.414Z","services":[{"id":1,"name":"Geek Squad Services","createdAt":"2016-11-17T17:56:35.881Z","updatedAt":"2016-11-17T17:56:35.881Z","storeservices":{"createdAt":"2016-11-17T17:57:08.033Z","updatedAt":"2016-11-17T17:57:08.033Z","storeId":10,"serviceId":1}},{"id":2,"name":"Best Buy Mobile","createdAt":"2016-11-17T17:56:35.881Z","updatedAt":"2016-11-17T17:56:35.881Z","storeservices":{"createdAt":"2016-11-17T17:57:08.033Z","updatedAt":"2016-11-17T17:57:08.033Z","storeId":10,"serviceId":2}},{"id":3,"name":"Best Buy For Business","createdAt":"2016-11-17T17:56:35.881Z","updatedAt":"2016-11-17T17:56:35.881Z","storeservices":{"createdAt":"2016-11-17T17:57:08.033Z","updatedAt":"2016-11-17T17:57:08.033Z","storeId":10,"serviceId":3}},{"id":4,"name":"Apple Shop","createdAt":"2016-11-17T17:56:35.881Z","updatedAt":"2016-11-17T17:56:35.881Z","storeservices":{"createdAt":"2016-11-17T17:57:08.033Z","updatedAt":"2016-11-17T17:57:08.033Z","storeId":10,"serviceId":4}},{"id":7,"name":"Electronics Recycling","createdAt":"2016-11-17T17:56:35.881Z","updatedAt":"2016-11-17T17:56:35.881Z","storeservices":{"createdAt":"2016-11-17T17:57:08.033Z","updatedAt":"2016-11-17T17:57:08.033Z","storeId":10,"serviceId":7}},{"id":8,"name":"Magnolia Home Theater","createdAt":"2016-11-17T17:56:35.881Z","updatedAt":"2016-11-17T17:56:35.881Z","storeservices":{"createdAt":"2016-11-17T17:57:08.033Z","updatedAt":"2016-11-17T17:57:08.033Z","storeId":10,"serviceId":8}},{"id":10,"name":"Windows Store","createdAt":"2016-11-17T17:56:35.881Z","updatedAt":"2016-11-17T17:56:35.881Z","storeservices":{"createdAt":"2016-11-17T17:57:08.033Z","updatedAt":"2016-11-17T17:57:08.033Z","storeId":10,"serviceId":10}},{"id":11,"name":"Samsung Experience","createdAt":"2016-11-17T17:56:35.881Z","updatedAt":"2016-11-17T17:56:35.881Z","storeservices":{"createdAt":"2016-11-17T17:57:08.033Z","updatedAt":"2016-11-17T17:57:08.033Z","storeId":10,"serviceId":11}},{"id":12,"name":"Car & GPS Installation Services","createdAt":"2016-11-17T17:56:35.881Z","updatedAt":"2016-11-17T17:56:35.881Z","storeservices":{"createdAt":"2016-11-17T17:57:08.033Z","updatedAt":"2016-11-17T17:57:08.033Z","storeId":10,"serviceId":12}},{"id":13,"name":"LG Experience ","createdAt":"2016-11-17T17:56:35.881Z","updatedAt":"2016-11-17T17:56:35.881Z","storeservices":{"createdAt":"2016-11-17T17:57:08.033Z","updatedAt":"2016-11-17T17:57:08.033Z","storeId":10,"serviceId":13}},{"id":14,"name":"Sony Experience ","createdAt":"2016-11-17T17:56:35.881Z","updatedAt":"2016-11-17T17:56:35.881Z","storeservices":{"createdAt":"2016-11-17T17:57:08.033Z","updatedAt":"2016-11-17T17:57:08.033Z","storeId":10,"serviceId":14}},{"id":18,"name":"Geek Squad Solution Central","createdAt":"2016-11-17T17:56:35.881Z","updatedAt":"2016-11-17T17:56:35.881Z","storeservices":{"createdAt":"2016-11-17T17:57:08.033Z","updatedAt":"2016-11-17T17:57:08.033Z","storeId":10,"serviceId":18}}]},{"id":11,"name":"Northtown","type":"BigBox","address":"300 Northtown Dr Ne","address2":"","city":"Blaine","state":"MN","zip":"55434","lat":45.126179,"lng":-93.261429,"hours":"Mon: 10-9; Tue: 10-9; Wed: 10-9; Thurs: 10-9; Fri: 10-9; Sat: 10-9; Sun: 10-8","createdAt":"2016-11-17T17:57:04.542Z","updatedAt":"2016-11-17T17:57:04.542Z","services":[{"id":1,"name":"Geek Squad Services","createdAt":"2016-11-17T17:56:35.881Z","updatedAt":"2016-11-17T17:56:35.881Z","storeservices":{"createdAt":"2016-11-17T17:57:08.154Z","updatedAt":"2016-11-17T17:57:08.154Z","storeId":11,"serviceId":1}},{"id":2,"name":"Best Buy Mobile","createdAt":"2016-11-17T17:56:35.881Z","updatedAt":"2016-11-17T17:56:35.881Z","storeservices":{"createdAt":"2016-11-17T17:57:08.154Z","updatedAt":"2016-11-17T17:57:08.154Z","storeId":11,"serviceId":2}},{"id":3,"name":"Best Buy For Business","createdAt":"2016-11-17T17:56:35.881Z","updatedAt":"2016-11-17T17:56:35.881Z","storeservices":{"createdAt":"2016-11-17T17:57:08.154Z","updatedAt":"2016-11-17T17:57:08.154Z","storeId":11,"serviceId":3}},{"id":5,"name":"Hablamos Español","createdAt":"2016-11-17T17:56:35.881Z","updatedAt":"2016-11-17T17:56:35.881Z","storeservices":{"createdAt":"2016-11-17T17:57:08.154Z","updatedAt":"2016-11-17T17:57:08.154Z","storeId":11,"serviceId":5}},{"id":7,"name":"Electronics Recycling","createdAt":"2016-11-17T17:56:35.881Z","updatedAt":"2016-11-17T17:56:35.881Z","storeservices":{"createdAt":"2016-11-17T17:57:08.154Z","updatedAt":"2016-11-17T17:57:08.154Z","storeId":11,"serviceId":7}},{"id":9,"name":"Samsung Experience Shop","createdAt":"2016-11-17T17:56:35.881Z","updatedAt":"2016-11-17T17:56:35.881Z","storeservices":{"createdAt":"2016-11-17T17:57:08.154Z","updatedAt":"2016-11-17T17:57:08.154Z","storeId":11,"serviceId":9}},{"id":10,"name":"Windows Store","createdAt":"2016-11-17T17:56:35.881Z","updatedAt":"2016-11-17T17:56:35.881Z","storeservices":{"createdAt":"2016-11-17T17:57:08.154Z","updatedAt":"2016-11-17T17:57:08.154Z","storeId":11,"serviceId":10}},{"id":12,"name":"Car & GPS Installation Services","createdAt":"2016-11-17T17:56:35.881Z","updatedAt":"2016-11-17T17:56:35.881Z","storeservices":{"createdAt":"2016-11-17T17:57:08.154Z","updatedAt":"2016-11-17T17:57:08.154Z","storeId":11,"serviceId":12}}]},{"id":12,"name":"St Cloud","type":"BigBox","address":"4130 W Division St","address2":"","city":"Saint Cloud","state":"MN","zip":"56301","lat":45.55275,"lng":-94.209656,"hours":"Mon: 10-9; Tue: 10-9; Wed: 10-9; Thurs: 10-9; Fri: 9-9; Sat: 9-9; Sun: 10-8","createdAt":"2016-11-17T17:57:04.575Z","updatedAt":"2016-11-17T17:57:04.575Z","services":[{"id":1,"name":"Geek Squad Services","createdAt":"2016-11-17T17:56:35.881Z","updatedAt":"2016-11-17T17:56:35.881Z","storeservices":{"createdAt":"2016-11-17T17:57:08.169Z","updatedAt":"2016-11-17T17:57:08.169Z","storeId":12,"serviceId":1}},{"id":2,"name":"Best Buy Mobile","createdAt":"2016-11-17T17:56:35.881Z","updatedAt":"2016-11-17T17:56:35.881Z","storeservices":{"createdAt":"2016-11-17T17:57:08.169Z","updatedAt":"2016-11-17T17:57:08.169Z","storeId":12,"serviceId":2}},{"id":3,"name":"Best Buy For Business","createdAt":"2016-11-17T17:56:35.881Z","updatedAt":"2016-11-17T17:56:35.881Z","storeservices":{"createdAt":"2016-11-17T17:57:08.169Z","updatedAt":"2016-11-17T17:57:08.169Z","storeId":12,"serviceId":3}},{"id":4,"name":"Apple Shop","createdAt":"2016-11-17T17:56:35.881Z","updatedAt":"2016-11-17T17:56:35.881Z","storeservices":{"createdAt":"2016-11-17T17:57:08.169Z","updatedAt":"2016-11-17T17:57:08.169Z","storeId":12,"serviceId":4}},{"id":5,"name":"Hablamos Español","createdAt":"2016-11-17T17:56:35.881Z","updatedAt":"2016-11-17T17:56:35.881Z","storeservices":{"createdAt":"2016-11-17T17:57:08.169Z","updatedAt":"2016-11-17T17:57:08.169Z","storeId":12,"serviceId":5}},{"id":7,"name":"Electronics Recycling","createdAt":"2016-11-17T17:56:35.881Z","updatedAt":"2016-11-17T17:56:35.881Z","storeservices":{"createdAt":"2016-11-17T17:57:08.169Z","updatedAt":"2016-11-17T17:57:08.169Z","storeId":12,"serviceId":7}},{"id":10,"name":"Windows Store","createdAt":"2016-11-17T17:56:35.881Z","updatedAt":"2016-11-17T17:56:35.881Z","storeservices":{"createdAt":"2016-11-17T17:57:08.169Z","updatedAt":"2016-11-17T17:57:08.169Z","storeId":12,"serviceId":10}},{"id":11,"name":"Samsung Experience","createdAt":"2016-11-17T17:56:35.881Z","updatedAt":"2016-11-17T17:56:35.881Z","storeservices":{"createdAt":"2016-11-17T17:57:08.169Z","updatedAt":"2016-11-17T17:57:08.169Z","storeId":12,"serviceId":11}},{"id":12,"name":"Car & GPS Installation Services","createdAt":"2016-11-17T17:56:35.881Z","updatedAt":"2016-11-17T17:56:35.881Z","storeservices":{"createdAt":"2016-11-17T17:57:08.169Z","updatedAt":"2016-11-17T17:57:08.169Z","storeId":12,"serviceId":12}},{"id":15,"name":"Best Buy Marine Powered by Geek Squad","createdAt":"2016-11-17T17:56:35.881Z","updatedAt":"2016-11-17T17:56:35.881Z","storeservices":{"createdAt":"2016-11-17T17:57:08.169Z","updatedAt":"2016-11-17T17:57:08.169Z","storeId":12,"serviceId":15}}]},{"id":14,"name":"Rochester","type":"BigBox","address":"4050 Hwy 52 N","address2":"","city":"Rochester","state":"MN","zip":"55901","lat":44.064365,"lng":-92.496895,"hours":"Mon: 10-9; Tue: 10-9; Wed: 10-9; Thurs: 10-9; Fri: 10-9; Sat: 10-9; Sun: 10-8","createdAt":"2016-11-17T17:57:04.756Z","updatedAt":"2016-11-17T17:57:04.756Z","services":[{"id":1,"name":"Geek Squad Services","createdAt":"2016-11-17T17:56:35.881Z","updatedAt":"2016-11-17T17:56:35.881Z","storeservices":{"createdAt":"2016-11-17T17:57:08.328Z","updatedAt":"2016-11-17T17:57:08.328Z","storeId":14,"serviceId":1}},{"id":2,"name":"Best Buy Mobile","createdAt":"2016-11-17T17:56:35.881Z","updatedAt":"2016-11-17T17:56:35.881Z","storeservices":{"createdAt":"2016-11-17T17:57:08.328Z","updatedAt":"2016-11-17T17:57:08.328Z","storeId":14,"serviceId":2}},{"id":3,"name":"Best Buy For Business","createdAt":"2016-11-17T17:56:35.881Z","updatedAt":"2016-11-17T17:56:35.881Z","storeservices":{"createdAt":"2016-11-17T17:57:08.328Z","updatedAt":"2016-11-17T17:57:08.328Z","storeId":14,"serviceId":3}},{"id":4,"name":"Apple Shop","createdAt":"2016-11-17T17:56:35.881Z","updatedAt":"2016-11-17T17:56:35.881Z","storeservices":{"createdAt":"2016-11-17T17:57:08.328Z","updatedAt":"2016-11-17T17:57:08.328Z","storeId":14,"serviceId":4}},{"id":7,"name":"Electronics Recycling","createdAt":"2016-11-17T17:56:35.881Z","updatedAt":"2016-11-17T17:56:35.881Z","storeservices":{"createdAt":"2016-11-17T17:57:08.328Z","updatedAt":"2016-11-17T17:57:08.328Z","storeId":14,"serviceId":7}},{"id":10,"name":"Windows Store","createdAt":"2016-11-17T17:56:35.881Z","updatedAt":"2016-11-17T17:56:35.881Z","storeservices":{"createdAt":"2016-11-17T17:57:08.328Z","updatedAt":"2016-11-17T17:57:08.328Z","storeId":14,"serviceId":10}},{"id":11,"name":"Samsung Experience","createdAt":"2016-11-17T17:56:35.881Z","updatedAt":"2016-11-17T17:56:35.881Z","storeservices":{"createdAt":"2016-11-17T17:57:08.328Z","updatedAt":"2016-11-17T17:57:08.328Z","storeId":14,"serviceId":11}},{"id":12,"name":"Car & GPS Installation Services","createdAt":"2016-11-17T17:56:35.881Z","updatedAt":"2016-11-17T17:56:35.881Z","storeservices":{"createdAt":"2016-11-17T17:57:08.328Z","updatedAt":"2016-11-17T17:57:08.328Z","storeId":14,"serviceId":12}},{"id":13,"name":"LG Experience ","createdAt":"2016-11-17T17:56:35.881Z","updatedAt":"2016-11-17T17:56:35.881Z","storeservices":{"createdAt":"2016-11-17T17:57:08.328Z","updatedAt":"2016-11-17T17:57:08.328Z","storeId":14,"serviceId":13}},{"id":14,"name":"Sony Experience ","createdAt":"2016-11-17T17:56:35.881Z","updatedAt":"2016-11-17T17:56:35.881Z","storeservices":{"createdAt":"2016-11-17T17:57:08.328Z","updatedAt":"2016-11-17T17:57:08.328Z","storeId":14,"serviceId":14}}]},{"id":15,"name":"Oakdale","type":"BigBox","address":"8301 3rd St N","address2":"","city":"Oakdale","state":"MN","zip":"55128","lat":44.950054,"lng":-92.936394,"hours":"Mon: 10-9; Tue: 10-9; Wed: 10-9; Thurs: 10-9; Fri: 10-9; Sat: 10-9; Sun: 10-8","createdAt":"2016-11-17T17:57:04.813Z","updatedAt":"2016-11-17T17:57:04.813Z","services":[{"id":1,"name":"Geek Squad Services","createdAt":"2016-11-17T17:56:35.881Z","updatedAt":"2016-11-17T17:56:35.881Z","storeservices":{"createdAt":"2016-11-17T17:57:08.361Z","updatedAt":"2016-11-17T17:57:08.361Z","storeId":15,"serviceId":1}},{"id":2,"name":"Best Buy Mobile","createdAt":"2016-11-17T17:56:35.881Z","updatedAt":"2016-11-17T17:56:35.881Z","storeservices":{"createdAt":"2016-11-17T17:57:08.361Z","updatedAt":"2016-11-17T17:57:08.361Z","storeId":15,"serviceId":2}},{"id":3,"name":"Best Buy For Business","createdAt":"2016-11-17T17:56:35.881Z","updatedAt":"2016-11-17T17:56:35.881Z","storeservices":{"createdAt":"2016-11-17T17:57:08.361Z","updatedAt":"2016-11-17T17:57:08.361Z","storeId":15,"serviceId":3}},{"id":4,"name":"Apple Shop","createdAt":"2016-11-17T17:56:35.881Z","updatedAt":"2016-11-17T17:56:35.881Z","storeservices":{"createdAt":"2016-11-17T17:57:08.361Z","updatedAt":"2016-11-17T17:57:08.361Z","storeId":15,"serviceId":4}},{"id":7,"name":"Electronics Recycling","createdAt":"2016-11-17T17:56:35.881Z","updatedAt":"2016-11-17T17:56:35.881Z","storeservices":{"createdAt":"2016-11-17T17:57:08.361Z","updatedAt":"2016-11-17T17:57:08.361Z","storeId":15,"serviceId":7}},{"id":10,"name":"Windows Store","createdAt":"2016-11-17T17:56:35.881Z","updatedAt":"2016-11-17T17:56:35.881Z","storeservices":{"createdAt":"2016-11-17T17:57:08.361Z","updatedAt":"2016-11-17T17:57:08.361Z","storeId":15,"serviceId":10}},{"id":11,"name":"Samsung Experience","createdAt":"2016-11-17T17:56:35.881Z","updatedAt":"2016-11-17T17:56:35.881Z","storeservices":{"createdAt":"2016-11-17T17:57:08.361Z","updatedAt":"2016-11-17T17:57:08.361Z","storeId":15,"serviceId":11}},{"id":12,"name":"Car & GPS Installation Services","createdAt":"2016-11-17T17:56:35.881Z","updatedAt":"2016-11-17T17:56:35.881Z","storeservices":{"createdAt":"2016-11-17T17:57:08.361Z","updatedAt":"2016-11-17T17:57:08.361Z","storeId":15,"serviceId":12}},{"id":13,"name":"LG Experience ","createdAt":"2016-11-17T17:56:35.881Z","updatedAt":"2016-11-17T17:56:35.881Z","storeservices":{"createdAt":"2016-11-17T17:57:08.361Z","updatedAt":"2016-11-17T17:57:08.361Z","storeId":15,"serviceId":13}},{"id":14,"name":"Sony Experience ","createdAt":"2016-11-17T17:56:35.881Z","updatedAt":"2016-11-17T17:56:35.881Z","storeservices":{"createdAt":"2016-11-17T17:57:08.361Z","updatedAt":"2016-11-17T17:57:08.361Z","storeId":15,"serviceId":14}},{"id":17,"name":"Magnolia Design Center ","createdAt":"2016-11-17T17:56:35.881Z","updatedAt":"2016-11-17T17:56:35.881Z","storeservices":{"createdAt":"2016-11-17T17:57:08.361Z","updatedAt":"2016-11-17T17:57:08.361Z","storeId":15,"serviceId":17}},{"id":18,"name":"Geek Squad Solution Central","createdAt":"2016-11-17T17:56:35.881Z","updatedAt":"2016-11-17T17:56:35.881Z","storeservices":{"createdAt":"2016-11-17T17:57:08.361Z","updatedAt":"2016-11-17T17:57:08.361Z","storeId":15,"serviceId":18}},{"id":19,"name":"Pacific Kitchen & Home","createdAt":"2016-11-17T17:56:35.881Z","updatedAt":"2016-11-17T17:56:35.881Z","storeservices":{"createdAt":"2016-11-17T17:57:08.361Z","updatedAt":"2016-11-17T17:57:08.361Z","storeId":15,"serviceId":19}}]},{"id":43,"name":"Duluth","type":"BigBox","address":"5105 Burning Tree Rd","address2":"","city":"Duluth","state":"MN","zip":"55811","lat":46.808983,"lng":-92.170853,"hours":"Mon: 10-9; Tue: 10-9; Wed: 10-9; Thurs: 10-9; Fri: 9-9; Sat: 9-9; Sun: 10-8","createdAt":"2016-11-17T17:57:05.659Z","updatedAt":"2016-11-17T17:57:05.659Z","services":[{"id":1,"name":"Geek Squad Services","createdAt":"2016-11-17T17:56:35.881Z","updatedAt":"2016-11-17T17:56:35.881Z","storeservices":{"createdAt":"2016-11-17T17:57:09.133Z","updatedAt":"2016-11-17T17:57:09.133Z","storeId":43,"serviceId":1}},{"id":2,"name":"Best Buy Mobile","createdAt":"2016-11-17T17:56:35.881Z","updatedAt":"2016-11-17T17:56:35.881Z","storeservices":{"createdAt":"2016-11-17T17:57:09.133Z","updatedAt":"2016-11-17T17:57:09.133Z","storeId":43,"serviceId":2}},{"id":3,"name":"Best Buy For Business","createdAt":"2016-11-17T17:56:35.881Z","updatedAt":"2016-11-17T17:56:35.881Z","storeservices":{"createdAt":"2016-11-17T17:57:09.133Z","updatedAt":"2016-11-17T17:57:09.133Z","storeId":43,"serviceId":3}},{"id":4,"name":"Apple Shop","createdAt":"2016-11-17T17:56:35.881Z","updatedAt":"2016-11-17T17:56:35.881Z","storeservices":{"createdAt":"2016-11-17T17:57:09.133Z","updatedAt":"2016-11-17T17:57:09.133Z","storeId":43,"serviceId":4}},{"id":7,"name":"Electronics Recycling","createdAt":"2016-11-17T17:56:35.881Z","updatedAt":"2016-11-17T17:56:35.881Z","storeservices":{"createdAt":"2016-11-17T17:57:09.133Z","updatedAt":"2016-11-17T17:57:09.133Z","storeId":43,"serviceId":7}},{"id":10,"name":"Windows Store","createdAt":"2016-11-17T17:56:35.881Z","updatedAt":"2016-11-17T17:56:35.881Z","storeservices":{"createdAt":"2016-11-17T17:57:09.133Z","updatedAt":"2016-11-17T17:57:09.133Z","storeId":43,"serviceId":10}},{"id":11,"name":"Samsung Experience","createdAt":"2016-11-17T17:56:35.881Z","updatedAt":"2016-11-17T17:56:35.881Z","storeservices":{"createdAt":"2016-11-17T17:57:09.133Z","updatedAt":"2016-11-17T17:57:09.133Z","storeId":43,"serviceId":11}},{"id":12,"name":"Car & GPS Installation Services","createdAt":"2016-11-17T17:56:35.881Z","updatedAt":"2016-11-17T17:56:35.881Z","storeservices":{"createdAt":"2016-11-17T17:57:09.133Z","updatedAt":"2016-11-17T17:57:09.133Z","storeId":43,"serviceId":12}},{"id":15,"name":"Best Buy Marine Powered by Geek Squad","createdAt":"2016-11-17T17:56:35.881Z","updatedAt":"2016-11-17T17:56:35.881Z","storeservices":{"createdAt":"2016-11-17T17:57:09.133Z","updatedAt":"2016-11-17T17:57:09.133Z","storeId":43,"serviceId":15}}]}]}

22:49:08.599 [ForkJoinPool-1-worker-5] INFO  com.intuit.karate - karate.env system property was: null 
22:49:08.606 [ForkJoinPool-1-worker-5] DEBUG com.intuit.karate - request:
1 > GET http://localhost:3030/stores?service.name=Windows+Store&near=90210
1 > Accept-Encoding: gzip,deflate
1 > Connection: Keep-Alive
1 > Host: localhost:3030
1 > User-Agent: Apache-HttpClient/4.5.5 (Java/1.8.0_221)

22:49:08.688 [pool-1-thread-1] INFO  com.intuit.karate.Runner - <<pass>> feature 12 of 17: classpath:com/n26/bestbuy/api/services/services-post.feature
---------------------------------------------------------
feature: classpath:com/n26/bestbuy/api/services/services-post.feature
report: target\surefire-reports\com.n26.bestbuy.api.services.services-post.json
scenarios:  2 | passed:  2 | failed:  0 | time: 1.0006
---------------------------------------------------------
22:49:08.719 [ForkJoinPool-1-worker-4] DEBUG com.intuit.karate - request:
1 > GET http://localhost:3030/stores?service.name=Apple+Shop
1 > Accept-Encoding: gzip,deflate
1 > Connection: Keep-Alive
1 > Host: localhost:3030
1 > User-Agent: Apache-HttpClient/4.5.5 (Java/1.8.0_221)

22:49:08.826 [ForkJoinPool-1-worker-2] DEBUG com.intuit.karate - response time in milliseconds: 582.77
1 < 200
1 < Access-Control-Allow-Origin: *
1 < Allow: GET,POST,PUT,PATCH,DELETE
1 < Connection: keep-alive
1 < Content-Type: application/json; charset=utf-8
1 < Date: Fri, 08 Nov 2019 17:19:08 GMT
1 < ETag: W/"77c8-9r97C3dI/zo/esLtnc/07O6OMKM"
1 < Transfer-Encoding: chunked
1 < Vary: Accept, Accept-Encoding
1 < X-Powered-By: Express
{"total":756,"limit":10,"skip":0,"data":[{"id":4,"name":"Minnetonka","type":"BigBox","address":"13513 Ridgedale Dr","address2":"","city":"Hopkins","state":"MN","zip":"55305","lat":44.969658,"lng":-93.449539,"hours":"Mon: 10-9; Tue: 10-9; Wed: 10-9; Thurs: 10-9; Fri: 10-9; Sat: 10-9; Sun: 10-8","createdAt":"2016-11-17T17:57:05.708Z","updatedAt":"2016-11-17T17:57:05.708Z","services":[{"id":1,"name":"Geek Squad Services","createdAt":"2016-11-17T17:56:35.881Z","updatedAt":"2016-11-17T17:56:35.881Z","storeservices":{"createdAt":"2016-11-17T17:57:09.213Z","updatedAt":"2016-11-17T17:57:09.213Z","storeId":4,"serviceId":1}},{"id":2,"name":"Best Buy Mobile","createdAt":"2016-11-17T17:56:35.881Z","updatedAt":"2016-11-17T17:56:35.881Z","storeservices":{"createdAt":"2016-11-17T17:57:09.213Z","updatedAt":"2016-11-17T17:57:09.213Z","storeId":4,"serviceId":2}},{"id":3,"name":"Best Buy For Business","createdAt":"2016-11-17T17:56:35.881Z","updatedAt":"2016-11-17T17:56:35.881Z","storeservices":{"createdAt":"2016-11-17T17:57:09.213Z","updatedAt":"2016-11-17T17:57:09.213Z","storeId":4,"serviceId":3}},{"id":4,"name":"Apple Shop","createdAt":"2016-11-17T17:56:35.881Z","updatedAt":"2016-11-17T17:56:35.881Z","storeservices":{"createdAt":"2016-11-17T17:57:09.213Z","updatedAt":"2016-11-17T17:57:09.213Z","storeId":4,"serviceId":4}},{"id":7,"name":"Electronics Recycling","createdAt":"2016-11-17T17:56:35.881Z","updatedAt":"2016-11-17T17:56:35.881Z","storeservices":{"createdAt":"2016-11-17T17:57:09.213Z","updatedAt":"2016-11-17T17:57:09.213Z","storeId":4,"serviceId":7}},{"id":10,"name":"Windows Store","createdAt":"2016-11-17T17:56:35.881Z","updatedAt":"2016-11-17T17:56:35.881Z","storeservices":{"createdAt":"2016-11-17T17:57:09.213Z","updatedAt":"2016-11-17T17:57:09.213Z","storeId":4,"serviceId":10}},{"id":11,"name":"Samsung Experience","createdAt":"2016-11-17T17:56:35.881Z","updatedAt":"2016-11-17T17:56:35.881Z","storeservices":{"createdAt":"2016-11-17T17:57:09.213Z","updatedAt":"2016-11-17T17:57:09.213Z","storeId":4,"serviceId":11}},{"id":12,"name":"Car & GPS Installation Services","createdAt":"2016-11-17T17:56:35.881Z","updatedAt":"2016-11-17T17:56:35.881Z","storeservices":{"createdAt":"2016-11-17T17:57:09.213Z","updatedAt":"2016-11-17T17:57:09.213Z","storeId":4,"serviceId":12}},{"id":13,"name":"LG Experience ","createdAt":"2016-11-17T17:56:35.881Z","updatedAt":"2016-11-17T17:56:35.881Z","storeservices":{"createdAt":"2016-11-17T17:57:09.213Z","updatedAt":"2016-11-17T17:57:09.213Z","storeId":4,"serviceId":13}},{"id":14,"name":"Sony Experience ","createdAt":"2016-11-17T17:56:35.881Z","updatedAt":"2016-11-17T17:56:35.881Z","storeservices":{"createdAt":"2016-11-17T17:57:09.213Z","updatedAt":"2016-11-17T17:57:09.213Z","storeId":4,"serviceId":14}},{"id":15,"name":"Best Buy Marine Powered by Geek Squad","createdAt":"2016-11-17T17:56:35.881Z","updatedAt":"2016-11-17T17:56:35.881Z","storeservices":{"createdAt":"2016-11-17T17:57:09.213Z","updatedAt":"2016-11-17T17:57:09.213Z","storeId":4,"serviceId":15}},{"id":17,"name":"Magnolia Design Center ","createdAt":"2016-11-17T17:56:35.881Z","updatedAt":"2016-11-17T17:56:35.881Z","storeservices":{"createdAt":"2016-11-17T17:57:09.213Z","updatedAt":"2016-11-17T17:57:09.213Z","storeId":4,"serviceId":17}},{"id":18,"name":"Geek Squad Solution Central","createdAt":"2016-11-17T17:56:35.881Z","updatedAt":"2016-11-17T17:56:35.881Z","storeservices":{"createdAt":"2016-11-17T17:57:09.213Z","updatedAt":"2016-11-17T17:57:09.213Z","storeId":4,"serviceId":18}},{"id":19,"name":"Pacific Kitchen & Home","createdAt":"2016-11-17T17:56:35.881Z","updatedAt":"2016-11-17T17:56:35.881Z","storeservices":{"createdAt":"2016-11-17T17:57:09.213Z","updatedAt":"2016-11-17T17:57:09.213Z","storeId":4,"serviceId":19}}]},{"id":6,"name":"Inver Grove Heights","type":"BigBox","address":"1350 50th Street E","address2":"","city":"Inver Grove Heights","state":"MN","zip":"55077","lat":44.879314,"lng":-93.077156,"hours":"Mon: 10-9; Tue: 10-9; Wed: 10-9; Thurs: 10-9; Fri: 10-9; Sat: 10-9; Sun: 10-8","createdAt":"2016-11-17T17:57:05.831Z","updatedAt":"2016-11-17T17:57:05.831Z","services":[{"id":1,"name":"Geek Squad Services","createdAt":"2016-11-17T17:56:35.881Z","updatedAt":"2016-11-17T17:56:35.881Z","storeservices":{"createdAt":"2016-11-17T17:57:09.414Z","updatedAt":"2016-11-17T17:57:09.414Z","storeId":6,"serviceId":1}},{"id":2,"name":"Best Buy Mobile","createdAt":"2016-11-17T17:56:35.881Z","updatedAt":"2016-11-17T17:56:35.881Z","storeservices":{"createdAt":"2016-11-17T17:57:09.414Z","updatedAt":"2016-11-17T17:57:09.414Z","storeId":6,"serviceId":2}},{"id":3,"name":"Best Buy For Business","createdAt":"2016-11-17T17:56:35.881Z","updatedAt":"2016-11-17T17:56:35.881Z","storeservices":{"createdAt":"2016-11-17T17:57:09.414Z","updatedAt":"2016-11-17T17:57:09.414Z","storeId":6,"serviceId":3}},{"id":4,"name":"Apple Shop","createdAt":"2016-11-17T17:56:35.881Z","updatedAt":"2016-11-17T17:56:35.881Z","storeservices":{"createdAt":"2016-11-17T17:57:09.414Z","updatedAt":"2016-11-17T17:57:09.414Z","storeId":6,"serviceId":4}},{"id":5,"name":"Hablamos Español","createdAt":"2016-11-17T17:56:35.881Z","updatedAt":"2016-11-17T17:56:35.881Z","storeservices":{"createdAt":"2016-11-17T17:57:09.414Z","updatedAt":"2016-11-17T17:57:09.414Z","storeId":6,"serviceId":5}},{"id":7,"name":"Electronics Recycling","createdAt":"2016-11-17T17:56:35.881Z","updatedAt":"2016-11-17T17:56:35.881Z","storeservices":{"createdAt":"2016-11-17T17:57:09.414Z","updatedAt":"2016-11-17T17:57:09.414Z","storeId":6,"serviceId":7}},{"id":9,"name":"Samsung Experience Shop","createdAt":"2016-11-17T17:56:35.881Z","updatedAt":"2016-11-17T17:56:35.881Z","storeservices":{"createdAt":"2016-11-17T17:57:09.414Z","updatedAt":"2016-11-17T17:57:09.414Z","storeId":6,"serviceId":9}},{"id":10,"name":"Windows Store","createdAt":"2016-11-17T17:56:35.881Z","updatedAt":"2016-11-17T17:56:35.881Z","storeservices":{"createdAt":"2016-11-17T17:57:09.414Z","updatedAt":"2016-11-17T17:57:09.414Z","storeId":6,"serviceId":10}},{"id":12,"name":"Car & GPS Installation Services","createdAt":"2016-11-17T17:56:35.881Z","updatedAt":"2016-11-17T17:56:35.881Z","storeservices":{"createdAt":"2016-11-17T17:57:09.414Z","updatedAt":"2016-11-17T17:57:09.414Z","storeId":6,"serviceId":12}},{"id":18,"name":"Geek Squad Solution Central","createdAt":"2016-11-17T17:56:35.881Z","updatedAt":"2016-11-17T17:56:35.881Z","storeservices":{"createdAt":"2016-11-17T17:57:09.414Z","updatedAt":"2016-11-17T17:57:09.414Z","storeId":6,"serviceId":18}}]},{"id":7,"name":"Roseville","type":"BigBox","address":"1643 County Road B2","address2":"","city":"Roseville","state":"MN","zip":"55113","lat":45.01651,"lng":-93.168518,"hours":"Mon: 10-9; Tue: 10-9; Wed: 10-9; Thurs: 10-9; Fri: 10-9; Sat: 10-9; Sun: 10-8","createdAt":"2016-11-17T17:57:05.853Z","updatedAt":"2016-11-17T17:57:05.853Z","services":[{"id":1,"name":"Geek Squad Services","createdAt":"2016-11-17T17:56:35.881Z","updatedAt":"2016-11-17T17:56:35.881Z","storeservices":{"createdAt":"2016-11-17T17:57:09.417Z","updatedAt":"2016-11-17T17:57:09.417Z","storeId":7,"serviceId":1}},{"id":2,"name":"Best Buy Mobile","createdAt":"2016-11-17T17:56:35.881Z","updatedAt":"2016-11-17T17:56:35.881Z","storeservices":{"createdAt":"2016-11-17T17:57:09.417Z","updatedAt":"2016-11-17T17:57:09.417Z","storeId":7,"serviceId":2}},{"id":3,"name":"Best Buy For Business","createdAt":"2016-11-17T17:56:35.881Z","updatedAt":"2016-11-17T17:56:35.881Z","storeservices":{"createdAt":"2016-11-17T17:57:09.417Z","updatedAt":"2016-11-17T17:57:09.417Z","storeId":7,"serviceId":3}},{"id":4,"name":"Apple Shop","createdAt":"2016-11-17T17:56:35.881Z","updatedAt":"2016-11-17T17:56:35.881Z","storeservices":{"createdAt":"2016-11-17T17:57:09.417Z","updatedAt":"2016-11-17T17:57:09.417Z","storeId":7,"serviceId":4}},{"id":5,"name":"Hablamos Español","createdAt":"2016-11-17T17:56:35.881Z","updatedAt":"2016-11-17T17:56:35.881Z","storeservices":{"createdAt":"2016-11-17T17:57:09.417Z","updatedAt":"2016-11-17T17:57:09.417Z","storeId":7,"serviceId":5}},{"id":6,"name":"Camera Experience Shop ","createdAt":"2016-11-17T17:56:35.881Z","updatedAt":"2016-11-17T17:56:35.881Z","storeservices":{"createdAt":"2016-11-17T17:57:09.417Z","updatedAt":"2016-11-17T17:57:09.417Z","storeId":7,"serviceId":6}},{"id":7,"name":"Electronics Recycling","createdAt":"2016-11-17T17:56:35.881Z","updatedAt":"2016-11-17T17:56:35.881Z","storeservices":{"createdAt":"2016-11-17T17:57:09.417Z","updatedAt":"2016-11-17T17:57:09.417Z","storeId":7,"serviceId":7}},{"id":8,"name":"Magnolia Home Theater","createdAt":"2016-11-17T17:56:35.881Z","updatedAt":"2016-11-17T17:56:35.881Z","storeservices":{"createdAt":"2016-11-17T17:57:09.417Z","updatedAt":"2016-11-17T17:57:09.417Z","storeId":7,"serviceId":8}},{"id":10,"name":"Windows Store","createdAt":"2016-11-17T17:56:35.881Z","updatedAt":"2016-11-17T17:56:35.881Z","storeservices":{"createdAt":"2016-11-17T17:57:09.417Z","updatedAt":"2016-11-17T17:57:09.417Z","storeId":7,"serviceId":10}},{"id":11,"name":"Samsung Experience","createdAt":"2016-11-17T17:56:35.881Z","updatedAt":"2016-11-17T17:56:35.881Z","storeservices":{"createdAt":"2016-11-17T17:57:09.417Z","updatedAt":"2016-11-17T17:57:09.417Z","storeId":7,"serviceId":11}},{"id":12,"name":"Car & GPS Installation Services","createdAt":"2016-11-17T17:56:35.881Z","updatedAt":"2016-11-17T17:56:35.881Z","storeservices":{"createdAt":"2016-11-17T17:57:09.417Z","updatedAt":"2016-11-17T17:57:09.417Z","storeId":7,"serviceId":12}},{"id":15,"name":"Best Buy Marine Powered by Geek Squad","createdAt":"2016-11-17T17:56:35.881Z","updatedAt":"2016-11-17T17:56:35.881Z","storeservices":{"createdAt":"2016-11-17T17:57:09.417Z","updatedAt":"2016-11-17T17:57:09.417Z","storeId":7,"serviceId":15}},{"id":18,"name":"Geek Squad Solution Central","createdAt":"2016-11-17T17:56:35.881Z","updatedAt":"2016-11-17T17:56:35.881Z","storeservices":{"createdAt":"2016-11-17T17:57:09.417Z","updatedAt":"2016-11-17T17:57:09.417Z","storeId":7,"serviceId":18}},{"id":19,"name":"Pacific Kitchen & Home","createdAt":"2016-11-17T17:56:35.881Z","updatedAt":"2016-11-17T17:56:35.881Z","storeservices":{"createdAt":"2016-11-17T17:57:09.417Z","updatedAt":"2016-11-17T17:57:09.417Z","storeId":7,"serviceId":19}}]},{"id":8,"name":"Burnsville","type":"BigBox","address":"14141 Aldrich Ave S","address2":"","city":"Burnsville","state":"MN","zip":"55337","lat":44.747404,"lng":-93.288039,"hours":"Mon: 10-9; Tue: 10-9; Wed: 10-9; Thurs: 10-9; Fri: 10-9; Sat: 10-9; Sun: 10-8","createdAt":"2016-11-17T17:57:06.108Z","updatedAt":"2016-11-17T17:57:06.108Z","services":[{"id":1,"name":"Geek Squad Services","createdAt":"2016-11-17T17:56:35.881Z","updatedAt":"2016-11-17T17:56:35.881Z","storeservices":{"createdAt":"2016-11-17T17:57:09.595Z","updatedAt":"2016-11-17T17:57:09.595Z","storeId":8,"serviceId":1}},{"id":2,"name":"Best Buy Mobile","createdAt":"2016-11-17T17:56:35.881Z","updatedAt":"2016-11-17T17:56:35.881Z","storeservices":{"createdAt":"2016-11-17T17:57:09.595Z","updatedAt":"2016-11-17T17:57:09.595Z","storeId":8,"serviceId":2}},{"id":3,"name":"Best Buy For Business","createdAt":"2016-11-17T17:56:35.881Z","updatedAt":"2016-11-17T17:56:35.881Z","storeservices":{"createdAt":"2016-11-17T17:57:09.595Z","updatedAt":"2016-11-17T17:57:09.595Z","storeId":8,"serviceId":3}},{"id":4,"name":"Apple Shop","createdAt":"2016-11-17T17:56:35.881Z","updatedAt":"2016-11-17T17:56:35.881Z","storeservices":{"createdAt":"2016-11-17T17:57:09.595Z","updatedAt":"2016-11-17T17:57:09.595Z","storeId":8,"serviceId":4}},{"id":7,"name":"Electronics Recycling","createdAt":"2016-11-17T17:56:35.881Z","updatedAt":"2016-11-17T17:56:35.881Z","storeservices":{"createdAt":"2016-11-17T17:57:09.595Z","updatedAt":"2016-11-17T17:57:09.595Z","storeId":8,"serviceId":7}},{"id":9,"name":"Samsung Experience Shop","createdAt":"2016-11-17T17:56:35.881Z","updatedAt":"2016-11-17T17:56:35.881Z","storeservices":{"createdAt":"2016-11-17T17:57:09.595Z","updatedAt":"2016-11-17T17:57:09.595Z","storeId":8,"serviceId":9}},{"id":18,"name":"Geek Squad Solution Central","createdAt":"2016-11-17T17:56:35.881Z","updatedAt":"2016-11-17T17:56:35.881Z","storeservices":{"createdAt":"2016-11-17T17:57:09.595Z","updatedAt":"2016-11-17T17:57:09.595Z","storeId":8,"serviceId":18}}]},{"id":10,"name":"Maplewood","type":"BigBox","address":"1795 County Rd D E","address2":"","city":"Maplewood","state":"MN","zip":"55109","lat":45.036556,"lng":-93.025986,"hours":"Mon: 10-9; Tue: 10-9; Wed: 10-9; Thurs: 10-9; Fri: 10-9; Sat: 10-9; Sun: 10-8","createdAt":"2016-11-17T17:57:04.414Z","updatedAt":"2016-11-17T17:57:04.414Z","services":[{"id":1,"name":"Geek Squad Services","createdAt":"2016-11-17T17:56:35.881Z","updatedAt":"2016-11-17T17:56:35.881Z","storeservices":{"createdAt":"2016-11-17T17:57:08.033Z","updatedAt":"2016-11-17T17:57:08.033Z","storeId":10,"serviceId":1}},{"id":2,"name":"Best Buy Mobile","createdAt":"2016-11-17T17:56:35.881Z","updatedAt":"2016-11-17T17:56:35.881Z","storeservices":{"createdAt":"2016-11-17T17:57:08.033Z","updatedAt":"2016-11-17T17:57:08.033Z","storeId":10,"serviceId":2}},{"id":3,"name":"Best Buy For Business","createdAt":"2016-11-17T17:56:35.881Z","updatedAt":"2016-11-17T17:56:35.881Z","storeservices":{"createdAt":"2016-11-17T17:57:08.033Z","updatedAt":"2016-11-17T17:57:08.033Z","storeId":10,"serviceId":3}},{"id":4,"name":"Apple Shop","createdAt":"2016-11-17T17:56:35.881Z","updatedAt":"2016-11-17T17:56:35.881Z","storeservices":{"createdAt":"2016-11-17T17:57:08.033Z","updatedAt":"2016-11-17T17:57:08.033Z","storeId":10,"serviceId":4}},{"id":7,"name":"Electronics Recycling","createdAt":"2016-11-17T17:56:35.881Z","updatedAt":"2016-11-17T17:56:35.881Z","storeservices":{"createdAt":"2016-11-17T17:57:08.033Z","updatedAt":"2016-11-17T17:57:08.033Z","storeId":10,"serviceId":7}},{"id":8,"name":"Magnolia Home Theater","createdAt":"2016-11-17T17:56:35.881Z","updatedAt":"2016-11-17T17:56:35.881Z","storeservices":{"createdAt":"2016-11-17T17:57:08.033Z","updatedAt":"2016-11-17T17:57:08.033Z","storeId":10,"serviceId":8}},{"id":10,"name":"Windows Store","createdAt":"2016-11-17T17:56:35.881Z","updatedAt":"2016-11-17T17:56:35.881Z","storeservices":{"createdAt":"2016-11-17T17:57:08.033Z","updatedAt":"2016-11-17T17:57:08.033Z","storeId":10,"serviceId":10}},{"id":11,"name":"Samsung Experience","createdAt":"2016-11-17T17:56:35.881Z","updatedAt":"2016-11-17T17:56:35.881Z","storeservices":{"createdAt":"2016-11-17T17:57:08.033Z","updatedAt":"2016-11-17T17:57:08.033Z","storeId":10,"serviceId":11}},{"id":12,"name":"Car & GPS Installation Services","createdAt":"2016-11-17T17:56:35.881Z","updatedAt":"2016-11-17T17:56:35.881Z","storeservices":{"createdAt":"2016-11-17T17:57:08.033Z","updatedAt":"2016-11-17T17:57:08.033Z","storeId":10,"serviceId":12}},{"id":13,"name":"LG Experience ","createdAt":"2016-11-17T17:56:35.881Z","updatedAt":"2016-11-17T17:56:35.881Z","storeservices":{"createdAt":"2016-11-17T17:57:08.033Z","updatedAt":"2016-11-17T17:57:08.033Z","storeId":10,"serviceId":13}},{"id":14,"name":"Sony Experience ","createdAt":"2016-11-17T17:56:35.881Z","updatedAt":"2016-11-17T17:56:35.881Z","storeservices":{"createdAt":"2016-11-17T17:57:08.033Z","updatedAt":"2016-11-17T17:57:08.033Z","storeId":10,"serviceId":14}},{"id":18,"name":"Geek Squad Solution Central","createdAt":"2016-11-17T17:56:35.881Z","updatedAt":"2016-11-17T17:56:35.881Z","storeservices":{"createdAt":"2016-11-17T17:57:08.033Z","updatedAt":"2016-11-17T17:57:08.033Z","storeId":10,"serviceId":18}}]},{"id":12,"name":"St Cloud","type":"BigBox","address":"4130 W Division St","address2":"","city":"Saint Cloud","state":"MN","zip":"56301","lat":45.55275,"lng":-94.209656,"hours":"Mon: 10-9; Tue: 10-9; Wed: 10-9; Thurs: 10-9; Fri: 9-9; Sat: 9-9; Sun: 10-8","createdAt":"2016-11-17T17:57:04.575Z","updatedAt":"2016-11-17T17:57:04.575Z","services":[{"id":1,"name":"Geek Squad Services","createdAt":"2016-11-17T17:56:35.881Z","updatedAt":"2016-11-17T17:56:35.881Z","storeservices":{"createdAt":"2016-11-17T17:57:08.169Z","updatedAt":"2016-11-17T17:57:08.169Z","storeId":12,"serviceId":1}},{"id":2,"name":"Best Buy Mobile","createdAt":"2016-11-17T17:56:35.881Z","updatedAt":"2016-11-17T17:56:35.881Z","storeservices":{"createdAt":"2016-11-17T17:57:08.169Z","updatedAt":"2016-11-17T17:57:08.169Z","storeId":12,"serviceId":2}},{"id":3,"name":"Best Buy For Business","createdAt":"2016-11-17T17:56:35.881Z","updatedAt":"2016-11-17T17:56:35.881Z","storeservices":{"createdAt":"2016-11-17T17:57:08.169Z","updatedAt":"2016-11-17T17:57:08.169Z","storeId":12,"serviceId":3}},{"id":4,"name":"Apple Shop","createdAt":"2016-11-17T17:56:35.881Z","updatedAt":"2016-11-17T17:56:35.881Z","storeservices":{"createdAt":"2016-11-17T17:57:08.169Z","updatedAt":"2016-11-17T17:57:08.169Z","storeId":12,"serviceId":4}},{"id":5,"name":"Hablamos Español","createdAt":"2016-11-17T17:56:35.881Z","updatedAt":"2016-11-17T17:56:35.881Z","storeservices":{"createdAt":"2016-11-17T17:57:08.169Z","updatedAt":"2016-11-17T17:57:08.169Z","storeId":12,"serviceId":5}},{"id":7,"name":"Electronics Recycling","createdAt":"2016-11-17T17:56:35.881Z","updatedAt":"2016-11-17T17:56:35.881Z","storeservices":{"createdAt":"2016-11-17T17:57:08.169Z","updatedAt":"2016-11-17T17:57:08.169Z","storeId":12,"serviceId":7}},{"id":10,"name":"Windows Store","createdAt":"2016-11-17T17:56:35.881Z","updatedAt":"2016-11-17T17:56:35.881Z","storeservices":{"createdAt":"2016-11-17T17:57:08.169Z","updatedAt":"2016-11-17T17:57:08.169Z","storeId":12,"serviceId":10}},{"id":11,"name":"Samsung Experience","createdAt":"2016-11-17T17:56:35.881Z","updatedAt":"2016-11-17T17:56:35.881Z","storeservices":{"createdAt":"2016-11-17T17:57:08.169Z","updatedAt":"2016-11-17T17:57:08.169Z","storeId":12,"serviceId":11}},{"id":12,"name":"Car & GPS Installation Services","createdAt":"2016-11-17T17:56:35.881Z","updatedAt":"2016-11-17T17:56:35.881Z","storeservices":{"createdAt":"2016-11-17T17:57:08.169Z","updatedAt":"2016-11-17T17:57:08.169Z","storeId":12,"serviceId":12}},{"id":15,"name":"Best Buy Marine Powered by Geek Squad","createdAt":"2016-11-17T17:56:35.881Z","updatedAt":"2016-11-17T17:56:35.881Z","storeservices":{"createdAt":"2016-11-17T17:57:08.169Z","updatedAt":"2016-11-17T17:57:08.169Z","storeId":12,"serviceId":15}}]},{"id":13,"name":"Fargo","type":"BigBox","address":"1615 38th St S","address2":"","city":"Fargo","state":"ND","zip":"58103","lat":46.857113,"lng":-96.842743,"hours":"Mon: 10-9; Tue: 10-9; Wed: 10-9; Thurs: 10-9; Fri: 9-9; Sat: 9-9; Sun: 12-8","createdAt":"2016-11-17T17:57:04.603Z","updatedAt":"2016-11-17T17:57:04.603Z","services":[{"id":1,"name":"Geek Squad Services","createdAt":"2016-11-17T17:56:35.881Z","updatedAt":"2016-11-17T17:56:35.881Z","storeservices":{"createdAt":"2016-11-17T17:57:08.218Z","updatedAt":"2016-11-17T17:57:08.218Z","storeId":13,"serviceId":1}},{"id":2,"name":"Best Buy Mobile","createdAt":"2016-11-17T17:56:35.881Z","updatedAt":"2016-11-17T17:56:35.881Z","storeservices":{"createdAt":"2016-11-17T17:57:08.218Z","updatedAt":"2016-11-17T17:57:08.218Z","storeId":13,"serviceId":2}},{"id":3,"name":"Best Buy For Business","createdAt":"2016-11-17T17:56:35.881Z","updatedAt":"2016-11-17T17:56:35.881Z","storeservices":{"createdAt":"2016-11-17T17:57:08.218Z","updatedAt":"2016-11-17T17:57:08.218Z","storeId":13,"serviceId":3}},{"id":4,"name":"Apple Shop","createdAt":"2016-11-17T17:56:35.881Z","updatedAt":"2016-11-17T17:56:35.881Z","storeservices":{"createdAt":"2016-11-17T17:57:08.218Z","updatedAt":"2016-11-17T17:57:08.218Z","storeId":13,"serviceId":4}},{"id":7,"name":"Electronics Recycling","createdAt":"2016-11-17T17:56:35.881Z","updatedAt":"2016-11-17T17:56:35.881Z","storeservices":{"createdAt":"2016-11-17T17:57:08.218Z","updatedAt":"2016-11-17T17:57:08.218Z","storeId":13,"serviceId":7}},{"id":10,"name":"Windows Store","createdAt":"2016-11-17T17:56:35.881Z","updatedAt":"2016-11-17T17:56:35.881Z","storeservices":{"createdAt":"2016-11-17T17:57:08.218Z","updatedAt":"2016-11-17T17:57:08.218Z","storeId":13,"serviceId":10}},{"id":11,"name":"Samsung Experience","createdAt":"2016-11-17T17:56:35.881Z","updatedAt":"2016-11-17T17:56:35.881Z","storeservices":{"createdAt":"2016-11-17T17:57:08.218Z","updatedAt":"2016-11-17T17:57:08.218Z","storeId":13,"serviceId":11}},{"id":12,"name":"Car & GPS Installation Services","createdAt":"2016-11-17T17:56:35.881Z","updatedAt":"2016-11-17T17:56:35.881Z","storeservices":{"createdAt":"2016-11-17T17:57:08.218Z","updatedAt":"2016-11-17T17:57:08.218Z","storeId":13,"serviceId":12}},{"id":13,"name":"LG Experience ","createdAt":"2016-11-17T17:56:35.881Z","updatedAt":"2016-11-17T17:56:35.881Z","storeservices":{"createdAt":"2016-11-17T17:57:08.218Z","updatedAt":"2016-11-17T17:57:08.218Z","storeId":13,"serviceId":13}},{"id":14,"name":"Sony Experience ","createdAt":"2016-11-17T17:56:35.881Z","updatedAt":"2016-11-17T17:56:35.881Z","storeservices":{"createdAt":"2016-11-17T17:57:08.218Z","updatedAt":"2016-11-17T17:57:08.218Z","storeId":13,"serviceId":14}},{"id":15,"name":"Best Buy Marine Powered by Geek Squad","createdAt":"2016-11-17T17:56:35.881Z","updatedAt":"2016-11-17T17:56:35.881Z","storeservices":{"createdAt":"2016-11-17T17:57:08.218Z","updatedAt":"2016-11-17T17:57:08.218Z","storeId":13,"serviceId":15}}]},{"id":14,"name":"Rochester","type":"BigBox","address":"4050 Hwy 52 N","address2":"","city":"Rochester","state":"MN","zip":"55901","lat":44.064365,"lng":-92.496895,"hours":"Mon: 10-9; Tue: 10-9; Wed: 10-9; Thurs: 10-9; Fri: 10-9; Sat: 10-9; Sun: 10-8","createdAt":"2016-11-17T17:57:04.756Z","updatedAt":"2016-11-17T17:57:04.756Z","services":[{"id":1,"name":"Geek Squad Services","createdAt":"2016-11-17T17:56:35.881Z","updatedAt":"2016-11-17T17:56:35.881Z","storeservices":{"createdAt":"2016-11-17T17:57:08.328Z","updatedAt":"2016-11-17T17:57:08.328Z","storeId":14,"serviceId":1}},{"id":2,"name":"Best Buy Mobile","createdAt":"2016-11-17T17:56:35.881Z","updatedAt":"2016-11-17T17:56:35.881Z","storeservices":{"createdAt":"2016-11-17T17:57:08.328Z","updatedAt":"2016-11-17T17:57:08.328Z","storeId":14,"serviceId":2}},{"id":3,"name":"Best Buy For Business","createdAt":"2016-11-17T17:56:35.881Z","updatedAt":"2016-11-17T17:56:35.881Z","storeservices":{"createdAt":"2016-11-17T17:57:08.328Z","updatedAt":"2016-11-17T17:57:08.328Z","storeId":14,"serviceId":3}},{"id":4,"name":"Apple Shop","createdAt":"2016-11-17T17:56:35.881Z","updatedAt":"2016-11-17T17:56:35.881Z","storeservices":{"createdAt":"2016-11-17T17:57:08.328Z","updatedAt":"2016-11-17T17:57:08.328Z","storeId":14,"serviceId":4}},{"id":7,"name":"Electronics Recycling","createdAt":"2016-11-17T17:56:35.881Z","updatedAt":"2016-11-17T17:56:35.881Z","storeservices":{"createdAt":"2016-11-17T17:57:08.328Z","updatedAt":"2016-11-17T17:57:08.328Z","storeId":14,"serviceId":7}},{"id":10,"name":"Windows Store","createdAt":"2016-11-17T17:56:35.881Z","updatedAt":"2016-11-17T17:56:35.881Z","storeservices":{"createdAt":"2016-11-17T17:57:08.328Z","updatedAt":"2016-11-17T17:57:08.328Z","storeId":14,"serviceId":10}},{"id":11,"name":"Samsung Experience","createdAt":"2016-11-17T17:56:35.881Z","updatedAt":"2016-11-17T17:56:35.881Z","storeservices":{"createdAt":"2016-11-17T17:57:08.328Z","updatedAt":"2016-11-17T17:57:08.328Z","storeId":14,"serviceId":11}},{"id":12,"name":"Car & GPS Installation Services","createdAt":"2016-11-17T17:56:35.881Z","updatedAt":"2016-11-17T17:56:35.881Z","storeservices":{"createdAt":"2016-11-17T17:57:08.328Z","updatedAt":"2016-11-17T17:57:08.328Z","storeId":14,"serviceId":12}},{"id":13,"name":"LG Experience ","createdAt":"2016-11-17T17:56:35.881Z","updatedAt":"2016-11-17T17:56:35.881Z","storeservices":{"createdAt":"2016-11-17T17:57:08.328Z","updatedAt":"2016-11-17T17:57:08.328Z","storeId":14,"serviceId":13}},{"id":14,"name":"Sony Experience ","createdAt":"2016-11-17T17:56:35.881Z","updatedAt":"2016-11-17T17:56:35.881Z","storeservices":{"createdAt":"2016-11-17T17:57:08.328Z","updatedAt":"2016-11-17T17:57:08.328Z","storeId":14,"serviceId":14}}]},{"id":15,"name":"Oakdale","type":"BigBox","address":"8301 3rd St N","address2":"","city":"Oakdale","state":"MN","zip":"55128","lat":44.950054,"lng":-92.936394,"hours":"Mon: 10-9; Tue: 10-9; Wed: 10-9; Thurs: 10-9; Fri: 10-9; Sat: 10-9; Sun: 10-8","createdAt":"2016-11-17T17:57:04.813Z","updatedAt":"2016-11-17T17:57:04.813Z","services":[{"id":1,"name":"Geek Squad Services","createdAt":"2016-11-17T17:56:35.881Z","updatedAt":"2016-11-17T17:56:35.881Z","storeservices":{"createdAt":"2016-11-17T17:57:08.361Z","updatedAt":"2016-11-17T17:57:08.361Z","storeId":15,"serviceId":1}},{"id":2,"name":"Best Buy Mobile","createdAt":"2016-11-17T17:56:35.881Z","updatedAt":"2016-11-17T17:56:35.881Z","storeservices":{"createdAt":"2016-11-17T17:57:08.361Z","updatedAt":"2016-11-17T17:57:08.361Z","storeId":15,"serviceId":2}},{"id":3,"name":"Best Buy For Business","createdAt":"2016-11-17T17:56:35.881Z","updatedAt":"2016-11-17T17:56:35.881Z","storeservices":{"createdAt":"2016-11-17T17:57:08.361Z","updatedAt":"2016-11-17T17:57:08.361Z","storeId":15,"serviceId":3}},{"id":4,"name":"Apple Shop","createdAt":"2016-11-17T17:56:35.881Z","updatedAt":"2016-11-17T17:56:35.881Z","storeservices":{"createdAt":"2016-11-17T17:57:08.361Z","updatedAt":"2016-11-17T17:57:08.361Z","storeId":15,"serviceId":4}},{"id":7,"name":"Electronics Recycling","createdAt":"2016-11-17T17:56:35.881Z","updatedAt":"2016-11-17T17:56:35.881Z","storeservices":{"createdAt":"2016-11-17T17:57:08.361Z","updatedAt":"2016-11-17T17:57:08.361Z","storeId":15,"serviceId":7}},{"id":10,"name":"Windows Store","createdAt":"2016-11-17T17:56:35.881Z","updatedAt":"2016-11-17T17:56:35.881Z","storeservices":{"createdAt":"2016-11-17T17:57:08.361Z","updatedAt":"2016-11-17T17:57:08.361Z","storeId":15,"serviceId":10}},{"id":11,"name":"Samsung Experience","createdAt":"2016-11-17T17:56:35.881Z","updatedAt":"2016-11-17T17:56:35.881Z","storeservices":{"createdAt":"2016-11-17T17:57:08.361Z","updatedAt":"2016-11-17T17:57:08.361Z","storeId":15,"serviceId":11}},{"id":12,"name":"Car & GPS Installation Services","createdAt":"2016-11-17T17:56:35.881Z","updatedAt":"2016-11-17T17:56:35.881Z","storeservices":{"createdAt":"2016-11-17T17:57:08.361Z","updatedAt":"2016-11-17T17:57:08.361Z","storeId":15,"serviceId":12}},{"id":13,"name":"LG Experience ","createdAt":"2016-11-17T17:56:35.881Z","updatedAt":"2016-11-17T17:56:35.881Z","storeservices":{"createdAt":"2016-11-17T17:57:08.361Z","updatedAt":"2016-11-17T17:57:08.361Z","storeId":15,"serviceId":13}},{"id":14,"name":"Sony Experience ","createdAt":"2016-11-17T17:56:35.881Z","updatedAt":"2016-11-17T17:56:35.881Z","storeservices":{"createdAt":"2016-11-17T17:57:08.361Z","updatedAt":"2016-11-17T17:57:08.361Z","storeId":15,"serviceId":14}},{"id":17,"name":"Magnolia Design Center ","createdAt":"2016-11-17T17:56:35.881Z","updatedAt":"2016-11-17T17:56:35.881Z","storeservices":{"createdAt":"2016-11-17T17:57:08.361Z","updatedAt":"2016-11-17T17:57:08.361Z","storeId":15,"serviceId":17}},{"id":18,"name":"Geek Squad Solution Central","createdAt":"2016-11-17T17:56:35.881Z","updatedAt":"2016-11-17T17:56:35.881Z","storeservices":{"createdAt":"2016-11-17T17:57:08.361Z","updatedAt":"2016-11-17T17:57:08.361Z","storeId":15,"serviceId":18}},{"id":19,"name":"Pacific Kitchen & Home","createdAt":"2016-11-17T17:56:35.881Z","updatedAt":"2016-11-17T17:56:35.881Z","storeservices":{"createdAt":"2016-11-17T17:57:08.361Z","updatedAt":"2016-11-17T17:57:08.361Z","storeId":15,"serviceId":19}}]},{"id":16,"name":"West Des Moines","type":"BigBox","address":"4100 University Ave","address2":"Ste 240","city":"West Des Moines","state":"IA","zip":"50265","lat":41.599323,"lng":-93.760139,"hours":"Mon: 10-9; Tue: 10-9; Wed: 10-9; Thurs: 10-9; Fri: 9-9; Sat: 9-9; Sun: 10-8","createdAt":"2016-11-17T17:57:04.845Z","updatedAt":"2016-11-17T17:57:04.845Z","services":[{"id":1,"name":"Geek Squad Services","createdAt":"2016-11-17T17:56:35.881Z","updatedAt":"2016-11-17T17:56:35.881Z","storeservices":{"createdAt":"2016-11-17T17:57:08.418Z","updatedAt":"2016-11-17T17:57:08.418Z","storeId":16,"serviceId":1}},{"id":2,"name":"Best Buy Mobile","createdAt":"2016-11-17T17:56:35.881Z","updatedAt":"2016-11-17T17:56:35.881Z","storeservices":{"createdAt":"2016-11-17T17:57:08.418Z","updatedAt":"2016-11-17T17:57:08.418Z","storeId":16,"serviceId":2}},{"id":3,"name":"Best Buy For Business","createdAt":"2016-11-17T17:56:35.881Z","updatedAt":"2016-11-17T17:56:35.881Z","storeservices":{"createdAt":"2016-11-17T17:57:08.418Z","updatedAt":"2016-11-17T17:57:08.418Z","storeId":16,"serviceId":3}},{"id":4,"name":"Apple Shop","createdAt":"2016-11-17T17:56:35.881Z","updatedAt":"2016-11-17T17:56:35.881Z","storeservices":{"createdAt":"2016-11-17T17:57:08.418Z","updatedAt":"2016-11-17T17:57:08.418Z","storeId":16,"serviceId":4}},{"id":5,"name":"Hablamos Español","createdAt":"2016-11-17T17:56:35.881Z","updatedAt":"2016-11-17T17:56:35.881Z","storeservices":{"createdAt":"2016-11-17T17:57:08.418Z","updatedAt":"2016-11-17T17:57:08.418Z","storeId":16,"serviceId":5}},{"id":6,"name":"Camera Experience Shop ","createdAt":"2016-11-17T17:56:35.881Z","updatedAt":"2016-11-17T17:56:35.881Z","storeservices":{"createdAt":"2016-11-17T17:57:08.418Z","updatedAt":"2016-11-17T17:57:08.418Z","storeId":16,"serviceId":6}},{"id":7,"name":"Electronics Recycling","createdAt":"2016-11-17T17:56:35.881Z","updatedAt":"2016-11-17T17:56:35.881Z","storeservices":{"createdAt":"2016-11-17T17:57:08.418Z","updatedAt":"2016-11-17T17:57:08.418Z","storeId":16,"serviceId":7}},{"id":8,"name":"Magnolia Home Theater","createdAt":"2016-11-17T17:56:35.881Z","updatedAt":"2016-11-17T17:56:35.881Z","storeservices":{"createdAt":"2016-11-17T17:57:08.418Z","updatedAt":"2016-11-17T17:57:08.418Z","storeId":16,"serviceId":8}},{"id":10,"name":"Windows Store","createdAt":"2016-11-17T17:56:35.881Z","updatedAt":"2016-11-17T17:56:35.881Z","storeservices":{"createdAt":"2016-11-17T17:57:08.418Z","updatedAt":"2016-11-17T17:57:08.418Z","storeId":16,"serviceId":10}},{"id":11,"name":"Samsung Experience","createdAt":"2016-11-17T17:56:35.881Z","updatedAt":"2016-11-17T17:56:35.881Z","storeservices":{"createdAt":"2016-11-17T17:57:08.418Z","updatedAt":"2016-11-17T17:57:08.418Z","storeId":16,"serviceId":11}},{"id":12,"name":"Car & GPS Installation Services","createdAt":"2016-11-17T17:56:35.881Z","updatedAt":"2016-11-17T17:56:35.881Z","storeservices":{"createdAt":"2016-11-17T17:57:08.418Z","updatedAt":"2016-11-17T17:57:08.418Z","storeId":16,"serviceId":12}},{"id":19,"name":"Pacific Kitchen & Home","createdAt":"2016-11-17T17:56:35.881Z","updatedAt":"2016-11-17T17:56:35.881Z","storeservices":{"createdAt":"2016-11-17T17:57:08.418Z","updatedAt":"2016-11-17T17:57:08.418Z","storeId":16,"serviceId":19}}]}]}

22:49:08.841 [ForkJoinPool-1-worker-2] INFO  com.intuit.karate - karate.env system property was: null 
22:49:08.846 [ForkJoinPool-1-worker-2] DEBUG com.intuit.karate - request:
1 > GET http://localhost:3030/stores?state=MN
1 > Accept-Encoding: gzip,deflate
1 > Connection: Keep-Alive
1 > Host: localhost:3030
1 > User-Agent: Apache-HttpClient/4.5.5 (Java/1.8.0_221)

22:49:09.121 [ForkJoinPool-1-worker-3] DEBUG com.intuit.karate - response time in milliseconds: 526.88
1 < 200
1 < Access-Control-Allow-Origin: *
1 < Allow: GET,POST,PUT,PATCH,DELETE
1 < Connection: keep-alive
1 < Content-Type: application/json; charset=utf-8
1 < Date: Fri, 08 Nov 2019 17:19:08 GMT
1 < ETag: W/"7226-6e2fjUN7t+OTac0BPqciHZXOz2M"
1 < Transfer-Encoding: chunked
1 < Vary: Accept, Accept-Encoding
1 < X-Powered-By: Express
{"total":46,"limit":10,"skip":0,"data":[{"id":4,"name":"Minnetonka","type":"BigBox","address":"13513 Ridgedale Dr","address2":"","city":"Hopkins","state":"MN","zip":"55305","lat":44.969658,"lng":-93.449539,"hours":"Mon: 10-9; Tue: 10-9; Wed: 10-9; Thurs: 10-9; Fri: 10-9; Sat: 10-9; Sun: 10-8","createdAt":"2016-11-17T17:57:05.708Z","updatedAt":"2016-11-17T17:57:05.708Z","services":[{"id":1,"name":"Geek Squad Services","createdAt":"2016-11-17T17:56:35.881Z","updatedAt":"2016-11-17T17:56:35.881Z","storeservices":{"createdAt":"2016-11-17T17:57:09.213Z","updatedAt":"2016-11-17T17:57:09.213Z","storeId":4,"serviceId":1}},{"id":2,"name":"Best Buy Mobile","createdAt":"2016-11-17T17:56:35.881Z","updatedAt":"2016-11-17T17:56:35.881Z","storeservices":{"createdAt":"2016-11-17T17:57:09.213Z","updatedAt":"2016-11-17T17:57:09.213Z","storeId":4,"serviceId":2}},{"id":3,"name":"Best Buy For Business","createdAt":"2016-11-17T17:56:35.881Z","updatedAt":"2016-11-17T17:56:35.881Z","storeservices":{"createdAt":"2016-11-17T17:57:09.213Z","updatedAt":"2016-11-17T17:57:09.213Z","storeId":4,"serviceId":3}},{"id":4,"name":"Apple Shop","createdAt":"2016-11-17T17:56:35.881Z","updatedAt":"2016-11-17T17:56:35.881Z","storeservices":{"createdAt":"2016-11-17T17:57:09.213Z","updatedAt":"2016-11-17T17:57:09.213Z","storeId":4,"serviceId":4}},{"id":7,"name":"Electronics Recycling","createdAt":"2016-11-17T17:56:35.881Z","updatedAt":"2016-11-17T17:56:35.881Z","storeservices":{"createdAt":"2016-11-17T17:57:09.213Z","updatedAt":"2016-11-17T17:57:09.213Z","storeId":4,"serviceId":7}},{"id":10,"name":"Windows Store","createdAt":"2016-11-17T17:56:35.881Z","updatedAt":"2016-11-17T17:56:35.881Z","storeservices":{"createdAt":"2016-11-17T17:57:09.213Z","updatedAt":"2016-11-17T17:57:09.213Z","storeId":4,"serviceId":10}},{"id":11,"name":"Samsung Experience","createdAt":"2016-11-17T17:56:35.881Z","updatedAt":"2016-11-17T17:56:35.881Z","storeservices":{"createdAt":"2016-11-17T17:57:09.213Z","updatedAt":"2016-11-17T17:57:09.213Z","storeId":4,"serviceId":11}},{"id":12,"name":"Car & GPS Installation Services","createdAt":"2016-11-17T17:56:35.881Z","updatedAt":"2016-11-17T17:56:35.881Z","storeservices":{"createdAt":"2016-11-17T17:57:09.213Z","updatedAt":"2016-11-17T17:57:09.213Z","storeId":4,"serviceId":12}},{"id":13,"name":"LG Experience ","createdAt":"2016-11-17T17:56:35.881Z","updatedAt":"2016-11-17T17:56:35.881Z","storeservices":{"createdAt":"2016-11-17T17:57:09.213Z","updatedAt":"2016-11-17T17:57:09.213Z","storeId":4,"serviceId":13}},{"id":14,"name":"Sony Experience ","createdAt":"2016-11-17T17:56:35.881Z","updatedAt":"2016-11-17T17:56:35.881Z","storeservices":{"createdAt":"2016-11-17T17:57:09.213Z","updatedAt":"2016-11-17T17:57:09.213Z","storeId":4,"serviceId":14}},{"id":15,"name":"Best Buy Marine Powered by Geek Squad","createdAt":"2016-11-17T17:56:35.881Z","updatedAt":"2016-11-17T17:56:35.881Z","storeservices":{"createdAt":"2016-11-17T17:57:09.213Z","updatedAt":"2016-11-17T17:57:09.213Z","storeId":4,"serviceId":15}},{"id":17,"name":"Magnolia Design Center ","createdAt":"2016-11-17T17:56:35.881Z","updatedAt":"2016-11-17T17:56:35.881Z","storeservices":{"createdAt":"2016-11-17T17:57:09.213Z","updatedAt":"2016-11-17T17:57:09.213Z","storeId":4,"serviceId":17}},{"id":18,"name":"Geek Squad Solution Central","createdAt":"2016-11-17T17:56:35.881Z","updatedAt":"2016-11-17T17:56:35.881Z","storeservices":{"createdAt":"2016-11-17T17:57:09.213Z","updatedAt":"2016-11-17T17:57:09.213Z","storeId":4,"serviceId":18}},{"id":19,"name":"Pacific Kitchen & Home","createdAt":"2016-11-17T17:56:35.881Z","updatedAt":"2016-11-17T17:56:35.881Z","storeservices":{"createdAt":"2016-11-17T17:57:09.213Z","updatedAt":"2016-11-17T17:57:09.213Z","storeId":4,"serviceId":19}}]},{"id":6,"name":"Inver Grove Heights","type":"BigBox","address":"1350 50th Street E","address2":"","city":"Inver Grove Heights","state":"MN","zip":"55077","lat":44.879314,"lng":-93.077156,"hours":"Mon: 10-9; Tue: 10-9; Wed: 10-9; Thurs: 10-9; Fri: 10-9; Sat: 10-9; Sun: 10-8","createdAt":"2016-11-17T17:57:05.831Z","updatedAt":"2016-11-17T17:57:05.831Z","services":[{"id":1,"name":"Geek Squad Services","createdAt":"2016-11-17T17:56:35.881Z","updatedAt":"2016-11-17T17:56:35.881Z","storeservices":{"createdAt":"2016-11-17T17:57:09.414Z","updatedAt":"2016-11-17T17:57:09.414Z","storeId":6,"serviceId":1}},{"id":2,"name":"Best Buy Mobile","createdAt":"2016-11-17T17:56:35.881Z","updatedAt":"2016-11-17T17:56:35.881Z","storeservices":{"createdAt":"2016-11-17T17:57:09.414Z","updatedAt":"2016-11-17T17:57:09.414Z","storeId":6,"serviceId":2}},{"id":3,"name":"Best Buy For Business","createdAt":"2016-11-17T17:56:35.881Z","updatedAt":"2016-11-17T17:56:35.881Z","storeservices":{"createdAt":"2016-11-17T17:57:09.414Z","updatedAt":"2016-11-17T17:57:09.414Z","storeId":6,"serviceId":3}},{"id":4,"name":"Apple Shop","createdAt":"2016-11-17T17:56:35.881Z","updatedAt":"2016-11-17T17:56:35.881Z","storeservices":{"createdAt":"2016-11-17T17:57:09.414Z","updatedAt":"2016-11-17T17:57:09.414Z","storeId":6,"serviceId":4}},{"id":5,"name":"Hablamos Español","createdAt":"2016-11-17T17:56:35.881Z","updatedAt":"2016-11-17T17:56:35.881Z","storeservices":{"createdAt":"2016-11-17T17:57:09.414Z","updatedAt":"2016-11-17T17:57:09.414Z","storeId":6,"serviceId":5}},{"id":7,"name":"Electronics Recycling","createdAt":"2016-11-17T17:56:35.881Z","updatedAt":"2016-11-17T17:56:35.881Z","storeservices":{"createdAt":"2016-11-17T17:57:09.414Z","updatedAt":"2016-11-17T17:57:09.414Z","storeId":6,"serviceId":7}},{"id":9,"name":"Samsung Experience Shop","createdAt":"2016-11-17T17:56:35.881Z","updatedAt":"2016-11-17T17:56:35.881Z","storeservices":{"createdAt":"2016-11-17T17:57:09.414Z","updatedAt":"2016-11-17T17:57:09.414Z","storeId":6,"serviceId":9}},{"id":10,"name":"Windows Store","createdAt":"2016-11-17T17:56:35.881Z","updatedAt":"2016-11-17T17:56:35.881Z","storeservices":{"createdAt":"2016-11-17T17:57:09.414Z","updatedAt":"2016-11-17T17:57:09.414Z","storeId":6,"serviceId":10}},{"id":12,"name":"Car & GPS Installation Services","createdAt":"2016-11-17T17:56:35.881Z","updatedAt":"2016-11-17T17:56:35.881Z","storeservices":{"createdAt":"2016-11-17T17:57:09.414Z","updatedAt":"2016-11-17T17:57:09.414Z","storeId":6,"serviceId":12}},{"id":18,"name":"Geek Squad Solution Central","createdAt":"2016-11-17T17:56:35.881Z","updatedAt":"2016-11-17T17:56:35.881Z","storeservices":{"createdAt":"2016-11-17T17:57:09.414Z","updatedAt":"2016-11-17T17:57:09.414Z","storeId":6,"serviceId":18}}]},{"id":7,"name":"Roseville","type":"BigBox","address":"1643 County Road B2","address2":"","city":"Roseville","state":"MN","zip":"55113","lat":45.01651,"lng":-93.168518,"hours":"Mon: 10-9; Tue: 10-9; Wed: 10-9; Thurs: 10-9; Fri: 10-9; Sat: 10-9; Sun: 10-8","createdAt":"2016-11-17T17:57:05.853Z","updatedAt":"2016-11-17T17:57:05.853Z","services":[{"id":1,"name":"Geek Squad Services","createdAt":"2016-11-17T17:56:35.881Z","updatedAt":"2016-11-17T17:56:35.881Z","storeservices":{"createdAt":"2016-11-17T17:57:09.417Z","updatedAt":"2016-11-17T17:57:09.417Z","storeId":7,"serviceId":1}},{"id":2,"name":"Best Buy Mobile","createdAt":"2016-11-17T17:56:35.881Z","updatedAt":"2016-11-17T17:56:35.881Z","storeservices":{"createdAt":"2016-11-17T17:57:09.417Z","updatedAt":"2016-11-17T17:57:09.417Z","storeId":7,"serviceId":2}},{"id":3,"name":"Best Buy For Business","createdAt":"2016-11-17T17:56:35.881Z","updatedAt":"2016-11-17T17:56:35.881Z","storeservices":{"createdAt":"2016-11-17T17:57:09.417Z","updatedAt":"2016-11-17T17:57:09.417Z","storeId":7,"serviceId":3}},{"id":4,"name":"Apple Shop","createdAt":"2016-11-17T17:56:35.881Z","updatedAt":"2016-11-17T17:56:35.881Z","storeservices":{"createdAt":"2016-11-17T17:57:09.417Z","updatedAt":"2016-11-17T17:57:09.417Z","storeId":7,"serviceId":4}},{"id":5,"name":"Hablamos Español","createdAt":"2016-11-17T17:56:35.881Z","updatedAt":"2016-11-17T17:56:35.881Z","storeservices":{"createdAt":"2016-11-17T17:57:09.417Z","updatedAt":"2016-11-17T17:57:09.417Z","storeId":7,"serviceId":5}},{"id":6,"name":"Camera Experience Shop ","createdAt":"2016-11-17T17:56:35.881Z","updatedAt":"2016-11-17T17:56:35.881Z","storeservices":{"createdAt":"2016-11-17T17:57:09.417Z","updatedAt":"2016-11-17T17:57:09.417Z","storeId":7,"serviceId":6}},{"id":7,"name":"Electronics Recycling","createdAt":"2016-11-17T17:56:35.881Z","updatedAt":"2016-11-17T17:56:35.881Z","storeservices":{"createdAt":"2016-11-17T17:57:09.417Z","updatedAt":"2016-11-17T17:57:09.417Z","storeId":7,"serviceId":7}},{"id":8,"name":"Magnolia Home Theater","createdAt":"2016-11-17T17:56:35.881Z","updatedAt":"2016-11-17T17:56:35.881Z","storeservices":{"createdAt":"2016-11-17T17:57:09.417Z","updatedAt":"2016-11-17T17:57:09.417Z","storeId":7,"serviceId":8}},{"id":10,"name":"Windows Store","createdAt":"2016-11-17T17:56:35.881Z","updatedAt":"2016-11-17T17:56:35.881Z","storeservices":{"createdAt":"2016-11-17T17:57:09.417Z","updatedAt":"2016-11-17T17:57:09.417Z","storeId":7,"serviceId":10}},{"id":11,"name":"Samsung Experience","createdAt":"2016-11-17T17:56:35.881Z","updatedAt":"2016-11-17T17:56:35.881Z","storeservices":{"createdAt":"2016-11-17T17:57:09.417Z","updatedAt":"2016-11-17T17:57:09.417Z","storeId":7,"serviceId":11}},{"id":12,"name":"Car & GPS Installation Services","createdAt":"2016-11-17T17:56:35.881Z","updatedAt":"2016-11-17T17:56:35.881Z","storeservices":{"createdAt":"2016-11-17T17:57:09.417Z","updatedAt":"2016-11-17T17:57:09.417Z","storeId":7,"serviceId":12}},{"id":15,"name":"Best Buy Marine Powered by Geek Squad","createdAt":"2016-11-17T17:56:35.881Z","updatedAt":"2016-11-17T17:56:35.881Z","storeservices":{"createdAt":"2016-11-17T17:57:09.417Z","updatedAt":"2016-11-17T17:57:09.417Z","storeId":7,"serviceId":15}},{"id":18,"name":"Geek Squad Solution Central","createdAt":"2016-11-17T17:56:35.881Z","updatedAt":"2016-11-17T17:56:35.881Z","storeservices":{"createdAt":"2016-11-17T17:57:09.417Z","updatedAt":"2016-11-17T17:57:09.417Z","storeId":7,"serviceId":18}},{"id":19,"name":"Pacific Kitchen & Home","createdAt":"2016-11-17T17:56:35.881Z","updatedAt":"2016-11-17T17:56:35.881Z","storeservices":{"createdAt":"2016-11-17T17:57:09.417Z","updatedAt":"2016-11-17T17:57:09.417Z","storeId":7,"serviceId":19}}]},{"id":8,"name":"Burnsville","type":"BigBox","address":"14141 Aldrich Ave S","address2":"","city":"Burnsville","state":"MN","zip":"55337","lat":44.747404,"lng":-93.288039,"hours":"Mon: 10-9; Tue: 10-9; Wed: 10-9; Thurs: 10-9; Fri: 10-9; Sat: 10-9; Sun: 10-8","createdAt":"2016-11-17T17:57:06.108Z","updatedAt":"2016-11-17T17:57:06.108Z","services":[{"id":1,"name":"Geek Squad Services","createdAt":"2016-11-17T17:56:35.881Z","updatedAt":"2016-11-17T17:56:35.881Z","storeservices":{"createdAt":"2016-11-17T17:57:09.595Z","updatedAt":"2016-11-17T17:57:09.595Z","storeId":8,"serviceId":1}},{"id":2,"name":"Best Buy Mobile","createdAt":"2016-11-17T17:56:35.881Z","updatedAt":"2016-11-17T17:56:35.881Z","storeservices":{"createdAt":"2016-11-17T17:57:09.595Z","updatedAt":"2016-11-17T17:57:09.595Z","storeId":8,"serviceId":2}},{"id":3,"name":"Best Buy For Business","createdAt":"2016-11-17T17:56:35.881Z","updatedAt":"2016-11-17T17:56:35.881Z","storeservices":{"createdAt":"2016-11-17T17:57:09.595Z","updatedAt":"2016-11-17T17:57:09.595Z","storeId":8,"serviceId":3}},{"id":4,"name":"Apple Shop","createdAt":"2016-11-17T17:56:35.881Z","updatedAt":"2016-11-17T17:56:35.881Z","storeservices":{"createdAt":"2016-11-17T17:57:09.595Z","updatedAt":"2016-11-17T17:57:09.595Z","storeId":8,"serviceId":4}},{"id":7,"name":"Electronics Recycling","createdAt":"2016-11-17T17:56:35.881Z","updatedAt":"2016-11-17T17:56:35.881Z","storeservices":{"createdAt":"2016-11-17T17:57:09.595Z","updatedAt":"2016-11-17T17:57:09.595Z","storeId":8,"serviceId":7}},{"id":9,"name":"Samsung Experience Shop","createdAt":"2016-11-17T17:56:35.881Z","updatedAt":"2016-11-17T17:56:35.881Z","storeservices":{"createdAt":"2016-11-17T17:57:09.595Z","updatedAt":"2016-11-17T17:57:09.595Z","storeId":8,"serviceId":9}},{"id":18,"name":"Geek Squad Solution Central","createdAt":"2016-11-17T17:56:35.881Z","updatedAt":"2016-11-17T17:56:35.881Z","storeservices":{"createdAt":"2016-11-17T17:57:09.595Z","updatedAt":"2016-11-17T17:57:09.595Z","storeId":8,"serviceId":18}}]},{"id":10,"name":"Maplewood","type":"BigBox","address":"1795 County Rd D E","address2":"","city":"Maplewood","state":"MN","zip":"55109","lat":45.036556,"lng":-93.025986,"hours":"Mon: 10-9; Tue: 10-9; Wed: 10-9; Thurs: 10-9; Fri: 10-9; Sat: 10-9; Sun: 10-8","createdAt":"2016-11-17T17:57:04.414Z","updatedAt":"2016-11-17T17:57:04.414Z","services":[{"id":1,"name":"Geek Squad Services","createdAt":"2016-11-17T17:56:35.881Z","updatedAt":"2016-11-17T17:56:35.881Z","storeservices":{"createdAt":"2016-11-17T17:57:08.033Z","updatedAt":"2016-11-17T17:57:08.033Z","storeId":10,"serviceId":1}},{"id":2,"name":"Best Buy Mobile","createdAt":"2016-11-17T17:56:35.881Z","updatedAt":"2016-11-17T17:56:35.881Z","storeservices":{"createdAt":"2016-11-17T17:57:08.033Z","updatedAt":"2016-11-17T17:57:08.033Z","storeId":10,"serviceId":2}},{"id":3,"name":"Best Buy For Business","createdAt":"2016-11-17T17:56:35.881Z","updatedAt":"2016-11-17T17:56:35.881Z","storeservices":{"createdAt":"2016-11-17T17:57:08.033Z","updatedAt":"2016-11-17T17:57:08.033Z","storeId":10,"serviceId":3}},{"id":4,"name":"Apple Shop","createdAt":"2016-11-17T17:56:35.881Z","updatedAt":"2016-11-17T17:56:35.881Z","storeservices":{"createdAt":"2016-11-17T17:57:08.033Z","updatedAt":"2016-11-17T17:57:08.033Z","storeId":10,"serviceId":4}},{"id":7,"name":"Electronics Recycling","createdAt":"2016-11-17T17:56:35.881Z","updatedAt":"2016-11-17T17:56:35.881Z","storeservices":{"createdAt":"2016-11-17T17:57:08.033Z","updatedAt":"2016-11-17T17:57:08.033Z","storeId":10,"serviceId":7}},{"id":8,"name":"Magnolia Home Theater","createdAt":"2016-11-17T17:56:35.881Z","updatedAt":"2016-11-17T17:56:35.881Z","storeservices":{"createdAt":"2016-11-17T17:57:08.033Z","updatedAt":"2016-11-17T17:57:08.033Z","storeId":10,"serviceId":8}},{"id":10,"name":"Windows Store","createdAt":"2016-11-17T17:56:35.881Z","updatedAt":"2016-11-17T17:56:35.881Z","storeservices":{"createdAt":"2016-11-17T17:57:08.033Z","updatedAt":"2016-11-17T17:57:08.033Z","storeId":10,"serviceId":10}},{"id":11,"name":"Samsung Experience","createdAt":"2016-11-17T17:56:35.881Z","updatedAt":"2016-11-17T17:56:35.881Z","storeservices":{"createdAt":"2016-11-17T17:57:08.033Z","updatedAt":"2016-11-17T17:57:08.033Z","storeId":10,"serviceId":11}},{"id":12,"name":"Car & GPS Installation Services","createdAt":"2016-11-17T17:56:35.881Z","updatedAt":"2016-11-17T17:56:35.881Z","storeservices":{"createdAt":"2016-11-17T17:57:08.033Z","updatedAt":"2016-11-17T17:57:08.033Z","storeId":10,"serviceId":12}},{"id":13,"name":"LG Experience ","createdAt":"2016-11-17T17:56:35.881Z","updatedAt":"2016-11-17T17:56:35.881Z","storeservices":{"createdAt":"2016-11-17T17:57:08.033Z","updatedAt":"2016-11-17T17:57:08.033Z","storeId":10,"serviceId":13}},{"id":14,"name":"Sony Experience ","createdAt":"2016-11-17T17:56:35.881Z","updatedAt":"2016-11-17T17:56:35.881Z","storeservices":{"createdAt":"2016-11-17T17:57:08.033Z","updatedAt":"2016-11-17T17:57:08.033Z","storeId":10,"serviceId":14}},{"id":18,"name":"Geek Squad Solution Central","createdAt":"2016-11-17T17:56:35.881Z","updatedAt":"2016-11-17T17:56:35.881Z","storeservices":{"createdAt":"2016-11-17T17:57:08.033Z","updatedAt":"2016-11-17T17:57:08.033Z","storeId":10,"serviceId":18}}]},{"id":11,"name":"Northtown","type":"BigBox","address":"300 Northtown Dr Ne","address2":"","city":"Blaine","state":"MN","zip":"55434","lat":45.126179,"lng":-93.261429,"hours":"Mon: 10-9; Tue: 10-9; Wed: 10-9; Thurs: 10-9; Fri: 10-9; Sat: 10-9; Sun: 10-8","createdAt":"2016-11-17T17:57:04.542Z","updatedAt":"2016-11-17T17:57:04.542Z","services":[{"id":1,"name":"Geek Squad Services","createdAt":"2016-11-17T17:56:35.881Z","updatedAt":"2016-11-17T17:56:35.881Z","storeservices":{"createdAt":"2016-11-17T17:57:08.154Z","updatedAt":"2016-11-17T17:57:08.154Z","storeId":11,"serviceId":1}},{"id":2,"name":"Best Buy Mobile","createdAt":"2016-11-17T17:56:35.881Z","updatedAt":"2016-11-17T17:56:35.881Z","storeservices":{"createdAt":"2016-11-17T17:57:08.154Z","updatedAt":"2016-11-17T17:57:08.154Z","storeId":11,"serviceId":2}},{"id":3,"name":"Best Buy For Business","createdAt":"2016-11-17T17:56:35.881Z","updatedAt":"2016-11-17T17:56:35.881Z","storeservices":{"createdAt":"2016-11-17T17:57:08.154Z","updatedAt":"2016-11-17T17:57:08.154Z","storeId":11,"serviceId":3}},{"id":5,"name":"Hablamos Español","createdAt":"2016-11-17T17:56:35.881Z","updatedAt":"2016-11-17T17:56:35.881Z","storeservices":{"createdAt":"2016-11-17T17:57:08.154Z","updatedAt":"2016-11-17T17:57:08.154Z","storeId":11,"serviceId":5}},{"id":7,"name":"Electronics Recycling","createdAt":"2016-11-17T17:56:35.881Z","updatedAt":"2016-11-17T17:56:35.881Z","storeservices":{"createdAt":"2016-11-17T17:57:08.154Z","updatedAt":"2016-11-17T17:57:08.154Z","storeId":11,"serviceId":7}},{"id":9,"name":"Samsung Experience Shop","createdAt":"2016-11-17T17:56:35.881Z","updatedAt":"2016-11-17T17:56:35.881Z","storeservices":{"createdAt":"2016-11-17T17:57:08.154Z","updatedAt":"2016-11-17T17:57:08.154Z","storeId":11,"serviceId":9}},{"id":10,"name":"Windows Store","createdAt":"2016-11-17T17:56:35.881Z","updatedAt":"2016-11-17T17:56:35.881Z","storeservices":{"createdAt":"2016-11-17T17:57:08.154Z","updatedAt":"2016-11-17T17:57:08.154Z","storeId":11,"serviceId":10}},{"id":12,"name":"Car & GPS Installation Services","createdAt":"2016-11-17T17:56:35.881Z","updatedAt":"2016-11-17T17:56:35.881Z","storeservices":{"createdAt":"2016-11-17T17:57:08.154Z","updatedAt":"2016-11-17T17:57:08.154Z","storeId":11,"serviceId":12}}]},{"id":12,"name":"St Cloud","type":"BigBox","address":"4130 W Division St","address2":"","city":"Saint Cloud","state":"MN","zip":"56301","lat":45.55275,"lng":-94.209656,"hours":"Mon: 10-9; Tue: 10-9; Wed: 10-9; Thurs: 10-9; Fri: 9-9; Sat: 9-9; Sun: 10-8","createdAt":"2016-11-17T17:57:04.575Z","updatedAt":"2016-11-17T17:57:04.575Z","services":[{"id":1,"name":"Geek Squad Services","createdAt":"2016-11-17T17:56:35.881Z","updatedAt":"2016-11-17T17:56:35.881Z","storeservices":{"createdAt":"2016-11-17T17:57:08.169Z","updatedAt":"2016-11-17T17:57:08.169Z","storeId":12,"serviceId":1}},{"id":2,"name":"Best Buy Mobile","createdAt":"2016-11-17T17:56:35.881Z","updatedAt":"2016-11-17T17:56:35.881Z","storeservices":{"createdAt":"2016-11-17T17:57:08.169Z","updatedAt":"2016-11-17T17:57:08.169Z","storeId":12,"serviceId":2}},{"id":3,"name":"Best Buy For Business","createdAt":"2016-11-17T17:56:35.881Z","updatedAt":"2016-11-17T17:56:35.881Z","storeservices":{"createdAt":"2016-11-17T17:57:08.169Z","updatedAt":"2016-11-17T17:57:08.169Z","storeId":12,"serviceId":3}},{"id":4,"name":"Apple Shop","createdAt":"2016-11-17T17:56:35.881Z","updatedAt":"2016-11-17T17:56:35.881Z","storeservices":{"createdAt":"2016-11-17T17:57:08.169Z","updatedAt":"2016-11-17T17:57:08.169Z","storeId":12,"serviceId":4}},{"id":5,"name":"Hablamos Español","createdAt":"2016-11-17T17:56:35.881Z","updatedAt":"2016-11-17T17:56:35.881Z","storeservices":{"createdAt":"2016-11-17T17:57:08.169Z","updatedAt":"2016-11-17T17:57:08.169Z","storeId":12,"serviceId":5}},{"id":7,"name":"Electronics Recycling","createdAt":"2016-11-17T17:56:35.881Z","updatedAt":"2016-11-17T17:56:35.881Z","storeservices":{"createdAt":"2016-11-17T17:57:08.169Z","updatedAt":"2016-11-17T17:57:08.169Z","storeId":12,"serviceId":7}},{"id":10,"name":"Windows Store","createdAt":"2016-11-17T17:56:35.881Z","updatedAt":"2016-11-17T17:56:35.881Z","storeservices":{"createdAt":"2016-11-17T17:57:08.169Z","updatedAt":"2016-11-17T17:57:08.169Z","storeId":12,"serviceId":10}},{"id":11,"name":"Samsung Experience","createdAt":"2016-11-17T17:56:35.881Z","updatedAt":"2016-11-17T17:56:35.881Z","storeservices":{"createdAt":"2016-11-17T17:57:08.169Z","updatedAt":"2016-11-17T17:57:08.169Z","storeId":12,"serviceId":11}},{"id":12,"name":"Car & GPS Installation Services","createdAt":"2016-11-17T17:56:35.881Z","updatedAt":"2016-11-17T17:56:35.881Z","storeservices":{"createdAt":"2016-11-17T17:57:08.169Z","updatedAt":"2016-11-17T17:57:08.169Z","storeId":12,"serviceId":12}},{"id":15,"name":"Best Buy Marine Powered by Geek Squad","createdAt":"2016-11-17T17:56:35.881Z","updatedAt":"2016-11-17T17:56:35.881Z","storeservices":{"createdAt":"2016-11-17T17:57:08.169Z","updatedAt":"2016-11-17T17:57:08.169Z","storeId":12,"serviceId":15}}]},{"id":14,"name":"Rochester","type":"BigBox","address":"4050 Hwy 52 N","address2":"","city":"Rochester","state":"MN","zip":"55901","lat":44.064365,"lng":-92.496895,"hours":"Mon: 10-9; Tue: 10-9; Wed: 10-9; Thurs: 10-9; Fri: 10-9; Sat: 10-9; Sun: 10-8","createdAt":"2016-11-17T17:57:04.756Z","updatedAt":"2016-11-17T17:57:04.756Z","services":[{"id":1,"name":"Geek Squad Services","createdAt":"2016-11-17T17:56:35.881Z","updatedAt":"2016-11-17T17:56:35.881Z","storeservices":{"createdAt":"2016-11-17T17:57:08.328Z","updatedAt":"2016-11-17T17:57:08.328Z","storeId":14,"serviceId":1}},{"id":2,"name":"Best Buy Mobile","createdAt":"2016-11-17T17:56:35.881Z","updatedAt":"2016-11-17T17:56:35.881Z","storeservices":{"createdAt":"2016-11-17T17:57:08.328Z","updatedAt":"2016-11-17T17:57:08.328Z","storeId":14,"serviceId":2}},{"id":3,"name":"Best Buy For Business","createdAt":"2016-11-17T17:56:35.881Z","updatedAt":"2016-11-17T17:56:35.881Z","storeservices":{"createdAt":"2016-11-17T17:57:08.328Z","updatedAt":"2016-11-17T17:57:08.328Z","storeId":14,"serviceId":3}},{"id":4,"name":"Apple Shop","createdAt":"2016-11-17T17:56:35.881Z","updatedAt":"2016-11-17T17:56:35.881Z","storeservices":{"createdAt":"2016-11-17T17:57:08.328Z","updatedAt":"2016-11-17T17:57:08.328Z","storeId":14,"serviceId":4}},{"id":7,"name":"Electronics Recycling","createdAt":"2016-11-17T17:56:35.881Z","updatedAt":"2016-11-17T17:56:35.881Z","storeservices":{"createdAt":"2016-11-17T17:57:08.328Z","updatedAt":"2016-11-17T17:57:08.328Z","storeId":14,"serviceId":7}},{"id":10,"name":"Windows Store","createdAt":"2016-11-17T17:56:35.881Z","updatedAt":"2016-11-17T17:56:35.881Z","storeservices":{"createdAt":"2016-11-17T17:57:08.328Z","updatedAt":"2016-11-17T17:57:08.328Z","storeId":14,"serviceId":10}},{"id":11,"name":"Samsung Experience","createdAt":"2016-11-17T17:56:35.881Z","updatedAt":"2016-11-17T17:56:35.881Z","storeservices":{"createdAt":"2016-11-17T17:57:08.328Z","updatedAt":"2016-11-17T17:57:08.328Z","storeId":14,"serviceId":11}},{"id":12,"name":"Car & GPS Installation Services","createdAt":"2016-11-17T17:56:35.881Z","updatedAt":"2016-11-17T17:56:35.881Z","storeservices":{"createdAt":"2016-11-17T17:57:08.328Z","updatedAt":"2016-11-17T17:57:08.328Z","storeId":14,"serviceId":12}},{"id":13,"name":"LG Experience ","createdAt":"2016-11-17T17:56:35.881Z","updatedAt":"2016-11-17T17:56:35.881Z","storeservices":{"createdAt":"2016-11-17T17:57:08.328Z","updatedAt":"2016-11-17T17:57:08.328Z","storeId":14,"serviceId":13}},{"id":14,"name":"Sony Experience ","createdAt":"2016-11-17T17:56:35.881Z","updatedAt":"2016-11-17T17:56:35.881Z","storeservices":{"createdAt":"2016-11-17T17:57:08.328Z","updatedAt":"2016-11-17T17:57:08.328Z","storeId":14,"serviceId":14}}]},{"id":15,"name":"Oakdale","type":"BigBox","address":"8301 3rd St N","address2":"","city":"Oakdale","state":"MN","zip":"55128","lat":44.950054,"lng":-92.936394,"hours":"Mon: 10-9; Tue: 10-9; Wed: 10-9; Thurs: 10-9; Fri: 10-9; Sat: 10-9; Sun: 10-8","createdAt":"2016-11-17T17:57:04.813Z","updatedAt":"2016-11-17T17:57:04.813Z","services":[{"id":1,"name":"Geek Squad Services","createdAt":"2016-11-17T17:56:35.881Z","updatedAt":"2016-11-17T17:56:35.881Z","storeservices":{"createdAt":"2016-11-17T17:57:08.361Z","updatedAt":"2016-11-17T17:57:08.361Z","storeId":15,"serviceId":1}},{"id":2,"name":"Best Buy Mobile","createdAt":"2016-11-17T17:56:35.881Z","updatedAt":"2016-11-17T17:56:35.881Z","storeservices":{"createdAt":"2016-11-17T17:57:08.361Z","updatedAt":"2016-11-17T17:57:08.361Z","storeId":15,"serviceId":2}},{"id":3,"name":"Best Buy For Business","createdAt":"2016-11-17T17:56:35.881Z","updatedAt":"2016-11-17T17:56:35.881Z","storeservices":{"createdAt":"2016-11-17T17:57:08.361Z","updatedAt":"2016-11-17T17:57:08.361Z","storeId":15,"serviceId":3}},{"id":4,"name":"Apple Shop","createdAt":"2016-11-17T17:56:35.881Z","updatedAt":"2016-11-17T17:56:35.881Z","storeservices":{"createdAt":"2016-11-17T17:57:08.361Z","updatedAt":"2016-11-17T17:57:08.361Z","storeId":15,"serviceId":4}},{"id":7,"name":"Electronics Recycling","createdAt":"2016-11-17T17:56:35.881Z","updatedAt":"2016-11-17T17:56:35.881Z","storeservices":{"createdAt":"2016-11-17T17:57:08.361Z","updatedAt":"2016-11-17T17:57:08.361Z","storeId":15,"serviceId":7}},{"id":10,"name":"Windows Store","createdAt":"2016-11-17T17:56:35.881Z","updatedAt":"2016-11-17T17:56:35.881Z","storeservices":{"createdAt":"2016-11-17T17:57:08.361Z","updatedAt":"2016-11-17T17:57:08.361Z","storeId":15,"serviceId":10}},{"id":11,"name":"Samsung Experience","createdAt":"2016-11-17T17:56:35.881Z","updatedAt":"2016-11-17T17:56:35.881Z","storeservices":{"createdAt":"2016-11-17T17:57:08.361Z","updatedAt":"2016-11-17T17:57:08.361Z","storeId":15,"serviceId":11}},{"id":12,"name":"Car & GPS Installation Services","createdAt":"2016-11-17T17:56:35.881Z","updatedAt":"2016-11-17T17:56:35.881Z","storeservices":{"createdAt":"2016-11-17T17:57:08.361Z","updatedAt":"2016-11-17T17:57:08.361Z","storeId":15,"serviceId":12}},{"id":13,"name":"LG Experience ","createdAt":"2016-11-17T17:56:35.881Z","updatedAt":"2016-11-17T17:56:35.881Z","storeservices":{"createdAt":"2016-11-17T17:57:08.361Z","updatedAt":"2016-11-17T17:57:08.361Z","storeId":15,"serviceId":13}},{"id":14,"name":"Sony Experience ","createdAt":"2016-11-17T17:56:35.881Z","updatedAt":"2016-11-17T17:56:35.881Z","storeservices":{"createdAt":"2016-11-17T17:57:08.361Z","updatedAt":"2016-11-17T17:57:08.361Z","storeId":15,"serviceId":14}},{"id":17,"name":"Magnolia Design Center ","createdAt":"2016-11-17T17:56:35.881Z","updatedAt":"2016-11-17T17:56:35.881Z","storeservices":{"createdAt":"2016-11-17T17:57:08.361Z","updatedAt":"2016-11-17T17:57:08.361Z","storeId":15,"serviceId":17}},{"id":18,"name":"Geek Squad Solution Central","createdAt":"2016-11-17T17:56:35.881Z","updatedAt":"2016-11-17T17:56:35.881Z","storeservices":{"createdAt":"2016-11-17T17:57:08.361Z","updatedAt":"2016-11-17T17:57:08.361Z","storeId":15,"serviceId":18}},{"id":19,"name":"Pacific Kitchen & Home","createdAt":"2016-11-17T17:56:35.881Z","updatedAt":"2016-11-17T17:56:35.881Z","storeservices":{"createdAt":"2016-11-17T17:57:08.361Z","updatedAt":"2016-11-17T17:57:08.361Z","storeId":15,"serviceId":19}}]},{"id":43,"name":"Duluth","type":"BigBox","address":"5105 Burning Tree Rd","address2":"","city":"Duluth","state":"MN","zip":"55811","lat":46.808983,"lng":-92.170853,"hours":"Mon: 10-9; Tue: 10-9; Wed: 10-9; Thurs: 10-9; Fri: 9-9; Sat: 9-9; Sun: 10-8","createdAt":"2016-11-17T17:57:05.659Z","updatedAt":"2016-11-17T17:57:05.659Z","services":[{"id":1,"name":"Geek Squad Services","createdAt":"2016-11-17T17:56:35.881Z","updatedAt":"2016-11-17T17:56:35.881Z","storeservices":{"createdAt":"2016-11-17T17:57:09.133Z","updatedAt":"2016-11-17T17:57:09.133Z","storeId":43,"serviceId":1}},{"id":2,"name":"Best Buy Mobile","createdAt":"2016-11-17T17:56:35.881Z","updatedAt":"2016-11-17T17:56:35.881Z","storeservices":{"createdAt":"2016-11-17T17:57:09.133Z","updatedAt":"2016-11-17T17:57:09.133Z","storeId":43,"serviceId":2}},{"id":3,"name":"Best Buy For Business","createdAt":"2016-11-17T17:56:35.881Z","updatedAt":"2016-11-17T17:56:35.881Z","storeservices":{"createdAt":"2016-11-17T17:57:09.133Z","updatedAt":"2016-11-17T17:57:09.133Z","storeId":43,"serviceId":3}},{"id":4,"name":"Apple Shop","createdAt":"2016-11-17T17:56:35.881Z","updatedAt":"2016-11-17T17:56:35.881Z","storeservices":{"createdAt":"2016-11-17T17:57:09.133Z","updatedAt":"2016-11-17T17:57:09.133Z","storeId":43,"serviceId":4}},{"id":7,"name":"Electronics Recycling","createdAt":"2016-11-17T17:56:35.881Z","updatedAt":"2016-11-17T17:56:35.881Z","storeservices":{"createdAt":"2016-11-17T17:57:09.133Z","updatedAt":"2016-11-17T17:57:09.133Z","storeId":43,"serviceId":7}},{"id":10,"name":"Windows Store","createdAt":"2016-11-17T17:56:35.881Z","updatedAt":"2016-11-17T17:56:35.881Z","storeservices":{"createdAt":"2016-11-17T17:57:09.133Z","updatedAt":"2016-11-17T17:57:09.133Z","storeId":43,"serviceId":10}},{"id":11,"name":"Samsung Experience","createdAt":"2016-11-17T17:56:35.881Z","updatedAt":"2016-11-17T17:56:35.881Z","storeservices":{"createdAt":"2016-11-17T17:57:09.133Z","updatedAt":"2016-11-17T17:57:09.133Z","storeId":43,"serviceId":11}},{"id":12,"name":"Car & GPS Installation Services","createdAt":"2016-11-17T17:56:35.881Z","updatedAt":"2016-11-17T17:56:35.881Z","storeservices":{"createdAt":"2016-11-17T17:57:09.133Z","updatedAt":"2016-11-17T17:57:09.133Z","storeId":43,"serviceId":12}},{"id":15,"name":"Best Buy Marine Powered by Geek Squad","createdAt":"2016-11-17T17:56:35.881Z","updatedAt":"2016-11-17T17:56:35.881Z","storeservices":{"createdAt":"2016-11-17T17:57:09.133Z","updatedAt":"2016-11-17T17:57:09.133Z","storeId":43,"serviceId":15}}]}]}

22:49:09.133 [ForkJoinPool-1-worker-3] INFO  com.intuit.karate - karate.env system property was: null 
22:49:09.138 [ForkJoinPool-1-worker-3] DEBUG com.intuit.karate - request:
1 > GET http://localhost:3030/stores?service.name=Apple+Shop
1 > Accept-Encoding: gzip,deflate
1 > Connection: Keep-Alive
1 > Host: localhost:3030
1 > User-Agent: Apache-HttpClient/4.5.5 (Java/1.8.0_221)

22:49:09.182 [ForkJoinPool-1-worker-1] DEBUG com.intuit.karate - response time in milliseconds: 871.85
1 < 200
1 < Access-Control-Allow-Origin: *
1 < Allow: GET,POST,PUT,PATCH,DELETE
1 < Connection: keep-alive
1 < Content-Type: application/json; charset=utf-8
1 < Date: Fri, 08 Nov 2019 17:19:09 GMT
1 < ETag: W/"6676-7SEKtPhHIqh3lHPP4MYS80GAEiQ"
1 < Transfer-Encoding: chunked
1 < Vary: Accept, Accept-Encoding
1 < X-Powered-By: Express
{"total":8,"limit":10,"skip":0,"data":[{"id":109,"name":"West LA","type":"BigBox","address":"11301 W Pico Blvd","address2":"","city":"Los Angeles","state":"CA","zip":"90064","lat":34.035656,"lng":-118.4389,"hours":"Mon: 10-9; Tue: 10-9; Wed: 10-9; Thurs: 10-9; Fri: 10-9; Sat: 10-9; Sun: 11-8","createdAt":"2016-11-17T17:57:04.414Z","updatedAt":"2016-11-17T17:57:04.414Z","services":[{"id":1,"name":"Geek Squad Services","createdAt":"2016-11-17T17:56:35.881Z","updatedAt":"2016-11-17T17:56:35.881Z","storeservices":{"createdAt":"2016-11-17T17:57:08.033Z","updatedAt":"2016-11-17T17:57:08.033Z","storeId":109,"serviceId":1}},{"id":2,"name":"Best Buy Mobile","createdAt":"2016-11-17T17:56:35.881Z","updatedAt":"2016-11-17T17:56:35.881Z","storeservices":{"createdAt":"2016-11-17T17:57:08.033Z","updatedAt":"2016-11-17T17:57:08.033Z","storeId":109,"serviceId":2}},{"id":3,"name":"Best Buy For Business","createdAt":"2016-11-17T17:56:35.881Z","updatedAt":"2016-11-17T17:56:35.881Z","storeservices":{"createdAt":"2016-11-17T17:57:08.033Z","updatedAt":"2016-11-17T17:57:08.033Z","storeId":109,"serviceId":3}},{"id":4,"name":"Apple Shop","createdAt":"2016-11-17T17:56:35.881Z","updatedAt":"2016-11-17T17:56:35.881Z","storeservices":{"createdAt":"2016-11-17T17:57:08.033Z","updatedAt":"2016-11-17T17:57:08.033Z","storeId":109,"serviceId":4}},{"id":5,"name":"Hablamos Español","createdAt":"2016-11-17T17:56:35.881Z","updatedAt":"2016-11-17T17:56:35.881Z","storeservices":{"createdAt":"2016-11-17T17:57:08.033Z","updatedAt":"2016-11-17T17:57:08.033Z","storeId":109,"serviceId":5}},{"id":6,"name":"Camera Experience Shop ","createdAt":"2016-11-17T17:56:35.881Z","updatedAt":"2016-11-17T17:56:35.881Z","storeservices":{"createdAt":"2016-11-17T17:57:08.033Z","updatedAt":"2016-11-17T17:57:08.033Z","storeId":109,"serviceId":6}},{"id":7,"name":"Electronics Recycling","createdAt":"2016-11-17T17:56:35.881Z","updatedAt":"2016-11-17T17:56:35.881Z","storeservices":{"createdAt":"2016-11-17T17:57:08.033Z","updatedAt":"2016-11-17T17:57:08.033Z","storeId":109,"serviceId":7}},{"id":10,"name":"Windows Store","createdAt":"2016-11-17T17:56:35.881Z","updatedAt":"2016-11-17T17:56:35.881Z","storeservices":{"createdAt":"2016-11-17T17:57:08.033Z","updatedAt":"2016-11-17T17:57:08.033Z","storeId":109,"serviceId":10}},{"id":11,"name":"Samsung Experience","createdAt":"2016-11-17T17:56:35.881Z","updatedAt":"2016-11-17T17:56:35.881Z","storeservices":{"createdAt":"2016-11-17T17:57:08.033Z","updatedAt":"2016-11-17T17:57:08.033Z","storeId":109,"serviceId":11}},{"id":12,"name":"Car & GPS Installation Services","createdAt":"2016-11-17T17:56:35.881Z","updatedAt":"2016-11-17T17:56:35.881Z","storeservices":{"createdAt":"2016-11-17T17:57:08.033Z","updatedAt":"2016-11-17T17:57:08.033Z","storeId":109,"serviceId":12}},{"id":13,"name":"LG Experience ","createdAt":"2016-11-17T17:56:35.881Z","updatedAt":"2016-11-17T17:56:35.881Z","storeservices":{"createdAt":"2016-11-17T17:57:08.033Z","updatedAt":"2016-11-17T17:57:08.033Z","storeId":109,"serviceId":13}},{"id":14,"name":"Sony Experience ","createdAt":"2016-11-17T17:56:35.881Z","updatedAt":"2016-11-17T17:56:35.881Z","storeservices":{"createdAt":"2016-11-17T17:57:08.033Z","updatedAt":"2016-11-17T17:57:08.033Z","storeId":109,"serviceId":14}},{"id":16,"name":"Pacific Sales Kitchen & Home","createdAt":"2016-11-17T17:56:35.881Z","updatedAt":"2016-11-17T17:56:35.881Z","storeservices":{"createdAt":"2016-11-17T17:57:08.033Z","updatedAt":"2016-11-17T17:57:08.033Z","storeId":109,"serviceId":16}},{"id":17,"name":"Magnolia Design Center ","createdAt":"2016-11-17T17:56:35.881Z","updatedAt":"2016-11-17T17:56:35.881Z","storeservices":{"createdAt":"2016-11-17T17:57:08.033Z","updatedAt":"2016-11-17T17:57:08.033Z","storeId":109,"serviceId":17}}]},{"id":137,"name":"Burbank","type":"BigBox","address":"1501 N Victory Pl","address2":"","city":"Burbank","state":"CA","zip":"91504","lat":34.189072,"lng":-118.32756,"hours":"Mon: 10-9; Tue: 10-9; Wed: 10-9; Thurs: 10-9; Fri: 10-9; Sat: 10-9; Sun: 11-8","createdAt":"2016-11-17T17:57:04.576Z","updatedAt":"2016-11-17T17:57:04.576Z","services":[{"id":1,"name":"Geek Squad Services","createdAt":"2016-11-17T17:56:35.881Z","updatedAt":"2016-11-17T17:56:35.881Z","storeservices":{"createdAt":"2016-11-17T17:57:08.170Z","updatedAt":"2016-11-17T17:57:08.170Z","storeId":137,"serviceId":1}},{"id":2,"name":"Best Buy Mobile","createdAt":"2016-11-17T17:56:35.881Z","updatedAt":"2016-11-17T17:56:35.881Z","storeservices":{"createdAt":"2016-11-17T17:57:08.170Z","updatedAt":"2016-11-17T17:57:08.170Z","storeId":137,"serviceId":2}},{"id":3,"name":"Best Buy For Business","createdAt":"2016-11-17T17:56:35.881Z","updatedAt":"2016-11-17T17:56:35.881Z","storeservices":{"createdAt":"2016-11-17T17:57:08.170Z","updatedAt":"2016-11-17T17:57:08.170Z","storeId":137,"serviceId":3}},{"id":4,"name":"Apple Shop","createdAt":"2016-11-17T17:56:35.881Z","updatedAt":"2016-11-17T17:56:35.881Z","storeservices":{"createdAt":"2016-11-17T17:57:08.170Z","updatedAt":"2016-11-17T17:57:08.170Z","storeId":137,"serviceId":4}},{"id":6,"name":"Camera Experience Shop ","createdAt":"2016-11-17T17:56:35.881Z","updatedAt":"2016-11-17T17:56:35.881Z","storeservices":{"createdAt":"2016-11-17T17:57:08.170Z","updatedAt":"2016-11-17T17:57:08.170Z","storeId":137,"serviceId":6}},{"id":7,"name":"Electronics Recycling","createdAt":"2016-11-17T17:56:35.881Z","updatedAt":"2016-11-17T17:56:35.881Z","storeservices":{"createdAt":"2016-11-17T17:57:08.170Z","updatedAt":"2016-11-17T17:57:08.170Z","storeId":137,"serviceId":7}},{"id":10,"name":"Windows Store","createdAt":"2016-11-17T17:56:35.881Z","updatedAt":"2016-11-17T17:56:35.881Z","storeservices":{"createdAt":"2016-11-17T17:57:08.170Z","updatedAt":"2016-11-17T17:57:08.170Z","storeId":137,"serviceId":10}},{"id":11,"name":"Samsung Experience","createdAt":"2016-11-17T17:56:35.881Z","updatedAt":"2016-11-17T17:56:35.881Z","storeservices":{"createdAt":"2016-11-17T17:57:08.170Z","updatedAt":"2016-11-17T17:57:08.170Z","storeId":137,"serviceId":11}},{"id":12,"name":"Car & GPS Installation Services","createdAt":"2016-11-17T17:56:35.881Z","updatedAt":"2016-11-17T17:56:35.881Z","storeservices":{"createdAt":"2016-11-17T17:57:08.170Z","updatedAt":"2016-11-17T17:57:08.170Z","storeId":137,"serviceId":12}},{"id":13,"name":"LG Experience ","createdAt":"2016-11-17T17:56:35.881Z","updatedAt":"2016-11-17T17:56:35.881Z","storeservices":{"createdAt":"2016-11-17T17:57:08.170Z","updatedAt":"2016-11-17T17:57:08.170Z","storeId":137,"serviceId":13}},{"id":14,"name":"Sony Experience ","createdAt":"2016-11-17T17:56:35.881Z","updatedAt":"2016-11-17T17:56:35.881Z","storeservices":{"createdAt":"2016-11-17T17:57:08.170Z","updatedAt":"2016-11-17T17:57:08.170Z","storeId":137,"serviceId":14}},{"id":16,"name":"Pacific Sales Kitchen & Home","createdAt":"2016-11-17T17:56:35.881Z","updatedAt":"2016-11-17T17:56:35.881Z","storeservices":{"createdAt":"2016-11-17T17:57:08.170Z","updatedAt":"2016-11-17T17:57:08.170Z","storeId":137,"serviceId":16}},{"id":17,"name":"Magnolia Design Center ","createdAt":"2016-11-17T17:56:35.881Z","updatedAt":"2016-11-17T17:56:35.881Z","storeservices":{"createdAt":"2016-11-17T17:57:08.170Z","updatedAt":"2016-11-17T17:57:08.170Z","storeId":137,"serviceId":17}}]},{"id":179,"name":"Culver City","type":"BigBox","address":"10799 Washington Blvd","address2":"","city":"Culver City","state":"CA","zip":"90232","lat":34.016224,"lng":-118.40641,"hours":"Mon: 10-9; Tue: 10-9; Wed: 10-9; Thurs: 10-9; Fri: 10-9; Sat: 10-9; Sun: 11-8","createdAt":"2016-11-17T17:57:04.911Z","updatedAt":"2016-11-17T17:57:04.911Z","services":[{"id":1,"name":"Geek Squad Services","createdAt":"2016-11-17T17:56:35.881Z","updatedAt":"2016-11-17T17:56:35.881Z","storeservices":{"createdAt":"2016-11-17T17:57:08.465Z","updatedAt":"2016-11-17T17:57:08.465Z","storeId":179,"serviceId":1}},{"id":2,"name":"Best Buy Mobile","createdAt":"2016-11-17T17:56:35.881Z","updatedAt":"2016-11-17T17:56:35.881Z","storeservices":{"createdAt":"2016-11-17T17:57:08.465Z","updatedAt":"2016-11-17T17:57:08.465Z","storeId":179,"serviceId":2}},{"id":3,"name":"Best Buy For Business","createdAt":"2016-11-17T17:56:35.881Z","updatedAt":"2016-11-17T17:56:35.881Z","storeservices":{"createdAt":"2016-11-17T17:57:08.465Z","updatedAt":"2016-11-17T17:57:08.465Z","storeId":179,"serviceId":3}},{"id":4,"name":"Apple Shop","createdAt":"2016-11-17T17:56:35.881Z","updatedAt":"2016-11-17T17:56:35.881Z","storeservices":{"createdAt":"2016-11-17T17:57:08.465Z","updatedAt":"2016-11-17T17:57:08.465Z","storeId":179,"serviceId":4}},{"id":5,"name":"Hablamos Español","createdAt":"2016-11-17T17:56:35.881Z","updatedAt":"2016-11-17T17:56:35.881Z","storeservices":{"createdAt":"2016-11-17T17:57:08.465Z","updatedAt":"2016-11-17T17:57:08.465Z","storeId":179,"serviceId":5}},{"id":7,"name":"Electronics Recycling","createdAt":"2016-11-17T17:56:35.881Z","updatedAt":"2016-11-17T17:56:35.881Z","storeservices":{"createdAt":"2016-11-17T17:57:08.465Z","updatedAt":"2016-11-17T17:57:08.465Z","storeId":179,"serviceId":7}},{"id":8,"name":"Magnolia Home Theater","createdAt":"2016-11-17T17:56:35.881Z","updatedAt":"2016-11-17T17:56:35.881Z","storeservices":{"createdAt":"2016-11-17T17:57:08.465Z","updatedAt":"2016-11-17T17:57:08.465Z","storeId":179,"serviceId":8}},{"id":10,"name":"Windows Store","createdAt":"2016-11-17T17:56:35.881Z","updatedAt":"2016-11-17T17:56:35.881Z","storeservices":{"createdAt":"2016-11-17T17:57:08.465Z","updatedAt":"2016-11-17T17:57:08.465Z","storeId":179,"serviceId":10}},{"id":11,"name":"Samsung Experience","createdAt":"2016-11-17T17:56:35.881Z","updatedAt":"2016-11-17T17:56:35.881Z","storeservices":{"createdAt":"2016-11-17T17:57:08.465Z","updatedAt":"2016-11-17T17:57:08.465Z","storeId":179,"serviceId":11}},{"id":12,"name":"Car & GPS Installation Services","createdAt":"2016-11-17T17:56:35.881Z","updatedAt":"2016-11-17T17:56:35.881Z","storeservices":{"createdAt":"2016-11-17T17:57:08.465Z","updatedAt":"2016-11-17T17:57:08.465Z","storeId":179,"serviceId":12}},{"id":13,"name":"LG Experience ","createdAt":"2016-11-17T17:56:35.881Z","updatedAt":"2016-11-17T17:56:35.881Z","storeservices":{"createdAt":"2016-11-17T17:57:08.465Z","updatedAt":"2016-11-17T17:57:08.465Z","storeId":179,"serviceId":13}},{"id":14,"name":"Sony Experience ","createdAt":"2016-11-17T17:56:35.881Z","updatedAt":"2016-11-17T17:56:35.881Z","storeservices":{"createdAt":"2016-11-17T17:57:08.465Z","updatedAt":"2016-11-17T17:57:08.465Z","storeId":179,"serviceId":14}}]},{"id":183,"name":"Atwater Village","type":"BigBox","address":"2909 Los Feliz Blvd","address2":"","city":"Los Angeles","state":"CA","zip":"90039","lat":34.126701,"lng":-118.26443,"hours":"Mon: 10-9; Tue: 10-9; Wed: 10-9; Thurs: 10-9; Fri: 10-9; Sat: 10-9; Sun: 11-8","createdAt":"2016-11-17T17:57:04.912Z","updatedAt":"2016-11-17T17:57:04.912Z","services":[{"id":1,"name":"Geek Squad Services","createdAt":"2016-11-17T17:56:35.881Z","updatedAt":"2016-11-17T17:56:35.881Z","storeservices":{"createdAt":"2016-11-17T17:57:08.466Z","updatedAt":"2016-11-17T17:57:08.466Z","storeId":183,"serviceId":1}},{"id":2,"name":"Best Buy Mobile","createdAt":"2016-11-17T17:56:35.881Z","updatedAt":"2016-11-17T17:56:35.881Z","storeservices":{"createdAt":"2016-11-17T17:57:08.466Z","updatedAt":"2016-11-17T17:57:08.466Z","storeId":183,"serviceId":2}},{"id":3,"name":"Best Buy For Business","createdAt":"2016-11-17T17:56:35.881Z","updatedAt":"2016-11-17T17:56:35.881Z","storeservices":{"createdAt":"2016-11-17T17:57:08.466Z","updatedAt":"2016-11-17T17:57:08.466Z","storeId":183,"serviceId":3}},{"id":4,"name":"Apple Shop","createdAt":"2016-11-17T17:56:35.881Z","updatedAt":"2016-11-17T17:56:35.881Z","storeservices":{"createdAt":"2016-11-17T17:57:08.466Z","updatedAt":"2016-11-17T17:57:08.466Z","storeId":183,"serviceId":4}},{"id":5,"name":"Hablamos Español","createdAt":"2016-11-17T17:56:35.881Z","updatedAt":"2016-11-17T17:56:35.881Z","storeservices":{"createdAt":"2016-11-17T17:57:08.466Z","updatedAt":"2016-11-17T17:57:08.466Z","storeId":183,"serviceId":5}},{"id":7,"name":"Electronics Recycling","createdAt":"2016-11-17T17:56:35.881Z","updatedAt":"2016-11-17T17:56:35.881Z","storeservices":{"createdAt":"2016-11-17T17:57:08.466Z","updatedAt":"2016-11-17T17:57:08.466Z","storeId":183,"serviceId":7}},{"id":8,"name":"Magnolia Home Theater","createdAt":"2016-11-17T17:56:35.881Z","updatedAt":"2016-11-17T17:56:35.881Z","storeservices":{"createdAt":"2016-11-17T17:57:08.466Z","updatedAt":"2016-11-17T17:57:08.466Z","storeId":183,"serviceId":8}},{"id":10,"name":"Windows Store","createdAt":"2016-11-17T17:56:35.881Z","updatedAt":"2016-11-17T17:56:35.881Z","storeservices":{"createdAt":"2016-11-17T17:57:08.466Z","updatedAt":"2016-11-17T17:57:08.466Z","storeId":183,"serviceId":10}},{"id":11,"name":"Samsung Experience","createdAt":"2016-11-17T17:56:35.881Z","updatedAt":"2016-11-17T17:56:35.881Z","storeservices":{"createdAt":"2016-11-17T17:57:08.466Z","updatedAt":"2016-11-17T17:57:08.466Z","storeId":183,"serviceId":11}},{"id":12,"name":"Car & GPS Installation Services","createdAt":"2016-11-17T17:56:35.881Z","updatedAt":"2016-11-17T17:56:35.881Z","storeservices":{"createdAt":"2016-11-17T17:57:08.466Z","updatedAt":"2016-11-17T17:57:08.466Z","storeId":183,"serviceId":12}},{"id":13,"name":"LG Experience ","createdAt":"2016-11-17T17:56:35.881Z","updatedAt":"2016-11-17T17:56:35.881Z","storeservices":{"createdAt":"2016-11-17T17:57:08.466Z","updatedAt":"2016-11-17T17:57:08.466Z","storeId":183,"serviceId":13}},{"id":14,"name":"Sony Experience ","createdAt":"2016-11-17T17:56:35.881Z","updatedAt":"2016-11-17T17:56:35.881Z","storeservices":{"createdAt":"2016-11-17T17:57:08.466Z","updatedAt":"2016-11-17T17:57:08.466Z","storeId":183,"serviceId":14}},{"id":16,"name":"Pacific Sales Kitchen & Home","createdAt":"2016-11-17T17:56:35.881Z","updatedAt":"2016-11-17T17:56:35.881Z","storeservices":{"createdAt":"2016-11-17T17:57:08.466Z","updatedAt":"2016-11-17T17:57:08.466Z","storeId":183,"serviceId":16}}]},{"id":393,"name":"West Hollywood","type":"BigBox","address":"1015 N La Brea Ave","address2":"","city":"W Hollywood","state":"CA","zip":"90038","lat":34.089316,"lng":-118.344561,"hours":"Mon: 10-9; Tue: 10-9; Wed: 10-9; Thurs: 10-9; Fri: 10-9; Sat: 10-9; Sun: 11-8","createdAt":"2016-11-17T17:57:05.596Z","updatedAt":"2016-11-17T17:57:05.596Z","services":[{"id":1,"name":"Geek Squad Services","createdAt":"2016-11-17T17:56:35.881Z","updatedAt":"2016-11-17T17:56:35.881Z","storeservices":{"createdAt":"2016-11-17T17:57:09.066Z","updatedAt":"2016-11-17T17:57:09.066Z","storeId":393,"serviceId":1}},{"id":2,"name":"Best Buy Mobile","createdAt":"2016-11-17T17:56:35.881Z","updatedAt":"2016-11-17T17:56:35.881Z","storeservices":{"createdAt":"2016-11-17T17:57:09.066Z","updatedAt":"2016-11-17T17:57:09.066Z","storeId":393,"serviceId":2}},{"id":3,"name":"Best Buy For Business","createdAt":"2016-11-17T17:56:35.881Z","updatedAt":"2016-11-17T17:56:35.881Z","storeservices":{"createdAt":"2016-11-17T17:57:09.066Z","updatedAt":"2016-11-17T17:57:09.066Z","storeId":393,"serviceId":3}},{"id":4,"name":"Apple Shop","createdAt":"2016-11-17T17:56:35.881Z","updatedAt":"2016-11-17T17:56:35.881Z","storeservices":{"createdAt":"2016-11-17T17:57:09.066Z","updatedAt":"2016-11-17T17:57:09.066Z","storeId":393,"serviceId":4}},{"id":5,"name":"Hablamos Español","createdAt":"2016-11-17T17:56:35.881Z","updatedAt":"2016-11-17T17:56:35.881Z","storeservices":{"createdAt":"2016-11-17T17:57:09.066Z","updatedAt":"2016-11-17T17:57:09.066Z","storeId":393,"serviceId":5}},{"id":7,"name":"Electronics Recycling","createdAt":"2016-11-17T17:56:35.881Z","updatedAt":"2016-11-17T17:56:35.881Z","storeservices":{"createdAt":"2016-11-17T17:57:09.066Z","updatedAt":"2016-11-17T17:57:09.066Z","storeId":393,"serviceId":7}},{"id":10,"name":"Windows Store","createdAt":"2016-11-17T17:56:35.881Z","updatedAt":"2016-11-17T17:56:35.881Z","storeservices":{"createdAt":"2016-11-17T17:57:09.066Z","updatedAt":"2016-11-17T17:57:09.066Z","storeId":393,"serviceId":10}},{"id":11,"name":"Samsung Experience","createdAt":"2016-11-17T17:56:35.881Z","updatedAt":"2016-11-17T17:56:35.881Z","storeservices":{"createdAt":"2016-11-17T17:57:09.066Z","updatedAt":"2016-11-17T17:57:09.066Z","storeId":393,"serviceId":11}},{"id":12,"name":"Car & GPS Installation Services","createdAt":"2016-11-17T17:56:35.881Z","updatedAt":"2016-11-17T17:56:35.881Z","storeservices":{"createdAt":"2016-11-17T17:57:09.066Z","updatedAt":"2016-11-17T17:57:09.066Z","storeId":393,"serviceId":12}},{"id":13,"name":"LG Experience ","createdAt":"2016-11-17T17:56:35.881Z","updatedAt":"2016-11-17T17:56:35.881Z","storeservices":{"createdAt":"2016-11-17T17:57:09.066Z","updatedAt":"2016-11-17T17:57:09.066Z","storeId":393,"serviceId":13}},{"id":14,"name":"Sony Experience ","createdAt":"2016-11-17T17:56:35.881Z","updatedAt":"2016-11-17T17:56:35.881Z","storeservices":{"createdAt":"2016-11-17T17:57:09.066Z","updatedAt":"2016-11-17T17:57:09.066Z","storeId":393,"serviceId":14}},{"id":16,"name":"Pacific Sales Kitchen & Home","createdAt":"2016-11-17T17:56:35.881Z","updatedAt":"2016-11-17T17:56:35.881Z","storeservices":{"createdAt":"2016-11-17T17:57:09.066Z","updatedAt":"2016-11-17T17:57:09.066Z","storeId":393,"serviceId":16}},{"id":17,"name":"Magnolia Design Center ","createdAt":"2016-11-17T17:56:35.881Z","updatedAt":"2016-11-17T17:56:35.881Z","storeservices":{"createdAt":"2016-11-17T17:57:09.066Z","updatedAt":"2016-11-17T17:57:09.066Z","storeId":393,"serviceId":17}}]},{"id":764,"name":"Sherman Oaks","type":"BigBox","address":"4500 Van Nuys Blvd","address2":"","city":"Sherman Oaks","state":"CA","zip":"91403","lat":34.153481,"lng":-118.44733,"hours":"Mon: 10-9; Tue: 10-9; Wed: 10-9; Thurs: 10-9; Fri: 10-9; Sat: 10-9; Sun: 11-8","createdAt":"2016-11-17T17:57:05.848Z","updatedAt":"2016-11-17T17:57:05.848Z","services":[{"id":1,"name":"Geek Squad Services","createdAt":"2016-11-17T17:56:35.881Z","updatedAt":"2016-11-17T17:56:35.881Z","storeservices":{"createdAt":"2016-11-17T17:57:09.415Z","updatedAt":"2016-11-17T17:57:09.415Z","storeId":764,"serviceId":1}},{"id":2,"name":"Best Buy Mobile","createdAt":"2016-11-17T17:56:35.881Z","updatedAt":"2016-11-17T17:56:35.881Z","storeservices":{"createdAt":"2016-11-17T17:57:09.415Z","updatedAt":"2016-11-17T17:57:09.415Z","storeId":764,"serviceId":2}},{"id":3,"name":"Best Buy For Business","createdAt":"2016-11-17T17:56:35.881Z","updatedAt":"2016-11-17T17:56:35.881Z","storeservices":{"createdAt":"2016-11-17T17:57:09.415Z","updatedAt":"2016-11-17T17:57:09.415Z","storeId":764,"serviceId":3}},{"id":4,"name":"Apple Shop","createdAt":"2016-11-17T17:56:35.881Z","updatedAt":"2016-11-17T17:56:35.881Z","storeservices":{"createdAt":"2016-11-17T17:57:09.415Z","updatedAt":"2016-11-17T17:57:09.415Z","storeId":764,"serviceId":4}},{"id":5,"name":"Hablamos Español","createdAt":"2016-11-17T17:56:35.881Z","updatedAt":"2016-11-17T17:56:35.881Z","storeservices":{"createdAt":"2016-11-17T17:57:09.415Z","updatedAt":"2016-11-17T17:57:09.415Z","storeId":764,"serviceId":5}},{"id":7,"name":"Electronics Recycling","createdAt":"2016-11-17T17:56:35.881Z","updatedAt":"2016-11-17T17:56:35.881Z","storeservices":{"createdAt":"2016-11-17T17:57:09.415Z","updatedAt":"2016-11-17T17:57:09.415Z","storeId":764,"serviceId":7}},{"id":8,"name":"Magnolia Home Theater","createdAt":"2016-11-17T17:56:35.881Z","updatedAt":"2016-11-17T17:56:35.881Z","storeservices":{"createdAt":"2016-11-17T17:57:09.415Z","updatedAt":"2016-11-17T17:57:09.415Z","storeId":764,"serviceId":8}},{"id":10,"name":"Windows Store","createdAt":"2016-11-17T17:56:35.881Z","updatedAt":"2016-11-17T17:56:35.881Z","storeservices":{"createdAt":"2016-11-17T17:57:09.415Z","updatedAt":"2016-11-17T17:57:09.415Z","storeId":764,"serviceId":10}},{"id":11,"name":"Samsung Experience","createdAt":"2016-11-17T17:56:35.881Z","updatedAt":"2016-11-17T17:56:35.881Z","storeservices":{"createdAt":"2016-11-17T17:57:09.415Z","updatedAt":"2016-11-17T17:57:09.415Z","storeId":764,"serviceId":11}},{"id":13,"name":"LG Experience ","createdAt":"2016-11-17T17:56:35.881Z","updatedAt":"2016-11-17T17:56:35.881Z","storeservices":{"createdAt":"2016-11-17T17:57:09.415Z","updatedAt":"2016-11-17T17:57:09.415Z","storeId":764,"serviceId":13}},{"id":14,"name":"Sony Experience ","createdAt":"2016-11-17T17:56:35.881Z","updatedAt":"2016-11-17T17:56:35.881Z","storeservices":{"createdAt":"2016-11-17T17:57:09.415Z","updatedAt":"2016-11-17T17:57:09.415Z","storeId":764,"serviceId":14}},{"id":16,"name":"Pacific Sales Kitchen & Home","createdAt":"2016-11-17T17:56:35.881Z","updatedAt":"2016-11-17T17:56:35.881Z","storeservices":{"createdAt":"2016-11-17T17:57:09.415Z","updatedAt":"2016-11-17T17:57:09.415Z","storeId":764,"serviceId":16}}]},{"id":1180,"name":"Northridge","type":"BigBox","address":"19350 #B Nordhoff Way","address2":"","city":"Northridge","state":"CA","zip":"91324","lat":34.23403,"lng":-118.55508,"hours":"Mon: 10-9; Tue: 10-9; Wed: 10-9; Thurs: 10-9; Fri: 10-9; Sat: 10-9; Sun: 11-8","createdAt":"2016-11-17T17:57:04.517Z","updatedAt":"2016-11-17T17:57:04.517Z","services":[{"id":1,"name":"Geek Squad Services","createdAt":"2016-11-17T17:56:35.881Z","updatedAt":"2016-11-17T17:56:35.881Z","storeservices":{"createdAt":"2016-11-17T17:57:08.113Z","updatedAt":"2016-11-17T17:57:08.113Z","storeId":1180,"serviceId":1}},{"id":2,"name":"Best Buy Mobile","createdAt":"2016-11-17T17:56:35.881Z","updatedAt":"2016-11-17T17:56:35.881Z","storeservices":{"createdAt":"2016-11-17T17:57:08.113Z","updatedAt":"2016-11-17T17:57:08.113Z","storeId":1180,"serviceId":2}},{"id":3,"name":"Best Buy For Business","createdAt":"2016-11-17T17:56:35.881Z","updatedAt":"2016-11-17T17:56:35.881Z","storeservices":{"createdAt":"2016-11-17T17:57:08.113Z","updatedAt":"2016-11-17T17:57:08.113Z","storeId":1180,"serviceId":3}},{"id":4,"name":"Apple Shop","createdAt":"2016-11-17T17:56:35.881Z","updatedAt":"2016-11-17T17:56:35.881Z","storeservices":{"createdAt":"2016-11-17T17:57:08.113Z","updatedAt":"2016-11-17T17:57:08.113Z","storeId":1180,"serviceId":4}},{"id":5,"name":"Hablamos Español","createdAt":"2016-11-17T17:56:35.881Z","updatedAt":"2016-11-17T17:56:35.881Z","storeservices":{"createdAt":"2016-11-17T17:57:08.113Z","updatedAt":"2016-11-17T17:57:08.113Z","storeId":1180,"serviceId":5}},{"id":7,"name":"Electronics Recycling","createdAt":"2016-11-17T17:56:35.881Z","updatedAt":"2016-11-17T17:56:35.881Z","storeservices":{"createdAt":"2016-11-17T17:57:08.113Z","updatedAt":"2016-11-17T17:57:08.113Z","storeId":1180,"serviceId":7}},{"id":10,"name":"Windows Store","createdAt":"2016-11-17T17:56:35.881Z","updatedAt":"2016-11-17T17:56:35.881Z","storeservices":{"createdAt":"2016-11-17T17:57:08.113Z","updatedAt":"2016-11-17T17:57:08.113Z","storeId":1180,"serviceId":10}},{"id":11,"name":"Samsung Experience","createdAt":"2016-11-17T17:56:35.881Z","updatedAt":"2016-11-17T17:56:35.881Z","storeservices":{"createdAt":"2016-11-17T17:57:08.113Z","updatedAt":"2016-11-17T17:57:08.113Z","storeId":1180,"serviceId":11}},{"id":12,"name":"Car & GPS Installation Services","createdAt":"2016-11-17T17:56:35.881Z","updatedAt":"2016-11-17T17:56:35.881Z","storeservices":{"createdAt":"2016-11-17T17:57:08.113Z","updatedAt":"2016-11-17T17:57:08.113Z","storeId":1180,"serviceId":12}},{"id":13,"name":"LG Experience ","createdAt":"2016-11-17T17:56:35.881Z","updatedAt":"2016-11-17T17:56:35.881Z","storeservices":{"createdAt":"2016-11-17T17:57:08.113Z","updatedAt":"2016-11-17T17:57:08.113Z","storeId":1180,"serviceId":13}},{"id":14,"name":"Sony Experience ","createdAt":"2016-11-17T17:56:35.881Z","updatedAt":"2016-11-17T17:56:35.881Z","storeservices":{"createdAt":"2016-11-17T17:57:08.113Z","updatedAt":"2016-11-17T17:57:08.113Z","storeId":1180,"serviceId":14}}]},{"id":1510,"name":"Culver City Westfield Mall","type":"BigBox","address":"6000 Sepulveda Blvd.","address2":"","city":"Culver City","state":"CA","zip":"90230","lat":33.985787,"lng":-118.394938,"hours":"Mon: 10-9; Tue: 10-9; Wed: 10-9; Thurs: 10-9; Fri: 10-9; Sat: 10-9; Sun: 11-8","createdAt":"2016-11-17T17:57:04.783Z","updatedAt":"2016-11-17T17:57:04.783Z","services":[{"id":1,"name":"Geek Squad Services","createdAt":"2016-11-17T17:56:35.881Z","updatedAt":"2016-11-17T17:56:35.881Z","storeservices":{"createdAt":"2016-11-17T17:57:08.340Z","updatedAt":"2016-11-17T17:57:08.340Z","storeId":1510,"serviceId":1}},{"id":2,"name":"Best Buy Mobile","createdAt":"2016-11-17T17:56:35.881Z","updatedAt":"2016-11-17T17:56:35.881Z","storeservices":{"createdAt":"2016-11-17T17:57:08.340Z","updatedAt":"2016-11-17T17:57:08.340Z","storeId":1510,"serviceId":2}},{"id":3,"name":"Best Buy For Business","createdAt":"2016-11-17T17:56:35.881Z","updatedAt":"2016-11-17T17:56:35.881Z","storeservices":{"createdAt":"2016-11-17T17:57:08.340Z","updatedAt":"2016-11-17T17:57:08.340Z","storeId":1510,"serviceId":3}},{"id":4,"name":"Apple Shop","createdAt":"2016-11-17T17:56:35.881Z","updatedAt":"2016-11-17T17:56:35.881Z","storeservices":{"createdAt":"2016-11-17T17:57:08.340Z","updatedAt":"2016-11-17T17:57:08.340Z","storeId":1510,"serviceId":4}},{"id":5,"name":"Hablamos Español","createdAt":"2016-11-17T17:56:35.881Z","updatedAt":"2016-11-17T17:56:35.881Z","storeservices":{"createdAt":"2016-11-17T17:57:08.340Z","updatedAt":"2016-11-17T17:57:08.340Z","storeId":1510,"serviceId":5}},{"id":7,"name":"Electronics Recycling","createdAt":"2016-11-17T17:56:35.881Z","updatedAt":"2016-11-17T17:56:35.881Z","storeservices":{"createdAt":"2016-11-17T17:57:08.340Z","updatedAt":"2016-11-17T17:57:08.340Z","storeId":1510,"serviceId":7}},{"id":10,"name":"Windows Store","createdAt":"2016-11-17T17:56:35.881Z","updatedAt":"2016-11-17T17:56:35.881Z","storeservices":{"createdAt":"2016-11-17T17:57:08.340Z","updatedAt":"2016-11-17T17:57:08.340Z","storeId":1510,"serviceId":10}},{"id":11,"name":"Samsung Experience","createdAt":"2016-11-17T17:56:35.881Z","updatedAt":"2016-11-17T17:56:35.881Z","storeservices":{"createdAt":"2016-11-17T17:57:08.340Z","updatedAt":"2016-11-17T17:57:08.340Z","storeId":1510,"serviceId":11}},{"id":12,"name":"Car & GPS Installation Services","createdAt":"2016-11-17T17:56:35.881Z","updatedAt":"2016-11-17T17:56:35.881Z","storeservices":{"createdAt":"2016-11-17T17:57:08.340Z","updatedAt":"2016-11-17T17:57:08.340Z","storeId":1510,"serviceId":12}}]}]}

22:49:09.195 [ForkJoinPool-1-worker-1] INFO  com.intuit.karate - karate.env system property was: null 
22:49:09.201 [ForkJoinPool-1-worker-1] DEBUG com.intuit.karate - request:
1 > GET http://localhost:3030/stores?service.name=Windows+Store&near=90210
1 > Accept-Encoding: gzip,deflate
1 > Connection: Keep-Alive
1 > Host: localhost:3030
1 > User-Agent: Apache-HttpClient/4.5.5 (Java/1.8.0_221)

22:49:09.232 [pool-1-thread-3] INFO  com.intuit.karate.Runner - <<pass>> feature 13 of 17: classpath:com/n26/bestbuy/api/stores/stores-delete.feature
---------------------------------------------------------
feature: classpath:com/n26/bestbuy/api/stores/stores-delete.feature
report: target\surefire-reports\com.n26.bestbuy.api.stores.stores-delete.json
scenarios:  3 | passed:  3 | failed:  0 | time: 2.0015
---------------------------------------------------------
22:49:09.365 [ForkJoinPool-1-worker-5] DEBUG com.intuit.karate - response time in milliseconds: 702.94
1 < 200
1 < Access-Control-Allow-Origin: *
1 < Allow: GET,POST,PUT,PATCH,DELETE
1 < Connection: keep-alive
1 < Content-Type: application/json; charset=utf-8
1 < Date: Fri, 08 Nov 2019 17:19:09 GMT
1 < ETag: W/"6676-7SEKtPhHIqh3lHPP4MYS80GAEiQ"
1 < Transfer-Encoding: chunked
1 < Vary: Accept, Accept-Encoding
1 < X-Powered-By: Express
{"total":8,"limit":10,"skip":0,"data":[{"id":109,"name":"West LA","type":"BigBox","address":"11301 W Pico Blvd","address2":"","city":"Los Angeles","state":"CA","zip":"90064","lat":34.035656,"lng":-118.4389,"hours":"Mon: 10-9; Tue: 10-9; Wed: 10-9; Thurs: 10-9; Fri: 10-9; Sat: 10-9; Sun: 11-8","createdAt":"2016-11-17T17:57:04.414Z","updatedAt":"2016-11-17T17:57:04.414Z","services":[{"id":1,"name":"Geek Squad Services","createdAt":"2016-11-17T17:56:35.881Z","updatedAt":"2016-11-17T17:56:35.881Z","storeservices":{"createdAt":"2016-11-17T17:57:08.033Z","updatedAt":"2016-11-17T17:57:08.033Z","storeId":109,"serviceId":1}},{"id":2,"name":"Best Buy Mobile","createdAt":"2016-11-17T17:56:35.881Z","updatedAt":"2016-11-17T17:56:35.881Z","storeservices":{"createdAt":"2016-11-17T17:57:08.033Z","updatedAt":"2016-11-17T17:57:08.033Z","storeId":109,"serviceId":2}},{"id":3,"name":"Best Buy For Business","createdAt":"2016-11-17T17:56:35.881Z","updatedAt":"2016-11-17T17:56:35.881Z","storeservices":{"createdAt":"2016-11-17T17:57:08.033Z","updatedAt":"2016-11-17T17:57:08.033Z","storeId":109,"serviceId":3}},{"id":4,"name":"Apple Shop","createdAt":"2016-11-17T17:56:35.881Z","updatedAt":"2016-11-17T17:56:35.881Z","storeservices":{"createdAt":"2016-11-17T17:57:08.033Z","updatedAt":"2016-11-17T17:57:08.033Z","storeId":109,"serviceId":4}},{"id":5,"name":"Hablamos Español","createdAt":"2016-11-17T17:56:35.881Z","updatedAt":"2016-11-17T17:56:35.881Z","storeservices":{"createdAt":"2016-11-17T17:57:08.033Z","updatedAt":"2016-11-17T17:57:08.033Z","storeId":109,"serviceId":5}},{"id":6,"name":"Camera Experience Shop ","createdAt":"2016-11-17T17:56:35.881Z","updatedAt":"2016-11-17T17:56:35.881Z","storeservices":{"createdAt":"2016-11-17T17:57:08.033Z","updatedAt":"2016-11-17T17:57:08.033Z","storeId":109,"serviceId":6}},{"id":7,"name":"Electronics Recycling","createdAt":"2016-11-17T17:56:35.881Z","updatedAt":"2016-11-17T17:56:35.881Z","storeservices":{"createdAt":"2016-11-17T17:57:08.033Z","updatedAt":"2016-11-17T17:57:08.033Z","storeId":109,"serviceId":7}},{"id":10,"name":"Windows Store","createdAt":"2016-11-17T17:56:35.881Z","updatedAt":"2016-11-17T17:56:35.881Z","storeservices":{"createdAt":"2016-11-17T17:57:08.033Z","updatedAt":"2016-11-17T17:57:08.033Z","storeId":109,"serviceId":10}},{"id":11,"name":"Samsung Experience","createdAt":"2016-11-17T17:56:35.881Z","updatedAt":"2016-11-17T17:56:35.881Z","storeservices":{"createdAt":"2016-11-17T17:57:08.033Z","updatedAt":"2016-11-17T17:57:08.033Z","storeId":109,"serviceId":11}},{"id":12,"name":"Car & GPS Installation Services","createdAt":"2016-11-17T17:56:35.881Z","updatedAt":"2016-11-17T17:56:35.881Z","storeservices":{"createdAt":"2016-11-17T17:57:08.033Z","updatedAt":"2016-11-17T17:57:08.033Z","storeId":109,"serviceId":12}},{"id":13,"name":"LG Experience ","createdAt":"2016-11-17T17:56:35.881Z","updatedAt":"2016-11-17T17:56:35.881Z","storeservices":{"createdAt":"2016-11-17T17:57:08.033Z","updatedAt":"2016-11-17T17:57:08.033Z","storeId":109,"serviceId":13}},{"id":14,"name":"Sony Experience ","createdAt":"2016-11-17T17:56:35.881Z","updatedAt":"2016-11-17T17:56:35.881Z","storeservices":{"createdAt":"2016-11-17T17:57:08.033Z","updatedAt":"2016-11-17T17:57:08.033Z","storeId":109,"serviceId":14}},{"id":16,"name":"Pacific Sales Kitchen & Home","createdAt":"2016-11-17T17:56:35.881Z","updatedAt":"2016-11-17T17:56:35.881Z","storeservices":{"createdAt":"2016-11-17T17:57:08.033Z","updatedAt":"2016-11-17T17:57:08.033Z","storeId":109,"serviceId":16}},{"id":17,"name":"Magnolia Design Center ","createdAt":"2016-11-17T17:56:35.881Z","updatedAt":"2016-11-17T17:56:35.881Z","storeservices":{"createdAt":"2016-11-17T17:57:08.033Z","updatedAt":"2016-11-17T17:57:08.033Z","storeId":109,"serviceId":17}}]},{"id":137,"name":"Burbank","type":"BigBox","address":"1501 N Victory Pl","address2":"","city":"Burbank","state":"CA","zip":"91504","lat":34.189072,"lng":-118.32756,"hours":"Mon: 10-9; Tue: 10-9; Wed: 10-9; Thurs: 10-9; Fri: 10-9; Sat: 10-9; Sun: 11-8","createdAt":"2016-11-17T17:57:04.576Z","updatedAt":"2016-11-17T17:57:04.576Z","services":[{"id":1,"name":"Geek Squad Services","createdAt":"2016-11-17T17:56:35.881Z","updatedAt":"2016-11-17T17:56:35.881Z","storeservices":{"createdAt":"2016-11-17T17:57:08.170Z","updatedAt":"2016-11-17T17:57:08.170Z","storeId":137,"serviceId":1}},{"id":2,"name":"Best Buy Mobile","createdAt":"2016-11-17T17:56:35.881Z","updatedAt":"2016-11-17T17:56:35.881Z","storeservices":{"createdAt":"2016-11-17T17:57:08.170Z","updatedAt":"2016-11-17T17:57:08.170Z","storeId":137,"serviceId":2}},{"id":3,"name":"Best Buy For Business","createdAt":"2016-11-17T17:56:35.881Z","updatedAt":"2016-11-17T17:56:35.881Z","storeservices":{"createdAt":"2016-11-17T17:57:08.170Z","updatedAt":"2016-11-17T17:57:08.170Z","storeId":137,"serviceId":3}},{"id":4,"name":"Apple Shop","createdAt":"2016-11-17T17:56:35.881Z","updatedAt":"2016-11-17T17:56:35.881Z","storeservices":{"createdAt":"2016-11-17T17:57:08.170Z","updatedAt":"2016-11-17T17:57:08.170Z","storeId":137,"serviceId":4}},{"id":6,"name":"Camera Experience Shop ","createdAt":"2016-11-17T17:56:35.881Z","updatedAt":"2016-11-17T17:56:35.881Z","storeservices":{"createdAt":"2016-11-17T17:57:08.170Z","updatedAt":"2016-11-17T17:57:08.170Z","storeId":137,"serviceId":6}},{"id":7,"name":"Electronics Recycling","createdAt":"2016-11-17T17:56:35.881Z","updatedAt":"2016-11-17T17:56:35.881Z","storeservices":{"createdAt":"2016-11-17T17:57:08.170Z","updatedAt":"2016-11-17T17:57:08.170Z","storeId":137,"serviceId":7}},{"id":10,"name":"Windows Store","createdAt":"2016-11-17T17:56:35.881Z","updatedAt":"2016-11-17T17:56:35.881Z","storeservices":{"createdAt":"2016-11-17T17:57:08.170Z","updatedAt":"2016-11-17T17:57:08.170Z","storeId":137,"serviceId":10}},{"id":11,"name":"Samsung Experience","createdAt":"2016-11-17T17:56:35.881Z","updatedAt":"2016-11-17T17:56:35.881Z","storeservices":{"createdAt":"2016-11-17T17:57:08.170Z","updatedAt":"2016-11-17T17:57:08.170Z","storeId":137,"serviceId":11}},{"id":12,"name":"Car & GPS Installation Services","createdAt":"2016-11-17T17:56:35.881Z","updatedAt":"2016-11-17T17:56:35.881Z","storeservices":{"createdAt":"2016-11-17T17:57:08.170Z","updatedAt":"2016-11-17T17:57:08.170Z","storeId":137,"serviceId":12}},{"id":13,"name":"LG Experience ","createdAt":"2016-11-17T17:56:35.881Z","updatedAt":"2016-11-17T17:56:35.881Z","storeservices":{"createdAt":"2016-11-17T17:57:08.170Z","updatedAt":"2016-11-17T17:57:08.170Z","storeId":137,"serviceId":13}},{"id":14,"name":"Sony Experience ","createdAt":"2016-11-17T17:56:35.881Z","updatedAt":"2016-11-17T17:56:35.881Z","storeservices":{"createdAt":"2016-11-17T17:57:08.170Z","updatedAt":"2016-11-17T17:57:08.170Z","storeId":137,"serviceId":14}},{"id":16,"name":"Pacific Sales Kitchen & Home","createdAt":"2016-11-17T17:56:35.881Z","updatedAt":"2016-11-17T17:56:35.881Z","storeservices":{"createdAt":"2016-11-17T17:57:08.170Z","updatedAt":"2016-11-17T17:57:08.170Z","storeId":137,"serviceId":16}},{"id":17,"name":"Magnolia Design Center ","createdAt":"2016-11-17T17:56:35.881Z","updatedAt":"2016-11-17T17:56:35.881Z","storeservices":{"createdAt":"2016-11-17T17:57:08.170Z","updatedAt":"2016-11-17T17:57:08.170Z","storeId":137,"serviceId":17}}]},{"id":179,"name":"Culver City","type":"BigBox","address":"10799 Washington Blvd","address2":"","city":"Culver City","state":"CA","zip":"90232","lat":34.016224,"lng":-118.40641,"hours":"Mon: 10-9; Tue: 10-9; Wed: 10-9; Thurs: 10-9; Fri: 10-9; Sat: 10-9; Sun: 11-8","createdAt":"2016-11-17T17:57:04.911Z","updatedAt":"2016-11-17T17:57:04.911Z","services":[{"id":1,"name":"Geek Squad Services","createdAt":"2016-11-17T17:56:35.881Z","updatedAt":"2016-11-17T17:56:35.881Z","storeservices":{"createdAt":"2016-11-17T17:57:08.465Z","updatedAt":"2016-11-17T17:57:08.465Z","storeId":179,"serviceId":1}},{"id":2,"name":"Best Buy Mobile","createdAt":"2016-11-17T17:56:35.881Z","updatedAt":"2016-11-17T17:56:35.881Z","storeservices":{"createdAt":"2016-11-17T17:57:08.465Z","updatedAt":"2016-11-17T17:57:08.465Z","storeId":179,"serviceId":2}},{"id":3,"name":"Best Buy For Business","createdAt":"2016-11-17T17:56:35.881Z","updatedAt":"2016-11-17T17:56:35.881Z","storeservices":{"createdAt":"2016-11-17T17:57:08.465Z","updatedAt":"2016-11-17T17:57:08.465Z","storeId":179,"serviceId":3}},{"id":4,"name":"Apple Shop","createdAt":"2016-11-17T17:56:35.881Z","updatedAt":"2016-11-17T17:56:35.881Z","storeservices":{"createdAt":"2016-11-17T17:57:08.465Z","updatedAt":"2016-11-17T17:57:08.465Z","storeId":179,"serviceId":4}},{"id":5,"name":"Hablamos Español","createdAt":"2016-11-17T17:56:35.881Z","updatedAt":"2016-11-17T17:56:35.881Z","storeservices":{"createdAt":"2016-11-17T17:57:08.465Z","updatedAt":"2016-11-17T17:57:08.465Z","storeId":179,"serviceId":5}},{"id":7,"name":"Electronics Recycling","createdAt":"2016-11-17T17:56:35.881Z","updatedAt":"2016-11-17T17:56:35.881Z","storeservices":{"createdAt":"2016-11-17T17:57:08.465Z","updatedAt":"2016-11-17T17:57:08.465Z","storeId":179,"serviceId":7}},{"id":8,"name":"Magnolia Home Theater","createdAt":"2016-11-17T17:56:35.881Z","updatedAt":"2016-11-17T17:56:35.881Z","storeservices":{"createdAt":"2016-11-17T17:57:08.465Z","updatedAt":"2016-11-17T17:57:08.465Z","storeId":179,"serviceId":8}},{"id":10,"name":"Windows Store","createdAt":"2016-11-17T17:56:35.881Z","updatedAt":"2016-11-17T17:56:35.881Z","storeservices":{"createdAt":"2016-11-17T17:57:08.465Z","updatedAt":"2016-11-17T17:57:08.465Z","storeId":179,"serviceId":10}},{"id":11,"name":"Samsung Experience","createdAt":"2016-11-17T17:56:35.881Z","updatedAt":"2016-11-17T17:56:35.881Z","storeservices":{"createdAt":"2016-11-17T17:57:08.465Z","updatedAt":"2016-11-17T17:57:08.465Z","storeId":179,"serviceId":11}},{"id":12,"name":"Car & GPS Installation Services","createdAt":"2016-11-17T17:56:35.881Z","updatedAt":"2016-11-17T17:56:35.881Z","storeservices":{"createdAt":"2016-11-17T17:57:08.465Z","updatedAt":"2016-11-17T17:57:08.465Z","storeId":179,"serviceId":12}},{"id":13,"name":"LG Experience ","createdAt":"2016-11-17T17:56:35.881Z","updatedAt":"2016-11-17T17:56:35.881Z","storeservices":{"createdAt":"2016-11-17T17:57:08.465Z","updatedAt":"2016-11-17T17:57:08.465Z","storeId":179,"serviceId":13}},{"id":14,"name":"Sony Experience ","createdAt":"2016-11-17T17:56:35.881Z","updatedAt":"2016-11-17T17:56:35.881Z","storeservices":{"createdAt":"2016-11-17T17:57:08.465Z","updatedAt":"2016-11-17T17:57:08.465Z","storeId":179,"serviceId":14}}]},{"id":183,"name":"Atwater Village","type":"BigBox","address":"2909 Los Feliz Blvd","address2":"","city":"Los Angeles","state":"CA","zip":"90039","lat":34.126701,"lng":-118.26443,"hours":"Mon: 10-9; Tue: 10-9; Wed: 10-9; Thurs: 10-9; Fri: 10-9; Sat: 10-9; Sun: 11-8","createdAt":"2016-11-17T17:57:04.912Z","updatedAt":"2016-11-17T17:57:04.912Z","services":[{"id":1,"name":"Geek Squad Services","createdAt":"2016-11-17T17:56:35.881Z","updatedAt":"2016-11-17T17:56:35.881Z","storeservices":{"createdAt":"2016-11-17T17:57:08.466Z","updatedAt":"2016-11-17T17:57:08.466Z","storeId":183,"serviceId":1}},{"id":2,"name":"Best Buy Mobile","createdAt":"2016-11-17T17:56:35.881Z","updatedAt":"2016-11-17T17:56:35.881Z","storeservices":{"createdAt":"2016-11-17T17:57:08.466Z","updatedAt":"2016-11-17T17:57:08.466Z","storeId":183,"serviceId":2}},{"id":3,"name":"Best Buy For Business","createdAt":"2016-11-17T17:56:35.881Z","updatedAt":"2016-11-17T17:56:35.881Z","storeservices":{"createdAt":"2016-11-17T17:57:08.466Z","updatedAt":"2016-11-17T17:57:08.466Z","storeId":183,"serviceId":3}},{"id":4,"name":"Apple Shop","createdAt":"2016-11-17T17:56:35.881Z","updatedAt":"2016-11-17T17:56:35.881Z","storeservices":{"createdAt":"2016-11-17T17:57:08.466Z","updatedAt":"2016-11-17T17:57:08.466Z","storeId":183,"serviceId":4}},{"id":5,"name":"Hablamos Español","createdAt":"2016-11-17T17:56:35.881Z","updatedAt":"2016-11-17T17:56:35.881Z","storeservices":{"createdAt":"2016-11-17T17:57:08.466Z","updatedAt":"2016-11-17T17:57:08.466Z","storeId":183,"serviceId":5}},{"id":7,"name":"Electronics Recycling","createdAt":"2016-11-17T17:56:35.881Z","updatedAt":"2016-11-17T17:56:35.881Z","storeservices":{"createdAt":"2016-11-17T17:57:08.466Z","updatedAt":"2016-11-17T17:57:08.466Z","storeId":183,"serviceId":7}},{"id":8,"name":"Magnolia Home Theater","createdAt":"2016-11-17T17:56:35.881Z","updatedAt":"2016-11-17T17:56:35.881Z","storeservices":{"createdAt":"2016-11-17T17:57:08.466Z","updatedAt":"2016-11-17T17:57:08.466Z","storeId":183,"serviceId":8}},{"id":10,"name":"Windows Store","createdAt":"2016-11-17T17:56:35.881Z","updatedAt":"2016-11-17T17:56:35.881Z","storeservices":{"createdAt":"2016-11-17T17:57:08.466Z","updatedAt":"2016-11-17T17:57:08.466Z","storeId":183,"serviceId":10}},{"id":11,"name":"Samsung Experience","createdAt":"2016-11-17T17:56:35.881Z","updatedAt":"2016-11-17T17:56:35.881Z","storeservices":{"createdAt":"2016-11-17T17:57:08.466Z","updatedAt":"2016-11-17T17:57:08.466Z","storeId":183,"serviceId":11}},{"id":12,"name":"Car & GPS Installation Services","createdAt":"2016-11-17T17:56:35.881Z","updatedAt":"2016-11-17T17:56:35.881Z","storeservices":{"createdAt":"2016-11-17T17:57:08.466Z","updatedAt":"2016-11-17T17:57:08.466Z","storeId":183,"serviceId":12}},{"id":13,"name":"LG Experience ","createdAt":"2016-11-17T17:56:35.881Z","updatedAt":"2016-11-17T17:56:35.881Z","storeservices":{"createdAt":"2016-11-17T17:57:08.466Z","updatedAt":"2016-11-17T17:57:08.466Z","storeId":183,"serviceId":13}},{"id":14,"name":"Sony Experience ","createdAt":"2016-11-17T17:56:35.881Z","updatedAt":"2016-11-17T17:56:35.881Z","storeservices":{"createdAt":"2016-11-17T17:57:08.466Z","updatedAt":"2016-11-17T17:57:08.466Z","storeId":183,"serviceId":14}},{"id":16,"name":"Pacific Sales Kitchen & Home","createdAt":"2016-11-17T17:56:35.881Z","updatedAt":"2016-11-17T17:56:35.881Z","storeservices":{"createdAt":"2016-11-17T17:57:08.466Z","updatedAt":"2016-11-17T17:57:08.466Z","storeId":183,"serviceId":16}}]},{"id":393,"name":"West Hollywood","type":"BigBox","address":"1015 N La Brea Ave","address2":"","city":"W Hollywood","state":"CA","zip":"90038","lat":34.089316,"lng":-118.344561,"hours":"Mon: 10-9; Tue: 10-9; Wed: 10-9; Thurs: 10-9; Fri: 10-9; Sat: 10-9; Sun: 11-8","createdAt":"2016-11-17T17:57:05.596Z","updatedAt":"2016-11-17T17:57:05.596Z","services":[{"id":1,"name":"Geek Squad Services","createdAt":"2016-11-17T17:56:35.881Z","updatedAt":"2016-11-17T17:56:35.881Z","storeservices":{"createdAt":"2016-11-17T17:57:09.066Z","updatedAt":"2016-11-17T17:57:09.066Z","storeId":393,"serviceId":1}},{"id":2,"name":"Best Buy Mobile","createdAt":"2016-11-17T17:56:35.881Z","updatedAt":"2016-11-17T17:56:35.881Z","storeservices":{"createdAt":"2016-11-17T17:57:09.066Z","updatedAt":"2016-11-17T17:57:09.066Z","storeId":393,"serviceId":2}},{"id":3,"name":"Best Buy For Business","createdAt":"2016-11-17T17:56:35.881Z","updatedAt":"2016-11-17T17:56:35.881Z","storeservices":{"createdAt":"2016-11-17T17:57:09.066Z","updatedAt":"2016-11-17T17:57:09.066Z","storeId":393,"serviceId":3}},{"id":4,"name":"Apple Shop","createdAt":"2016-11-17T17:56:35.881Z","updatedAt":"2016-11-17T17:56:35.881Z","storeservices":{"createdAt":"2016-11-17T17:57:09.066Z","updatedAt":"2016-11-17T17:57:09.066Z","storeId":393,"serviceId":4}},{"id":5,"name":"Hablamos Español","createdAt":"2016-11-17T17:56:35.881Z","updatedAt":"2016-11-17T17:56:35.881Z","storeservices":{"createdAt":"2016-11-17T17:57:09.066Z","updatedAt":"2016-11-17T17:57:09.066Z","storeId":393,"serviceId":5}},{"id":7,"name":"Electronics Recycling","createdAt":"2016-11-17T17:56:35.881Z","updatedAt":"2016-11-17T17:56:35.881Z","storeservices":{"createdAt":"2016-11-17T17:57:09.066Z","updatedAt":"2016-11-17T17:57:09.066Z","storeId":393,"serviceId":7}},{"id":10,"name":"Windows Store","createdAt":"2016-11-17T17:56:35.881Z","updatedAt":"2016-11-17T17:56:35.881Z","storeservices":{"createdAt":"2016-11-17T17:57:09.066Z","updatedAt":"2016-11-17T17:57:09.066Z","storeId":393,"serviceId":10}},{"id":11,"name":"Samsung Experience","createdAt":"2016-11-17T17:56:35.881Z","updatedAt":"2016-11-17T17:56:35.881Z","storeservices":{"createdAt":"2016-11-17T17:57:09.066Z","updatedAt":"2016-11-17T17:57:09.066Z","storeId":393,"serviceId":11}},{"id":12,"name":"Car & GPS Installation Services","createdAt":"2016-11-17T17:56:35.881Z","updatedAt":"2016-11-17T17:56:35.881Z","storeservices":{"createdAt":"2016-11-17T17:57:09.066Z","updatedAt":"2016-11-17T17:57:09.066Z","storeId":393,"serviceId":12}},{"id":13,"name":"LG Experience ","createdAt":"2016-11-17T17:56:35.881Z","updatedAt":"2016-11-17T17:56:35.881Z","storeservices":{"createdAt":"2016-11-17T17:57:09.066Z","updatedAt":"2016-11-17T17:57:09.066Z","storeId":393,"serviceId":13}},{"id":14,"name":"Sony Experience ","createdAt":"2016-11-17T17:56:35.881Z","updatedAt":"2016-11-17T17:56:35.881Z","storeservices":{"createdAt":"2016-11-17T17:57:09.066Z","updatedAt":"2016-11-17T17:57:09.066Z","storeId":393,"serviceId":14}},{"id":16,"name":"Pacific Sales Kitchen & Home","createdAt":"2016-11-17T17:56:35.881Z","updatedAt":"2016-11-17T17:56:35.881Z","storeservices":{"createdAt":"2016-11-17T17:57:09.066Z","updatedAt":"2016-11-17T17:57:09.066Z","storeId":393,"serviceId":16}},{"id":17,"name":"Magnolia Design Center ","createdAt":"2016-11-17T17:56:35.881Z","updatedAt":"2016-11-17T17:56:35.881Z","storeservices":{"createdAt":"2016-11-17T17:57:09.066Z","updatedAt":"2016-11-17T17:57:09.066Z","storeId":393,"serviceId":17}}]},{"id":764,"name":"Sherman Oaks","type":"BigBox","address":"4500 Van Nuys Blvd","address2":"","city":"Sherman Oaks","state":"CA","zip":"91403","lat":34.153481,"lng":-118.44733,"hours":"Mon: 10-9; Tue: 10-9; Wed: 10-9; Thurs: 10-9; Fri: 10-9; Sat: 10-9; Sun: 11-8","createdAt":"2016-11-17T17:57:05.848Z","updatedAt":"2016-11-17T17:57:05.848Z","services":[{"id":1,"name":"Geek Squad Services","createdAt":"2016-11-17T17:56:35.881Z","updatedAt":"2016-11-17T17:56:35.881Z","storeservices":{"createdAt":"2016-11-17T17:57:09.415Z","updatedAt":"2016-11-17T17:57:09.415Z","storeId":764,"serviceId":1}},{"id":2,"name":"Best Buy Mobile","createdAt":"2016-11-17T17:56:35.881Z","updatedAt":"2016-11-17T17:56:35.881Z","storeservices":{"createdAt":"2016-11-17T17:57:09.415Z","updatedAt":"2016-11-17T17:57:09.415Z","storeId":764,"serviceId":2}},{"id":3,"name":"Best Buy For Business","createdAt":"2016-11-17T17:56:35.881Z","updatedAt":"2016-11-17T17:56:35.881Z","storeservices":{"createdAt":"2016-11-17T17:57:09.415Z","updatedAt":"2016-11-17T17:57:09.415Z","storeId":764,"serviceId":3}},{"id":4,"name":"Apple Shop","createdAt":"2016-11-17T17:56:35.881Z","updatedAt":"2016-11-17T17:56:35.881Z","storeservices":{"createdAt":"2016-11-17T17:57:09.415Z","updatedAt":"2016-11-17T17:57:09.415Z","storeId":764,"serviceId":4}},{"id":5,"name":"Hablamos Español","createdAt":"2016-11-17T17:56:35.881Z","updatedAt":"2016-11-17T17:56:35.881Z","storeservices":{"createdAt":"2016-11-17T17:57:09.415Z","updatedAt":"2016-11-17T17:57:09.415Z","storeId":764,"serviceId":5}},{"id":7,"name":"Electronics Recycling","createdAt":"2016-11-17T17:56:35.881Z","updatedAt":"2016-11-17T17:56:35.881Z","storeservices":{"createdAt":"2016-11-17T17:57:09.415Z","updatedAt":"2016-11-17T17:57:09.415Z","storeId":764,"serviceId":7}},{"id":8,"name":"Magnolia Home Theater","createdAt":"2016-11-17T17:56:35.881Z","updatedAt":"2016-11-17T17:56:35.881Z","storeservices":{"createdAt":"2016-11-17T17:57:09.415Z","updatedAt":"2016-11-17T17:57:09.415Z","storeId":764,"serviceId":8}},{"id":10,"name":"Windows Store","createdAt":"2016-11-17T17:56:35.881Z","updatedAt":"2016-11-17T17:56:35.881Z","storeservices":{"createdAt":"2016-11-17T17:57:09.415Z","updatedAt":"2016-11-17T17:57:09.415Z","storeId":764,"serviceId":10}},{"id":11,"name":"Samsung Experience","createdAt":"2016-11-17T17:56:35.881Z","updatedAt":"2016-11-17T17:56:35.881Z","storeservices":{"createdAt":"2016-11-17T17:57:09.415Z","updatedAt":"2016-11-17T17:57:09.415Z","storeId":764,"serviceId":11}},{"id":13,"name":"LG Experience ","createdAt":"2016-11-17T17:56:35.881Z","updatedAt":"2016-11-17T17:56:35.881Z","storeservices":{"createdAt":"2016-11-17T17:57:09.415Z","updatedAt":"2016-11-17T17:57:09.415Z","storeId":764,"serviceId":13}},{"id":14,"name":"Sony Experience ","createdAt":"2016-11-17T17:56:35.881Z","updatedAt":"2016-11-17T17:56:35.881Z","storeservices":{"createdAt":"2016-11-17T17:57:09.415Z","updatedAt":"2016-11-17T17:57:09.415Z","storeId":764,"serviceId":14}},{"id":16,"name":"Pacific Sales Kitchen & Home","createdAt":"2016-11-17T17:56:35.881Z","updatedAt":"2016-11-17T17:56:35.881Z","storeservices":{"createdAt":"2016-11-17T17:57:09.415Z","updatedAt":"2016-11-17T17:57:09.415Z","storeId":764,"serviceId":16}}]},{"id":1180,"name":"Northridge","type":"BigBox","address":"19350 #B Nordhoff Way","address2":"","city":"Northridge","state":"CA","zip":"91324","lat":34.23403,"lng":-118.55508,"hours":"Mon: 10-9; Tue: 10-9; Wed: 10-9; Thurs: 10-9; Fri: 10-9; Sat: 10-9; Sun: 11-8","createdAt":"2016-11-17T17:57:04.517Z","updatedAt":"2016-11-17T17:57:04.517Z","services":[{"id":1,"name":"Geek Squad Services","createdAt":"2016-11-17T17:56:35.881Z","updatedAt":"2016-11-17T17:56:35.881Z","storeservices":{"createdAt":"2016-11-17T17:57:08.113Z","updatedAt":"2016-11-17T17:57:08.113Z","storeId":1180,"serviceId":1}},{"id":2,"name":"Best Buy Mobile","createdAt":"2016-11-17T17:56:35.881Z","updatedAt":"2016-11-17T17:56:35.881Z","storeservices":{"createdAt":"2016-11-17T17:57:08.113Z","updatedAt":"2016-11-17T17:57:08.113Z","storeId":1180,"serviceId":2}},{"id":3,"name":"Best Buy For Business","createdAt":"2016-11-17T17:56:35.881Z","updatedAt":"2016-11-17T17:56:35.881Z","storeservices":{"createdAt":"2016-11-17T17:57:08.113Z","updatedAt":"2016-11-17T17:57:08.113Z","storeId":1180,"serviceId":3}},{"id":4,"name":"Apple Shop","createdAt":"2016-11-17T17:56:35.881Z","updatedAt":"2016-11-17T17:56:35.881Z","storeservices":{"createdAt":"2016-11-17T17:57:08.113Z","updatedAt":"2016-11-17T17:57:08.113Z","storeId":1180,"serviceId":4}},{"id":5,"name":"Hablamos Español","createdAt":"2016-11-17T17:56:35.881Z","updatedAt":"2016-11-17T17:56:35.881Z","storeservices":{"createdAt":"2016-11-17T17:57:08.113Z","updatedAt":"2016-11-17T17:57:08.113Z","storeId":1180,"serviceId":5}},{"id":7,"name":"Electronics Recycling","createdAt":"2016-11-17T17:56:35.881Z","updatedAt":"2016-11-17T17:56:35.881Z","storeservices":{"createdAt":"2016-11-17T17:57:08.113Z","updatedAt":"2016-11-17T17:57:08.113Z","storeId":1180,"serviceId":7}},{"id":10,"name":"Windows Store","createdAt":"2016-11-17T17:56:35.881Z","updatedAt":"2016-11-17T17:56:35.881Z","storeservices":{"createdAt":"2016-11-17T17:57:08.113Z","updatedAt":"2016-11-17T17:57:08.113Z","storeId":1180,"serviceId":10}},{"id":11,"name":"Samsung Experience","createdAt":"2016-11-17T17:56:35.881Z","updatedAt":"2016-11-17T17:56:35.881Z","storeservices":{"createdAt":"2016-11-17T17:57:08.113Z","updatedAt":"2016-11-17T17:57:08.113Z","storeId":1180,"serviceId":11}},{"id":12,"name":"Car & GPS Installation Services","createdAt":"2016-11-17T17:56:35.881Z","updatedAt":"2016-11-17T17:56:35.881Z","storeservices":{"createdAt":"2016-11-17T17:57:08.113Z","updatedAt":"2016-11-17T17:57:08.113Z","storeId":1180,"serviceId":12}},{"id":13,"name":"LG Experience ","createdAt":"2016-11-17T17:56:35.881Z","updatedAt":"2016-11-17T17:56:35.881Z","storeservices":{"createdAt":"2016-11-17T17:57:08.113Z","updatedAt":"2016-11-17T17:57:08.113Z","storeId":1180,"serviceId":13}},{"id":14,"name":"Sony Experience ","createdAt":"2016-11-17T17:56:35.881Z","updatedAt":"2016-11-17T17:56:35.881Z","storeservices":{"createdAt":"2016-11-17T17:57:08.113Z","updatedAt":"2016-11-17T17:57:08.113Z","storeId":1180,"serviceId":14}}]},{"id":1510,"name":"Culver City Westfield Mall","type":"BigBox","address":"6000 Sepulveda Blvd.","address2":"","city":"Culver City","state":"CA","zip":"90230","lat":33.985787,"lng":-118.394938,"hours":"Mon: 10-9; Tue: 10-9; Wed: 10-9; Thurs: 10-9; Fri: 10-9; Sat: 10-9; Sun: 11-8","createdAt":"2016-11-17T17:57:04.783Z","updatedAt":"2016-11-17T17:57:04.783Z","services":[{"id":1,"name":"Geek Squad Services","createdAt":"2016-11-17T17:56:35.881Z","updatedAt":"2016-11-17T17:56:35.881Z","storeservices":{"createdAt":"2016-11-17T17:57:08.340Z","updatedAt":"2016-11-17T17:57:08.340Z","storeId":1510,"serviceId":1}},{"id":2,"name":"Best Buy Mobile","createdAt":"2016-11-17T17:56:35.881Z","updatedAt":"2016-11-17T17:56:35.881Z","storeservices":{"createdAt":"2016-11-17T17:57:08.340Z","updatedAt":"2016-11-17T17:57:08.340Z","storeId":1510,"serviceId":2}},{"id":3,"name":"Best Buy For Business","createdAt":"2016-11-17T17:56:35.881Z","updatedAt":"2016-11-17T17:56:35.881Z","storeservices":{"createdAt":"2016-11-17T17:57:08.340Z","updatedAt":"2016-11-17T17:57:08.340Z","storeId":1510,"serviceId":3}},{"id":4,"name":"Apple Shop","createdAt":"2016-11-17T17:56:35.881Z","updatedAt":"2016-11-17T17:56:35.881Z","storeservices":{"createdAt":"2016-11-17T17:57:08.340Z","updatedAt":"2016-11-17T17:57:08.340Z","storeId":1510,"serviceId":4}},{"id":5,"name":"Hablamos Español","createdAt":"2016-11-17T17:56:35.881Z","updatedAt":"2016-11-17T17:56:35.881Z","storeservices":{"createdAt":"2016-11-17T17:57:08.340Z","updatedAt":"2016-11-17T17:57:08.340Z","storeId":1510,"serviceId":5}},{"id":7,"name":"Electronics Recycling","createdAt":"2016-11-17T17:56:35.881Z","updatedAt":"2016-11-17T17:56:35.881Z","storeservices":{"createdAt":"2016-11-17T17:57:08.340Z","updatedAt":"2016-11-17T17:57:08.340Z","storeId":1510,"serviceId":7}},{"id":10,"name":"Windows Store","createdAt":"2016-11-17T17:56:35.881Z","updatedAt":"2016-11-17T17:56:35.881Z","storeservices":{"createdAt":"2016-11-17T17:57:08.340Z","updatedAt":"2016-11-17T17:57:08.340Z","storeId":1510,"serviceId":10}},{"id":11,"name":"Samsung Experience","createdAt":"2016-11-17T17:56:35.881Z","updatedAt":"2016-11-17T17:56:35.881Z","storeservices":{"createdAt":"2016-11-17T17:57:08.340Z","updatedAt":"2016-11-17T17:57:08.340Z","storeId":1510,"serviceId":11}},{"id":12,"name":"Car & GPS Installation Services","createdAt":"2016-11-17T17:56:35.881Z","updatedAt":"2016-11-17T17:56:35.881Z","storeservices":{"createdAt":"2016-11-17T17:57:08.340Z","updatedAt":"2016-11-17T17:57:08.340Z","storeId":1510,"serviceId":12}}]}]}

22:49:09.368 [ForkJoinPool-1-worker-4] DEBUG com.intuit.karate - response time in milliseconds: 646.14
1 < 200
1 < Access-Control-Allow-Origin: *
1 < Allow: GET,POST,PUT,PATCH,DELETE
1 < Connection: keep-alive
1 < Content-Type: application/json; charset=utf-8
1 < Date: Fri, 08 Nov 2019 17:19:09 GMT
1 < ETag: W/"77c8-9r97C3dI/zo/esLtnc/07O6OMKM"
1 < Transfer-Encoding: chunked
1 < Vary: Accept, Accept-Encoding
1 < X-Powered-By: Express
{"total":756,"limit":10,"skip":0,"data":[{"id":4,"name":"Minnetonka","type":"BigBox","address":"13513 Ridgedale Dr","address2":"","city":"Hopkins","state":"MN","zip":"55305","lat":44.969658,"lng":-93.449539,"hours":"Mon: 10-9; Tue: 10-9; Wed: 10-9; Thurs: 10-9; Fri: 10-9; Sat: 10-9; Sun: 10-8","createdAt":"2016-11-17T17:57:05.708Z","updatedAt":"2016-11-17T17:57:05.708Z","services":[{"id":1,"name":"Geek Squad Services","createdAt":"2016-11-17T17:56:35.881Z","updatedAt":"2016-11-17T17:56:35.881Z","storeservices":{"createdAt":"2016-11-17T17:57:09.213Z","updatedAt":"2016-11-17T17:57:09.213Z","storeId":4,"serviceId":1}},{"id":2,"name":"Best Buy Mobile","createdAt":"2016-11-17T17:56:35.881Z","updatedAt":"2016-11-17T17:56:35.881Z","storeservices":{"createdAt":"2016-11-17T17:57:09.213Z","updatedAt":"2016-11-17T17:57:09.213Z","storeId":4,"serviceId":2}},{"id":3,"name":"Best Buy For Business","createdAt":"2016-11-17T17:56:35.881Z","updatedAt":"2016-11-17T17:56:35.881Z","storeservices":{"createdAt":"2016-11-17T17:57:09.213Z","updatedAt":"2016-11-17T17:57:09.213Z","storeId":4,"serviceId":3}},{"id":4,"name":"Apple Shop","createdAt":"2016-11-17T17:56:35.881Z","updatedAt":"2016-11-17T17:56:35.881Z","storeservices":{"createdAt":"2016-11-17T17:57:09.213Z","updatedAt":"2016-11-17T17:57:09.213Z","storeId":4,"serviceId":4}},{"id":7,"name":"Electronics Recycling","createdAt":"2016-11-17T17:56:35.881Z","updatedAt":"2016-11-17T17:56:35.881Z","storeservices":{"createdAt":"2016-11-17T17:57:09.213Z","updatedAt":"2016-11-17T17:57:09.213Z","storeId":4,"serviceId":7}},{"id":10,"name":"Windows Store","createdAt":"2016-11-17T17:56:35.881Z","updatedAt":"2016-11-17T17:56:35.881Z","storeservices":{"createdAt":"2016-11-17T17:57:09.213Z","updatedAt":"2016-11-17T17:57:09.213Z","storeId":4,"serviceId":10}},{"id":11,"name":"Samsung Experience","createdAt":"2016-11-17T17:56:35.881Z","updatedAt":"2016-11-17T17:56:35.881Z","storeservices":{"createdAt":"2016-11-17T17:57:09.213Z","updatedAt":"2016-11-17T17:57:09.213Z","storeId":4,"serviceId":11}},{"id":12,"name":"Car & GPS Installation Services","createdAt":"2016-11-17T17:56:35.881Z","updatedAt":"2016-11-17T17:56:35.881Z","storeservices":{"createdAt":"2016-11-17T17:57:09.213Z","updatedAt":"2016-11-17T17:57:09.213Z","storeId":4,"serviceId":12}},{"id":13,"name":"LG Experience ","createdAt":"2016-11-17T17:56:35.881Z","updatedAt":"2016-11-17T17:56:35.881Z","storeservices":{"createdAt":"2016-11-17T17:57:09.213Z","updatedAt":"2016-11-17T17:57:09.213Z","storeId":4,"serviceId":13}},{"id":14,"name":"Sony Experience ","createdAt":"2016-11-17T17:56:35.881Z","updatedAt":"2016-11-17T17:56:35.881Z","storeservices":{"createdAt":"2016-11-17T17:57:09.213Z","updatedAt":"2016-11-17T17:57:09.213Z","storeId":4,"serviceId":14}},{"id":15,"name":"Best Buy Marine Powered by Geek Squad","createdAt":"2016-11-17T17:56:35.881Z","updatedAt":"2016-11-17T17:56:35.881Z","storeservices":{"createdAt":"2016-11-17T17:57:09.213Z","updatedAt":"2016-11-17T17:57:09.213Z","storeId":4,"serviceId":15}},{"id":17,"name":"Magnolia Design Center ","createdAt":"2016-11-17T17:56:35.881Z","updatedAt":"2016-11-17T17:56:35.881Z","storeservices":{"createdAt":"2016-11-17T17:57:09.213Z","updatedAt":"2016-11-17T17:57:09.213Z","storeId":4,"serviceId":17}},{"id":18,"name":"Geek Squad Solution Central","createdAt":"2016-11-17T17:56:35.881Z","updatedAt":"2016-11-17T17:56:35.881Z","storeservices":{"createdAt":"2016-11-17T17:57:09.213Z","updatedAt":"2016-11-17T17:57:09.213Z","storeId":4,"serviceId":18}},{"id":19,"name":"Pacific Kitchen & Home","createdAt":"2016-11-17T17:56:35.881Z","updatedAt":"2016-11-17T17:56:35.881Z","storeservices":{"createdAt":"2016-11-17T17:57:09.213Z","updatedAt":"2016-11-17T17:57:09.213Z","storeId":4,"serviceId":19}}]},{"id":6,"name":"Inver Grove Heights","type":"BigBox","address":"1350 50th Street E","address2":"","city":"Inver Grove Heights","state":"MN","zip":"55077","lat":44.879314,"lng":-93.077156,"hours":"Mon: 10-9; Tue: 10-9; Wed: 10-9; Thurs: 10-9; Fri: 10-9; Sat: 10-9; Sun: 10-8","createdAt":"2016-11-17T17:57:05.831Z","updatedAt":"2016-11-17T17:57:05.831Z","services":[{"id":1,"name":"Geek Squad Services","createdAt":"2016-11-17T17:56:35.881Z","updatedAt":"2016-11-17T17:56:35.881Z","storeservices":{"createdAt":"2016-11-17T17:57:09.414Z","updatedAt":"2016-11-17T17:57:09.414Z","storeId":6,"serviceId":1}},{"id":2,"name":"Best Buy Mobile","createdAt":"2016-11-17T17:56:35.881Z","updatedAt":"2016-11-17T17:56:35.881Z","storeservices":{"createdAt":"2016-11-17T17:57:09.414Z","updatedAt":"2016-11-17T17:57:09.414Z","storeId":6,"serviceId":2}},{"id":3,"name":"Best Buy For Business","createdAt":"2016-11-17T17:56:35.881Z","updatedAt":"2016-11-17T17:56:35.881Z","storeservices":{"createdAt":"2016-11-17T17:57:09.414Z","updatedAt":"2016-11-17T17:57:09.414Z","storeId":6,"serviceId":3}},{"id":4,"name":"Apple Shop","createdAt":"2016-11-17T17:56:35.881Z","updatedAt":"2016-11-17T17:56:35.881Z","storeservices":{"createdAt":"2016-11-17T17:57:09.414Z","updatedAt":"2016-11-17T17:57:09.414Z","storeId":6,"serviceId":4}},{"id":5,"name":"Hablamos Español","createdAt":"2016-11-17T17:56:35.881Z","updatedAt":"2016-11-17T17:56:35.881Z","storeservices":{"createdAt":"2016-11-17T17:57:09.414Z","updatedAt":"2016-11-17T17:57:09.414Z","storeId":6,"serviceId":5}},{"id":7,"name":"Electronics Recycling","createdAt":"2016-11-17T17:56:35.881Z","updatedAt":"2016-11-17T17:56:35.881Z","storeservices":{"createdAt":"2016-11-17T17:57:09.414Z","updatedAt":"2016-11-17T17:57:09.414Z","storeId":6,"serviceId":7}},{"id":9,"name":"Samsung Experience Shop","createdAt":"2016-11-17T17:56:35.881Z","updatedAt":"2016-11-17T17:56:35.881Z","storeservices":{"createdAt":"2016-11-17T17:57:09.414Z","updatedAt":"2016-11-17T17:57:09.414Z","storeId":6,"serviceId":9}},{"id":10,"name":"Windows Store","createdAt":"2016-11-17T17:56:35.881Z","updatedAt":"2016-11-17T17:56:35.881Z","storeservices":{"createdAt":"2016-11-17T17:57:09.414Z","updatedAt":"2016-11-17T17:57:09.414Z","storeId":6,"serviceId":10}},{"id":12,"name":"Car & GPS Installation Services","createdAt":"2016-11-17T17:56:35.881Z","updatedAt":"2016-11-17T17:56:35.881Z","storeservices":{"createdAt":"2016-11-17T17:57:09.414Z","updatedAt":"2016-11-17T17:57:09.414Z","storeId":6,"serviceId":12}},{"id":18,"name":"Geek Squad Solution Central","createdAt":"2016-11-17T17:56:35.881Z","updatedAt":"2016-11-17T17:56:35.881Z","storeservices":{"createdAt":"2016-11-17T17:57:09.414Z","updatedAt":"2016-11-17T17:57:09.414Z","storeId":6,"serviceId":18}}]},{"id":7,"name":"Roseville","type":"BigBox","address":"1643 County Road B2","address2":"","city":"Roseville","state":"MN","zip":"55113","lat":45.01651,"lng":-93.168518,"hours":"Mon: 10-9; Tue: 10-9; Wed: 10-9; Thurs: 10-9; Fri: 10-9; Sat: 10-9; Sun: 10-8","createdAt":"2016-11-17T17:57:05.853Z","updatedAt":"2016-11-17T17:57:05.853Z","services":[{"id":1,"name":"Geek Squad Services","createdAt":"2016-11-17T17:56:35.881Z","updatedAt":"2016-11-17T17:56:35.881Z","storeservices":{"createdAt":"2016-11-17T17:57:09.417Z","updatedAt":"2016-11-17T17:57:09.417Z","storeId":7,"serviceId":1}},{"id":2,"name":"Best Buy Mobile","createdAt":"2016-11-17T17:56:35.881Z","updatedAt":"2016-11-17T17:56:35.881Z","storeservices":{"createdAt":"2016-11-17T17:57:09.417Z","updatedAt":"2016-11-17T17:57:09.417Z","storeId":7,"serviceId":2}},{"id":3,"name":"Best Buy For Business","createdAt":"2016-11-17T17:56:35.881Z","updatedAt":"2016-11-17T17:56:35.881Z","storeservices":{"createdAt":"2016-11-17T17:57:09.417Z","updatedAt":"2016-11-17T17:57:09.417Z","storeId":7,"serviceId":3}},{"id":4,"name":"Apple Shop","createdAt":"2016-11-17T17:56:35.881Z","updatedAt":"2016-11-17T17:56:35.881Z","storeservices":{"createdAt":"2016-11-17T17:57:09.417Z","updatedAt":"2016-11-17T17:57:09.417Z","storeId":7,"serviceId":4}},{"id":5,"name":"Hablamos Español","createdAt":"2016-11-17T17:56:35.881Z","updatedAt":"2016-11-17T17:56:35.881Z","storeservices":{"createdAt":"2016-11-17T17:57:09.417Z","updatedAt":"2016-11-17T17:57:09.417Z","storeId":7,"serviceId":5}},{"id":6,"name":"Camera Experience Shop ","createdAt":"2016-11-17T17:56:35.881Z","updatedAt":"2016-11-17T17:56:35.881Z","storeservices":{"createdAt":"2016-11-17T17:57:09.417Z","updatedAt":"2016-11-17T17:57:09.417Z","storeId":7,"serviceId":6}},{"id":7,"name":"Electronics Recycling","createdAt":"2016-11-17T17:56:35.881Z","updatedAt":"2016-11-17T17:56:35.881Z","storeservices":{"createdAt":"2016-11-17T17:57:09.417Z","updatedAt":"2016-11-17T17:57:09.417Z","storeId":7,"serviceId":7}},{"id":8,"name":"Magnolia Home Theater","createdAt":"2016-11-17T17:56:35.881Z","updatedAt":"2016-11-17T17:56:35.881Z","storeservices":{"createdAt":"2016-11-17T17:57:09.417Z","updatedAt":"2016-11-17T17:57:09.417Z","storeId":7,"serviceId":8}},{"id":10,"name":"Windows Store","createdAt":"2016-11-17T17:56:35.881Z","updatedAt":"2016-11-17T17:56:35.881Z","storeservices":{"createdAt":"2016-11-17T17:57:09.417Z","updatedAt":"2016-11-17T17:57:09.417Z","storeId":7,"serviceId":10}},{"id":11,"name":"Samsung Experience","createdAt":"2016-11-17T17:56:35.881Z","updatedAt":"2016-11-17T17:56:35.881Z","storeservices":{"createdAt":"2016-11-17T17:57:09.417Z","updatedAt":"2016-11-17T17:57:09.417Z","storeId":7,"serviceId":11}},{"id":12,"name":"Car & GPS Installation Services","createdAt":"2016-11-17T17:56:35.881Z","updatedAt":"2016-11-17T17:56:35.881Z","storeservices":{"createdAt":"2016-11-17T17:57:09.417Z","updatedAt":"2016-11-17T17:57:09.417Z","storeId":7,"serviceId":12}},{"id":15,"name":"Best Buy Marine Powered by Geek Squad","createdAt":"2016-11-17T17:56:35.881Z","updatedAt":"2016-11-17T17:56:35.881Z","storeservices":{"createdAt":"2016-11-17T17:57:09.417Z","updatedAt":"2016-11-17T17:57:09.417Z","storeId":7,"serviceId":15}},{"id":18,"name":"Geek Squad Solution Central","createdAt":"2016-11-17T17:56:35.881Z","updatedAt":"2016-11-17T17:56:35.881Z","storeservices":{"createdAt":"2016-11-17T17:57:09.417Z","updatedAt":"2016-11-17T17:57:09.417Z","storeId":7,"serviceId":18}},{"id":19,"name":"Pacific Kitchen & Home","createdAt":"2016-11-17T17:56:35.881Z","updatedAt":"2016-11-17T17:56:35.881Z","storeservices":{"createdAt":"2016-11-17T17:57:09.417Z","updatedAt":"2016-11-17T17:57:09.417Z","storeId":7,"serviceId":19}}]},{"id":8,"name":"Burnsville","type":"BigBox","address":"14141 Aldrich Ave S","address2":"","city":"Burnsville","state":"MN","zip":"55337","lat":44.747404,"lng":-93.288039,"hours":"Mon: 10-9; Tue: 10-9; Wed: 10-9; Thurs: 10-9; Fri: 10-9; Sat: 10-9; Sun: 10-8","createdAt":"2016-11-17T17:57:06.108Z","updatedAt":"2016-11-17T17:57:06.108Z","services":[{"id":1,"name":"Geek Squad Services","createdAt":"2016-11-17T17:56:35.881Z","updatedAt":"2016-11-17T17:56:35.881Z","storeservices":{"createdAt":"2016-11-17T17:57:09.595Z","updatedAt":"2016-11-17T17:57:09.595Z","storeId":8,"serviceId":1}},{"id":2,"name":"Best Buy Mobile","createdAt":"2016-11-17T17:56:35.881Z","updatedAt":"2016-11-17T17:56:35.881Z","storeservices":{"createdAt":"2016-11-17T17:57:09.595Z","updatedAt":"2016-11-17T17:57:09.595Z","storeId":8,"serviceId":2}},{"id":3,"name":"Best Buy For Business","createdAt":"2016-11-17T17:56:35.881Z","updatedAt":"2016-11-17T17:56:35.881Z","storeservices":{"createdAt":"2016-11-17T17:57:09.595Z","updatedAt":"2016-11-17T17:57:09.595Z","storeId":8,"serviceId":3}},{"id":4,"name":"Apple Shop","createdAt":"2016-11-17T17:56:35.881Z","updatedAt":"2016-11-17T17:56:35.881Z","storeservices":{"createdAt":"2016-11-17T17:57:09.595Z","updatedAt":"2016-11-17T17:57:09.595Z","storeId":8,"serviceId":4}},{"id":7,"name":"Electronics Recycling","createdAt":"2016-11-17T17:56:35.881Z","updatedAt":"2016-11-17T17:56:35.881Z","storeservices":{"createdAt":"2016-11-17T17:57:09.595Z","updatedAt":"2016-11-17T17:57:09.595Z","storeId":8,"serviceId":7}},{"id":9,"name":"Samsung Experience Shop","createdAt":"2016-11-17T17:56:35.881Z","updatedAt":"2016-11-17T17:56:35.881Z","storeservices":{"createdAt":"2016-11-17T17:57:09.595Z","updatedAt":"2016-11-17T17:57:09.595Z","storeId":8,"serviceId":9}},{"id":18,"name":"Geek Squad Solution Central","createdAt":"2016-11-17T17:56:35.881Z","updatedAt":"2016-11-17T17:56:35.881Z","storeservices":{"createdAt":"2016-11-17T17:57:09.595Z","updatedAt":"2016-11-17T17:57:09.595Z","storeId":8,"serviceId":18}}]},{"id":10,"name":"Maplewood","type":"BigBox","address":"1795 County Rd D E","address2":"","city":"Maplewood","state":"MN","zip":"55109","lat":45.036556,"lng":-93.025986,"hours":"Mon: 10-9; Tue: 10-9; Wed: 10-9; Thurs: 10-9; Fri: 10-9; Sat: 10-9; Sun: 10-8","createdAt":"2016-11-17T17:57:04.414Z","updatedAt":"2016-11-17T17:57:04.414Z","services":[{"id":1,"name":"Geek Squad Services","createdAt":"2016-11-17T17:56:35.881Z","updatedAt":"2016-11-17T17:56:35.881Z","storeservices":{"createdAt":"2016-11-17T17:57:08.033Z","updatedAt":"2016-11-17T17:57:08.033Z","storeId":10,"serviceId":1}},{"id":2,"name":"Best Buy Mobile","createdAt":"2016-11-17T17:56:35.881Z","updatedAt":"2016-11-17T17:56:35.881Z","storeservices":{"createdAt":"2016-11-17T17:57:08.033Z","updatedAt":"2016-11-17T17:57:08.033Z","storeId":10,"serviceId":2}},{"id":3,"name":"Best Buy For Business","createdAt":"2016-11-17T17:56:35.881Z","updatedAt":"2016-11-17T17:56:35.881Z","storeservices":{"createdAt":"2016-11-17T17:57:08.033Z","updatedAt":"2016-11-17T17:57:08.033Z","storeId":10,"serviceId":3}},{"id":4,"name":"Apple Shop","createdAt":"2016-11-17T17:56:35.881Z","updatedAt":"2016-11-17T17:56:35.881Z","storeservices":{"createdAt":"2016-11-17T17:57:08.033Z","updatedAt":"2016-11-17T17:57:08.033Z","storeId":10,"serviceId":4}},{"id":7,"name":"Electronics Recycling","createdAt":"2016-11-17T17:56:35.881Z","updatedAt":"2016-11-17T17:56:35.881Z","storeservices":{"createdAt":"2016-11-17T17:57:08.033Z","updatedAt":"2016-11-17T17:57:08.033Z","storeId":10,"serviceId":7}},{"id":8,"name":"Magnolia Home Theater","createdAt":"2016-11-17T17:56:35.881Z","updatedAt":"2016-11-17T17:56:35.881Z","storeservices":{"createdAt":"2016-11-17T17:57:08.033Z","updatedAt":"2016-11-17T17:57:08.033Z","storeId":10,"serviceId":8}},{"id":10,"name":"Windows Store","createdAt":"2016-11-17T17:56:35.881Z","updatedAt":"2016-11-17T17:56:35.881Z","storeservices":{"createdAt":"2016-11-17T17:57:08.033Z","updatedAt":"2016-11-17T17:57:08.033Z","storeId":10,"serviceId":10}},{"id":11,"name":"Samsung Experience","createdAt":"2016-11-17T17:56:35.881Z","updatedAt":"2016-11-17T17:56:35.881Z","storeservices":{"createdAt":"2016-11-17T17:57:08.033Z","updatedAt":"2016-11-17T17:57:08.033Z","storeId":10,"serviceId":11}},{"id":12,"name":"Car & GPS Installation Services","createdAt":"2016-11-17T17:56:35.881Z","updatedAt":"2016-11-17T17:56:35.881Z","storeservices":{"createdAt":"2016-11-17T17:57:08.033Z","updatedAt":"2016-11-17T17:57:08.033Z","storeId":10,"serviceId":12}},{"id":13,"name":"LG Experience ","createdAt":"2016-11-17T17:56:35.881Z","updatedAt":"2016-11-17T17:56:35.881Z","storeservices":{"createdAt":"2016-11-17T17:57:08.033Z","updatedAt":"2016-11-17T17:57:08.033Z","storeId":10,"serviceId":13}},{"id":14,"name":"Sony Experience ","createdAt":"2016-11-17T17:56:35.881Z","updatedAt":"2016-11-17T17:56:35.881Z","storeservices":{"createdAt":"2016-11-17T17:57:08.033Z","updatedAt":"2016-11-17T17:57:08.033Z","storeId":10,"serviceId":14}},{"id":18,"name":"Geek Squad Solution Central","createdAt":"2016-11-17T17:56:35.881Z","updatedAt":"2016-11-17T17:56:35.881Z","storeservices":{"createdAt":"2016-11-17T17:57:08.033Z","updatedAt":"2016-11-17T17:57:08.033Z","storeId":10,"serviceId":18}}]},{"id":12,"name":"St Cloud","type":"BigBox","address":"4130 W Division St","address2":"","city":"Saint Cloud","state":"MN","zip":"56301","lat":45.55275,"lng":-94.209656,"hours":"Mon: 10-9; Tue: 10-9; Wed: 10-9; Thurs: 10-9; Fri: 9-9; Sat: 9-9; Sun: 10-8","createdAt":"2016-11-17T17:57:04.575Z","updatedAt":"2016-11-17T17:57:04.575Z","services":[{"id":1,"name":"Geek Squad Services","createdAt":"2016-11-17T17:56:35.881Z","updatedAt":"2016-11-17T17:56:35.881Z","storeservices":{"createdAt":"2016-11-17T17:57:08.169Z","updatedAt":"2016-11-17T17:57:08.169Z","storeId":12,"serviceId":1}},{"id":2,"name":"Best Buy Mobile","createdAt":"2016-11-17T17:56:35.881Z","updatedAt":"2016-11-17T17:56:35.881Z","storeservices":{"createdAt":"2016-11-17T17:57:08.169Z","updatedAt":"2016-11-17T17:57:08.169Z","storeId":12,"serviceId":2}},{"id":3,"name":"Best Buy For Business","createdAt":"2016-11-17T17:56:35.881Z","updatedAt":"2016-11-17T17:56:35.881Z","storeservices":{"createdAt":"2016-11-17T17:57:08.169Z","updatedAt":"2016-11-17T17:57:08.169Z","storeId":12,"serviceId":3}},{"id":4,"name":"Apple Shop","createdAt":"2016-11-17T17:56:35.881Z","updatedAt":"2016-11-17T17:56:35.881Z","storeservices":{"createdAt":"2016-11-17T17:57:08.169Z","updatedAt":"2016-11-17T17:57:08.169Z","storeId":12,"serviceId":4}},{"id":5,"name":"Hablamos Español","createdAt":"2016-11-17T17:56:35.881Z","updatedAt":"2016-11-17T17:56:35.881Z","storeservices":{"createdAt":"2016-11-17T17:57:08.169Z","updatedAt":"2016-11-17T17:57:08.169Z","storeId":12,"serviceId":5}},{"id":7,"name":"Electronics Recycling","createdAt":"2016-11-17T17:56:35.881Z","updatedAt":"2016-11-17T17:56:35.881Z","storeservices":{"createdAt":"2016-11-17T17:57:08.169Z","updatedAt":"2016-11-17T17:57:08.169Z","storeId":12,"serviceId":7}},{"id":10,"name":"Windows Store","createdAt":"2016-11-17T17:56:35.881Z","updatedAt":"2016-11-17T17:56:35.881Z","storeservices":{"createdAt":"2016-11-17T17:57:08.169Z","updatedAt":"2016-11-17T17:57:08.169Z","storeId":12,"serviceId":10}},{"id":11,"name":"Samsung Experience","createdAt":"2016-11-17T17:56:35.881Z","updatedAt":"2016-11-17T17:56:35.881Z","storeservices":{"createdAt":"2016-11-17T17:57:08.169Z","updatedAt":"2016-11-17T17:57:08.169Z","storeId":12,"serviceId":11}},{"id":12,"name":"Car & GPS Installation Services","createdAt":"2016-11-17T17:56:35.881Z","updatedAt":"2016-11-17T17:56:35.881Z","storeservices":{"createdAt":"2016-11-17T17:57:08.169Z","updatedAt":"2016-11-17T17:57:08.169Z","storeId":12,"serviceId":12}},{"id":15,"name":"Best Buy Marine Powered by Geek Squad","createdAt":"2016-11-17T17:56:35.881Z","updatedAt":"2016-11-17T17:56:35.881Z","storeservices":{"createdAt":"2016-11-17T17:57:08.169Z","updatedAt":"2016-11-17T17:57:08.169Z","storeId":12,"serviceId":15}}]},{"id":13,"name":"Fargo","type":"BigBox","address":"1615 38th St S","address2":"","city":"Fargo","state":"ND","zip":"58103","lat":46.857113,"lng":-96.842743,"hours":"Mon: 10-9; Tue: 10-9; Wed: 10-9; Thurs: 10-9; Fri: 9-9; Sat: 9-9; Sun: 12-8","createdAt":"2016-11-17T17:57:04.603Z","updatedAt":"2016-11-17T17:57:04.603Z","services":[{"id":1,"name":"Geek Squad Services","createdAt":"2016-11-17T17:56:35.881Z","updatedAt":"2016-11-17T17:56:35.881Z","storeservices":{"createdAt":"2016-11-17T17:57:08.218Z","updatedAt":"2016-11-17T17:57:08.218Z","storeId":13,"serviceId":1}},{"id":2,"name":"Best Buy Mobile","createdAt":"2016-11-17T17:56:35.881Z","updatedAt":"2016-11-17T17:56:35.881Z","storeservices":{"createdAt":"2016-11-17T17:57:08.218Z","updatedAt":"2016-11-17T17:57:08.218Z","storeId":13,"serviceId":2}},{"id":3,"name":"Best Buy For Business","createdAt":"2016-11-17T17:56:35.881Z","updatedAt":"2016-11-17T17:56:35.881Z","storeservices":{"createdAt":"2016-11-17T17:57:08.218Z","updatedAt":"2016-11-17T17:57:08.218Z","storeId":13,"serviceId":3}},{"id":4,"name":"Apple Shop","createdAt":"2016-11-17T17:56:35.881Z","updatedAt":"2016-11-17T17:56:35.881Z","storeservices":{"createdAt":"2016-11-17T17:57:08.218Z","updatedAt":"2016-11-17T17:57:08.218Z","storeId":13,"serviceId":4}},{"id":7,"name":"Electronics Recycling","createdAt":"2016-11-17T17:56:35.881Z","updatedAt":"2016-11-17T17:56:35.881Z","storeservices":{"createdAt":"2016-11-17T17:57:08.218Z","updatedAt":"2016-11-17T17:57:08.218Z","storeId":13,"serviceId":7}},{"id":10,"name":"Windows Store","createdAt":"2016-11-17T17:56:35.881Z","updatedAt":"2016-11-17T17:56:35.881Z","storeservices":{"createdAt":"2016-11-17T17:57:08.218Z","updatedAt":"2016-11-17T17:57:08.218Z","storeId":13,"serviceId":10}},{"id":11,"name":"Samsung Experience","createdAt":"2016-11-17T17:56:35.881Z","updatedAt":"2016-11-17T17:56:35.881Z","storeservices":{"createdAt":"2016-11-17T17:57:08.218Z","updatedAt":"2016-11-17T17:57:08.218Z","storeId":13,"serviceId":11}},{"id":12,"name":"Car & GPS Installation Services","createdAt":"2016-11-17T17:56:35.881Z","updatedAt":"2016-11-17T17:56:35.881Z","storeservices":{"createdAt":"2016-11-17T17:57:08.218Z","updatedAt":"2016-11-17T17:57:08.218Z","storeId":13,"serviceId":12}},{"id":13,"name":"LG Experience ","createdAt":"2016-11-17T17:56:35.881Z","updatedAt":"2016-11-17T17:56:35.881Z","storeservices":{"createdAt":"2016-11-17T17:57:08.218Z","updatedAt":"2016-11-17T17:57:08.218Z","storeId":13,"serviceId":13}},{"id":14,"name":"Sony Experience ","createdAt":"2016-11-17T17:56:35.881Z","updatedAt":"2016-11-17T17:56:35.881Z","storeservices":{"createdAt":"2016-11-17T17:57:08.218Z","updatedAt":"2016-11-17T17:57:08.218Z","storeId":13,"serviceId":14}},{"id":15,"name":"Best Buy Marine Powered by Geek Squad","createdAt":"2016-11-17T17:56:35.881Z","updatedAt":"2016-11-17T17:56:35.881Z","storeservices":{"createdAt":"2016-11-17T17:57:08.218Z","updatedAt":"2016-11-17T17:57:08.218Z","storeId":13,"serviceId":15}}]},{"id":14,"name":"Rochester","type":"BigBox","address":"4050 Hwy 52 N","address2":"","city":"Rochester","state":"MN","zip":"55901","lat":44.064365,"lng":-92.496895,"hours":"Mon: 10-9; Tue: 10-9; Wed: 10-9; Thurs: 10-9; Fri: 10-9; Sat: 10-9; Sun: 10-8","createdAt":"2016-11-17T17:57:04.756Z","updatedAt":"2016-11-17T17:57:04.756Z","services":[{"id":1,"name":"Geek Squad Services","createdAt":"2016-11-17T17:56:35.881Z","updatedAt":"2016-11-17T17:56:35.881Z","storeservices":{"createdAt":"2016-11-17T17:57:08.328Z","updatedAt":"2016-11-17T17:57:08.328Z","storeId":14,"serviceId":1}},{"id":2,"name":"Best Buy Mobile","createdAt":"2016-11-17T17:56:35.881Z","updatedAt":"2016-11-17T17:56:35.881Z","storeservices":{"createdAt":"2016-11-17T17:57:08.328Z","updatedAt":"2016-11-17T17:57:08.328Z","storeId":14,"serviceId":2}},{"id":3,"name":"Best Buy For Business","createdAt":"2016-11-17T17:56:35.881Z","updatedAt":"2016-11-17T17:56:35.881Z","storeservices":{"createdAt":"2016-11-17T17:57:08.328Z","updatedAt":"2016-11-17T17:57:08.328Z","storeId":14,"serviceId":3}},{"id":4,"name":"Apple Shop","createdAt":"2016-11-17T17:56:35.881Z","updatedAt":"2016-11-17T17:56:35.881Z","storeservices":{"createdAt":"2016-11-17T17:57:08.328Z","updatedAt":"2016-11-17T17:57:08.328Z","storeId":14,"serviceId":4}},{"id":7,"name":"Electronics Recycling","createdAt":"2016-11-17T17:56:35.881Z","updatedAt":"2016-11-17T17:56:35.881Z","storeservices":{"createdAt":"2016-11-17T17:57:08.328Z","updatedAt":"2016-11-17T17:57:08.328Z","storeId":14,"serviceId":7}},{"id":10,"name":"Windows Store","createdAt":"2016-11-17T17:56:35.881Z","updatedAt":"2016-11-17T17:56:35.881Z","storeservices":{"createdAt":"2016-11-17T17:57:08.328Z","updatedAt":"2016-11-17T17:57:08.328Z","storeId":14,"serviceId":10}},{"id":11,"name":"Samsung Experience","createdAt":"2016-11-17T17:56:35.881Z","updatedAt":"2016-11-17T17:56:35.881Z","storeservices":{"createdAt":"2016-11-17T17:57:08.328Z","updatedAt":"2016-11-17T17:57:08.328Z","storeId":14,"serviceId":11}},{"id":12,"name":"Car & GPS Installation Services","createdAt":"2016-11-17T17:56:35.881Z","updatedAt":"2016-11-17T17:56:35.881Z","storeservices":{"createdAt":"2016-11-17T17:57:08.328Z","updatedAt":"2016-11-17T17:57:08.328Z","storeId":14,"serviceId":12}},{"id":13,"name":"LG Experience ","createdAt":"2016-11-17T17:56:35.881Z","updatedAt":"2016-11-17T17:56:35.881Z","storeservices":{"createdAt":"2016-11-17T17:57:08.328Z","updatedAt":"2016-11-17T17:57:08.328Z","storeId":14,"serviceId":13}},{"id":14,"name":"Sony Experience ","createdAt":"2016-11-17T17:56:35.881Z","updatedAt":"2016-11-17T17:56:35.881Z","storeservices":{"createdAt":"2016-11-17T17:57:08.328Z","updatedAt":"2016-11-17T17:57:08.328Z","storeId":14,"serviceId":14}}]},{"id":15,"name":"Oakdale","type":"BigBox","address":"8301 3rd St N","address2":"","city":"Oakdale","state":"MN","zip":"55128","lat":44.950054,"lng":-92.936394,"hours":"Mon: 10-9; Tue: 10-9; Wed: 10-9; Thurs: 10-9; Fri: 10-9; Sat: 10-9; Sun: 10-8","createdAt":"2016-11-17T17:57:04.813Z","updatedAt":"2016-11-17T17:57:04.813Z","services":[{"id":1,"name":"Geek Squad Services","createdAt":"2016-11-17T17:56:35.881Z","updatedAt":"2016-11-17T17:56:35.881Z","storeservices":{"createdAt":"2016-11-17T17:57:08.361Z","updatedAt":"2016-11-17T17:57:08.361Z","storeId":15,"serviceId":1}},{"id":2,"name":"Best Buy Mobile","createdAt":"2016-11-17T17:56:35.881Z","updatedAt":"2016-11-17T17:56:35.881Z","storeservices":{"createdAt":"2016-11-17T17:57:08.361Z","updatedAt":"2016-11-17T17:57:08.361Z","storeId":15,"serviceId":2}},{"id":3,"name":"Best Buy For Business","createdAt":"2016-11-17T17:56:35.881Z","updatedAt":"2016-11-17T17:56:35.881Z","storeservices":{"createdAt":"2016-11-17T17:57:08.361Z","updatedAt":"2016-11-17T17:57:08.361Z","storeId":15,"serviceId":3}},{"id":4,"name":"Apple Shop","createdAt":"2016-11-17T17:56:35.881Z","updatedAt":"2016-11-17T17:56:35.881Z","storeservices":{"createdAt":"2016-11-17T17:57:08.361Z","updatedAt":"2016-11-17T17:57:08.361Z","storeId":15,"serviceId":4}},{"id":7,"name":"Electronics Recycling","createdAt":"2016-11-17T17:56:35.881Z","updatedAt":"2016-11-17T17:56:35.881Z","storeservices":{"createdAt":"2016-11-17T17:57:08.361Z","updatedAt":"2016-11-17T17:57:08.361Z","storeId":15,"serviceId":7}},{"id":10,"name":"Windows Store","createdAt":"2016-11-17T17:56:35.881Z","updatedAt":"2016-11-17T17:56:35.881Z","storeservices":{"createdAt":"2016-11-17T17:57:08.361Z","updatedAt":"2016-11-17T17:57:08.361Z","storeId":15,"serviceId":10}},{"id":11,"name":"Samsung Experience","createdAt":"2016-11-17T17:56:35.881Z","updatedAt":"2016-11-17T17:56:35.881Z","storeservices":{"createdAt":"2016-11-17T17:57:08.361Z","updatedAt":"2016-11-17T17:57:08.361Z","storeId":15,"serviceId":11}},{"id":12,"name":"Car & GPS Installation Services","createdAt":"2016-11-17T17:56:35.881Z","updatedAt":"2016-11-17T17:56:35.881Z","storeservices":{"createdAt":"2016-11-17T17:57:08.361Z","updatedAt":"2016-11-17T17:57:08.361Z","storeId":15,"serviceId":12}},{"id":13,"name":"LG Experience ","createdAt":"2016-11-17T17:56:35.881Z","updatedAt":"2016-11-17T17:56:35.881Z","storeservices":{"createdAt":"2016-11-17T17:57:08.361Z","updatedAt":"2016-11-17T17:57:08.361Z","storeId":15,"serviceId":13}},{"id":14,"name":"Sony Experience ","createdAt":"2016-11-17T17:56:35.881Z","updatedAt":"2016-11-17T17:56:35.881Z","storeservices":{"createdAt":"2016-11-17T17:57:08.361Z","updatedAt":"2016-11-17T17:57:08.361Z","storeId":15,"serviceId":14}},{"id":17,"name":"Magnolia Design Center ","createdAt":"2016-11-17T17:56:35.881Z","updatedAt":"2016-11-17T17:56:35.881Z","storeservices":{"createdAt":"2016-11-17T17:57:08.361Z","updatedAt":"2016-11-17T17:57:08.361Z","storeId":15,"serviceId":17}},{"id":18,"name":"Geek Squad Solution Central","createdAt":"2016-11-17T17:56:35.881Z","updatedAt":"2016-11-17T17:56:35.881Z","storeservices":{"createdAt":"2016-11-17T17:57:08.361Z","updatedAt":"2016-11-17T17:57:08.361Z","storeId":15,"serviceId":18}},{"id":19,"name":"Pacific Kitchen & Home","createdAt":"2016-11-17T17:56:35.881Z","updatedAt":"2016-11-17T17:56:35.881Z","storeservices":{"createdAt":"2016-11-17T17:57:08.361Z","updatedAt":"2016-11-17T17:57:08.361Z","storeId":15,"serviceId":19}}]},{"id":16,"name":"West Des Moines","type":"BigBox","address":"4100 University Ave","address2":"Ste 240","city":"West Des Moines","state":"IA","zip":"50265","lat":41.599323,"lng":-93.760139,"hours":"Mon: 10-9; Tue: 10-9; Wed: 10-9; Thurs: 10-9; Fri: 9-9; Sat: 9-9; Sun: 10-8","createdAt":"2016-11-17T17:57:04.845Z","updatedAt":"2016-11-17T17:57:04.845Z","services":[{"id":1,"name":"Geek Squad Services","createdAt":"2016-11-17T17:56:35.881Z","updatedAt":"2016-11-17T17:56:35.881Z","storeservices":{"createdAt":"2016-11-17T17:57:08.418Z","updatedAt":"2016-11-17T17:57:08.418Z","storeId":16,"serviceId":1}},{"id":2,"name":"Best Buy Mobile","createdAt":"2016-11-17T17:56:35.881Z","updatedAt":"2016-11-17T17:56:35.881Z","storeservices":{"createdAt":"2016-11-17T17:57:08.418Z","updatedAt":"2016-11-17T17:57:08.418Z","storeId":16,"serviceId":2}},{"id":3,"name":"Best Buy For Business","createdAt":"2016-11-17T17:56:35.881Z","updatedAt":"2016-11-17T17:56:35.881Z","storeservices":{"createdAt":"2016-11-17T17:57:08.418Z","updatedAt":"2016-11-17T17:57:08.418Z","storeId":16,"serviceId":3}},{"id":4,"name":"Apple Shop","createdAt":"2016-11-17T17:56:35.881Z","updatedAt":"2016-11-17T17:56:35.881Z","storeservices":{"createdAt":"2016-11-17T17:57:08.418Z","updatedAt":"2016-11-17T17:57:08.418Z","storeId":16,"serviceId":4}},{"id":5,"name":"Hablamos Español","createdAt":"2016-11-17T17:56:35.881Z","updatedAt":"2016-11-17T17:56:35.881Z","storeservices":{"createdAt":"2016-11-17T17:57:08.418Z","updatedAt":"2016-11-17T17:57:08.418Z","storeId":16,"serviceId":5}},{"id":6,"name":"Camera Experience Shop ","createdAt":"2016-11-17T17:56:35.881Z","updatedAt":"2016-11-17T17:56:35.881Z","storeservices":{"createdAt":"2016-11-17T17:57:08.418Z","updatedAt":"2016-11-17T17:57:08.418Z","storeId":16,"serviceId":6}},{"id":7,"name":"Electronics Recycling","createdAt":"2016-11-17T17:56:35.881Z","updatedAt":"2016-11-17T17:56:35.881Z","storeservices":{"createdAt":"2016-11-17T17:57:08.418Z","updatedAt":"2016-11-17T17:57:08.418Z","storeId":16,"serviceId":7}},{"id":8,"name":"Magnolia Home Theater","createdAt":"2016-11-17T17:56:35.881Z","updatedAt":"2016-11-17T17:56:35.881Z","storeservices":{"createdAt":"2016-11-17T17:57:08.418Z","updatedAt":"2016-11-17T17:57:08.418Z","storeId":16,"serviceId":8}},{"id":10,"name":"Windows Store","createdAt":"2016-11-17T17:56:35.881Z","updatedAt":"2016-11-17T17:56:35.881Z","storeservices":{"createdAt":"2016-11-17T17:57:08.418Z","updatedAt":"2016-11-17T17:57:08.418Z","storeId":16,"serviceId":10}},{"id":11,"name":"Samsung Experience","createdAt":"2016-11-17T17:56:35.881Z","updatedAt":"2016-11-17T17:56:35.881Z","storeservices":{"createdAt":"2016-11-17T17:57:08.418Z","updatedAt":"2016-11-17T17:57:08.418Z","storeId":16,"serviceId":11}},{"id":12,"name":"Car & GPS Installation Services","createdAt":"2016-11-17T17:56:35.881Z","updatedAt":"2016-11-17T17:56:35.881Z","storeservices":{"createdAt":"2016-11-17T17:57:08.418Z","updatedAt":"2016-11-17T17:57:08.418Z","storeId":16,"serviceId":12}},{"id":19,"name":"Pacific Kitchen & Home","createdAt":"2016-11-17T17:56:35.881Z","updatedAt":"2016-11-17T17:56:35.881Z","storeservices":{"createdAt":"2016-11-17T17:57:08.418Z","updatedAt":"2016-11-17T17:57:08.418Z","storeId":16,"serviceId":19}}]}]}

22:49:09.377 [ForkJoinPool-1-worker-5] INFO  com.intuit.karate - karate.env system property was: null 
22:49:09.381 [ForkJoinPool-1-worker-4] INFO  com.intuit.karate - karate.env system property was: null 
22:49:09.381 [ForkJoinPool-1-worker-5] DEBUG com.intuit.karate - request:
1 > GET http://localhost:3030/stores?state=MN
1 > Accept-Encoding: gzip,deflate
1 > Connection: Keep-Alive
1 > Host: localhost:3030
1 > User-Agent: Apache-HttpClient/4.5.5 (Java/1.8.0_221)

22:49:09.386 [ForkJoinPool-1-worker-4] DEBUG com.intuit.karate - request:
1 > GET http://localhost:3030/stores?service.name=Apple+Shop
1 > Accept-Encoding: gzip,deflate
1 > Connection: Keep-Alive
1 > Host: localhost:3030
1 > User-Agent: Apache-HttpClient/4.5.5 (Java/1.8.0_221)

22:49:09.390 [ForkJoinPool-1-worker-2] DEBUG com.intuit.karate - response time in milliseconds: 520.78
1 < 200
1 < Access-Control-Allow-Origin: *
1 < Allow: GET,POST,PUT,PATCH,DELETE
1 < Connection: keep-alive
1 < Content-Type: application/json; charset=utf-8
1 < Date: Fri, 08 Nov 2019 17:19:09 GMT
1 < ETag: W/"7226-6e2fjUN7t+OTac0BPqciHZXOz2M"
1 < Transfer-Encoding: chunked
1 < Vary: Accept, Accept-Encoding
1 < X-Powered-By: Express
{"total":46,"limit":10,"skip":0,"data":[{"id":4,"name":"Minnetonka","type":"BigBox","address":"13513 Ridgedale Dr","address2":"","city":"Hopkins","state":"MN","zip":"55305","lat":44.969658,"lng":-93.449539,"hours":"Mon: 10-9; Tue: 10-9; Wed: 10-9; Thurs: 10-9; Fri: 10-9; Sat: 10-9; Sun: 10-8","createdAt":"2016-11-17T17:57:05.708Z","updatedAt":"2016-11-17T17:57:05.708Z","services":[{"id":1,"name":"Geek Squad Services","createdAt":"2016-11-17T17:56:35.881Z","updatedAt":"2016-11-17T17:56:35.881Z","storeservices":{"createdAt":"2016-11-17T17:57:09.213Z","updatedAt":"2016-11-17T17:57:09.213Z","storeId":4,"serviceId":1}},{"id":2,"name":"Best Buy Mobile","createdAt":"2016-11-17T17:56:35.881Z","updatedAt":"2016-11-17T17:56:35.881Z","storeservices":{"createdAt":"2016-11-17T17:57:09.213Z","updatedAt":"2016-11-17T17:57:09.213Z","storeId":4,"serviceId":2}},{"id":3,"name":"Best Buy For Business","createdAt":"2016-11-17T17:56:35.881Z","updatedAt":"2016-11-17T17:56:35.881Z","storeservices":{"createdAt":"2016-11-17T17:57:09.213Z","updatedAt":"2016-11-17T17:57:09.213Z","storeId":4,"serviceId":3}},{"id":4,"name":"Apple Shop","createdAt":"2016-11-17T17:56:35.881Z","updatedAt":"2016-11-17T17:56:35.881Z","storeservices":{"createdAt":"2016-11-17T17:57:09.213Z","updatedAt":"2016-11-17T17:57:09.213Z","storeId":4,"serviceId":4}},{"id":7,"name":"Electronics Recycling","createdAt":"2016-11-17T17:56:35.881Z","updatedAt":"2016-11-17T17:56:35.881Z","storeservices":{"createdAt":"2016-11-17T17:57:09.213Z","updatedAt":"2016-11-17T17:57:09.213Z","storeId":4,"serviceId":7}},{"id":10,"name":"Windows Store","createdAt":"2016-11-17T17:56:35.881Z","updatedAt":"2016-11-17T17:56:35.881Z","storeservices":{"createdAt":"2016-11-17T17:57:09.213Z","updatedAt":"2016-11-17T17:57:09.213Z","storeId":4,"serviceId":10}},{"id":11,"name":"Samsung Experience","createdAt":"2016-11-17T17:56:35.881Z","updatedAt":"2016-11-17T17:56:35.881Z","storeservices":{"createdAt":"2016-11-17T17:57:09.213Z","updatedAt":"2016-11-17T17:57:09.213Z","storeId":4,"serviceId":11}},{"id":12,"name":"Car & GPS Installation Services","createdAt":"2016-11-17T17:56:35.881Z","updatedAt":"2016-11-17T17:56:35.881Z","storeservices":{"createdAt":"2016-11-17T17:57:09.213Z","updatedAt":"2016-11-17T17:57:09.213Z","storeId":4,"serviceId":12}},{"id":13,"name":"LG Experience ","createdAt":"2016-11-17T17:56:35.881Z","updatedAt":"2016-11-17T17:56:35.881Z","storeservices":{"createdAt":"2016-11-17T17:57:09.213Z","updatedAt":"2016-11-17T17:57:09.213Z","storeId":4,"serviceId":13}},{"id":14,"name":"Sony Experience ","createdAt":"2016-11-17T17:56:35.881Z","updatedAt":"2016-11-17T17:56:35.881Z","storeservices":{"createdAt":"2016-11-17T17:57:09.213Z","updatedAt":"2016-11-17T17:57:09.213Z","storeId":4,"serviceId":14}},{"id":15,"name":"Best Buy Marine Powered by Geek Squad","createdAt":"2016-11-17T17:56:35.881Z","updatedAt":"2016-11-17T17:56:35.881Z","storeservices":{"createdAt":"2016-11-17T17:57:09.213Z","updatedAt":"2016-11-17T17:57:09.213Z","storeId":4,"serviceId":15}},{"id":17,"name":"Magnolia Design Center ","createdAt":"2016-11-17T17:56:35.881Z","updatedAt":"2016-11-17T17:56:35.881Z","storeservices":{"createdAt":"2016-11-17T17:57:09.213Z","updatedAt":"2016-11-17T17:57:09.213Z","storeId":4,"serviceId":17}},{"id":18,"name":"Geek Squad Solution Central","createdAt":"2016-11-17T17:56:35.881Z","updatedAt":"2016-11-17T17:56:35.881Z","storeservices":{"createdAt":"2016-11-17T17:57:09.213Z","updatedAt":"2016-11-17T17:57:09.213Z","storeId":4,"serviceId":18}},{"id":19,"name":"Pacific Kitchen & Home","createdAt":"2016-11-17T17:56:35.881Z","updatedAt":"2016-11-17T17:56:35.881Z","storeservices":{"createdAt":"2016-11-17T17:57:09.213Z","updatedAt":"2016-11-17T17:57:09.213Z","storeId":4,"serviceId":19}}]},{"id":6,"name":"Inver Grove Heights","type":"BigBox","address":"1350 50th Street E","address2":"","city":"Inver Grove Heights","state":"MN","zip":"55077","lat":44.879314,"lng":-93.077156,"hours":"Mon: 10-9; Tue: 10-9; Wed: 10-9; Thurs: 10-9; Fri: 10-9; Sat: 10-9; Sun: 10-8","createdAt":"2016-11-17T17:57:05.831Z","updatedAt":"2016-11-17T17:57:05.831Z","services":[{"id":1,"name":"Geek Squad Services","createdAt":"2016-11-17T17:56:35.881Z","updatedAt":"2016-11-17T17:56:35.881Z","storeservices":{"createdAt":"2016-11-17T17:57:09.414Z","updatedAt":"2016-11-17T17:57:09.414Z","storeId":6,"serviceId":1}},{"id":2,"name":"Best Buy Mobile","createdAt":"2016-11-17T17:56:35.881Z","updatedAt":"2016-11-17T17:56:35.881Z","storeservices":{"createdAt":"2016-11-17T17:57:09.414Z","updatedAt":"2016-11-17T17:57:09.414Z","storeId":6,"serviceId":2}},{"id":3,"name":"Best Buy For Business","createdAt":"2016-11-17T17:56:35.881Z","updatedAt":"2016-11-17T17:56:35.881Z","storeservices":{"createdAt":"2016-11-17T17:57:09.414Z","updatedAt":"2016-11-17T17:57:09.414Z","storeId":6,"serviceId":3}},{"id":4,"name":"Apple Shop","createdAt":"2016-11-17T17:56:35.881Z","updatedAt":"2016-11-17T17:56:35.881Z","storeservices":{"createdAt":"2016-11-17T17:57:09.414Z","updatedAt":"2016-11-17T17:57:09.414Z","storeId":6,"serviceId":4}},{"id":5,"name":"Hablamos Español","createdAt":"2016-11-17T17:56:35.881Z","updatedAt":"2016-11-17T17:56:35.881Z","storeservices":{"createdAt":"2016-11-17T17:57:09.414Z","updatedAt":"2016-11-17T17:57:09.414Z","storeId":6,"serviceId":5}},{"id":7,"name":"Electronics Recycling","createdAt":"2016-11-17T17:56:35.881Z","updatedAt":"2016-11-17T17:56:35.881Z","storeservices":{"createdAt":"2016-11-17T17:57:09.414Z","updatedAt":"2016-11-17T17:57:09.414Z","storeId":6,"serviceId":7}},{"id":9,"name":"Samsung Experience Shop","createdAt":"2016-11-17T17:56:35.881Z","updatedAt":"2016-11-17T17:56:35.881Z","storeservices":{"createdAt":"2016-11-17T17:57:09.414Z","updatedAt":"2016-11-17T17:57:09.414Z","storeId":6,"serviceId":9}},{"id":10,"name":"Windows Store","createdAt":"2016-11-17T17:56:35.881Z","updatedAt":"2016-11-17T17:56:35.881Z","storeservices":{"createdAt":"2016-11-17T17:57:09.414Z","updatedAt":"2016-11-17T17:57:09.414Z","storeId":6,"serviceId":10}},{"id":12,"name":"Car & GPS Installation Services","createdAt":"2016-11-17T17:56:35.881Z","updatedAt":"2016-11-17T17:56:35.881Z","storeservices":{"createdAt":"2016-11-17T17:57:09.414Z","updatedAt":"2016-11-17T17:57:09.414Z","storeId":6,"serviceId":12}},{"id":18,"name":"Geek Squad Solution Central","createdAt":"2016-11-17T17:56:35.881Z","updatedAt":"2016-11-17T17:56:35.881Z","storeservices":{"createdAt":"2016-11-17T17:57:09.414Z","updatedAt":"2016-11-17T17:57:09.414Z","storeId":6,"serviceId":18}}]},{"id":7,"name":"Roseville","type":"BigBox","address":"1643 County Road B2","address2":"","city":"Roseville","state":"MN","zip":"55113","lat":45.01651,"lng":-93.168518,"hours":"Mon: 10-9; Tue: 10-9; Wed: 10-9; Thurs: 10-9; Fri: 10-9; Sat: 10-9; Sun: 10-8","createdAt":"2016-11-17T17:57:05.853Z","updatedAt":"2016-11-17T17:57:05.853Z","services":[{"id":1,"name":"Geek Squad Services","createdAt":"2016-11-17T17:56:35.881Z","updatedAt":"2016-11-17T17:56:35.881Z","storeservices":{"createdAt":"2016-11-17T17:57:09.417Z","updatedAt":"2016-11-17T17:57:09.417Z","storeId":7,"serviceId":1}},{"id":2,"name":"Best Buy Mobile","createdAt":"2016-11-17T17:56:35.881Z","updatedAt":"2016-11-17T17:56:35.881Z","storeservices":{"createdAt":"2016-11-17T17:57:09.417Z","updatedAt":"2016-11-17T17:57:09.417Z","storeId":7,"serviceId":2}},{"id":3,"name":"Best Buy For Business","createdAt":"2016-11-17T17:56:35.881Z","updatedAt":"2016-11-17T17:56:35.881Z","storeservices":{"createdAt":"2016-11-17T17:57:09.417Z","updatedAt":"2016-11-17T17:57:09.417Z","storeId":7,"serviceId":3}},{"id":4,"name":"Apple Shop","createdAt":"2016-11-17T17:56:35.881Z","updatedAt":"2016-11-17T17:56:35.881Z","storeservices":{"createdAt":"2016-11-17T17:57:09.417Z","updatedAt":"2016-11-17T17:57:09.417Z","storeId":7,"serviceId":4}},{"id":5,"name":"Hablamos Español","createdAt":"2016-11-17T17:56:35.881Z","updatedAt":"2016-11-17T17:56:35.881Z","storeservices":{"createdAt":"2016-11-17T17:57:09.417Z","updatedAt":"2016-11-17T17:57:09.417Z","storeId":7,"serviceId":5}},{"id":6,"name":"Camera Experience Shop ","createdAt":"2016-11-17T17:56:35.881Z","updatedAt":"2016-11-17T17:56:35.881Z","storeservices":{"createdAt":"2016-11-17T17:57:09.417Z","updatedAt":"2016-11-17T17:57:09.417Z","storeId":7,"serviceId":6}},{"id":7,"name":"Electronics Recycling","createdAt":"2016-11-17T17:56:35.881Z","updatedAt":"2016-11-17T17:56:35.881Z","storeservices":{"createdAt":"2016-11-17T17:57:09.417Z","updatedAt":"2016-11-17T17:57:09.417Z","storeId":7,"serviceId":7}},{"id":8,"name":"Magnolia Home Theater","createdAt":"2016-11-17T17:56:35.881Z","updatedAt":"2016-11-17T17:56:35.881Z","storeservices":{"createdAt":"2016-11-17T17:57:09.417Z","updatedAt":"2016-11-17T17:57:09.417Z","storeId":7,"serviceId":8}},{"id":10,"name":"Windows Store","createdAt":"2016-11-17T17:56:35.881Z","updatedAt":"2016-11-17T17:56:35.881Z","storeservices":{"createdAt":"2016-11-17T17:57:09.417Z","updatedAt":"2016-11-17T17:57:09.417Z","storeId":7,"serviceId":10}},{"id":11,"name":"Samsung Experience","createdAt":"2016-11-17T17:56:35.881Z","updatedAt":"2016-11-17T17:56:35.881Z","storeservices":{"createdAt":"2016-11-17T17:57:09.417Z","updatedAt":"2016-11-17T17:57:09.417Z","storeId":7,"serviceId":11}},{"id":12,"name":"Car & GPS Installation Services","createdAt":"2016-11-17T17:56:35.881Z","updatedAt":"2016-11-17T17:56:35.881Z","storeservices":{"createdAt":"2016-11-17T17:57:09.417Z","updatedAt":"2016-11-17T17:57:09.417Z","storeId":7,"serviceId":12}},{"id":15,"name":"Best Buy Marine Powered by Geek Squad","createdAt":"2016-11-17T17:56:35.881Z","updatedAt":"2016-11-17T17:56:35.881Z","storeservices":{"createdAt":"2016-11-17T17:57:09.417Z","updatedAt":"2016-11-17T17:57:09.417Z","storeId":7,"serviceId":15}},{"id":18,"name":"Geek Squad Solution Central","createdAt":"2016-11-17T17:56:35.881Z","updatedAt":"2016-11-17T17:56:35.881Z","storeservices":{"createdAt":"2016-11-17T17:57:09.417Z","updatedAt":"2016-11-17T17:57:09.417Z","storeId":7,"serviceId":18}},{"id":19,"name":"Pacific Kitchen & Home","createdAt":"2016-11-17T17:56:35.881Z","updatedAt":"2016-11-17T17:56:35.881Z","storeservices":{"createdAt":"2016-11-17T17:57:09.417Z","updatedAt":"2016-11-17T17:57:09.417Z","storeId":7,"serviceId":19}}]},{"id":8,"name":"Burnsville","type":"BigBox","address":"14141 Aldrich Ave S","address2":"","city":"Burnsville","state":"MN","zip":"55337","lat":44.747404,"lng":-93.288039,"hours":"Mon: 10-9; Tue: 10-9; Wed: 10-9; Thurs: 10-9; Fri: 10-9; Sat: 10-9; Sun: 10-8","createdAt":"2016-11-17T17:57:06.108Z","updatedAt":"2016-11-17T17:57:06.108Z","services":[{"id":1,"name":"Geek Squad Services","createdAt":"2016-11-17T17:56:35.881Z","updatedAt":"2016-11-17T17:56:35.881Z","storeservices":{"createdAt":"2016-11-17T17:57:09.595Z","updatedAt":"2016-11-17T17:57:09.595Z","storeId":8,"serviceId":1}},{"id":2,"name":"Best Buy Mobile","createdAt":"2016-11-17T17:56:35.881Z","updatedAt":"2016-11-17T17:56:35.881Z","storeservices":{"createdAt":"2016-11-17T17:57:09.595Z","updatedAt":"2016-11-17T17:57:09.595Z","storeId":8,"serviceId":2}},{"id":3,"name":"Best Buy For Business","createdAt":"2016-11-17T17:56:35.881Z","updatedAt":"2016-11-17T17:56:35.881Z","storeservices":{"createdAt":"2016-11-17T17:57:09.595Z","updatedAt":"2016-11-17T17:57:09.595Z","storeId":8,"serviceId":3}},{"id":4,"name":"Apple Shop","createdAt":"2016-11-17T17:56:35.881Z","updatedAt":"2016-11-17T17:56:35.881Z","storeservices":{"createdAt":"2016-11-17T17:57:09.595Z","updatedAt":"2016-11-17T17:57:09.595Z","storeId":8,"serviceId":4}},{"id":7,"name":"Electronics Recycling","createdAt":"2016-11-17T17:56:35.881Z","updatedAt":"2016-11-17T17:56:35.881Z","storeservices":{"createdAt":"2016-11-17T17:57:09.595Z","updatedAt":"2016-11-17T17:57:09.595Z","storeId":8,"serviceId":7}},{"id":9,"name":"Samsung Experience Shop","createdAt":"2016-11-17T17:56:35.881Z","updatedAt":"2016-11-17T17:56:35.881Z","storeservices":{"createdAt":"2016-11-17T17:57:09.595Z","updatedAt":"2016-11-17T17:57:09.595Z","storeId":8,"serviceId":9}},{"id":18,"name":"Geek Squad Solution Central","createdAt":"2016-11-17T17:56:35.881Z","updatedAt":"2016-11-17T17:56:35.881Z","storeservices":{"createdAt":"2016-11-17T17:57:09.595Z","updatedAt":"2016-11-17T17:57:09.595Z","storeId":8,"serviceId":18}}]},{"id":10,"name":"Maplewood","type":"BigBox","address":"1795 County Rd D E","address2":"","city":"Maplewood","state":"MN","zip":"55109","lat":45.036556,"lng":-93.025986,"hours":"Mon: 10-9; Tue: 10-9; Wed: 10-9; Thurs: 10-9; Fri: 10-9; Sat: 10-9; Sun: 10-8","createdAt":"2016-11-17T17:57:04.414Z","updatedAt":"2016-11-17T17:57:04.414Z","services":[{"id":1,"name":"Geek Squad Services","createdAt":"2016-11-17T17:56:35.881Z","updatedAt":"2016-11-17T17:56:35.881Z","storeservices":{"createdAt":"2016-11-17T17:57:08.033Z","updatedAt":"2016-11-17T17:57:08.033Z","storeId":10,"serviceId":1}},{"id":2,"name":"Best Buy Mobile","createdAt":"2016-11-17T17:56:35.881Z","updatedAt":"2016-11-17T17:56:35.881Z","storeservices":{"createdAt":"2016-11-17T17:57:08.033Z","updatedAt":"2016-11-17T17:57:08.033Z","storeId":10,"serviceId":2}},{"id":3,"name":"Best Buy For Business","createdAt":"2016-11-17T17:56:35.881Z","updatedAt":"2016-11-17T17:56:35.881Z","storeservices":{"createdAt":"2016-11-17T17:57:08.033Z","updatedAt":"2016-11-17T17:57:08.033Z","storeId":10,"serviceId":3}},{"id":4,"name":"Apple Shop","createdAt":"2016-11-17T17:56:35.881Z","updatedAt":"2016-11-17T17:56:35.881Z","storeservices":{"createdAt":"2016-11-17T17:57:08.033Z","updatedAt":"2016-11-17T17:57:08.033Z","storeId":10,"serviceId":4}},{"id":7,"name":"Electronics Recycling","createdAt":"2016-11-17T17:56:35.881Z","updatedAt":"2016-11-17T17:56:35.881Z","storeservices":{"createdAt":"2016-11-17T17:57:08.033Z","updatedAt":"2016-11-17T17:57:08.033Z","storeId":10,"serviceId":7}},{"id":8,"name":"Magnolia Home Theater","createdAt":"2016-11-17T17:56:35.881Z","updatedAt":"2016-11-17T17:56:35.881Z","storeservices":{"createdAt":"2016-11-17T17:57:08.033Z","updatedAt":"2016-11-17T17:57:08.033Z","storeId":10,"serviceId":8}},{"id":10,"name":"Windows Store","createdAt":"2016-11-17T17:56:35.881Z","updatedAt":"2016-11-17T17:56:35.881Z","storeservices":{"createdAt":"2016-11-17T17:57:08.033Z","updatedAt":"2016-11-17T17:57:08.033Z","storeId":10,"serviceId":10}},{"id":11,"name":"Samsung Experience","createdAt":"2016-11-17T17:56:35.881Z","updatedAt":"2016-11-17T17:56:35.881Z","storeservices":{"createdAt":"2016-11-17T17:57:08.033Z","updatedAt":"2016-11-17T17:57:08.033Z","storeId":10,"serviceId":11}},{"id":12,"name":"Car & GPS Installation Services","createdAt":"2016-11-17T17:56:35.881Z","updatedAt":"2016-11-17T17:56:35.881Z","storeservices":{"createdAt":"2016-11-17T17:57:08.033Z","updatedAt":"2016-11-17T17:57:08.033Z","storeId":10,"serviceId":12}},{"id":13,"name":"LG Experience ","createdAt":"2016-11-17T17:56:35.881Z","updatedAt":"2016-11-17T17:56:35.881Z","storeservices":{"createdAt":"2016-11-17T17:57:08.033Z","updatedAt":"2016-11-17T17:57:08.033Z","storeId":10,"serviceId":13}},{"id":14,"name":"Sony Experience ","createdAt":"2016-11-17T17:56:35.881Z","updatedAt":"2016-11-17T17:56:35.881Z","storeservices":{"createdAt":"2016-11-17T17:57:08.033Z","updatedAt":"2016-11-17T17:57:08.033Z","storeId":10,"serviceId":14}},{"id":18,"name":"Geek Squad Solution Central","createdAt":"2016-11-17T17:56:35.881Z","updatedAt":"2016-11-17T17:56:35.881Z","storeservices":{"createdAt":"2016-11-17T17:57:08.033Z","updatedAt":"2016-11-17T17:57:08.033Z","storeId":10,"serviceId":18}}]},{"id":11,"name":"Northtown","type":"BigBox","address":"300 Northtown Dr Ne","address2":"","city":"Blaine","state":"MN","zip":"55434","lat":45.126179,"lng":-93.261429,"hours":"Mon: 10-9; Tue: 10-9; Wed: 10-9; Thurs: 10-9; Fri: 10-9; Sat: 10-9; Sun: 10-8","createdAt":"2016-11-17T17:57:04.542Z","updatedAt":"2016-11-17T17:57:04.542Z","services":[{"id":1,"name":"Geek Squad Services","createdAt":"2016-11-17T17:56:35.881Z","updatedAt":"2016-11-17T17:56:35.881Z","storeservices":{"createdAt":"2016-11-17T17:57:08.154Z","updatedAt":"2016-11-17T17:57:08.154Z","storeId":11,"serviceId":1}},{"id":2,"name":"Best Buy Mobile","createdAt":"2016-11-17T17:56:35.881Z","updatedAt":"2016-11-17T17:56:35.881Z","storeservices":{"createdAt":"2016-11-17T17:57:08.154Z","updatedAt":"2016-11-17T17:57:08.154Z","storeId":11,"serviceId":2}},{"id":3,"name":"Best Buy For Business","createdAt":"2016-11-17T17:56:35.881Z","updatedAt":"2016-11-17T17:56:35.881Z","storeservices":{"createdAt":"2016-11-17T17:57:08.154Z","updatedAt":"2016-11-17T17:57:08.154Z","storeId":11,"serviceId":3}},{"id":5,"name":"Hablamos Español","createdAt":"2016-11-17T17:56:35.881Z","updatedAt":"2016-11-17T17:56:35.881Z","storeservices":{"createdAt":"2016-11-17T17:57:08.154Z","updatedAt":"2016-11-17T17:57:08.154Z","storeId":11,"serviceId":5}},{"id":7,"name":"Electronics Recycling","createdAt":"2016-11-17T17:56:35.881Z","updatedAt":"2016-11-17T17:56:35.881Z","storeservices":{"createdAt":"2016-11-17T17:57:08.154Z","updatedAt":"2016-11-17T17:57:08.154Z","storeId":11,"serviceId":7}},{"id":9,"name":"Samsung Experience Shop","createdAt":"2016-11-17T17:56:35.881Z","updatedAt":"2016-11-17T17:56:35.881Z","storeservices":{"createdAt":"2016-11-17T17:57:08.154Z","updatedAt":"2016-11-17T17:57:08.154Z","storeId":11,"serviceId":9}},{"id":10,"name":"Windows Store","createdAt":"2016-11-17T17:56:35.881Z","updatedAt":"2016-11-17T17:56:35.881Z","storeservices":{"createdAt":"2016-11-17T17:57:08.154Z","updatedAt":"2016-11-17T17:57:08.154Z","storeId":11,"serviceId":10}},{"id":12,"name":"Car & GPS Installation Services","createdAt":"2016-11-17T17:56:35.881Z","updatedAt":"2016-11-17T17:56:35.881Z","storeservices":{"createdAt":"2016-11-17T17:57:08.154Z","updatedAt":"2016-11-17T17:57:08.154Z","storeId":11,"serviceId":12}}]},{"id":12,"name":"St Cloud","type":"BigBox","address":"4130 W Division St","address2":"","city":"Saint Cloud","state":"MN","zip":"56301","lat":45.55275,"lng":-94.209656,"hours":"Mon: 10-9; Tue: 10-9; Wed: 10-9; Thurs: 10-9; Fri: 9-9; Sat: 9-9; Sun: 10-8","createdAt":"2016-11-17T17:57:04.575Z","updatedAt":"2016-11-17T17:57:04.575Z","services":[{"id":1,"name":"Geek Squad Services","createdAt":"2016-11-17T17:56:35.881Z","updatedAt":"2016-11-17T17:56:35.881Z","storeservices":{"createdAt":"2016-11-17T17:57:08.169Z","updatedAt":"2016-11-17T17:57:08.169Z","storeId":12,"serviceId":1}},{"id":2,"name":"Best Buy Mobile","createdAt":"2016-11-17T17:56:35.881Z","updatedAt":"2016-11-17T17:56:35.881Z","storeservices":{"createdAt":"2016-11-17T17:57:08.169Z","updatedAt":"2016-11-17T17:57:08.169Z","storeId":12,"serviceId":2}},{"id":3,"name":"Best Buy For Business","createdAt":"2016-11-17T17:56:35.881Z","updatedAt":"2016-11-17T17:56:35.881Z","storeservices":{"createdAt":"2016-11-17T17:57:08.169Z","updatedAt":"2016-11-17T17:57:08.169Z","storeId":12,"serviceId":3}},{"id":4,"name":"Apple Shop","createdAt":"2016-11-17T17:56:35.881Z","updatedAt":"2016-11-17T17:56:35.881Z","storeservices":{"createdAt":"2016-11-17T17:57:08.169Z","updatedAt":"2016-11-17T17:57:08.169Z","storeId":12,"serviceId":4}},{"id":5,"name":"Hablamos Español","createdAt":"2016-11-17T17:56:35.881Z","updatedAt":"2016-11-17T17:56:35.881Z","storeservices":{"createdAt":"2016-11-17T17:57:08.169Z","updatedAt":"2016-11-17T17:57:08.169Z","storeId":12,"serviceId":5}},{"id":7,"name":"Electronics Recycling","createdAt":"2016-11-17T17:56:35.881Z","updatedAt":"2016-11-17T17:56:35.881Z","storeservices":{"createdAt":"2016-11-17T17:57:08.169Z","updatedAt":"2016-11-17T17:57:08.169Z","storeId":12,"serviceId":7}},{"id":10,"name":"Windows Store","createdAt":"2016-11-17T17:56:35.881Z","updatedAt":"2016-11-17T17:56:35.881Z","storeservices":{"createdAt":"2016-11-17T17:57:08.169Z","updatedAt":"2016-11-17T17:57:08.169Z","storeId":12,"serviceId":10}},{"id":11,"name":"Samsung Experience","createdAt":"2016-11-17T17:56:35.881Z","updatedAt":"2016-11-17T17:56:35.881Z","storeservices":{"createdAt":"2016-11-17T17:57:08.169Z","updatedAt":"2016-11-17T17:57:08.169Z","storeId":12,"serviceId":11}},{"id":12,"name":"Car & GPS Installation Services","createdAt":"2016-11-17T17:56:35.881Z","updatedAt":"2016-11-17T17:56:35.881Z","storeservices":{"createdAt":"2016-11-17T17:57:08.169Z","updatedAt":"2016-11-17T17:57:08.169Z","storeId":12,"serviceId":12}},{"id":15,"name":"Best Buy Marine Powered by Geek Squad","createdAt":"2016-11-17T17:56:35.881Z","updatedAt":"2016-11-17T17:56:35.881Z","storeservices":{"createdAt":"2016-11-17T17:57:08.169Z","updatedAt":"2016-11-17T17:57:08.169Z","storeId":12,"serviceId":15}}]},{"id":14,"name":"Rochester","type":"BigBox","address":"4050 Hwy 52 N","address2":"","city":"Rochester","state":"MN","zip":"55901","lat":44.064365,"lng":-92.496895,"hours":"Mon: 10-9; Tue: 10-9; Wed: 10-9; Thurs: 10-9; Fri: 10-9; Sat: 10-9; Sun: 10-8","createdAt":"2016-11-17T17:57:04.756Z","updatedAt":"2016-11-17T17:57:04.756Z","services":[{"id":1,"name":"Geek Squad Services","createdAt":"2016-11-17T17:56:35.881Z","updatedAt":"2016-11-17T17:56:35.881Z","storeservices":{"createdAt":"2016-11-17T17:57:08.328Z","updatedAt":"2016-11-17T17:57:08.328Z","storeId":14,"serviceId":1}},{"id":2,"name":"Best Buy Mobile","createdAt":"2016-11-17T17:56:35.881Z","updatedAt":"2016-11-17T17:56:35.881Z","storeservices":{"createdAt":"2016-11-17T17:57:08.328Z","updatedAt":"2016-11-17T17:57:08.328Z","storeId":14,"serviceId":2}},{"id":3,"name":"Best Buy For Business","createdAt":"2016-11-17T17:56:35.881Z","updatedAt":"2016-11-17T17:56:35.881Z","storeservices":{"createdAt":"2016-11-17T17:57:08.328Z","updatedAt":"2016-11-17T17:57:08.328Z","storeId":14,"serviceId":3}},{"id":4,"name":"Apple Shop","createdAt":"2016-11-17T17:56:35.881Z","updatedAt":"2016-11-17T17:56:35.881Z","storeservices":{"createdAt":"2016-11-17T17:57:08.328Z","updatedAt":"2016-11-17T17:57:08.328Z","storeId":14,"serviceId":4}},{"id":7,"name":"Electronics Recycling","createdAt":"2016-11-17T17:56:35.881Z","updatedAt":"2016-11-17T17:56:35.881Z","storeservices":{"createdAt":"2016-11-17T17:57:08.328Z","updatedAt":"2016-11-17T17:57:08.328Z","storeId":14,"serviceId":7}},{"id":10,"name":"Windows Store","createdAt":"2016-11-17T17:56:35.881Z","updatedAt":"2016-11-17T17:56:35.881Z","storeservices":{"createdAt":"2016-11-17T17:57:08.328Z","updatedAt":"2016-11-17T17:57:08.328Z","storeId":14,"serviceId":10}},{"id":11,"name":"Samsung Experience","createdAt":"2016-11-17T17:56:35.881Z","updatedAt":"2016-11-17T17:56:35.881Z","storeservices":{"createdAt":"2016-11-17T17:57:08.328Z","updatedAt":"2016-11-17T17:57:08.328Z","storeId":14,"serviceId":11}},{"id":12,"name":"Car & GPS Installation Services","createdAt":"2016-11-17T17:56:35.881Z","updatedAt":"2016-11-17T17:56:35.881Z","storeservices":{"createdAt":"2016-11-17T17:57:08.328Z","updatedAt":"2016-11-17T17:57:08.328Z","storeId":14,"serviceId":12}},{"id":13,"name":"LG Experience ","createdAt":"2016-11-17T17:56:35.881Z","updatedAt":"2016-11-17T17:56:35.881Z","storeservices":{"createdAt":"2016-11-17T17:57:08.328Z","updatedAt":"2016-11-17T17:57:08.328Z","storeId":14,"serviceId":13}},{"id":14,"name":"Sony Experience ","createdAt":"2016-11-17T17:56:35.881Z","updatedAt":"2016-11-17T17:56:35.881Z","storeservices":{"createdAt":"2016-11-17T17:57:08.328Z","updatedAt":"2016-11-17T17:57:08.328Z","storeId":14,"serviceId":14}}]},{"id":15,"name":"Oakdale","type":"BigBox","address":"8301 3rd St N","address2":"","city":"Oakdale","state":"MN","zip":"55128","lat":44.950054,"lng":-92.936394,"hours":"Mon: 10-9; Tue: 10-9; Wed: 10-9; Thurs: 10-9; Fri: 10-9; Sat: 10-9; Sun: 10-8","createdAt":"2016-11-17T17:57:04.813Z","updatedAt":"2016-11-17T17:57:04.813Z","services":[{"id":1,"name":"Geek Squad Services","createdAt":"2016-11-17T17:56:35.881Z","updatedAt":"2016-11-17T17:56:35.881Z","storeservices":{"createdAt":"2016-11-17T17:57:08.361Z","updatedAt":"2016-11-17T17:57:08.361Z","storeId":15,"serviceId":1}},{"id":2,"name":"Best Buy Mobile","createdAt":"2016-11-17T17:56:35.881Z","updatedAt":"2016-11-17T17:56:35.881Z","storeservices":{"createdAt":"2016-11-17T17:57:08.361Z","updatedAt":"2016-11-17T17:57:08.361Z","storeId":15,"serviceId":2}},{"id":3,"name":"Best Buy For Business","createdAt":"2016-11-17T17:56:35.881Z","updatedAt":"2016-11-17T17:56:35.881Z","storeservices":{"createdAt":"2016-11-17T17:57:08.361Z","updatedAt":"2016-11-17T17:57:08.361Z","storeId":15,"serviceId":3}},{"id":4,"name":"Apple Shop","createdAt":"2016-11-17T17:56:35.881Z","updatedAt":"2016-11-17T17:56:35.881Z","storeservices":{"createdAt":"2016-11-17T17:57:08.361Z","updatedAt":"2016-11-17T17:57:08.361Z","storeId":15,"serviceId":4}},{"id":7,"name":"Electronics Recycling","createdAt":"2016-11-17T17:56:35.881Z","updatedAt":"2016-11-17T17:56:35.881Z","storeservices":{"createdAt":"2016-11-17T17:57:08.361Z","updatedAt":"2016-11-17T17:57:08.361Z","storeId":15,"serviceId":7}},{"id":10,"name":"Windows Store","createdAt":"2016-11-17T17:56:35.881Z","updatedAt":"2016-11-17T17:56:35.881Z","storeservices":{"createdAt":"2016-11-17T17:57:08.361Z","updatedAt":"2016-11-17T17:57:08.361Z","storeId":15,"serviceId":10}},{"id":11,"name":"Samsung Experience","createdAt":"2016-11-17T17:56:35.881Z","updatedAt":"2016-11-17T17:56:35.881Z","storeservices":{"createdAt":"2016-11-17T17:57:08.361Z","updatedAt":"2016-11-17T17:57:08.361Z","storeId":15,"serviceId":11}},{"id":12,"name":"Car & GPS Installation Services","createdAt":"2016-11-17T17:56:35.881Z","updatedAt":"2016-11-17T17:56:35.881Z","storeservices":{"createdAt":"2016-11-17T17:57:08.361Z","updatedAt":"2016-11-17T17:57:08.361Z","storeId":15,"serviceId":12}},{"id":13,"name":"LG Experience ","createdAt":"2016-11-17T17:56:35.881Z","updatedAt":"2016-11-17T17:56:35.881Z","storeservices":{"createdAt":"2016-11-17T17:57:08.361Z","updatedAt":"2016-11-17T17:57:08.361Z","storeId":15,"serviceId":13}},{"id":14,"name":"Sony Experience ","createdAt":"2016-11-17T17:56:35.881Z","updatedAt":"2016-11-17T17:56:35.881Z","storeservices":{"createdAt":"2016-11-17T17:57:08.361Z","updatedAt":"2016-11-17T17:57:08.361Z","storeId":15,"serviceId":14}},{"id":17,"name":"Magnolia Design Center ","createdAt":"2016-11-17T17:56:35.881Z","updatedAt":"2016-11-17T17:56:35.881Z","storeservices":{"createdAt":"2016-11-17T17:57:08.361Z","updatedAt":"2016-11-17T17:57:08.361Z","storeId":15,"serviceId":17}},{"id":18,"name":"Geek Squad Solution Central","createdAt":"2016-11-17T17:56:35.881Z","updatedAt":"2016-11-17T17:56:35.881Z","storeservices":{"createdAt":"2016-11-17T17:57:08.361Z","updatedAt":"2016-11-17T17:57:08.361Z","storeId":15,"serviceId":18}},{"id":19,"name":"Pacific Kitchen & Home","createdAt":"2016-11-17T17:56:35.881Z","updatedAt":"2016-11-17T17:56:35.881Z","storeservices":{"createdAt":"2016-11-17T17:57:08.361Z","updatedAt":"2016-11-17T17:57:08.361Z","storeId":15,"serviceId":19}}]},{"id":43,"name":"Duluth","type":"BigBox","address":"5105 Burning Tree Rd","address2":"","city":"Duluth","state":"MN","zip":"55811","lat":46.808983,"lng":-92.170853,"hours":"Mon: 10-9; Tue: 10-9; Wed: 10-9; Thurs: 10-9; Fri: 9-9; Sat: 9-9; Sun: 10-8","createdAt":"2016-11-17T17:57:05.659Z","updatedAt":"2016-11-17T17:57:05.659Z","services":[{"id":1,"name":"Geek Squad Services","createdAt":"2016-11-17T17:56:35.881Z","updatedAt":"2016-11-17T17:56:35.881Z","storeservices":{"createdAt":"2016-11-17T17:57:09.133Z","updatedAt":"2016-11-17T17:57:09.133Z","storeId":43,"serviceId":1}},{"id":2,"name":"Best Buy Mobile","createdAt":"2016-11-17T17:56:35.881Z","updatedAt":"2016-11-17T17:56:35.881Z","storeservices":{"createdAt":"2016-11-17T17:57:09.133Z","updatedAt":"2016-11-17T17:57:09.133Z","storeId":43,"serviceId":2}},{"id":3,"name":"Best Buy For Business","createdAt":"2016-11-17T17:56:35.881Z","updatedAt":"2016-11-17T17:56:35.881Z","storeservices":{"createdAt":"2016-11-17T17:57:09.133Z","updatedAt":"2016-11-17T17:57:09.133Z","storeId":43,"serviceId":3}},{"id":4,"name":"Apple Shop","createdAt":"2016-11-17T17:56:35.881Z","updatedAt":"2016-11-17T17:56:35.881Z","storeservices":{"createdAt":"2016-11-17T17:57:09.133Z","updatedAt":"2016-11-17T17:57:09.133Z","storeId":43,"serviceId":4}},{"id":7,"name":"Electronics Recycling","createdAt":"2016-11-17T17:56:35.881Z","updatedAt":"2016-11-17T17:56:35.881Z","storeservices":{"createdAt":"2016-11-17T17:57:09.133Z","updatedAt":"2016-11-17T17:57:09.133Z","storeId":43,"serviceId":7}},{"id":10,"name":"Windows Store","createdAt":"2016-11-17T17:56:35.881Z","updatedAt":"2016-11-17T17:56:35.881Z","storeservices":{"createdAt":"2016-11-17T17:57:09.133Z","updatedAt":"2016-11-17T17:57:09.133Z","storeId":43,"serviceId":10}},{"id":11,"name":"Samsung Experience","createdAt":"2016-11-17T17:56:35.881Z","updatedAt":"2016-11-17T17:56:35.881Z","storeservices":{"createdAt":"2016-11-17T17:57:09.133Z","updatedAt":"2016-11-17T17:57:09.133Z","storeId":43,"serviceId":11}},{"id":12,"name":"Car & GPS Installation Services","createdAt":"2016-11-17T17:56:35.881Z","updatedAt":"2016-11-17T17:56:35.881Z","storeservices":{"createdAt":"2016-11-17T17:57:09.133Z","updatedAt":"2016-11-17T17:57:09.133Z","storeId":43,"serviceId":12}},{"id":15,"name":"Best Buy Marine Powered by Geek Squad","createdAt":"2016-11-17T17:56:35.881Z","updatedAt":"2016-11-17T17:56:35.881Z","storeservices":{"createdAt":"2016-11-17T17:57:09.133Z","updatedAt":"2016-11-17T17:57:09.133Z","storeId":43,"serviceId":15}}]}]}

22:49:09.402 [ForkJoinPool-1-worker-2] INFO  com.intuit.karate - karate.env system property was: null 
22:49:09.407 [ForkJoinPool-1-worker-2] DEBUG com.intuit.karate - request:
1 > GET http://localhost:3030/stores?service.name=Windows+Store&near=90210
1 > Accept-Encoding: gzip,deflate
1 > Connection: Keep-Alive
1 > Host: localhost:3030
1 > User-Agent: Apache-HttpClient/4.5.5 (Java/1.8.0_221)

22:49:09.414 [pool-1-thread-4] INFO  com.intuit.karate.Runner - <<pass>> feature 15 of 17: classpath:com/n26/bestbuy/api/stores/stores-patch.feature
---------------------------------------------------------
feature: classpath:com/n26/bestbuy/api/stores/stores-patch.feature
report: target\surefire-reports\com.n26.bestbuy.api.stores.stores-patch.json
scenarios:  3 | passed:  3 | failed:  0 | time: 2.1140
---------------------------------------------------------
22:49:09.523 [ForkJoinPool-1-worker-3] DEBUG com.intuit.karate - response time in milliseconds: 359.59
1 < 200
1 < Access-Control-Allow-Origin: *
1 < Allow: GET,POST,PUT,PATCH,DELETE
1 < Connection: keep-alive
1 < Content-Type: application/json; charset=utf-8
1 < Date: Fri, 08 Nov 2019 17:19:09 GMT
1 < ETag: W/"77c8-9r97C3dI/zo/esLtnc/07O6OMKM"
1 < Transfer-Encoding: chunked
1 < Vary: Accept, Accept-Encoding
1 < X-Powered-By: Express
{"total":756,"limit":10,"skip":0,"data":[{"id":4,"name":"Minnetonka","type":"BigBox","address":"13513 Ridgedale Dr","address2":"","city":"Hopkins","state":"MN","zip":"55305","lat":44.969658,"lng":-93.449539,"hours":"Mon: 10-9; Tue: 10-9; Wed: 10-9; Thurs: 10-9; Fri: 10-9; Sat: 10-9; Sun: 10-8","createdAt":"2016-11-17T17:57:05.708Z","updatedAt":"2016-11-17T17:57:05.708Z","services":[{"id":1,"name":"Geek Squad Services","createdAt":"2016-11-17T17:56:35.881Z","updatedAt":"2016-11-17T17:56:35.881Z","storeservices":{"createdAt":"2016-11-17T17:57:09.213Z","updatedAt":"2016-11-17T17:57:09.213Z","storeId":4,"serviceId":1}},{"id":2,"name":"Best Buy Mobile","createdAt":"2016-11-17T17:56:35.881Z","updatedAt":"2016-11-17T17:56:35.881Z","storeservices":{"createdAt":"2016-11-17T17:57:09.213Z","updatedAt":"2016-11-17T17:57:09.213Z","storeId":4,"serviceId":2}},{"id":3,"name":"Best Buy For Business","createdAt":"2016-11-17T17:56:35.881Z","updatedAt":"2016-11-17T17:56:35.881Z","storeservices":{"createdAt":"2016-11-17T17:57:09.213Z","updatedAt":"2016-11-17T17:57:09.213Z","storeId":4,"serviceId":3}},{"id":4,"name":"Apple Shop","createdAt":"2016-11-17T17:56:35.881Z","updatedAt":"2016-11-17T17:56:35.881Z","storeservices":{"createdAt":"2016-11-17T17:57:09.213Z","updatedAt":"2016-11-17T17:57:09.213Z","storeId":4,"serviceId":4}},{"id":7,"name":"Electronics Recycling","createdAt":"2016-11-17T17:56:35.881Z","updatedAt":"2016-11-17T17:56:35.881Z","storeservices":{"createdAt":"2016-11-17T17:57:09.213Z","updatedAt":"2016-11-17T17:57:09.213Z","storeId":4,"serviceId":7}},{"id":10,"name":"Windows Store","createdAt":"2016-11-17T17:56:35.881Z","updatedAt":"2016-11-17T17:56:35.881Z","storeservices":{"createdAt":"2016-11-17T17:57:09.213Z","updatedAt":"2016-11-17T17:57:09.213Z","storeId":4,"serviceId":10}},{"id":11,"name":"Samsung Experience","createdAt":"2016-11-17T17:56:35.881Z","updatedAt":"2016-11-17T17:56:35.881Z","storeservices":{"createdAt":"2016-11-17T17:57:09.213Z","updatedAt":"2016-11-17T17:57:09.213Z","storeId":4,"serviceId":11}},{"id":12,"name":"Car & GPS Installation Services","createdAt":"2016-11-17T17:56:35.881Z","updatedAt":"2016-11-17T17:56:35.881Z","storeservices":{"createdAt":"2016-11-17T17:57:09.213Z","updatedAt":"2016-11-17T17:57:09.213Z","storeId":4,"serviceId":12}},{"id":13,"name":"LG Experience ","createdAt":"2016-11-17T17:56:35.881Z","updatedAt":"2016-11-17T17:56:35.881Z","storeservices":{"createdAt":"2016-11-17T17:57:09.213Z","updatedAt":"2016-11-17T17:57:09.213Z","storeId":4,"serviceId":13}},{"id":14,"name":"Sony Experience ","createdAt":"2016-11-17T17:56:35.881Z","updatedAt":"2016-11-17T17:56:35.881Z","storeservices":{"createdAt":"2016-11-17T17:57:09.213Z","updatedAt":"2016-11-17T17:57:09.213Z","storeId":4,"serviceId":14}},{"id":15,"name":"Best Buy Marine Powered by Geek Squad","createdAt":"2016-11-17T17:56:35.881Z","updatedAt":"2016-11-17T17:56:35.881Z","storeservices":{"createdAt":"2016-11-17T17:57:09.213Z","updatedAt":"2016-11-17T17:57:09.213Z","storeId":4,"serviceId":15}},{"id":17,"name":"Magnolia Design Center ","createdAt":"2016-11-17T17:56:35.881Z","updatedAt":"2016-11-17T17:56:35.881Z","storeservices":{"createdAt":"2016-11-17T17:57:09.213Z","updatedAt":"2016-11-17T17:57:09.213Z","storeId":4,"serviceId":17}},{"id":18,"name":"Geek Squad Solution Central","createdAt":"2016-11-17T17:56:35.881Z","updatedAt":"2016-11-17T17:56:35.881Z","storeservices":{"createdAt":"2016-11-17T17:57:09.213Z","updatedAt":"2016-11-17T17:57:09.213Z","storeId":4,"serviceId":18}},{"id":19,"name":"Pacific Kitchen & Home","createdAt":"2016-11-17T17:56:35.881Z","updatedAt":"2016-11-17T17:56:35.881Z","storeservices":{"createdAt":"2016-11-17T17:57:09.213Z","updatedAt":"2016-11-17T17:57:09.213Z","storeId":4,"serviceId":19}}]},{"id":6,"name":"Inver Grove Heights","type":"BigBox","address":"1350 50th Street E","address2":"","city":"Inver Grove Heights","state":"MN","zip":"55077","lat":44.879314,"lng":-93.077156,"hours":"Mon: 10-9; Tue: 10-9; Wed: 10-9; Thurs: 10-9; Fri: 10-9; Sat: 10-9; Sun: 10-8","createdAt":"2016-11-17T17:57:05.831Z","updatedAt":"2016-11-17T17:57:05.831Z","services":[{"id":1,"name":"Geek Squad Services","createdAt":"2016-11-17T17:56:35.881Z","updatedAt":"2016-11-17T17:56:35.881Z","storeservices":{"createdAt":"2016-11-17T17:57:09.414Z","updatedAt":"2016-11-17T17:57:09.414Z","storeId":6,"serviceId":1}},{"id":2,"name":"Best Buy Mobile","createdAt":"2016-11-17T17:56:35.881Z","updatedAt":"2016-11-17T17:56:35.881Z","storeservices":{"createdAt":"2016-11-17T17:57:09.414Z","updatedAt":"2016-11-17T17:57:09.414Z","storeId":6,"serviceId":2}},{"id":3,"name":"Best Buy For Business","createdAt":"2016-11-17T17:56:35.881Z","updatedAt":"2016-11-17T17:56:35.881Z","storeservices":{"createdAt":"2016-11-17T17:57:09.414Z","updatedAt":"2016-11-17T17:57:09.414Z","storeId":6,"serviceId":3}},{"id":4,"name":"Apple Shop","createdAt":"2016-11-17T17:56:35.881Z","updatedAt":"2016-11-17T17:56:35.881Z","storeservices":{"createdAt":"2016-11-17T17:57:09.414Z","updatedAt":"2016-11-17T17:57:09.414Z","storeId":6,"serviceId":4}},{"id":5,"name":"Hablamos Español","createdAt":"2016-11-17T17:56:35.881Z","updatedAt":"2016-11-17T17:56:35.881Z","storeservices":{"createdAt":"2016-11-17T17:57:09.414Z","updatedAt":"2016-11-17T17:57:09.414Z","storeId":6,"serviceId":5}},{"id":7,"name":"Electronics Recycling","createdAt":"2016-11-17T17:56:35.881Z","updatedAt":"2016-11-17T17:56:35.881Z","storeservices":{"createdAt":"2016-11-17T17:57:09.414Z","updatedAt":"2016-11-17T17:57:09.414Z","storeId":6,"serviceId":7}},{"id":9,"name":"Samsung Experience Shop","createdAt":"2016-11-17T17:56:35.881Z","updatedAt":"2016-11-17T17:56:35.881Z","storeservices":{"createdAt":"2016-11-17T17:57:09.414Z","updatedAt":"2016-11-17T17:57:09.414Z","storeId":6,"serviceId":9}},{"id":10,"name":"Windows Store","createdAt":"2016-11-17T17:56:35.881Z","updatedAt":"2016-11-17T17:56:35.881Z","storeservices":{"createdAt":"2016-11-17T17:57:09.414Z","updatedAt":"2016-11-17T17:57:09.414Z","storeId":6,"serviceId":10}},{"id":12,"name":"Car & GPS Installation Services","createdAt":"2016-11-17T17:56:35.881Z","updatedAt":"2016-11-17T17:56:35.881Z","storeservices":{"createdAt":"2016-11-17T17:57:09.414Z","updatedAt":"2016-11-17T17:57:09.414Z","storeId":6,"serviceId":12}},{"id":18,"name":"Geek Squad Solution Central","createdAt":"2016-11-17T17:56:35.881Z","updatedAt":"2016-11-17T17:56:35.881Z","storeservices":{"createdAt":"2016-11-17T17:57:09.414Z","updatedAt":"2016-11-17T17:57:09.414Z","storeId":6,"serviceId":18}}]},{"id":7,"name":"Roseville","type":"BigBox","address":"1643 County Road B2","address2":"","city":"Roseville","state":"MN","zip":"55113","lat":45.01651,"lng":-93.168518,"hours":"Mon: 10-9; Tue: 10-9; Wed: 10-9; Thurs: 10-9; Fri: 10-9; Sat: 10-9; Sun: 10-8","createdAt":"2016-11-17T17:57:05.853Z","updatedAt":"2016-11-17T17:57:05.853Z","services":[{"id":1,"name":"Geek Squad Services","createdAt":"2016-11-17T17:56:35.881Z","updatedAt":"2016-11-17T17:56:35.881Z","storeservices":{"createdAt":"2016-11-17T17:57:09.417Z","updatedAt":"2016-11-17T17:57:09.417Z","storeId":7,"serviceId":1}},{"id":2,"name":"Best Buy Mobile","createdAt":"2016-11-17T17:56:35.881Z","updatedAt":"2016-11-17T17:56:35.881Z","storeservices":{"createdAt":"2016-11-17T17:57:09.417Z","updatedAt":"2016-11-17T17:57:09.417Z","storeId":7,"serviceId":2}},{"id":3,"name":"Best Buy For Business","createdAt":"2016-11-17T17:56:35.881Z","updatedAt":"2016-11-17T17:56:35.881Z","storeservices":{"createdAt":"2016-11-17T17:57:09.417Z","updatedAt":"2016-11-17T17:57:09.417Z","storeId":7,"serviceId":3}},{"id":4,"name":"Apple Shop","createdAt":"2016-11-17T17:56:35.881Z","updatedAt":"2016-11-17T17:56:35.881Z","storeservices":{"createdAt":"2016-11-17T17:57:09.417Z","updatedAt":"2016-11-17T17:57:09.417Z","storeId":7,"serviceId":4}},{"id":5,"name":"Hablamos Español","createdAt":"2016-11-17T17:56:35.881Z","updatedAt":"2016-11-17T17:56:35.881Z","storeservices":{"createdAt":"2016-11-17T17:57:09.417Z","updatedAt":"2016-11-17T17:57:09.417Z","storeId":7,"serviceId":5}},{"id":6,"name":"Camera Experience Shop ","createdAt":"2016-11-17T17:56:35.881Z","updatedAt":"2016-11-17T17:56:35.881Z","storeservices":{"createdAt":"2016-11-17T17:57:09.417Z","updatedAt":"2016-11-17T17:57:09.417Z","storeId":7,"serviceId":6}},{"id":7,"name":"Electronics Recycling","createdAt":"2016-11-17T17:56:35.881Z","updatedAt":"2016-11-17T17:56:35.881Z","storeservices":{"createdAt":"2016-11-17T17:57:09.417Z","updatedAt":"2016-11-17T17:57:09.417Z","storeId":7,"serviceId":7}},{"id":8,"name":"Magnolia Home Theater","createdAt":"2016-11-17T17:56:35.881Z","updatedAt":"2016-11-17T17:56:35.881Z","storeservices":{"createdAt":"2016-11-17T17:57:09.417Z","updatedAt":"2016-11-17T17:57:09.417Z","storeId":7,"serviceId":8}},{"id":10,"name":"Windows Store","createdAt":"2016-11-17T17:56:35.881Z","updatedAt":"2016-11-17T17:56:35.881Z","storeservices":{"createdAt":"2016-11-17T17:57:09.417Z","updatedAt":"2016-11-17T17:57:09.417Z","storeId":7,"serviceId":10}},{"id":11,"name":"Samsung Experience","createdAt":"2016-11-17T17:56:35.881Z","updatedAt":"2016-11-17T17:56:35.881Z","storeservices":{"createdAt":"2016-11-17T17:57:09.417Z","updatedAt":"2016-11-17T17:57:09.417Z","storeId":7,"serviceId":11}},{"id":12,"name":"Car & GPS Installation Services","createdAt":"2016-11-17T17:56:35.881Z","updatedAt":"2016-11-17T17:56:35.881Z","storeservices":{"createdAt":"2016-11-17T17:57:09.417Z","updatedAt":"2016-11-17T17:57:09.417Z","storeId":7,"serviceId":12}},{"id":15,"name":"Best Buy Marine Powered by Geek Squad","createdAt":"2016-11-17T17:56:35.881Z","updatedAt":"2016-11-17T17:56:35.881Z","storeservices":{"createdAt":"2016-11-17T17:57:09.417Z","updatedAt":"2016-11-17T17:57:09.417Z","storeId":7,"serviceId":15}},{"id":18,"name":"Geek Squad Solution Central","createdAt":"2016-11-17T17:56:35.881Z","updatedAt":"2016-11-17T17:56:35.881Z","storeservices":{"createdAt":"2016-11-17T17:57:09.417Z","updatedAt":"2016-11-17T17:57:09.417Z","storeId":7,"serviceId":18}},{"id":19,"name":"Pacific Kitchen & Home","createdAt":"2016-11-17T17:56:35.881Z","updatedAt":"2016-11-17T17:56:35.881Z","storeservices":{"createdAt":"2016-11-17T17:57:09.417Z","updatedAt":"2016-11-17T17:57:09.417Z","storeId":7,"serviceId":19}}]},{"id":8,"name":"Burnsville","type":"BigBox","address":"14141 Aldrich Ave S","address2":"","city":"Burnsville","state":"MN","zip":"55337","lat":44.747404,"lng":-93.288039,"hours":"Mon: 10-9; Tue: 10-9; Wed: 10-9; Thurs: 10-9; Fri: 10-9; Sat: 10-9; Sun: 10-8","createdAt":"2016-11-17T17:57:06.108Z","updatedAt":"2016-11-17T17:57:06.108Z","services":[{"id":1,"name":"Geek Squad Services","createdAt":"2016-11-17T17:56:35.881Z","updatedAt":"2016-11-17T17:56:35.881Z","storeservices":{"createdAt":"2016-11-17T17:57:09.595Z","updatedAt":"2016-11-17T17:57:09.595Z","storeId":8,"serviceId":1}},{"id":2,"name":"Best Buy Mobile","createdAt":"2016-11-17T17:56:35.881Z","updatedAt":"2016-11-17T17:56:35.881Z","storeservices":{"createdAt":"2016-11-17T17:57:09.595Z","updatedAt":"2016-11-17T17:57:09.595Z","storeId":8,"serviceId":2}},{"id":3,"name":"Best Buy For Business","createdAt":"2016-11-17T17:56:35.881Z","updatedAt":"2016-11-17T17:56:35.881Z","storeservices":{"createdAt":"2016-11-17T17:57:09.595Z","updatedAt":"2016-11-17T17:57:09.595Z","storeId":8,"serviceId":3}},{"id":4,"name":"Apple Shop","createdAt":"2016-11-17T17:56:35.881Z","updatedAt":"2016-11-17T17:56:35.881Z","storeservices":{"createdAt":"2016-11-17T17:57:09.595Z","updatedAt":"2016-11-17T17:57:09.595Z","storeId":8,"serviceId":4}},{"id":7,"name":"Electronics Recycling","createdAt":"2016-11-17T17:56:35.881Z","updatedAt":"2016-11-17T17:56:35.881Z","storeservices":{"createdAt":"2016-11-17T17:57:09.595Z","updatedAt":"2016-11-17T17:57:09.595Z","storeId":8,"serviceId":7}},{"id":9,"name":"Samsung Experience Shop","createdAt":"2016-11-17T17:56:35.881Z","updatedAt":"2016-11-17T17:56:35.881Z","storeservices":{"createdAt":"2016-11-17T17:57:09.595Z","updatedAt":"2016-11-17T17:57:09.595Z","storeId":8,"serviceId":9}},{"id":18,"name":"Geek Squad Solution Central","createdAt":"2016-11-17T17:56:35.881Z","updatedAt":"2016-11-17T17:56:35.881Z","storeservices":{"createdAt":"2016-11-17T17:57:09.595Z","updatedAt":"2016-11-17T17:57:09.595Z","storeId":8,"serviceId":18}}]},{"id":10,"name":"Maplewood","type":"BigBox","address":"1795 County Rd D E","address2":"","city":"Maplewood","state":"MN","zip":"55109","lat":45.036556,"lng":-93.025986,"hours":"Mon: 10-9; Tue: 10-9; Wed: 10-9; Thurs: 10-9; Fri: 10-9; Sat: 10-9; Sun: 10-8","createdAt":"2016-11-17T17:57:04.414Z","updatedAt":"2016-11-17T17:57:04.414Z","services":[{"id":1,"name":"Geek Squad Services","createdAt":"2016-11-17T17:56:35.881Z","updatedAt":"2016-11-17T17:56:35.881Z","storeservices":{"createdAt":"2016-11-17T17:57:08.033Z","updatedAt":"2016-11-17T17:57:08.033Z","storeId":10,"serviceId":1}},{"id":2,"name":"Best Buy Mobile","createdAt":"2016-11-17T17:56:35.881Z","updatedAt":"2016-11-17T17:56:35.881Z","storeservices":{"createdAt":"2016-11-17T17:57:08.033Z","updatedAt":"2016-11-17T17:57:08.033Z","storeId":10,"serviceId":2}},{"id":3,"name":"Best Buy For Business","createdAt":"2016-11-17T17:56:35.881Z","updatedAt":"2016-11-17T17:56:35.881Z","storeservices":{"createdAt":"2016-11-17T17:57:08.033Z","updatedAt":"2016-11-17T17:57:08.033Z","storeId":10,"serviceId":3}},{"id":4,"name":"Apple Shop","createdAt":"2016-11-17T17:56:35.881Z","updatedAt":"2016-11-17T17:56:35.881Z","storeservices":{"createdAt":"2016-11-17T17:57:08.033Z","updatedAt":"2016-11-17T17:57:08.033Z","storeId":10,"serviceId":4}},{"id":7,"name":"Electronics Recycling","createdAt":"2016-11-17T17:56:35.881Z","updatedAt":"2016-11-17T17:56:35.881Z","storeservices":{"createdAt":"2016-11-17T17:57:08.033Z","updatedAt":"2016-11-17T17:57:08.033Z","storeId":10,"serviceId":7}},{"id":8,"name":"Magnolia Home Theater","createdAt":"2016-11-17T17:56:35.881Z","updatedAt":"2016-11-17T17:56:35.881Z","storeservices":{"createdAt":"2016-11-17T17:57:08.033Z","updatedAt":"2016-11-17T17:57:08.033Z","storeId":10,"serviceId":8}},{"id":10,"name":"Windows Store","createdAt":"2016-11-17T17:56:35.881Z","updatedAt":"2016-11-17T17:56:35.881Z","storeservices":{"createdAt":"2016-11-17T17:57:08.033Z","updatedAt":"2016-11-17T17:57:08.033Z","storeId":10,"serviceId":10}},{"id":11,"name":"Samsung Experience","createdAt":"2016-11-17T17:56:35.881Z","updatedAt":"2016-11-17T17:56:35.881Z","storeservices":{"createdAt":"2016-11-17T17:57:08.033Z","updatedAt":"2016-11-17T17:57:08.033Z","storeId":10,"serviceId":11}},{"id":12,"name":"Car & GPS Installation Services","createdAt":"2016-11-17T17:56:35.881Z","updatedAt":"2016-11-17T17:56:35.881Z","storeservices":{"createdAt":"2016-11-17T17:57:08.033Z","updatedAt":"2016-11-17T17:57:08.033Z","storeId":10,"serviceId":12}},{"id":13,"name":"LG Experience ","createdAt":"2016-11-17T17:56:35.881Z","updatedAt":"2016-11-17T17:56:35.881Z","storeservices":{"createdAt":"2016-11-17T17:57:08.033Z","updatedAt":"2016-11-17T17:57:08.033Z","storeId":10,"serviceId":13}},{"id":14,"name":"Sony Experience ","createdAt":"2016-11-17T17:56:35.881Z","updatedAt":"2016-11-17T17:56:35.881Z","storeservices":{"createdAt":"2016-11-17T17:57:08.033Z","updatedAt":"2016-11-17T17:57:08.033Z","storeId":10,"serviceId":14}},{"id":18,"name":"Geek Squad Solution Central","createdAt":"2016-11-17T17:56:35.881Z","updatedAt":"2016-11-17T17:56:35.881Z","storeservices":{"createdAt":"2016-11-17T17:57:08.033Z","updatedAt":"2016-11-17T17:57:08.033Z","storeId":10,"serviceId":18}}]},{"id":12,"name":"St Cloud","type":"BigBox","address":"4130 W Division St","address2":"","city":"Saint Cloud","state":"MN","zip":"56301","lat":45.55275,"lng":-94.209656,"hours":"Mon: 10-9; Tue: 10-9; Wed: 10-9; Thurs: 10-9; Fri: 9-9; Sat: 9-9; Sun: 10-8","createdAt":"2016-11-17T17:57:04.575Z","updatedAt":"2016-11-17T17:57:04.575Z","services":[{"id":1,"name":"Geek Squad Services","createdAt":"2016-11-17T17:56:35.881Z","updatedAt":"2016-11-17T17:56:35.881Z","storeservices":{"createdAt":"2016-11-17T17:57:08.169Z","updatedAt":"2016-11-17T17:57:08.169Z","storeId":12,"serviceId":1}},{"id":2,"name":"Best Buy Mobile","createdAt":"2016-11-17T17:56:35.881Z","updatedAt":"2016-11-17T17:56:35.881Z","storeservices":{"createdAt":"2016-11-17T17:57:08.169Z","updatedAt":"2016-11-17T17:57:08.169Z","storeId":12,"serviceId":2}},{"id":3,"name":"Best Buy For Business","createdAt":"2016-11-17T17:56:35.881Z","updatedAt":"2016-11-17T17:56:35.881Z","storeservices":{"createdAt":"2016-11-17T17:57:08.169Z","updatedAt":"2016-11-17T17:57:08.169Z","storeId":12,"serviceId":3}},{"id":4,"name":"Apple Shop","createdAt":"2016-11-17T17:56:35.881Z","updatedAt":"2016-11-17T17:56:35.881Z","storeservices":{"createdAt":"2016-11-17T17:57:08.169Z","updatedAt":"2016-11-17T17:57:08.169Z","storeId":12,"serviceId":4}},{"id":5,"name":"Hablamos Español","createdAt":"2016-11-17T17:56:35.881Z","updatedAt":"2016-11-17T17:56:35.881Z","storeservices":{"createdAt":"2016-11-17T17:57:08.169Z","updatedAt":"2016-11-17T17:57:08.169Z","storeId":12,"serviceId":5}},{"id":7,"name":"Electronics Recycling","createdAt":"2016-11-17T17:56:35.881Z","updatedAt":"2016-11-17T17:56:35.881Z","storeservices":{"createdAt":"2016-11-17T17:57:08.169Z","updatedAt":"2016-11-17T17:57:08.169Z","storeId":12,"serviceId":7}},{"id":10,"name":"Windows Store","createdAt":"2016-11-17T17:56:35.881Z","updatedAt":"2016-11-17T17:56:35.881Z","storeservices":{"createdAt":"2016-11-17T17:57:08.169Z","updatedAt":"2016-11-17T17:57:08.169Z","storeId":12,"serviceId":10}},{"id":11,"name":"Samsung Experience","createdAt":"2016-11-17T17:56:35.881Z","updatedAt":"2016-11-17T17:56:35.881Z","storeservices":{"createdAt":"2016-11-17T17:57:08.169Z","updatedAt":"2016-11-17T17:57:08.169Z","storeId":12,"serviceId":11}},{"id":12,"name":"Car & GPS Installation Services","createdAt":"2016-11-17T17:56:35.881Z","updatedAt":"2016-11-17T17:56:35.881Z","storeservices":{"createdAt":"2016-11-17T17:57:08.169Z","updatedAt":"2016-11-17T17:57:08.169Z","storeId":12,"serviceId":12}},{"id":15,"name":"Best Buy Marine Powered by Geek Squad","createdAt":"2016-11-17T17:56:35.881Z","updatedAt":"2016-11-17T17:56:35.881Z","storeservices":{"createdAt":"2016-11-17T17:57:08.169Z","updatedAt":"2016-11-17T17:57:08.169Z","storeId":12,"serviceId":15}}]},{"id":13,"name":"Fargo","type":"BigBox","address":"1615 38th St S","address2":"","city":"Fargo","state":"ND","zip":"58103","lat":46.857113,"lng":-96.842743,"hours":"Mon: 10-9; Tue: 10-9; Wed: 10-9; Thurs: 10-9; Fri: 9-9; Sat: 9-9; Sun: 12-8","createdAt":"2016-11-17T17:57:04.603Z","updatedAt":"2016-11-17T17:57:04.603Z","services":[{"id":1,"name":"Geek Squad Services","createdAt":"2016-11-17T17:56:35.881Z","updatedAt":"2016-11-17T17:56:35.881Z","storeservices":{"createdAt":"2016-11-17T17:57:08.218Z","updatedAt":"2016-11-17T17:57:08.218Z","storeId":13,"serviceId":1}},{"id":2,"name":"Best Buy Mobile","createdAt":"2016-11-17T17:56:35.881Z","updatedAt":"2016-11-17T17:56:35.881Z","storeservices":{"createdAt":"2016-11-17T17:57:08.218Z","updatedAt":"2016-11-17T17:57:08.218Z","storeId":13,"serviceId":2}},{"id":3,"name":"Best Buy For Business","createdAt":"2016-11-17T17:56:35.881Z","updatedAt":"2016-11-17T17:56:35.881Z","storeservices":{"createdAt":"2016-11-17T17:57:08.218Z","updatedAt":"2016-11-17T17:57:08.218Z","storeId":13,"serviceId":3}},{"id":4,"name":"Apple Shop","createdAt":"2016-11-17T17:56:35.881Z","updatedAt":"2016-11-17T17:56:35.881Z","storeservices":{"createdAt":"2016-11-17T17:57:08.218Z","updatedAt":"2016-11-17T17:57:08.218Z","storeId":13,"serviceId":4}},{"id":7,"name":"Electronics Recycling","createdAt":"2016-11-17T17:56:35.881Z","updatedAt":"2016-11-17T17:56:35.881Z","storeservices":{"createdAt":"2016-11-17T17:57:08.218Z","updatedAt":"2016-11-17T17:57:08.218Z","storeId":13,"serviceId":7}},{"id":10,"name":"Windows Store","createdAt":"2016-11-17T17:56:35.881Z","updatedAt":"2016-11-17T17:56:35.881Z","storeservices":{"createdAt":"2016-11-17T17:57:08.218Z","updatedAt":"2016-11-17T17:57:08.218Z","storeId":13,"serviceId":10}},{"id":11,"name":"Samsung Experience","createdAt":"2016-11-17T17:56:35.881Z","updatedAt":"2016-11-17T17:56:35.881Z","storeservices":{"createdAt":"2016-11-17T17:57:08.218Z","updatedAt":"2016-11-17T17:57:08.218Z","storeId":13,"serviceId":11}},{"id":12,"name":"Car & GPS Installation Services","createdAt":"2016-11-17T17:56:35.881Z","updatedAt":"2016-11-17T17:56:35.881Z","storeservices":{"createdAt":"2016-11-17T17:57:08.218Z","updatedAt":"2016-11-17T17:57:08.218Z","storeId":13,"serviceId":12}},{"id":13,"name":"LG Experience ","createdAt":"2016-11-17T17:56:35.881Z","updatedAt":"2016-11-17T17:56:35.881Z","storeservices":{"createdAt":"2016-11-17T17:57:08.218Z","updatedAt":"2016-11-17T17:57:08.218Z","storeId":13,"serviceId":13}},{"id":14,"name":"Sony Experience ","createdAt":"2016-11-17T17:56:35.881Z","updatedAt":"2016-11-17T17:56:35.881Z","storeservices":{"createdAt":"2016-11-17T17:57:08.218Z","updatedAt":"2016-11-17T17:57:08.218Z","storeId":13,"serviceId":14}},{"id":15,"name":"Best Buy Marine Powered by Geek Squad","createdAt":"2016-11-17T17:56:35.881Z","updatedAt":"2016-11-17T17:56:35.881Z","storeservices":{"createdAt":"2016-11-17T17:57:08.218Z","updatedAt":"2016-11-17T17:57:08.218Z","storeId":13,"serviceId":15}}]},{"id":14,"name":"Rochester","type":"BigBox","address":"4050 Hwy 52 N","address2":"","city":"Rochester","state":"MN","zip":"55901","lat":44.064365,"lng":-92.496895,"hours":"Mon: 10-9; Tue: 10-9; Wed: 10-9; Thurs: 10-9; Fri: 10-9; Sat: 10-9; Sun: 10-8","createdAt":"2016-11-17T17:57:04.756Z","updatedAt":"2016-11-17T17:57:04.756Z","services":[{"id":1,"name":"Geek Squad Services","createdAt":"2016-11-17T17:56:35.881Z","updatedAt":"2016-11-17T17:56:35.881Z","storeservices":{"createdAt":"2016-11-17T17:57:08.328Z","updatedAt":"2016-11-17T17:57:08.328Z","storeId":14,"serviceId":1}},{"id":2,"name":"Best Buy Mobile","createdAt":"2016-11-17T17:56:35.881Z","updatedAt":"2016-11-17T17:56:35.881Z","storeservices":{"createdAt":"2016-11-17T17:57:08.328Z","updatedAt":"2016-11-17T17:57:08.328Z","storeId":14,"serviceId":2}},{"id":3,"name":"Best Buy For Business","createdAt":"2016-11-17T17:56:35.881Z","updatedAt":"2016-11-17T17:56:35.881Z","storeservices":{"createdAt":"2016-11-17T17:57:08.328Z","updatedAt":"2016-11-17T17:57:08.328Z","storeId":14,"serviceId":3}},{"id":4,"name":"Apple Shop","createdAt":"2016-11-17T17:56:35.881Z","updatedAt":"2016-11-17T17:56:35.881Z","storeservices":{"createdAt":"2016-11-17T17:57:08.328Z","updatedAt":"2016-11-17T17:57:08.328Z","storeId":14,"serviceId":4}},{"id":7,"name":"Electronics Recycling","createdAt":"2016-11-17T17:56:35.881Z","updatedAt":"2016-11-17T17:56:35.881Z","storeservices":{"createdAt":"2016-11-17T17:57:08.328Z","updatedAt":"2016-11-17T17:57:08.328Z","storeId":14,"serviceId":7}},{"id":10,"name":"Windows Store","createdAt":"2016-11-17T17:56:35.881Z","updatedAt":"2016-11-17T17:56:35.881Z","storeservices":{"createdAt":"2016-11-17T17:57:08.328Z","updatedAt":"2016-11-17T17:57:08.328Z","storeId":14,"serviceId":10}},{"id":11,"name":"Samsung Experience","createdAt":"2016-11-17T17:56:35.881Z","updatedAt":"2016-11-17T17:56:35.881Z","storeservices":{"createdAt":"2016-11-17T17:57:08.328Z","updatedAt":"2016-11-17T17:57:08.328Z","storeId":14,"serviceId":11}},{"id":12,"name":"Car & GPS Installation Services","createdAt":"2016-11-17T17:56:35.881Z","updatedAt":"2016-11-17T17:56:35.881Z","storeservices":{"createdAt":"2016-11-17T17:57:08.328Z","updatedAt":"2016-11-17T17:57:08.328Z","storeId":14,"serviceId":12}},{"id":13,"name":"LG Experience ","createdAt":"2016-11-17T17:56:35.881Z","updatedAt":"2016-11-17T17:56:35.881Z","storeservices":{"createdAt":"2016-11-17T17:57:08.328Z","updatedAt":"2016-11-17T17:57:08.328Z","storeId":14,"serviceId":13}},{"id":14,"name":"Sony Experience ","createdAt":"2016-11-17T17:56:35.881Z","updatedAt":"2016-11-17T17:56:35.881Z","storeservices":{"createdAt":"2016-11-17T17:57:08.328Z","updatedAt":"2016-11-17T17:57:08.328Z","storeId":14,"serviceId":14}}]},{"id":15,"name":"Oakdale","type":"BigBox","address":"8301 3rd St N","address2":"","city":"Oakdale","state":"MN","zip":"55128","lat":44.950054,"lng":-92.936394,"hours":"Mon: 10-9; Tue: 10-9; Wed: 10-9; Thurs: 10-9; Fri: 10-9; Sat: 10-9; Sun: 10-8","createdAt":"2016-11-17T17:57:04.813Z","updatedAt":"2016-11-17T17:57:04.813Z","services":[{"id":1,"name":"Geek Squad Services","createdAt":"2016-11-17T17:56:35.881Z","updatedAt":"2016-11-17T17:56:35.881Z","storeservices":{"createdAt":"2016-11-17T17:57:08.361Z","updatedAt":"2016-11-17T17:57:08.361Z","storeId":15,"serviceId":1}},{"id":2,"name":"Best Buy Mobile","createdAt":"2016-11-17T17:56:35.881Z","updatedAt":"2016-11-17T17:56:35.881Z","storeservices":{"createdAt":"2016-11-17T17:57:08.361Z","updatedAt":"2016-11-17T17:57:08.361Z","storeId":15,"serviceId":2}},{"id":3,"name":"Best Buy For Business","createdAt":"2016-11-17T17:56:35.881Z","updatedAt":"2016-11-17T17:56:35.881Z","storeservices":{"createdAt":"2016-11-17T17:57:08.361Z","updatedAt":"2016-11-17T17:57:08.361Z","storeId":15,"serviceId":3}},{"id":4,"name":"Apple Shop","createdAt":"2016-11-17T17:56:35.881Z","updatedAt":"2016-11-17T17:56:35.881Z","storeservices":{"createdAt":"2016-11-17T17:57:08.361Z","updatedAt":"2016-11-17T17:57:08.361Z","storeId":15,"serviceId":4}},{"id":7,"name":"Electronics Recycling","createdAt":"2016-11-17T17:56:35.881Z","updatedAt":"2016-11-17T17:56:35.881Z","storeservices":{"createdAt":"2016-11-17T17:57:08.361Z","updatedAt":"2016-11-17T17:57:08.361Z","storeId":15,"serviceId":7}},{"id":10,"name":"Windows Store","createdAt":"2016-11-17T17:56:35.881Z","updatedAt":"2016-11-17T17:56:35.881Z","storeservices":{"createdAt":"2016-11-17T17:57:08.361Z","updatedAt":"2016-11-17T17:57:08.361Z","storeId":15,"serviceId":10}},{"id":11,"name":"Samsung Experience","createdAt":"2016-11-17T17:56:35.881Z","updatedAt":"2016-11-17T17:56:35.881Z","storeservices":{"createdAt":"2016-11-17T17:57:08.361Z","updatedAt":"2016-11-17T17:57:08.361Z","storeId":15,"serviceId":11}},{"id":12,"name":"Car & GPS Installation Services","createdAt":"2016-11-17T17:56:35.881Z","updatedAt":"2016-11-17T17:56:35.881Z","storeservices":{"createdAt":"2016-11-17T17:57:08.361Z","updatedAt":"2016-11-17T17:57:08.361Z","storeId":15,"serviceId":12}},{"id":13,"name":"LG Experience ","createdAt":"2016-11-17T17:56:35.881Z","updatedAt":"2016-11-17T17:56:35.881Z","storeservices":{"createdAt":"2016-11-17T17:57:08.361Z","updatedAt":"2016-11-17T17:57:08.361Z","storeId":15,"serviceId":13}},{"id":14,"name":"Sony Experience ","createdAt":"2016-11-17T17:56:35.881Z","updatedAt":"2016-11-17T17:56:35.881Z","storeservices":{"createdAt":"2016-11-17T17:57:08.361Z","updatedAt":"2016-11-17T17:57:08.361Z","storeId":15,"serviceId":14}},{"id":17,"name":"Magnolia Design Center ","createdAt":"2016-11-17T17:56:35.881Z","updatedAt":"2016-11-17T17:56:35.881Z","storeservices":{"createdAt":"2016-11-17T17:57:08.361Z","updatedAt":"2016-11-17T17:57:08.361Z","storeId":15,"serviceId":17}},{"id":18,"name":"Geek Squad Solution Central","createdAt":"2016-11-17T17:56:35.881Z","updatedAt":"2016-11-17T17:56:35.881Z","storeservices":{"createdAt":"2016-11-17T17:57:08.361Z","updatedAt":"2016-11-17T17:57:08.361Z","storeId":15,"serviceId":18}},{"id":19,"name":"Pacific Kitchen & Home","createdAt":"2016-11-17T17:56:35.881Z","updatedAt":"2016-11-17T17:56:35.881Z","storeservices":{"createdAt":"2016-11-17T17:57:08.361Z","updatedAt":"2016-11-17T17:57:08.361Z","storeId":15,"serviceId":19}}]},{"id":16,"name":"West Des Moines","type":"BigBox","address":"4100 University Ave","address2":"Ste 240","city":"West Des Moines","state":"IA","zip":"50265","lat":41.599323,"lng":-93.760139,"hours":"Mon: 10-9; Tue: 10-9; Wed: 10-9; Thurs: 10-9; Fri: 9-9; Sat: 9-9; Sun: 10-8","createdAt":"2016-11-17T17:57:04.845Z","updatedAt":"2016-11-17T17:57:04.845Z","services":[{"id":1,"name":"Geek Squad Services","createdAt":"2016-11-17T17:56:35.881Z","updatedAt":"2016-11-17T17:56:35.881Z","storeservices":{"createdAt":"2016-11-17T17:57:08.418Z","updatedAt":"2016-11-17T17:57:08.418Z","storeId":16,"serviceId":1}},{"id":2,"name":"Best Buy Mobile","createdAt":"2016-11-17T17:56:35.881Z","updatedAt":"2016-11-17T17:56:35.881Z","storeservices":{"createdAt":"2016-11-17T17:57:08.418Z","updatedAt":"2016-11-17T17:57:08.418Z","storeId":16,"serviceId":2}},{"id":3,"name":"Best Buy For Business","createdAt":"2016-11-17T17:56:35.881Z","updatedAt":"2016-11-17T17:56:35.881Z","storeservices":{"createdAt":"2016-11-17T17:57:08.418Z","updatedAt":"2016-11-17T17:57:08.418Z","storeId":16,"serviceId":3}},{"id":4,"name":"Apple Shop","createdAt":"2016-11-17T17:56:35.881Z","updatedAt":"2016-11-17T17:56:35.881Z","storeservices":{"createdAt":"2016-11-17T17:57:08.418Z","updatedAt":"2016-11-17T17:57:08.418Z","storeId":16,"serviceId":4}},{"id":5,"name":"Hablamos Español","createdAt":"2016-11-17T17:56:35.881Z","updatedAt":"2016-11-17T17:56:35.881Z","storeservices":{"createdAt":"2016-11-17T17:57:08.418Z","updatedAt":"2016-11-17T17:57:08.418Z","storeId":16,"serviceId":5}},{"id":6,"name":"Camera Experience Shop ","createdAt":"2016-11-17T17:56:35.881Z","updatedAt":"2016-11-17T17:56:35.881Z","storeservices":{"createdAt":"2016-11-17T17:57:08.418Z","updatedAt":"2016-11-17T17:57:08.418Z","storeId":16,"serviceId":6}},{"id":7,"name":"Electronics Recycling","createdAt":"2016-11-17T17:56:35.881Z","updatedAt":"2016-11-17T17:56:35.881Z","storeservices":{"createdAt":"2016-11-17T17:57:08.418Z","updatedAt":"2016-11-17T17:57:08.418Z","storeId":16,"serviceId":7}},{"id":8,"name":"Magnolia Home Theater","createdAt":"2016-11-17T17:56:35.881Z","updatedAt":"2016-11-17T17:56:35.881Z","storeservices":{"createdAt":"2016-11-17T17:57:08.418Z","updatedAt":"2016-11-17T17:57:08.418Z","storeId":16,"serviceId":8}},{"id":10,"name":"Windows Store","createdAt":"2016-11-17T17:56:35.881Z","updatedAt":"2016-11-17T17:56:35.881Z","storeservices":{"createdAt":"2016-11-17T17:57:08.418Z","updatedAt":"2016-11-17T17:57:08.418Z","storeId":16,"serviceId":10}},{"id":11,"name":"Samsung Experience","createdAt":"2016-11-17T17:56:35.881Z","updatedAt":"2016-11-17T17:56:35.881Z","storeservices":{"createdAt":"2016-11-17T17:57:08.418Z","updatedAt":"2016-11-17T17:57:08.418Z","storeId":16,"serviceId":11}},{"id":12,"name":"Car & GPS Installation Services","createdAt":"2016-11-17T17:56:35.881Z","updatedAt":"2016-11-17T17:56:35.881Z","storeservices":{"createdAt":"2016-11-17T17:57:08.418Z","updatedAt":"2016-11-17T17:57:08.418Z","storeId":16,"serviceId":12}},{"id":19,"name":"Pacific Kitchen & Home","createdAt":"2016-11-17T17:56:35.881Z","updatedAt":"2016-11-17T17:56:35.881Z","storeservices":{"createdAt":"2016-11-17T17:57:08.418Z","updatedAt":"2016-11-17T17:57:08.418Z","storeId":16,"serviceId":19}}]}]}

22:49:09.536 [ForkJoinPool-1-worker-3] INFO  com.intuit.karate - karate.env system property was: null 
22:49:09.545 [ForkJoinPool-1-worker-3] DEBUG com.intuit.karate - request:
1 > GET http://localhost:3030/healthcheck
1 > Accept-Encoding: gzip,deflate
1 > Connection: Keep-Alive
1 > Host: localhost:3030
1 > User-Agent: Apache-HttpClient/4.5.5 (Java/1.8.0_221)

22:49:09.803 [ForkJoinPool-1-worker-5] DEBUG com.intuit.karate - response time in milliseconds: 351.73
1 < 200
1 < Access-Control-Allow-Origin: *
1 < Allow: GET,POST,PUT,PATCH,DELETE
1 < Connection: keep-alive
1 < Content-Type: application/json; charset=utf-8
1 < Date: Fri, 08 Nov 2019 17:19:09 GMT
1 < ETag: W/"7226-6e2fjUN7t+OTac0BPqciHZXOz2M"
1 < Transfer-Encoding: chunked
1 < Vary: Accept, Accept-Encoding
1 < X-Powered-By: Express
{"total":46,"limit":10,"skip":0,"data":[{"id":4,"name":"Minnetonka","type":"BigBox","address":"13513 Ridgedale Dr","address2":"","city":"Hopkins","state":"MN","zip":"55305","lat":44.969658,"lng":-93.449539,"hours":"Mon: 10-9; Tue: 10-9; Wed: 10-9; Thurs: 10-9; Fri: 10-9; Sat: 10-9; Sun: 10-8","createdAt":"2016-11-17T17:57:05.708Z","updatedAt":"2016-11-17T17:57:05.708Z","services":[{"id":1,"name":"Geek Squad Services","createdAt":"2016-11-17T17:56:35.881Z","updatedAt":"2016-11-17T17:56:35.881Z","storeservices":{"createdAt":"2016-11-17T17:57:09.213Z","updatedAt":"2016-11-17T17:57:09.213Z","storeId":4,"serviceId":1}},{"id":2,"name":"Best Buy Mobile","createdAt":"2016-11-17T17:56:35.881Z","updatedAt":"2016-11-17T17:56:35.881Z","storeservices":{"createdAt":"2016-11-17T17:57:09.213Z","updatedAt":"2016-11-17T17:57:09.213Z","storeId":4,"serviceId":2}},{"id":3,"name":"Best Buy For Business","createdAt":"2016-11-17T17:56:35.881Z","updatedAt":"2016-11-17T17:56:35.881Z","storeservices":{"createdAt":"2016-11-17T17:57:09.213Z","updatedAt":"2016-11-17T17:57:09.213Z","storeId":4,"serviceId":3}},{"id":4,"name":"Apple Shop","createdAt":"2016-11-17T17:56:35.881Z","updatedAt":"2016-11-17T17:56:35.881Z","storeservices":{"createdAt":"2016-11-17T17:57:09.213Z","updatedAt":"2016-11-17T17:57:09.213Z","storeId":4,"serviceId":4}},{"id":7,"name":"Electronics Recycling","createdAt":"2016-11-17T17:56:35.881Z","updatedAt":"2016-11-17T17:56:35.881Z","storeservices":{"createdAt":"2016-11-17T17:57:09.213Z","updatedAt":"2016-11-17T17:57:09.213Z","storeId":4,"serviceId":7}},{"id":10,"name":"Windows Store","createdAt":"2016-11-17T17:56:35.881Z","updatedAt":"2016-11-17T17:56:35.881Z","storeservices":{"createdAt":"2016-11-17T17:57:09.213Z","updatedAt":"2016-11-17T17:57:09.213Z","storeId":4,"serviceId":10}},{"id":11,"name":"Samsung Experience","createdAt":"2016-11-17T17:56:35.881Z","updatedAt":"2016-11-17T17:56:35.881Z","storeservices":{"createdAt":"2016-11-17T17:57:09.213Z","updatedAt":"2016-11-17T17:57:09.213Z","storeId":4,"serviceId":11}},{"id":12,"name":"Car & GPS Installation Services","createdAt":"2016-11-17T17:56:35.881Z","updatedAt":"2016-11-17T17:56:35.881Z","storeservices":{"createdAt":"2016-11-17T17:57:09.213Z","updatedAt":"2016-11-17T17:57:09.213Z","storeId":4,"serviceId":12}},{"id":13,"name":"LG Experience ","createdAt":"2016-11-17T17:56:35.881Z","updatedAt":"2016-11-17T17:56:35.881Z","storeservices":{"createdAt":"2016-11-17T17:57:09.213Z","updatedAt":"2016-11-17T17:57:09.213Z","storeId":4,"serviceId":13}},{"id":14,"name":"Sony Experience ","createdAt":"2016-11-17T17:56:35.881Z","updatedAt":"2016-11-17T17:56:35.881Z","storeservices":{"createdAt":"2016-11-17T17:57:09.213Z","updatedAt":"2016-11-17T17:57:09.213Z","storeId":4,"serviceId":14}},{"id":15,"name":"Best Buy Marine Powered by Geek Squad","createdAt":"2016-11-17T17:56:35.881Z","updatedAt":"2016-11-17T17:56:35.881Z","storeservices":{"createdAt":"2016-11-17T17:57:09.213Z","updatedAt":"2016-11-17T17:57:09.213Z","storeId":4,"serviceId":15}},{"id":17,"name":"Magnolia Design Center ","createdAt":"2016-11-17T17:56:35.881Z","updatedAt":"2016-11-17T17:56:35.881Z","storeservices":{"createdAt":"2016-11-17T17:57:09.213Z","updatedAt":"2016-11-17T17:57:09.213Z","storeId":4,"serviceId":17}},{"id":18,"name":"Geek Squad Solution Central","createdAt":"2016-11-17T17:56:35.881Z","updatedAt":"2016-11-17T17:56:35.881Z","storeservices":{"createdAt":"2016-11-17T17:57:09.213Z","updatedAt":"2016-11-17T17:57:09.213Z","storeId":4,"serviceId":18}},{"id":19,"name":"Pacific Kitchen & Home","createdAt":"2016-11-17T17:56:35.881Z","updatedAt":"2016-11-17T17:56:35.881Z","storeservices":{"createdAt":"2016-11-17T17:57:09.213Z","updatedAt":"2016-11-17T17:57:09.213Z","storeId":4,"serviceId":19}}]},{"id":6,"name":"Inver Grove Heights","type":"BigBox","address":"1350 50th Street E","address2":"","city":"Inver Grove Heights","state":"MN","zip":"55077","lat":44.879314,"lng":-93.077156,"hours":"Mon: 10-9; Tue: 10-9; Wed: 10-9; Thurs: 10-9; Fri: 10-9; Sat: 10-9; Sun: 10-8","createdAt":"2016-11-17T17:57:05.831Z","updatedAt":"2016-11-17T17:57:05.831Z","services":[{"id":1,"name":"Geek Squad Services","createdAt":"2016-11-17T17:56:35.881Z","updatedAt":"2016-11-17T17:56:35.881Z","storeservices":{"createdAt":"2016-11-17T17:57:09.414Z","updatedAt":"2016-11-17T17:57:09.414Z","storeId":6,"serviceId":1}},{"id":2,"name":"Best Buy Mobile","createdAt":"2016-11-17T17:56:35.881Z","updatedAt":"2016-11-17T17:56:35.881Z","storeservices":{"createdAt":"2016-11-17T17:57:09.414Z","updatedAt":"2016-11-17T17:57:09.414Z","storeId":6,"serviceId":2}},{"id":3,"name":"Best Buy For Business","createdAt":"2016-11-17T17:56:35.881Z","updatedAt":"2016-11-17T17:56:35.881Z","storeservices":{"createdAt":"2016-11-17T17:57:09.414Z","updatedAt":"2016-11-17T17:57:09.414Z","storeId":6,"serviceId":3}},{"id":4,"name":"Apple Shop","createdAt":"2016-11-17T17:56:35.881Z","updatedAt":"2016-11-17T17:56:35.881Z","storeservices":{"createdAt":"2016-11-17T17:57:09.414Z","updatedAt":"2016-11-17T17:57:09.414Z","storeId":6,"serviceId":4}},{"id":5,"name":"Hablamos Español","createdAt":"2016-11-17T17:56:35.881Z","updatedAt":"2016-11-17T17:56:35.881Z","storeservices":{"createdAt":"2016-11-17T17:57:09.414Z","updatedAt":"2016-11-17T17:57:09.414Z","storeId":6,"serviceId":5}},{"id":7,"name":"Electronics Recycling","createdAt":"2016-11-17T17:56:35.881Z","updatedAt":"2016-11-17T17:56:35.881Z","storeservices":{"createdAt":"2016-11-17T17:57:09.414Z","updatedAt":"2016-11-17T17:57:09.414Z","storeId":6,"serviceId":7}},{"id":9,"name":"Samsung Experience Shop","createdAt":"2016-11-17T17:56:35.881Z","updatedAt":"2016-11-17T17:56:35.881Z","storeservices":{"createdAt":"2016-11-17T17:57:09.414Z","updatedAt":"2016-11-17T17:57:09.414Z","storeId":6,"serviceId":9}},{"id":10,"name":"Windows Store","createdAt":"2016-11-17T17:56:35.881Z","updatedAt":"2016-11-17T17:56:35.881Z","storeservices":{"createdAt":"2016-11-17T17:57:09.414Z","updatedAt":"2016-11-17T17:57:09.414Z","storeId":6,"serviceId":10}},{"id":12,"name":"Car & GPS Installation Services","createdAt":"2016-11-17T17:56:35.881Z","updatedAt":"2016-11-17T17:56:35.881Z","storeservices":{"createdAt":"2016-11-17T17:57:09.414Z","updatedAt":"2016-11-17T17:57:09.414Z","storeId":6,"serviceId":12}},{"id":18,"name":"Geek Squad Solution Central","createdAt":"2016-11-17T17:56:35.881Z","updatedAt":"2016-11-17T17:56:35.881Z","storeservices":{"createdAt":"2016-11-17T17:57:09.414Z","updatedAt":"2016-11-17T17:57:09.414Z","storeId":6,"serviceId":18}}]},{"id":7,"name":"Roseville","type":"BigBox","address":"1643 County Road B2","address2":"","city":"Roseville","state":"MN","zip":"55113","lat":45.01651,"lng":-93.168518,"hours":"Mon: 10-9; Tue: 10-9; Wed: 10-9; Thurs: 10-9; Fri: 10-9; Sat: 10-9; Sun: 10-8","createdAt":"2016-11-17T17:57:05.853Z","updatedAt":"2016-11-17T17:57:05.853Z","services":[{"id":1,"name":"Geek Squad Services","createdAt":"2016-11-17T17:56:35.881Z","updatedAt":"2016-11-17T17:56:35.881Z","storeservices":{"createdAt":"2016-11-17T17:57:09.417Z","updatedAt":"2016-11-17T17:57:09.417Z","storeId":7,"serviceId":1}},{"id":2,"name":"Best Buy Mobile","createdAt":"2016-11-17T17:56:35.881Z","updatedAt":"2016-11-17T17:56:35.881Z","storeservices":{"createdAt":"2016-11-17T17:57:09.417Z","updatedAt":"2016-11-17T17:57:09.417Z","storeId":7,"serviceId":2}},{"id":3,"name":"Best Buy For Business","createdAt":"2016-11-17T17:56:35.881Z","updatedAt":"2016-11-17T17:56:35.881Z","storeservices":{"createdAt":"2016-11-17T17:57:09.417Z","updatedAt":"2016-11-17T17:57:09.417Z","storeId":7,"serviceId":3}},{"id":4,"name":"Apple Shop","createdAt":"2016-11-17T17:56:35.881Z","updatedAt":"2016-11-17T17:56:35.881Z","storeservices":{"createdAt":"2016-11-17T17:57:09.417Z","updatedAt":"2016-11-17T17:57:09.417Z","storeId":7,"serviceId":4}},{"id":5,"name":"Hablamos Español","createdAt":"2016-11-17T17:56:35.881Z","updatedAt":"2016-11-17T17:56:35.881Z","storeservices":{"createdAt":"2016-11-17T17:57:09.417Z","updatedAt":"2016-11-17T17:57:09.417Z","storeId":7,"serviceId":5}},{"id":6,"name":"Camera Experience Shop ","createdAt":"2016-11-17T17:56:35.881Z","updatedAt":"2016-11-17T17:56:35.881Z","storeservices":{"createdAt":"2016-11-17T17:57:09.417Z","updatedAt":"2016-11-17T17:57:09.417Z","storeId":7,"serviceId":6}},{"id":7,"name":"Electronics Recycling","createdAt":"2016-11-17T17:56:35.881Z","updatedAt":"2016-11-17T17:56:35.881Z","storeservices":{"createdAt":"2016-11-17T17:57:09.417Z","updatedAt":"2016-11-17T17:57:09.417Z","storeId":7,"serviceId":7}},{"id":8,"name":"Magnolia Home Theater","createdAt":"2016-11-17T17:56:35.881Z","updatedAt":"2016-11-17T17:56:35.881Z","storeservices":{"createdAt":"2016-11-17T17:57:09.417Z","updatedAt":"2016-11-17T17:57:09.417Z","storeId":7,"serviceId":8}},{"id":10,"name":"Windows Store","createdAt":"2016-11-17T17:56:35.881Z","updatedAt":"2016-11-17T17:56:35.881Z","storeservices":{"createdAt":"2016-11-17T17:57:09.417Z","updatedAt":"2016-11-17T17:57:09.417Z","storeId":7,"serviceId":10}},{"id":11,"name":"Samsung Experience","createdAt":"2016-11-17T17:56:35.881Z","updatedAt":"2016-11-17T17:56:35.881Z","storeservices":{"createdAt":"2016-11-17T17:57:09.417Z","updatedAt":"2016-11-17T17:57:09.417Z","storeId":7,"serviceId":11}},{"id":12,"name":"Car & GPS Installation Services","createdAt":"2016-11-17T17:56:35.881Z","updatedAt":"2016-11-17T17:56:35.881Z","storeservices":{"createdAt":"2016-11-17T17:57:09.417Z","updatedAt":"2016-11-17T17:57:09.417Z","storeId":7,"serviceId":12}},{"id":15,"name":"Best Buy Marine Powered by Geek Squad","createdAt":"2016-11-17T17:56:35.881Z","updatedAt":"2016-11-17T17:56:35.881Z","storeservices":{"createdAt":"2016-11-17T17:57:09.417Z","updatedAt":"2016-11-17T17:57:09.417Z","storeId":7,"serviceId":15}},{"id":18,"name":"Geek Squad Solution Central","createdAt":"2016-11-17T17:56:35.881Z","updatedAt":"2016-11-17T17:56:35.881Z","storeservices":{"createdAt":"2016-11-17T17:57:09.417Z","updatedAt":"2016-11-17T17:57:09.417Z","storeId":7,"serviceId":18}},{"id":19,"name":"Pacific Kitchen & Home","createdAt":"2016-11-17T17:56:35.881Z","updatedAt":"2016-11-17T17:56:35.881Z","storeservices":{"createdAt":"2016-11-17T17:57:09.417Z","updatedAt":"2016-11-17T17:57:09.417Z","storeId":7,"serviceId":19}}]},{"id":8,"name":"Burnsville","type":"BigBox","address":"14141 Aldrich Ave S","address2":"","city":"Burnsville","state":"MN","zip":"55337","lat":44.747404,"lng":-93.288039,"hours":"Mon: 10-9; Tue: 10-9; Wed: 10-9; Thurs: 10-9; Fri: 10-9; Sat: 10-9; Sun: 10-8","createdAt":"2016-11-17T17:57:06.108Z","updatedAt":"2016-11-17T17:57:06.108Z","services":[{"id":1,"name":"Geek Squad Services","createdAt":"2016-11-17T17:56:35.881Z","updatedAt":"2016-11-17T17:56:35.881Z","storeservices":{"createdAt":"2016-11-17T17:57:09.595Z","updatedAt":"2016-11-17T17:57:09.595Z","storeId":8,"serviceId":1}},{"id":2,"name":"Best Buy Mobile","createdAt":"2016-11-17T17:56:35.881Z","updatedAt":"2016-11-17T17:56:35.881Z","storeservices":{"createdAt":"2016-11-17T17:57:09.595Z","updatedAt":"2016-11-17T17:57:09.595Z","storeId":8,"serviceId":2}},{"id":3,"name":"Best Buy For Business","createdAt":"2016-11-17T17:56:35.881Z","updatedAt":"2016-11-17T17:56:35.881Z","storeservices":{"createdAt":"2016-11-17T17:57:09.595Z","updatedAt":"2016-11-17T17:57:09.595Z","storeId":8,"serviceId":3}},{"id":4,"name":"Apple Shop","createdAt":"2016-11-17T17:56:35.881Z","updatedAt":"2016-11-17T17:56:35.881Z","storeservices":{"createdAt":"2016-11-17T17:57:09.595Z","updatedAt":"2016-11-17T17:57:09.595Z","storeId":8,"serviceId":4}},{"id":7,"name":"Electronics Recycling","createdAt":"2016-11-17T17:56:35.881Z","updatedAt":"2016-11-17T17:56:35.881Z","storeservices":{"createdAt":"2016-11-17T17:57:09.595Z","updatedAt":"2016-11-17T17:57:09.595Z","storeId":8,"serviceId":7}},{"id":9,"name":"Samsung Experience Shop","createdAt":"2016-11-17T17:56:35.881Z","updatedAt":"2016-11-17T17:56:35.881Z","storeservices":{"createdAt":"2016-11-17T17:57:09.595Z","updatedAt":"2016-11-17T17:57:09.595Z","storeId":8,"serviceId":9}},{"id":18,"name":"Geek Squad Solution Central","createdAt":"2016-11-17T17:56:35.881Z","updatedAt":"2016-11-17T17:56:35.881Z","storeservices":{"createdAt":"2016-11-17T17:57:09.595Z","updatedAt":"2016-11-17T17:57:09.595Z","storeId":8,"serviceId":18}}]},{"id":10,"name":"Maplewood","type":"BigBox","address":"1795 County Rd D E","address2":"","city":"Maplewood","state":"MN","zip":"55109","lat":45.036556,"lng":-93.025986,"hours":"Mon: 10-9; Tue: 10-9; Wed: 10-9; Thurs: 10-9; Fri: 10-9; Sat: 10-9; Sun: 10-8","createdAt":"2016-11-17T17:57:04.414Z","updatedAt":"2016-11-17T17:57:04.414Z","services":[{"id":1,"name":"Geek Squad Services","createdAt":"2016-11-17T17:56:35.881Z","updatedAt":"2016-11-17T17:56:35.881Z","storeservices":{"createdAt":"2016-11-17T17:57:08.033Z","updatedAt":"2016-11-17T17:57:08.033Z","storeId":10,"serviceId":1}},{"id":2,"name":"Best Buy Mobile","createdAt":"2016-11-17T17:56:35.881Z","updatedAt":"2016-11-17T17:56:35.881Z","storeservices":{"createdAt":"2016-11-17T17:57:08.033Z","updatedAt":"2016-11-17T17:57:08.033Z","storeId":10,"serviceId":2}},{"id":3,"name":"Best Buy For Business","createdAt":"2016-11-17T17:56:35.881Z","updatedAt":"2016-11-17T17:56:35.881Z","storeservices":{"createdAt":"2016-11-17T17:57:08.033Z","updatedAt":"2016-11-17T17:57:08.033Z","storeId":10,"serviceId":3}},{"id":4,"name":"Apple Shop","createdAt":"2016-11-17T17:56:35.881Z","updatedAt":"2016-11-17T17:56:35.881Z","storeservices":{"createdAt":"2016-11-17T17:57:08.033Z","updatedAt":"2016-11-17T17:57:08.033Z","storeId":10,"serviceId":4}},{"id":7,"name":"Electronics Recycling","createdAt":"2016-11-17T17:56:35.881Z","updatedAt":"2016-11-17T17:56:35.881Z","storeservices":{"createdAt":"2016-11-17T17:57:08.033Z","updatedAt":"2016-11-17T17:57:08.033Z","storeId":10,"serviceId":7}},{"id":8,"name":"Magnolia Home Theater","createdAt":"2016-11-17T17:56:35.881Z","updatedAt":"2016-11-17T17:56:35.881Z","storeservices":{"createdAt":"2016-11-17T17:57:08.033Z","updatedAt":"2016-11-17T17:57:08.033Z","storeId":10,"serviceId":8}},{"id":10,"name":"Windows Store","createdAt":"2016-11-17T17:56:35.881Z","updatedAt":"2016-11-17T17:56:35.881Z","storeservices":{"createdAt":"2016-11-17T17:57:08.033Z","updatedAt":"2016-11-17T17:57:08.033Z","storeId":10,"serviceId":10}},{"id":11,"name":"Samsung Experience","createdAt":"2016-11-17T17:56:35.881Z","updatedAt":"2016-11-17T17:56:35.881Z","storeservices":{"createdAt":"2016-11-17T17:57:08.033Z","updatedAt":"2016-11-17T17:57:08.033Z","storeId":10,"serviceId":11}},{"id":12,"name":"Car & GPS Installation Services","createdAt":"2016-11-17T17:56:35.881Z","updatedAt":"2016-11-17T17:56:35.881Z","storeservices":{"createdAt":"2016-11-17T17:57:08.033Z","updatedAt":"2016-11-17T17:57:08.033Z","storeId":10,"serviceId":12}},{"id":13,"name":"LG Experience ","createdAt":"2016-11-17T17:56:35.881Z","updatedAt":"2016-11-17T17:56:35.881Z","storeservices":{"createdAt":"2016-11-17T17:57:08.033Z","updatedAt":"2016-11-17T17:57:08.033Z","storeId":10,"serviceId":13}},{"id":14,"name":"Sony Experience ","createdAt":"2016-11-17T17:56:35.881Z","updatedAt":"2016-11-17T17:56:35.881Z","storeservices":{"createdAt":"2016-11-17T17:57:08.033Z","updatedAt":"2016-11-17T17:57:08.033Z","storeId":10,"serviceId":14}},{"id":18,"name":"Geek Squad Solution Central","createdAt":"2016-11-17T17:56:35.881Z","updatedAt":"2016-11-17T17:56:35.881Z","storeservices":{"createdAt":"2016-11-17T17:57:08.033Z","updatedAt":"2016-11-17T17:57:08.033Z","storeId":10,"serviceId":18}}]},{"id":11,"name":"Northtown","type":"BigBox","address":"300 Northtown Dr Ne","address2":"","city":"Blaine","state":"MN","zip":"55434","lat":45.126179,"lng":-93.261429,"hours":"Mon: 10-9; Tue: 10-9; Wed: 10-9; Thurs: 10-9; Fri: 10-9; Sat: 10-9; Sun: 10-8","createdAt":"2016-11-17T17:57:04.542Z","updatedAt":"2016-11-17T17:57:04.542Z","services":[{"id":1,"name":"Geek Squad Services","createdAt":"2016-11-17T17:56:35.881Z","updatedAt":"2016-11-17T17:56:35.881Z","storeservices":{"createdAt":"2016-11-17T17:57:08.154Z","updatedAt":"2016-11-17T17:57:08.154Z","storeId":11,"serviceId":1}},{"id":2,"name":"Best Buy Mobile","createdAt":"2016-11-17T17:56:35.881Z","updatedAt":"2016-11-17T17:56:35.881Z","storeservices":{"createdAt":"2016-11-17T17:57:08.154Z","updatedAt":"2016-11-17T17:57:08.154Z","storeId":11,"serviceId":2}},{"id":3,"name":"Best Buy For Business","createdAt":"2016-11-17T17:56:35.881Z","updatedAt":"2016-11-17T17:56:35.881Z","storeservices":{"createdAt":"2016-11-17T17:57:08.154Z","updatedAt":"2016-11-17T17:57:08.154Z","storeId":11,"serviceId":3}},{"id":5,"name":"Hablamos Español","createdAt":"2016-11-17T17:56:35.881Z","updatedAt":"2016-11-17T17:56:35.881Z","storeservices":{"createdAt":"2016-11-17T17:57:08.154Z","updatedAt":"2016-11-17T17:57:08.154Z","storeId":11,"serviceId":5}},{"id":7,"name":"Electronics Recycling","createdAt":"2016-11-17T17:56:35.881Z","updatedAt":"2016-11-17T17:56:35.881Z","storeservices":{"createdAt":"2016-11-17T17:57:08.154Z","updatedAt":"2016-11-17T17:57:08.154Z","storeId":11,"serviceId":7}},{"id":9,"name":"Samsung Experience Shop","createdAt":"2016-11-17T17:56:35.881Z","updatedAt":"2016-11-17T17:56:35.881Z","storeservices":{"createdAt":"2016-11-17T17:57:08.154Z","updatedAt":"2016-11-17T17:57:08.154Z","storeId":11,"serviceId":9}},{"id":10,"name":"Windows Store","createdAt":"2016-11-17T17:56:35.881Z","updatedAt":"2016-11-17T17:56:35.881Z","storeservices":{"createdAt":"2016-11-17T17:57:08.154Z","updatedAt":"2016-11-17T17:57:08.154Z","storeId":11,"serviceId":10}},{"id":12,"name":"Car & GPS Installation Services","createdAt":"2016-11-17T17:56:35.881Z","updatedAt":"2016-11-17T17:56:35.881Z","storeservices":{"createdAt":"2016-11-17T17:57:08.154Z","updatedAt":"2016-11-17T17:57:08.154Z","storeId":11,"serviceId":12}}]},{"id":12,"name":"St Cloud","type":"BigBox","address":"4130 W Division St","address2":"","city":"Saint Cloud","state":"MN","zip":"56301","lat":45.55275,"lng":-94.209656,"hours":"Mon: 10-9; Tue: 10-9; Wed: 10-9; Thurs: 10-9; Fri: 9-9; Sat: 9-9; Sun: 10-8","createdAt":"2016-11-17T17:57:04.575Z","updatedAt":"2016-11-17T17:57:04.575Z","services":[{"id":1,"name":"Geek Squad Services","createdAt":"2016-11-17T17:56:35.881Z","updatedAt":"2016-11-17T17:56:35.881Z","storeservices":{"createdAt":"2016-11-17T17:57:08.169Z","updatedAt":"2016-11-17T17:57:08.169Z","storeId":12,"serviceId":1}},{"id":2,"name":"Best Buy Mobile","createdAt":"2016-11-17T17:56:35.881Z","updatedAt":"2016-11-17T17:56:35.881Z","storeservices":{"createdAt":"2016-11-17T17:57:08.169Z","updatedAt":"2016-11-17T17:57:08.169Z","storeId":12,"serviceId":2}},{"id":3,"name":"Best Buy For Business","createdAt":"2016-11-17T17:56:35.881Z","updatedAt":"2016-11-17T17:56:35.881Z","storeservices":{"createdAt":"2016-11-17T17:57:08.169Z","updatedAt":"2016-11-17T17:57:08.169Z","storeId":12,"serviceId":3}},{"id":4,"name":"Apple Shop","createdAt":"2016-11-17T17:56:35.881Z","updatedAt":"2016-11-17T17:56:35.881Z","storeservices":{"createdAt":"2016-11-17T17:57:08.169Z","updatedAt":"2016-11-17T17:57:08.169Z","storeId":12,"serviceId":4}},{"id":5,"name":"Hablamos Español","createdAt":"2016-11-17T17:56:35.881Z","updatedAt":"2016-11-17T17:56:35.881Z","storeservices":{"createdAt":"2016-11-17T17:57:08.169Z","updatedAt":"2016-11-17T17:57:08.169Z","storeId":12,"serviceId":5}},{"id":7,"name":"Electronics Recycling","createdAt":"2016-11-17T17:56:35.881Z","updatedAt":"2016-11-17T17:56:35.881Z","storeservices":{"createdAt":"2016-11-17T17:57:08.169Z","updatedAt":"2016-11-17T17:57:08.169Z","storeId":12,"serviceId":7}},{"id":10,"name":"Windows Store","createdAt":"2016-11-17T17:56:35.881Z","updatedAt":"2016-11-17T17:56:35.881Z","storeservices":{"createdAt":"2016-11-17T17:57:08.169Z","updatedAt":"2016-11-17T17:57:08.169Z","storeId":12,"serviceId":10}},{"id":11,"name":"Samsung Experience","createdAt":"2016-11-17T17:56:35.881Z","updatedAt":"2016-11-17T17:56:35.881Z","storeservices":{"createdAt":"2016-11-17T17:57:08.169Z","updatedAt":"2016-11-17T17:57:08.169Z","storeId":12,"serviceId":11}},{"id":12,"name":"Car & GPS Installation Services","createdAt":"2016-11-17T17:56:35.881Z","updatedAt":"2016-11-17T17:56:35.881Z","storeservices":{"createdAt":"2016-11-17T17:57:08.169Z","updatedAt":"2016-11-17T17:57:08.169Z","storeId":12,"serviceId":12}},{"id":15,"name":"Best Buy Marine Powered by Geek Squad","createdAt":"2016-11-17T17:56:35.881Z","updatedAt":"2016-11-17T17:56:35.881Z","storeservices":{"createdAt":"2016-11-17T17:57:08.169Z","updatedAt":"2016-11-17T17:57:08.169Z","storeId":12,"serviceId":15}}]},{"id":14,"name":"Rochester","type":"BigBox","address":"4050 Hwy 52 N","address2":"","city":"Rochester","state":"MN","zip":"55901","lat":44.064365,"lng":-92.496895,"hours":"Mon: 10-9; Tue: 10-9; Wed: 10-9; Thurs: 10-9; Fri: 10-9; Sat: 10-9; Sun: 10-8","createdAt":"2016-11-17T17:57:04.756Z","updatedAt":"2016-11-17T17:57:04.756Z","services":[{"id":1,"name":"Geek Squad Services","createdAt":"2016-11-17T17:56:35.881Z","updatedAt":"2016-11-17T17:56:35.881Z","storeservices":{"createdAt":"2016-11-17T17:57:08.328Z","updatedAt":"2016-11-17T17:57:08.328Z","storeId":14,"serviceId":1}},{"id":2,"name":"Best Buy Mobile","createdAt":"2016-11-17T17:56:35.881Z","updatedAt":"2016-11-17T17:56:35.881Z","storeservices":{"createdAt":"2016-11-17T17:57:08.328Z","updatedAt":"2016-11-17T17:57:08.328Z","storeId":14,"serviceId":2}},{"id":3,"name":"Best Buy For Business","createdAt":"2016-11-17T17:56:35.881Z","updatedAt":"2016-11-17T17:56:35.881Z","storeservices":{"createdAt":"2016-11-17T17:57:08.328Z","updatedAt":"2016-11-17T17:57:08.328Z","storeId":14,"serviceId":3}},{"id":4,"name":"Apple Shop","createdAt":"2016-11-17T17:56:35.881Z","updatedAt":"2016-11-17T17:56:35.881Z","storeservices":{"createdAt":"2016-11-17T17:57:08.328Z","updatedAt":"2016-11-17T17:57:08.328Z","storeId":14,"serviceId":4}},{"id":7,"name":"Electronics Recycling","createdAt":"2016-11-17T17:56:35.881Z","updatedAt":"2016-11-17T17:56:35.881Z","storeservices":{"createdAt":"2016-11-17T17:57:08.328Z","updatedAt":"2016-11-17T17:57:08.328Z","storeId":14,"serviceId":7}},{"id":10,"name":"Windows Store","createdAt":"2016-11-17T17:56:35.881Z","updatedAt":"2016-11-17T17:56:35.881Z","storeservices":{"createdAt":"2016-11-17T17:57:08.328Z","updatedAt":"2016-11-17T17:57:08.328Z","storeId":14,"serviceId":10}},{"id":11,"name":"Samsung Experience","createdAt":"2016-11-17T17:56:35.881Z","updatedAt":"2016-11-17T17:56:35.881Z","storeservices":{"createdAt":"2016-11-17T17:57:08.328Z","updatedAt":"2016-11-17T17:57:08.328Z","storeId":14,"serviceId":11}},{"id":12,"name":"Car & GPS Installation Services","createdAt":"2016-11-17T17:56:35.881Z","updatedAt":"2016-11-17T17:56:35.881Z","storeservices":{"createdAt":"2016-11-17T17:57:08.328Z","updatedAt":"2016-11-17T17:57:08.328Z","storeId":14,"serviceId":12}},{"id":13,"name":"LG Experience ","createdAt":"2016-11-17T17:56:35.881Z","updatedAt":"2016-11-17T17:56:35.881Z","storeservices":{"createdAt":"2016-11-17T17:57:08.328Z","updatedAt":"2016-11-17T17:57:08.328Z","storeId":14,"serviceId":13}},{"id":14,"name":"Sony Experience ","createdAt":"2016-11-17T17:56:35.881Z","updatedAt":"2016-11-17T17:56:35.881Z","storeservices":{"createdAt":"2016-11-17T17:57:08.328Z","updatedAt":"2016-11-17T17:57:08.328Z","storeId":14,"serviceId":14}}]},{"id":15,"name":"Oakdale","type":"BigBox","address":"8301 3rd St N","address2":"","city":"Oakdale","state":"MN","zip":"55128","lat":44.950054,"lng":-92.936394,"hours":"Mon: 10-9; Tue: 10-9; Wed: 10-9; Thurs: 10-9; Fri: 10-9; Sat: 10-9; Sun: 10-8","createdAt":"2016-11-17T17:57:04.813Z","updatedAt":"2016-11-17T17:57:04.813Z","services":[{"id":1,"name":"Geek Squad Services","createdAt":"2016-11-17T17:56:35.881Z","updatedAt":"2016-11-17T17:56:35.881Z","storeservices":{"createdAt":"2016-11-17T17:57:08.361Z","updatedAt":"2016-11-17T17:57:08.361Z","storeId":15,"serviceId":1}},{"id":2,"name":"Best Buy Mobile","createdAt":"2016-11-17T17:56:35.881Z","updatedAt":"2016-11-17T17:56:35.881Z","storeservices":{"createdAt":"2016-11-17T17:57:08.361Z","updatedAt":"2016-11-17T17:57:08.361Z","storeId":15,"serviceId":2}},{"id":3,"name":"Best Buy For Business","createdAt":"2016-11-17T17:56:35.881Z","updatedAt":"2016-11-17T17:56:35.881Z","storeservices":{"createdAt":"2016-11-17T17:57:08.361Z","updatedAt":"2016-11-17T17:57:08.361Z","storeId":15,"serviceId":3}},{"id":4,"name":"Apple Shop","createdAt":"2016-11-17T17:56:35.881Z","updatedAt":"2016-11-17T17:56:35.881Z","storeservices":{"createdAt":"2016-11-17T17:57:08.361Z","updatedAt":"2016-11-17T17:57:08.361Z","storeId":15,"serviceId":4}},{"id":7,"name":"Electronics Recycling","createdAt":"2016-11-17T17:56:35.881Z","updatedAt":"2016-11-17T17:56:35.881Z","storeservices":{"createdAt":"2016-11-17T17:57:08.361Z","updatedAt":"2016-11-17T17:57:08.361Z","storeId":15,"serviceId":7}},{"id":10,"name":"Windows Store","createdAt":"2016-11-17T17:56:35.881Z","updatedAt":"2016-11-17T17:56:35.881Z","storeservices":{"createdAt":"2016-11-17T17:57:08.361Z","updatedAt":"2016-11-17T17:57:08.361Z","storeId":15,"serviceId":10}},{"id":11,"name":"Samsung Experience","createdAt":"2016-11-17T17:56:35.881Z","updatedAt":"2016-11-17T17:56:35.881Z","storeservices":{"createdAt":"2016-11-17T17:57:08.361Z","updatedAt":"2016-11-17T17:57:08.361Z","storeId":15,"serviceId":11}},{"id":12,"name":"Car & GPS Installation Services","createdAt":"2016-11-17T17:56:35.881Z","updatedAt":"2016-11-17T17:56:35.881Z","storeservices":{"createdAt":"2016-11-17T17:57:08.361Z","updatedAt":"2016-11-17T17:57:08.361Z","storeId":15,"serviceId":12}},{"id":13,"name":"LG Experience ","createdAt":"2016-11-17T17:56:35.881Z","updatedAt":"2016-11-17T17:56:35.881Z","storeservices":{"createdAt":"2016-11-17T17:57:08.361Z","updatedAt":"2016-11-17T17:57:08.361Z","storeId":15,"serviceId":13}},{"id":14,"name":"Sony Experience ","createdAt":"2016-11-17T17:56:35.881Z","updatedAt":"2016-11-17T17:56:35.881Z","storeservices":{"createdAt":"2016-11-17T17:57:08.361Z","updatedAt":"2016-11-17T17:57:08.361Z","storeId":15,"serviceId":14}},{"id":17,"name":"Magnolia Design Center ","createdAt":"2016-11-17T17:56:35.881Z","updatedAt":"2016-11-17T17:56:35.881Z","storeservices":{"createdAt":"2016-11-17T17:57:08.361Z","updatedAt":"2016-11-17T17:57:08.361Z","storeId":15,"serviceId":17}},{"id":18,"name":"Geek Squad Solution Central","createdAt":"2016-11-17T17:56:35.881Z","updatedAt":"2016-11-17T17:56:35.881Z","storeservices":{"createdAt":"2016-11-17T17:57:08.361Z","updatedAt":"2016-11-17T17:57:08.361Z","storeId":15,"serviceId":18}},{"id":19,"name":"Pacific Kitchen & Home","createdAt":"2016-11-17T17:56:35.881Z","updatedAt":"2016-11-17T17:56:35.881Z","storeservices":{"createdAt":"2016-11-17T17:57:08.361Z","updatedAt":"2016-11-17T17:57:08.361Z","storeId":15,"serviceId":19}}]},{"id":43,"name":"Duluth","type":"BigBox","address":"5105 Burning Tree Rd","address2":"","city":"Duluth","state":"MN","zip":"55811","lat":46.808983,"lng":-92.170853,"hours":"Mon: 10-9; Tue: 10-9; Wed: 10-9; Thurs: 10-9; Fri: 9-9; Sat: 9-9; Sun: 10-8","createdAt":"2016-11-17T17:57:05.659Z","updatedAt":"2016-11-17T17:57:05.659Z","services":[{"id":1,"name":"Geek Squad Services","createdAt":"2016-11-17T17:56:35.881Z","updatedAt":"2016-11-17T17:56:35.881Z","storeservices":{"createdAt":"2016-11-17T17:57:09.133Z","updatedAt":"2016-11-17T17:57:09.133Z","storeId":43,"serviceId":1}},{"id":2,"name":"Best Buy Mobile","createdAt":"2016-11-17T17:56:35.881Z","updatedAt":"2016-11-17T17:56:35.881Z","storeservices":{"createdAt":"2016-11-17T17:57:09.133Z","updatedAt":"2016-11-17T17:57:09.133Z","storeId":43,"serviceId":2}},{"id":3,"name":"Best Buy For Business","createdAt":"2016-11-17T17:56:35.881Z","updatedAt":"2016-11-17T17:56:35.881Z","storeservices":{"createdAt":"2016-11-17T17:57:09.133Z","updatedAt":"2016-11-17T17:57:09.133Z","storeId":43,"serviceId":3}},{"id":4,"name":"Apple Shop","createdAt":"2016-11-17T17:56:35.881Z","updatedAt":"2016-11-17T17:56:35.881Z","storeservices":{"createdAt":"2016-11-17T17:57:09.133Z","updatedAt":"2016-11-17T17:57:09.133Z","storeId":43,"serviceId":4}},{"id":7,"name":"Electronics Recycling","createdAt":"2016-11-17T17:56:35.881Z","updatedAt":"2016-11-17T17:56:35.881Z","storeservices":{"createdAt":"2016-11-17T17:57:09.133Z","updatedAt":"2016-11-17T17:57:09.133Z","storeId":43,"serviceId":7}},{"id":10,"name":"Windows Store","createdAt":"2016-11-17T17:56:35.881Z","updatedAt":"2016-11-17T17:56:35.881Z","storeservices":{"createdAt":"2016-11-17T17:57:09.133Z","updatedAt":"2016-11-17T17:57:09.133Z","storeId":43,"serviceId":10}},{"id":11,"name":"Samsung Experience","createdAt":"2016-11-17T17:56:35.881Z","updatedAt":"2016-11-17T17:56:35.881Z","storeservices":{"createdAt":"2016-11-17T17:57:09.133Z","updatedAt":"2016-11-17T17:57:09.133Z","storeId":43,"serviceId":11}},{"id":12,"name":"Car & GPS Installation Services","createdAt":"2016-11-17T17:56:35.881Z","updatedAt":"2016-11-17T17:56:35.881Z","storeservices":{"createdAt":"2016-11-17T17:57:09.133Z","updatedAt":"2016-11-17T17:57:09.133Z","storeId":43,"serviceId":12}},{"id":15,"name":"Best Buy Marine Powered by Geek Squad","createdAt":"2016-11-17T17:56:35.881Z","updatedAt":"2016-11-17T17:56:35.881Z","storeservices":{"createdAt":"2016-11-17T17:57:09.133Z","updatedAt":"2016-11-17T17:57:09.133Z","storeId":43,"serviceId":15}}]}]}

22:49:09.804 [ForkJoinPool-1-worker-1] DEBUG com.intuit.karate - response time in milliseconds: 579.85
1 < 200
1 < Access-Control-Allow-Origin: *
1 < Allow: GET,POST,PUT,PATCH,DELETE
1 < Connection: keep-alive
1 < Content-Type: application/json; charset=utf-8
1 < Date: Fri, 08 Nov 2019 17:19:09 GMT
1 < ETag: W/"6676-7SEKtPhHIqh3lHPP4MYS80GAEiQ"
1 < Transfer-Encoding: chunked
1 < Vary: Accept, Accept-Encoding
1 < X-Powered-By: Express
{"total":8,"limit":10,"skip":0,"data":[{"id":109,"name":"West LA","type":"BigBox","address":"11301 W Pico Blvd","address2":"","city":"Los Angeles","state":"CA","zip":"90064","lat":34.035656,"lng":-118.4389,"hours":"Mon: 10-9; Tue: 10-9; Wed: 10-9; Thurs: 10-9; Fri: 10-9; Sat: 10-9; Sun: 11-8","createdAt":"2016-11-17T17:57:04.414Z","updatedAt":"2016-11-17T17:57:04.414Z","services":[{"id":1,"name":"Geek Squad Services","createdAt":"2016-11-17T17:56:35.881Z","updatedAt":"2016-11-17T17:56:35.881Z","storeservices":{"createdAt":"2016-11-17T17:57:08.033Z","updatedAt":"2016-11-17T17:57:08.033Z","storeId":109,"serviceId":1}},{"id":2,"name":"Best Buy Mobile","createdAt":"2016-11-17T17:56:35.881Z","updatedAt":"2016-11-17T17:56:35.881Z","storeservices":{"createdAt":"2016-11-17T17:57:08.033Z","updatedAt":"2016-11-17T17:57:08.033Z","storeId":109,"serviceId":2}},{"id":3,"name":"Best Buy For Business","createdAt":"2016-11-17T17:56:35.881Z","updatedAt":"2016-11-17T17:56:35.881Z","storeservices":{"createdAt":"2016-11-17T17:57:08.033Z","updatedAt":"2016-11-17T17:57:08.033Z","storeId":109,"serviceId":3}},{"id":4,"name":"Apple Shop","createdAt":"2016-11-17T17:56:35.881Z","updatedAt":"2016-11-17T17:56:35.881Z","storeservices":{"createdAt":"2016-11-17T17:57:08.033Z","updatedAt":"2016-11-17T17:57:08.033Z","storeId":109,"serviceId":4}},{"id":5,"name":"Hablamos Español","createdAt":"2016-11-17T17:56:35.881Z","updatedAt":"2016-11-17T17:56:35.881Z","storeservices":{"createdAt":"2016-11-17T17:57:08.033Z","updatedAt":"2016-11-17T17:57:08.033Z","storeId":109,"serviceId":5}},{"id":6,"name":"Camera Experience Shop ","createdAt":"2016-11-17T17:56:35.881Z","updatedAt":"2016-11-17T17:56:35.881Z","storeservices":{"createdAt":"2016-11-17T17:57:08.033Z","updatedAt":"2016-11-17T17:57:08.033Z","storeId":109,"serviceId":6}},{"id":7,"name":"Electronics Recycling","createdAt":"2016-11-17T17:56:35.881Z","updatedAt":"2016-11-17T17:56:35.881Z","storeservices":{"createdAt":"2016-11-17T17:57:08.033Z","updatedAt":"2016-11-17T17:57:08.033Z","storeId":109,"serviceId":7}},{"id":10,"name":"Windows Store","createdAt":"2016-11-17T17:56:35.881Z","updatedAt":"2016-11-17T17:56:35.881Z","storeservices":{"createdAt":"2016-11-17T17:57:08.033Z","updatedAt":"2016-11-17T17:57:08.033Z","storeId":109,"serviceId":10}},{"id":11,"name":"Samsung Experience","createdAt":"2016-11-17T17:56:35.881Z","updatedAt":"2016-11-17T17:56:35.881Z","storeservices":{"createdAt":"2016-11-17T17:57:08.033Z","updatedAt":"2016-11-17T17:57:08.033Z","storeId":109,"serviceId":11}},{"id":12,"name":"Car & GPS Installation Services","createdAt":"2016-11-17T17:56:35.881Z","updatedAt":"2016-11-17T17:56:35.881Z","storeservices":{"createdAt":"2016-11-17T17:57:08.033Z","updatedAt":"2016-11-17T17:57:08.033Z","storeId":109,"serviceId":12}},{"id":13,"name":"LG Experience ","createdAt":"2016-11-17T17:56:35.881Z","updatedAt":"2016-11-17T17:56:35.881Z","storeservices":{"createdAt":"2016-11-17T17:57:08.033Z","updatedAt":"2016-11-17T17:57:08.033Z","storeId":109,"serviceId":13}},{"id":14,"name":"Sony Experience ","createdAt":"2016-11-17T17:56:35.881Z","updatedAt":"2016-11-17T17:56:35.881Z","storeservices":{"createdAt":"2016-11-17T17:57:08.033Z","updatedAt":"2016-11-17T17:57:08.033Z","storeId":109,"serviceId":14}},{"id":16,"name":"Pacific Sales Kitchen & Home","createdAt":"2016-11-17T17:56:35.881Z","updatedAt":"2016-11-17T17:56:35.881Z","storeservices":{"createdAt":"2016-11-17T17:57:08.033Z","updatedAt":"2016-11-17T17:57:08.033Z","storeId":109,"serviceId":16}},{"id":17,"name":"Magnolia Design Center ","createdAt":"2016-11-17T17:56:35.881Z","updatedAt":"2016-11-17T17:56:35.881Z","storeservices":{"createdAt":"2016-11-17T17:57:08.033Z","updatedAt":"2016-11-17T17:57:08.033Z","storeId":109,"serviceId":17}}]},{"id":137,"name":"Burbank","type":"BigBox","address":"1501 N Victory Pl","address2":"","city":"Burbank","state":"CA","zip":"91504","lat":34.189072,"lng":-118.32756,"hours":"Mon: 10-9; Tue: 10-9; Wed: 10-9; Thurs: 10-9; Fri: 10-9; Sat: 10-9; Sun: 11-8","createdAt":"2016-11-17T17:57:04.576Z","updatedAt":"2016-11-17T17:57:04.576Z","services":[{"id":1,"name":"Geek Squad Services","createdAt":"2016-11-17T17:56:35.881Z","updatedAt":"2016-11-17T17:56:35.881Z","storeservices":{"createdAt":"2016-11-17T17:57:08.170Z","updatedAt":"2016-11-17T17:57:08.170Z","storeId":137,"serviceId":1}},{"id":2,"name":"Best Buy Mobile","createdAt":"2016-11-17T17:56:35.881Z","updatedAt":"2016-11-17T17:56:35.881Z","storeservices":{"createdAt":"2016-11-17T17:57:08.170Z","updatedAt":"2016-11-17T17:57:08.170Z","storeId":137,"serviceId":2}},{"id":3,"name":"Best Buy For Business","createdAt":"2016-11-17T17:56:35.881Z","updatedAt":"2016-11-17T17:56:35.881Z","storeservices":{"createdAt":"2016-11-17T17:57:08.170Z","updatedAt":"2016-11-17T17:57:08.170Z","storeId":137,"serviceId":3}},{"id":4,"name":"Apple Shop","createdAt":"2016-11-17T17:56:35.881Z","updatedAt":"2016-11-17T17:56:35.881Z","storeservices":{"createdAt":"2016-11-17T17:57:08.170Z","updatedAt":"2016-11-17T17:57:08.170Z","storeId":137,"serviceId":4}},{"id":6,"name":"Camera Experience Shop ","createdAt":"2016-11-17T17:56:35.881Z","updatedAt":"2016-11-17T17:56:35.881Z","storeservices":{"createdAt":"2016-11-17T17:57:08.170Z","updatedAt":"2016-11-17T17:57:08.170Z","storeId":137,"serviceId":6}},{"id":7,"name":"Electronics Recycling","createdAt":"2016-11-17T17:56:35.881Z","updatedAt":"2016-11-17T17:56:35.881Z","storeservices":{"createdAt":"2016-11-17T17:57:08.170Z","updatedAt":"2016-11-17T17:57:08.170Z","storeId":137,"serviceId":7}},{"id":10,"name":"Windows Store","createdAt":"2016-11-17T17:56:35.881Z","updatedAt":"2016-11-17T17:56:35.881Z","storeservices":{"createdAt":"2016-11-17T17:57:08.170Z","updatedAt":"2016-11-17T17:57:08.170Z","storeId":137,"serviceId":10}},{"id":11,"name":"Samsung Experience","createdAt":"2016-11-17T17:56:35.881Z","updatedAt":"2016-11-17T17:56:35.881Z","storeservices":{"createdAt":"2016-11-17T17:57:08.170Z","updatedAt":"2016-11-17T17:57:08.170Z","storeId":137,"serviceId":11}},{"id":12,"name":"Car & GPS Installation Services","createdAt":"2016-11-17T17:56:35.881Z","updatedAt":"2016-11-17T17:56:35.881Z","storeservices":{"createdAt":"2016-11-17T17:57:08.170Z","updatedAt":"2016-11-17T17:57:08.170Z","storeId":137,"serviceId":12}},{"id":13,"name":"LG Experience ","createdAt":"2016-11-17T17:56:35.881Z","updatedAt":"2016-11-17T17:56:35.881Z","storeservices":{"createdAt":"2016-11-17T17:57:08.170Z","updatedAt":"2016-11-17T17:57:08.170Z","storeId":137,"serviceId":13}},{"id":14,"name":"Sony Experience ","createdAt":"2016-11-17T17:56:35.881Z","updatedAt":"2016-11-17T17:56:35.881Z","storeservices":{"createdAt":"2016-11-17T17:57:08.170Z","updatedAt":"2016-11-17T17:57:08.170Z","storeId":137,"serviceId":14}},{"id":16,"name":"Pacific Sales Kitchen & Home","createdAt":"2016-11-17T17:56:35.881Z","updatedAt":"2016-11-17T17:56:35.881Z","storeservices":{"createdAt":"2016-11-17T17:57:08.170Z","updatedAt":"2016-11-17T17:57:08.170Z","storeId":137,"serviceId":16}},{"id":17,"name":"Magnolia Design Center ","createdAt":"2016-11-17T17:56:35.881Z","updatedAt":"2016-11-17T17:56:35.881Z","storeservices":{"createdAt":"2016-11-17T17:57:08.170Z","updatedAt":"2016-11-17T17:57:08.170Z","storeId":137,"serviceId":17}}]},{"id":179,"name":"Culver City","type":"BigBox","address":"10799 Washington Blvd","address2":"","city":"Culver City","state":"CA","zip":"90232","lat":34.016224,"lng":-118.40641,"hours":"Mon: 10-9; Tue: 10-9; Wed: 10-9; Thurs: 10-9; Fri: 10-9; Sat: 10-9; Sun: 11-8","createdAt":"2016-11-17T17:57:04.911Z","updatedAt":"2016-11-17T17:57:04.911Z","services":[{"id":1,"name":"Geek Squad Services","createdAt":"2016-11-17T17:56:35.881Z","updatedAt":"2016-11-17T17:56:35.881Z","storeservices":{"createdAt":"2016-11-17T17:57:08.465Z","updatedAt":"2016-11-17T17:57:08.465Z","storeId":179,"serviceId":1}},{"id":2,"name":"Best Buy Mobile","createdAt":"2016-11-17T17:56:35.881Z","updatedAt":"2016-11-17T17:56:35.881Z","storeservices":{"createdAt":"2016-11-17T17:57:08.465Z","updatedAt":"2016-11-17T17:57:08.465Z","storeId":179,"serviceId":2}},{"id":3,"name":"Best Buy For Business","createdAt":"2016-11-17T17:56:35.881Z","updatedAt":"2016-11-17T17:56:35.881Z","storeservices":{"createdAt":"2016-11-17T17:57:08.465Z","updatedAt":"2016-11-17T17:57:08.465Z","storeId":179,"serviceId":3}},{"id":4,"name":"Apple Shop","createdAt":"2016-11-17T17:56:35.881Z","updatedAt":"2016-11-17T17:56:35.881Z","storeservices":{"createdAt":"2016-11-17T17:57:08.465Z","updatedAt":"2016-11-17T17:57:08.465Z","storeId":179,"serviceId":4}},{"id":5,"name":"Hablamos Español","createdAt":"2016-11-17T17:56:35.881Z","updatedAt":"2016-11-17T17:56:35.881Z","storeservices":{"createdAt":"2016-11-17T17:57:08.465Z","updatedAt":"2016-11-17T17:57:08.465Z","storeId":179,"serviceId":5}},{"id":7,"name":"Electronics Recycling","createdAt":"2016-11-17T17:56:35.881Z","updatedAt":"2016-11-17T17:56:35.881Z","storeservices":{"createdAt":"2016-11-17T17:57:08.465Z","updatedAt":"2016-11-17T17:57:08.465Z","storeId":179,"serviceId":7}},{"id":8,"name":"Magnolia Home Theater","createdAt":"2016-11-17T17:56:35.881Z","updatedAt":"2016-11-17T17:56:35.881Z","storeservices":{"createdAt":"2016-11-17T17:57:08.465Z","updatedAt":"2016-11-17T17:57:08.465Z","storeId":179,"serviceId":8}},{"id":10,"name":"Windows Store","createdAt":"2016-11-17T17:56:35.881Z","updatedAt":"2016-11-17T17:56:35.881Z","storeservices":{"createdAt":"2016-11-17T17:57:08.465Z","updatedAt":"2016-11-17T17:57:08.465Z","storeId":179,"serviceId":10}},{"id":11,"name":"Samsung Experience","createdAt":"2016-11-17T17:56:35.881Z","updatedAt":"2016-11-17T17:56:35.881Z","storeservices":{"createdAt":"2016-11-17T17:57:08.465Z","updatedAt":"2016-11-17T17:57:08.465Z","storeId":179,"serviceId":11}},{"id":12,"name":"Car & GPS Installation Services","createdAt":"2016-11-17T17:56:35.881Z","updatedAt":"2016-11-17T17:56:35.881Z","storeservices":{"createdAt":"2016-11-17T17:57:08.465Z","updatedAt":"2016-11-17T17:57:08.465Z","storeId":179,"serviceId":12}},{"id":13,"name":"LG Experience ","createdAt":"2016-11-17T17:56:35.881Z","updatedAt":"2016-11-17T17:56:35.881Z","storeservices":{"createdAt":"2016-11-17T17:57:08.465Z","updatedAt":"2016-11-17T17:57:08.465Z","storeId":179,"serviceId":13}},{"id":14,"name":"Sony Experience ","createdAt":"2016-11-17T17:56:35.881Z","updatedAt":"2016-11-17T17:56:35.881Z","storeservices":{"createdAt":"2016-11-17T17:57:08.465Z","updatedAt":"2016-11-17T17:57:08.465Z","storeId":179,"serviceId":14}}]},{"id":183,"name":"Atwater Village","type":"BigBox","address":"2909 Los Feliz Blvd","address2":"","city":"Los Angeles","state":"CA","zip":"90039","lat":34.126701,"lng":-118.26443,"hours":"Mon: 10-9; Tue: 10-9; Wed: 10-9; Thurs: 10-9; Fri: 10-9; Sat: 10-9; Sun: 11-8","createdAt":"2016-11-17T17:57:04.912Z","updatedAt":"2016-11-17T17:57:04.912Z","services":[{"id":1,"name":"Geek Squad Services","createdAt":"2016-11-17T17:56:35.881Z","updatedAt":"2016-11-17T17:56:35.881Z","storeservices":{"createdAt":"2016-11-17T17:57:08.466Z","updatedAt":"2016-11-17T17:57:08.466Z","storeId":183,"serviceId":1}},{"id":2,"name":"Best Buy Mobile","createdAt":"2016-11-17T17:56:35.881Z","updatedAt":"2016-11-17T17:56:35.881Z","storeservices":{"createdAt":"2016-11-17T17:57:08.466Z","updatedAt":"2016-11-17T17:57:08.466Z","storeId":183,"serviceId":2}},{"id":3,"name":"Best Buy For Business","createdAt":"2016-11-17T17:56:35.881Z","updatedAt":"2016-11-17T17:56:35.881Z","storeservices":{"createdAt":"2016-11-17T17:57:08.466Z","updatedAt":"2016-11-17T17:57:08.466Z","storeId":183,"serviceId":3}},{"id":4,"name":"Apple Shop","createdAt":"2016-11-17T17:56:35.881Z","updatedAt":"2016-11-17T17:56:35.881Z","storeservices":{"createdAt":"2016-11-17T17:57:08.466Z","updatedAt":"2016-11-17T17:57:08.466Z","storeId":183,"serviceId":4}},{"id":5,"name":"Hablamos Español","createdAt":"2016-11-17T17:56:35.881Z","updatedAt":"2016-11-17T17:56:35.881Z","storeservices":{"createdAt":"2016-11-17T17:57:08.466Z","updatedAt":"2016-11-17T17:57:08.466Z","storeId":183,"serviceId":5}},{"id":7,"name":"Electronics Recycling","createdAt":"2016-11-17T17:56:35.881Z","updatedAt":"2016-11-17T17:56:35.881Z","storeservices":{"createdAt":"2016-11-17T17:57:08.466Z","updatedAt":"2016-11-17T17:57:08.466Z","storeId":183,"serviceId":7}},{"id":8,"name":"Magnolia Home Theater","createdAt":"2016-11-17T17:56:35.881Z","updatedAt":"2016-11-17T17:56:35.881Z","storeservices":{"createdAt":"2016-11-17T17:57:08.466Z","updatedAt":"2016-11-17T17:57:08.466Z","storeId":183,"serviceId":8}},{"id":10,"name":"Windows Store","createdAt":"2016-11-17T17:56:35.881Z","updatedAt":"2016-11-17T17:56:35.881Z","storeservices":{"createdAt":"2016-11-17T17:57:08.466Z","updatedAt":"2016-11-17T17:57:08.466Z","storeId":183,"serviceId":10}},{"id":11,"name":"Samsung Experience","createdAt":"2016-11-17T17:56:35.881Z","updatedAt":"2016-11-17T17:56:35.881Z","storeservices":{"createdAt":"2016-11-17T17:57:08.466Z","updatedAt":"2016-11-17T17:57:08.466Z","storeId":183,"serviceId":11}},{"id":12,"name":"Car & GPS Installation Services","createdAt":"2016-11-17T17:56:35.881Z","updatedAt":"2016-11-17T17:56:35.881Z","storeservices":{"createdAt":"2016-11-17T17:57:08.466Z","updatedAt":"2016-11-17T17:57:08.466Z","storeId":183,"serviceId":12}},{"id":13,"name":"LG Experience ","createdAt":"2016-11-17T17:56:35.881Z","updatedAt":"2016-11-17T17:56:35.881Z","storeservices":{"createdAt":"2016-11-17T17:57:08.466Z","updatedAt":"2016-11-17T17:57:08.466Z","storeId":183,"serviceId":13}},{"id":14,"name":"Sony Experience ","createdAt":"2016-11-17T17:56:35.881Z","updatedAt":"2016-11-17T17:56:35.881Z","storeservices":{"createdAt":"2016-11-17T17:57:08.466Z","updatedAt":"2016-11-17T17:57:08.466Z","storeId":183,"serviceId":14}},{"id":16,"name":"Pacific Sales Kitchen & Home","createdAt":"2016-11-17T17:56:35.881Z","updatedAt":"2016-11-17T17:56:35.881Z","storeservices":{"createdAt":"2016-11-17T17:57:08.466Z","updatedAt":"2016-11-17T17:57:08.466Z","storeId":183,"serviceId":16}}]},{"id":393,"name":"West Hollywood","type":"BigBox","address":"1015 N La Brea Ave","address2":"","city":"W Hollywood","state":"CA","zip":"90038","lat":34.089316,"lng":-118.344561,"hours":"Mon: 10-9; Tue: 10-9; Wed: 10-9; Thurs: 10-9; Fri: 10-9; Sat: 10-9; Sun: 11-8","createdAt":"2016-11-17T17:57:05.596Z","updatedAt":"2016-11-17T17:57:05.596Z","services":[{"id":1,"name":"Geek Squad Services","createdAt":"2016-11-17T17:56:35.881Z","updatedAt":"2016-11-17T17:56:35.881Z","storeservices":{"createdAt":"2016-11-17T17:57:09.066Z","updatedAt":"2016-11-17T17:57:09.066Z","storeId":393,"serviceId":1}},{"id":2,"name":"Best Buy Mobile","createdAt":"2016-11-17T17:56:35.881Z","updatedAt":"2016-11-17T17:56:35.881Z","storeservices":{"createdAt":"2016-11-17T17:57:09.066Z","updatedAt":"2016-11-17T17:57:09.066Z","storeId":393,"serviceId":2}},{"id":3,"name":"Best Buy For Business","createdAt":"2016-11-17T17:56:35.881Z","updatedAt":"2016-11-17T17:56:35.881Z","storeservices":{"createdAt":"2016-11-17T17:57:09.066Z","updatedAt":"2016-11-17T17:57:09.066Z","storeId":393,"serviceId":3}},{"id":4,"name":"Apple Shop","createdAt":"2016-11-17T17:56:35.881Z","updatedAt":"2016-11-17T17:56:35.881Z","storeservices":{"createdAt":"2016-11-17T17:57:09.066Z","updatedAt":"2016-11-17T17:57:09.066Z","storeId":393,"serviceId":4}},{"id":5,"name":"Hablamos Español","createdAt":"2016-11-17T17:56:35.881Z","updatedAt":"2016-11-17T17:56:35.881Z","storeservices":{"createdAt":"2016-11-17T17:57:09.066Z","updatedAt":"2016-11-17T17:57:09.066Z","storeId":393,"serviceId":5}},{"id":7,"name":"Electronics Recycling","createdAt":"2016-11-17T17:56:35.881Z","updatedAt":"2016-11-17T17:56:35.881Z","storeservices":{"createdAt":"2016-11-17T17:57:09.066Z","updatedAt":"2016-11-17T17:57:09.066Z","storeId":393,"serviceId":7}},{"id":10,"name":"Windows Store","createdAt":"2016-11-17T17:56:35.881Z","updatedAt":"2016-11-17T17:56:35.881Z","storeservices":{"createdAt":"2016-11-17T17:57:09.066Z","updatedAt":"2016-11-17T17:57:09.066Z","storeId":393,"serviceId":10}},{"id":11,"name":"Samsung Experience","createdAt":"2016-11-17T17:56:35.881Z","updatedAt":"2016-11-17T17:56:35.881Z","storeservices":{"createdAt":"2016-11-17T17:57:09.066Z","updatedAt":"2016-11-17T17:57:09.066Z","storeId":393,"serviceId":11}},{"id":12,"name":"Car & GPS Installation Services","createdAt":"2016-11-17T17:56:35.881Z","updatedAt":"2016-11-17T17:56:35.881Z","storeservices":{"createdAt":"2016-11-17T17:57:09.066Z","updatedAt":"2016-11-17T17:57:09.066Z","storeId":393,"serviceId":12}},{"id":13,"name":"LG Experience ","createdAt":"2016-11-17T17:56:35.881Z","updatedAt":"2016-11-17T17:56:35.881Z","storeservices":{"createdAt":"2016-11-17T17:57:09.066Z","updatedAt":"2016-11-17T17:57:09.066Z","storeId":393,"serviceId":13}},{"id":14,"name":"Sony Experience ","createdAt":"2016-11-17T17:56:35.881Z","updatedAt":"2016-11-17T17:56:35.881Z","storeservices":{"createdAt":"2016-11-17T17:57:09.066Z","updatedAt":"2016-11-17T17:57:09.066Z","storeId":393,"serviceId":14}},{"id":16,"name":"Pacific Sales Kitchen & Home","createdAt":"2016-11-17T17:56:35.881Z","updatedAt":"2016-11-17T17:56:35.881Z","storeservices":{"createdAt":"2016-11-17T17:57:09.066Z","updatedAt":"2016-11-17T17:57:09.066Z","storeId":393,"serviceId":16}},{"id":17,"name":"Magnolia Design Center ","createdAt":"2016-11-17T17:56:35.881Z","updatedAt":"2016-11-17T17:56:35.881Z","storeservices":{"createdAt":"2016-11-17T17:57:09.066Z","updatedAt":"2016-11-17T17:57:09.066Z","storeId":393,"serviceId":17}}]},{"id":764,"name":"Sherman Oaks","type":"BigBox","address":"4500 Van Nuys Blvd","address2":"","city":"Sherman Oaks","state":"CA","zip":"91403","lat":34.153481,"lng":-118.44733,"hours":"Mon: 10-9; Tue: 10-9; Wed: 10-9; Thurs: 10-9; Fri: 10-9; Sat: 10-9; Sun: 11-8","createdAt":"2016-11-17T17:57:05.848Z","updatedAt":"2016-11-17T17:57:05.848Z","services":[{"id":1,"name":"Geek Squad Services","createdAt":"2016-11-17T17:56:35.881Z","updatedAt":"2016-11-17T17:56:35.881Z","storeservices":{"createdAt":"2016-11-17T17:57:09.415Z","updatedAt":"2016-11-17T17:57:09.415Z","storeId":764,"serviceId":1}},{"id":2,"name":"Best Buy Mobile","createdAt":"2016-11-17T17:56:35.881Z","updatedAt":"2016-11-17T17:56:35.881Z","storeservices":{"createdAt":"2016-11-17T17:57:09.415Z","updatedAt":"2016-11-17T17:57:09.415Z","storeId":764,"serviceId":2}},{"id":3,"name":"Best Buy For Business","createdAt":"2016-11-17T17:56:35.881Z","updatedAt":"2016-11-17T17:56:35.881Z","storeservices":{"createdAt":"2016-11-17T17:57:09.415Z","updatedAt":"2016-11-17T17:57:09.415Z","storeId":764,"serviceId":3}},{"id":4,"name":"Apple Shop","createdAt":"2016-11-17T17:56:35.881Z","updatedAt":"2016-11-17T17:56:35.881Z","storeservices":{"createdAt":"2016-11-17T17:57:09.415Z","updatedAt":"2016-11-17T17:57:09.415Z","storeId":764,"serviceId":4}},{"id":5,"name":"Hablamos Español","createdAt":"2016-11-17T17:56:35.881Z","updatedAt":"2016-11-17T17:56:35.881Z","storeservices":{"createdAt":"2016-11-17T17:57:09.415Z","updatedAt":"2016-11-17T17:57:09.415Z","storeId":764,"serviceId":5}},{"id":7,"name":"Electronics Recycling","createdAt":"2016-11-17T17:56:35.881Z","updatedAt":"2016-11-17T17:56:35.881Z","storeservices":{"createdAt":"2016-11-17T17:57:09.415Z","updatedAt":"2016-11-17T17:57:09.415Z","storeId":764,"serviceId":7}},{"id":8,"name":"Magnolia Home Theater","createdAt":"2016-11-17T17:56:35.881Z","updatedAt":"2016-11-17T17:56:35.881Z","storeservices":{"createdAt":"2016-11-17T17:57:09.415Z","updatedAt":"2016-11-17T17:57:09.415Z","storeId":764,"serviceId":8}},{"id":10,"name":"Windows Store","createdAt":"2016-11-17T17:56:35.881Z","updatedAt":"2016-11-17T17:56:35.881Z","storeservices":{"createdAt":"2016-11-17T17:57:09.415Z","updatedAt":"2016-11-17T17:57:09.415Z","storeId":764,"serviceId":10}},{"id":11,"name":"Samsung Experience","createdAt":"2016-11-17T17:56:35.881Z","updatedAt":"2016-11-17T17:56:35.881Z","storeservices":{"createdAt":"2016-11-17T17:57:09.415Z","updatedAt":"2016-11-17T17:57:09.415Z","storeId":764,"serviceId":11}},{"id":13,"name":"LG Experience ","createdAt":"2016-11-17T17:56:35.881Z","updatedAt":"2016-11-17T17:56:35.881Z","storeservices":{"createdAt":"2016-11-17T17:57:09.415Z","updatedAt":"2016-11-17T17:57:09.415Z","storeId":764,"serviceId":13}},{"id":14,"name":"Sony Experience ","createdAt":"2016-11-17T17:56:35.881Z","updatedAt":"2016-11-17T17:56:35.881Z","storeservices":{"createdAt":"2016-11-17T17:57:09.415Z","updatedAt":"2016-11-17T17:57:09.415Z","storeId":764,"serviceId":14}},{"id":16,"name":"Pacific Sales Kitchen & Home","createdAt":"2016-11-17T17:56:35.881Z","updatedAt":"2016-11-17T17:56:35.881Z","storeservices":{"createdAt":"2016-11-17T17:57:09.415Z","updatedAt":"2016-11-17T17:57:09.415Z","storeId":764,"serviceId":16}}]},{"id":1180,"name":"Northridge","type":"BigBox","address":"19350 #B Nordhoff Way","address2":"","city":"Northridge","state":"CA","zip":"91324","lat":34.23403,"lng":-118.55508,"hours":"Mon: 10-9; Tue: 10-9; Wed: 10-9; Thurs: 10-9; Fri: 10-9; Sat: 10-9; Sun: 11-8","createdAt":"2016-11-17T17:57:04.517Z","updatedAt":"2016-11-17T17:57:04.517Z","services":[{"id":1,"name":"Geek Squad Services","createdAt":"2016-11-17T17:56:35.881Z","updatedAt":"2016-11-17T17:56:35.881Z","storeservices":{"createdAt":"2016-11-17T17:57:08.113Z","updatedAt":"2016-11-17T17:57:08.113Z","storeId":1180,"serviceId":1}},{"id":2,"name":"Best Buy Mobile","createdAt":"2016-11-17T17:56:35.881Z","updatedAt":"2016-11-17T17:56:35.881Z","storeservices":{"createdAt":"2016-11-17T17:57:08.113Z","updatedAt":"2016-11-17T17:57:08.113Z","storeId":1180,"serviceId":2}},{"id":3,"name":"Best Buy For Business","createdAt":"2016-11-17T17:56:35.881Z","updatedAt":"2016-11-17T17:56:35.881Z","storeservices":{"createdAt":"2016-11-17T17:57:08.113Z","updatedAt":"2016-11-17T17:57:08.113Z","storeId":1180,"serviceId":3}},{"id":4,"name":"Apple Shop","createdAt":"2016-11-17T17:56:35.881Z","updatedAt":"2016-11-17T17:56:35.881Z","storeservices":{"createdAt":"2016-11-17T17:57:08.113Z","updatedAt":"2016-11-17T17:57:08.113Z","storeId":1180,"serviceId":4}},{"id":5,"name":"Hablamos Español","createdAt":"2016-11-17T17:56:35.881Z","updatedAt":"2016-11-17T17:56:35.881Z","storeservices":{"createdAt":"2016-11-17T17:57:08.113Z","updatedAt":"2016-11-17T17:57:08.113Z","storeId":1180,"serviceId":5}},{"id":7,"name":"Electronics Recycling","createdAt":"2016-11-17T17:56:35.881Z","updatedAt":"2016-11-17T17:56:35.881Z","storeservices":{"createdAt":"2016-11-17T17:57:08.113Z","updatedAt":"2016-11-17T17:57:08.113Z","storeId":1180,"serviceId":7}},{"id":10,"name":"Windows Store","createdAt":"2016-11-17T17:56:35.881Z","updatedAt":"2016-11-17T17:56:35.881Z","storeservices":{"createdAt":"2016-11-17T17:57:08.113Z","updatedAt":"2016-11-17T17:57:08.113Z","storeId":1180,"serviceId":10}},{"id":11,"name":"Samsung Experience","createdAt":"2016-11-17T17:56:35.881Z","updatedAt":"2016-11-17T17:56:35.881Z","storeservices":{"createdAt":"2016-11-17T17:57:08.113Z","updatedAt":"2016-11-17T17:57:08.113Z","storeId":1180,"serviceId":11}},{"id":12,"name":"Car & GPS Installation Services","createdAt":"2016-11-17T17:56:35.881Z","updatedAt":"2016-11-17T17:56:35.881Z","storeservices":{"createdAt":"2016-11-17T17:57:08.113Z","updatedAt":"2016-11-17T17:57:08.113Z","storeId":1180,"serviceId":12}},{"id":13,"name":"LG Experience ","createdAt":"2016-11-17T17:56:35.881Z","updatedAt":"2016-11-17T17:56:35.881Z","storeservices":{"createdAt":"2016-11-17T17:57:08.113Z","updatedAt":"2016-11-17T17:57:08.113Z","storeId":1180,"serviceId":13}},{"id":14,"name":"Sony Experience ","createdAt":"2016-11-17T17:56:35.881Z","updatedAt":"2016-11-17T17:56:35.881Z","storeservices":{"createdAt":"2016-11-17T17:57:08.113Z","updatedAt":"2016-11-17T17:57:08.113Z","storeId":1180,"serviceId":14}}]},{"id":1510,"name":"Culver City Westfield Mall","type":"BigBox","address":"6000 Sepulveda Blvd.","address2":"","city":"Culver City","state":"CA","zip":"90230","lat":33.985787,"lng":-118.394938,"hours":"Mon: 10-9; Tue: 10-9; Wed: 10-9; Thurs: 10-9; Fri: 10-9; Sat: 10-9; Sun: 11-8","createdAt":"2016-11-17T17:57:04.783Z","updatedAt":"2016-11-17T17:57:04.783Z","services":[{"id":1,"name":"Geek Squad Services","createdAt":"2016-11-17T17:56:35.881Z","updatedAt":"2016-11-17T17:56:35.881Z","storeservices":{"createdAt":"2016-11-17T17:57:08.340Z","updatedAt":"2016-11-17T17:57:08.340Z","storeId":1510,"serviceId":1}},{"id":2,"name":"Best Buy Mobile","createdAt":"2016-11-17T17:56:35.881Z","updatedAt":"2016-11-17T17:56:35.881Z","storeservices":{"createdAt":"2016-11-17T17:57:08.340Z","updatedAt":"2016-11-17T17:57:08.340Z","storeId":1510,"serviceId":2}},{"id":3,"name":"Best Buy For Business","createdAt":"2016-11-17T17:56:35.881Z","updatedAt":"2016-11-17T17:56:35.881Z","storeservices":{"createdAt":"2016-11-17T17:57:08.340Z","updatedAt":"2016-11-17T17:57:08.340Z","storeId":1510,"serviceId":3}},{"id":4,"name":"Apple Shop","createdAt":"2016-11-17T17:56:35.881Z","updatedAt":"2016-11-17T17:56:35.881Z","storeservices":{"createdAt":"2016-11-17T17:57:08.340Z","updatedAt":"2016-11-17T17:57:08.340Z","storeId":1510,"serviceId":4}},{"id":5,"name":"Hablamos Español","createdAt":"2016-11-17T17:56:35.881Z","updatedAt":"2016-11-17T17:56:35.881Z","storeservices":{"createdAt":"2016-11-17T17:57:08.340Z","updatedAt":"2016-11-17T17:57:08.340Z","storeId":1510,"serviceId":5}},{"id":7,"name":"Electronics Recycling","createdAt":"2016-11-17T17:56:35.881Z","updatedAt":"2016-11-17T17:56:35.881Z","storeservices":{"createdAt":"2016-11-17T17:57:08.340Z","updatedAt":"2016-11-17T17:57:08.340Z","storeId":1510,"serviceId":7}},{"id":10,"name":"Windows Store","createdAt":"2016-11-17T17:56:35.881Z","updatedAt":"2016-11-17T17:56:35.881Z","storeservices":{"createdAt":"2016-11-17T17:57:08.340Z","updatedAt":"2016-11-17T17:57:08.340Z","storeId":1510,"serviceId":10}},{"id":11,"name":"Samsung Experience","createdAt":"2016-11-17T17:56:35.881Z","updatedAt":"2016-11-17T17:56:35.881Z","storeservices":{"createdAt":"2016-11-17T17:57:08.340Z","updatedAt":"2016-11-17T17:57:08.340Z","storeId":1510,"serviceId":11}},{"id":12,"name":"Car & GPS Installation Services","createdAt":"2016-11-17T17:56:35.881Z","updatedAt":"2016-11-17T17:56:35.881Z","storeservices":{"createdAt":"2016-11-17T17:57:08.340Z","updatedAt":"2016-11-17T17:57:08.340Z","storeId":1510,"serviceId":12}}]}]}

22:49:09.817 [ForkJoinPool-1-worker-1] INFO  com.intuit.karate - karate.env system property was: null 
22:49:09.828 [ForkJoinPool-1-worker-5] INFO  com.intuit.karate - karate.env system property was: null 
22:49:09.839 [ForkJoinPool-1-worker-5] DEBUG com.intuit.karate - request:
1 > GET http://localhost:3030/healthcheck1
1 > Accept-Encoding: gzip,deflate
1 > Connection: Keep-Alive
1 > Host: localhost:3030
1 > User-Agent: Apache-HttpClient/4.5.5 (Java/1.8.0_221)

22:49:09.846 [ForkJoinPool-1-worker-1] DEBUG com.intuit.karate - request:
1 > POST http://localhost:3030/healthcheck
1 > Accept-Encoding: gzip,deflate
1 > Connection: Keep-Alive
1 > Content-Length: 2
1 > Content-Type: application/json; charset=UTF-8
1 > Host: localhost:3030
1 > User-Agent: Apache-HttpClient/4.5.5 (Java/1.8.0_221)
{}

22:49:09.865 [pool-1-thread-5] INFO  com.intuit.karate.Runner - <<pass>> feature 16 of 17: classpath:com/n26/bestbuy/api/stores/stores-post.feature
---------------------------------------------------------
feature: classpath:com/n26/bestbuy/api/stores/stores-post.feature
report: target\surefire-reports\com.n26.bestbuy.api.stores.stores-post.json
scenarios:  3 | passed:  3 | failed:  0 | time: 1.5537
---------------------------------------------------------
22:49:10.102 [ForkJoinPool-1-worker-1] DEBUG com.intuit.karate - response time in milliseconds: 254.92
1 < 404
1 < Access-Control-Allow-Origin: *
1 < Connection: keep-alive
1 < Content-Length: 93
1 < Content-Type: application/json; charset=utf-8
1 < Date: Fri, 08 Nov 2019 17:19:10 GMT
1 < ETag: W/"5d-QoCLoYQbBZvX9r0oLMz0KatYCKI"
1 < Vary: Accept-Encoding
1 < X-Powered-By: Express
{"name":"NotFound","message":"Page not found","code":404,"className":"not-found","errors":{}}

22:49:10.103 [ForkJoinPool-1-worker-4] DEBUG com.intuit.karate - response time in milliseconds: 484.95
1 < 200
1 < Access-Control-Allow-Origin: *
1 < Allow: GET,POST,PUT,PATCH,DELETE
1 < Connection: keep-alive
1 < Content-Type: application/json; charset=utf-8
1 < Date: Fri, 08 Nov 2019 17:19:09 GMT
1 < ETag: W/"77c8-9r97C3dI/zo/esLtnc/07O6OMKM"
1 < Transfer-Encoding: chunked
1 < Vary: Accept, Accept-Encoding
1 < X-Powered-By: Express
{"total":756,"limit":10,"skip":0,"data":[{"id":4,"name":"Minnetonka","type":"BigBox","address":"13513 Ridgedale Dr","address2":"","city":"Hopkins","state":"MN","zip":"55305","lat":44.969658,"lng":-93.449539,"hours":"Mon: 10-9; Tue: 10-9; Wed: 10-9; Thurs: 10-9; Fri: 10-9; Sat: 10-9; Sun: 10-8","createdAt":"2016-11-17T17:57:05.708Z","updatedAt":"2016-11-17T17:57:05.708Z","services":[{"id":1,"name":"Geek Squad Services","createdAt":"2016-11-17T17:56:35.881Z","updatedAt":"2016-11-17T17:56:35.881Z","storeservices":{"createdAt":"2016-11-17T17:57:09.213Z","updatedAt":"2016-11-17T17:57:09.213Z","storeId":4,"serviceId":1}},{"id":2,"name":"Best Buy Mobile","createdAt":"2016-11-17T17:56:35.881Z","updatedAt":"2016-11-17T17:56:35.881Z","storeservices":{"createdAt":"2016-11-17T17:57:09.213Z","updatedAt":"2016-11-17T17:57:09.213Z","storeId":4,"serviceId":2}},{"id":3,"name":"Best Buy For Business","createdAt":"2016-11-17T17:56:35.881Z","updatedAt":"2016-11-17T17:56:35.881Z","storeservices":{"createdAt":"2016-11-17T17:57:09.213Z","updatedAt":"2016-11-17T17:57:09.213Z","storeId":4,"serviceId":3}},{"id":4,"name":"Apple Shop","createdAt":"2016-11-17T17:56:35.881Z","updatedAt":"2016-11-17T17:56:35.881Z","storeservices":{"createdAt":"2016-11-17T17:57:09.213Z","updatedAt":"2016-11-17T17:57:09.213Z","storeId":4,"serviceId":4}},{"id":7,"name":"Electronics Recycling","createdAt":"2016-11-17T17:56:35.881Z","updatedAt":"2016-11-17T17:56:35.881Z","storeservices":{"createdAt":"2016-11-17T17:57:09.213Z","updatedAt":"2016-11-17T17:57:09.213Z","storeId":4,"serviceId":7}},{"id":10,"name":"Windows Store","createdAt":"2016-11-17T17:56:35.881Z","updatedAt":"2016-11-17T17:56:35.881Z","storeservices":{"createdAt":"2016-11-17T17:57:09.213Z","updatedAt":"2016-11-17T17:57:09.213Z","storeId":4,"serviceId":10}},{"id":11,"name":"Samsung Experience","createdAt":"2016-11-17T17:56:35.881Z","updatedAt":"2016-11-17T17:56:35.881Z","storeservices":{"createdAt":"2016-11-17T17:57:09.213Z","updatedAt":"2016-11-17T17:57:09.213Z","storeId":4,"serviceId":11}},{"id":12,"name":"Car & GPS Installation Services","createdAt":"2016-11-17T17:56:35.881Z","updatedAt":"2016-11-17T17:56:35.881Z","storeservices":{"createdAt":"2016-11-17T17:57:09.213Z","updatedAt":"2016-11-17T17:57:09.213Z","storeId":4,"serviceId":12}},{"id":13,"name":"LG Experience ","createdAt":"2016-11-17T17:56:35.881Z","updatedAt":"2016-11-17T17:56:35.881Z","storeservices":{"createdAt":"2016-11-17T17:57:09.213Z","updatedAt":"2016-11-17T17:57:09.213Z","storeId":4,"serviceId":13}},{"id":14,"name":"Sony Experience ","createdAt":"2016-11-17T17:56:35.881Z","updatedAt":"2016-11-17T17:56:35.881Z","storeservices":{"createdAt":"2016-11-17T17:57:09.213Z","updatedAt":"2016-11-17T17:57:09.213Z","storeId":4,"serviceId":14}},{"id":15,"name":"Best Buy Marine Powered by Geek Squad","createdAt":"2016-11-17T17:56:35.881Z","updatedAt":"2016-11-17T17:56:35.881Z","storeservices":{"createdAt":"2016-11-17T17:57:09.213Z","updatedAt":"2016-11-17T17:57:09.213Z","storeId":4,"serviceId":15}},{"id":17,"name":"Magnolia Design Center ","createdAt":"2016-11-17T17:56:35.881Z","updatedAt":"2016-11-17T17:56:35.881Z","storeservices":{"createdAt":"2016-11-17T17:57:09.213Z","updatedAt":"2016-11-17T17:57:09.213Z","storeId":4,"serviceId":17}},{"id":18,"name":"Geek Squad Solution Central","createdAt":"2016-11-17T17:56:35.881Z","updatedAt":"2016-11-17T17:56:35.881Z","storeservices":{"createdAt":"2016-11-17T17:57:09.213Z","updatedAt":"2016-11-17T17:57:09.213Z","storeId":4,"serviceId":18}},{"id":19,"name":"Pacific Kitchen & Home","createdAt":"2016-11-17T17:56:35.881Z","updatedAt":"2016-11-17T17:56:35.881Z","storeservices":{"createdAt":"2016-11-17T17:57:09.213Z","updatedAt":"2016-11-17T17:57:09.213Z","storeId":4,"serviceId":19}}]},{"id":6,"name":"Inver Grove Heights","type":"BigBox","address":"1350 50th Street E","address2":"","city":"Inver Grove Heights","state":"MN","zip":"55077","lat":44.879314,"lng":-93.077156,"hours":"Mon: 10-9; Tue: 10-9; Wed: 10-9; Thurs: 10-9; Fri: 10-9; Sat: 10-9; Sun: 10-8","createdAt":"2016-11-17T17:57:05.831Z","updatedAt":"2016-11-17T17:57:05.831Z","services":[{"id":1,"name":"Geek Squad Services","createdAt":"2016-11-17T17:56:35.881Z","updatedAt":"2016-11-17T17:56:35.881Z","storeservices":{"createdAt":"2016-11-17T17:57:09.414Z","updatedAt":"2016-11-17T17:57:09.414Z","storeId":6,"serviceId":1}},{"id":2,"name":"Best Buy Mobile","createdAt":"2016-11-17T17:56:35.881Z","updatedAt":"2016-11-17T17:56:35.881Z","storeservices":{"createdAt":"2016-11-17T17:57:09.414Z","updatedAt":"2016-11-17T17:57:09.414Z","storeId":6,"serviceId":2}},{"id":3,"name":"Best Buy For Business","createdAt":"2016-11-17T17:56:35.881Z","updatedAt":"2016-11-17T17:56:35.881Z","storeservices":{"createdAt":"2016-11-17T17:57:09.414Z","updatedAt":"2016-11-17T17:57:09.414Z","storeId":6,"serviceId":3}},{"id":4,"name":"Apple Shop","createdAt":"2016-11-17T17:56:35.881Z","updatedAt":"2016-11-17T17:56:35.881Z","storeservices":{"createdAt":"2016-11-17T17:57:09.414Z","updatedAt":"2016-11-17T17:57:09.414Z","storeId":6,"serviceId":4}},{"id":5,"name":"Hablamos Español","createdAt":"2016-11-17T17:56:35.881Z","updatedAt":"2016-11-17T17:56:35.881Z","storeservices":{"createdAt":"2016-11-17T17:57:09.414Z","updatedAt":"2016-11-17T17:57:09.414Z","storeId":6,"serviceId":5}},{"id":7,"name":"Electronics Recycling","createdAt":"2016-11-17T17:56:35.881Z","updatedAt":"2016-11-17T17:56:35.881Z","storeservices":{"createdAt":"2016-11-17T17:57:09.414Z","updatedAt":"2016-11-17T17:57:09.414Z","storeId":6,"serviceId":7}},{"id":9,"name":"Samsung Experience Shop","createdAt":"2016-11-17T17:56:35.881Z","updatedAt":"2016-11-17T17:56:35.881Z","storeservices":{"createdAt":"2016-11-17T17:57:09.414Z","updatedAt":"2016-11-17T17:57:09.414Z","storeId":6,"serviceId":9}},{"id":10,"name":"Windows Store","createdAt":"2016-11-17T17:56:35.881Z","updatedAt":"2016-11-17T17:56:35.881Z","storeservices":{"createdAt":"2016-11-17T17:57:09.414Z","updatedAt":"2016-11-17T17:57:09.414Z","storeId":6,"serviceId":10}},{"id":12,"name":"Car & GPS Installation Services","createdAt":"2016-11-17T17:56:35.881Z","updatedAt":"2016-11-17T17:56:35.881Z","storeservices":{"createdAt":"2016-11-17T17:57:09.414Z","updatedAt":"2016-11-17T17:57:09.414Z","storeId":6,"serviceId":12}},{"id":18,"name":"Geek Squad Solution Central","createdAt":"2016-11-17T17:56:35.881Z","updatedAt":"2016-11-17T17:56:35.881Z","storeservices":{"createdAt":"2016-11-17T17:57:09.414Z","updatedAt":"2016-11-17T17:57:09.414Z","storeId":6,"serviceId":18}}]},{"id":7,"name":"Roseville","type":"BigBox","address":"1643 County Road B2","address2":"","city":"Roseville","state":"MN","zip":"55113","lat":45.01651,"lng":-93.168518,"hours":"Mon: 10-9; Tue: 10-9; Wed: 10-9; Thurs: 10-9; Fri: 10-9; Sat: 10-9; Sun: 10-8","createdAt":"2016-11-17T17:57:05.853Z","updatedAt":"2016-11-17T17:57:05.853Z","services":[{"id":1,"name":"Geek Squad Services","createdAt":"2016-11-17T17:56:35.881Z","updatedAt":"2016-11-17T17:56:35.881Z","storeservices":{"createdAt":"2016-11-17T17:57:09.417Z","updatedAt":"2016-11-17T17:57:09.417Z","storeId":7,"serviceId":1}},{"id":2,"name":"Best Buy Mobile","createdAt":"2016-11-17T17:56:35.881Z","updatedAt":"2016-11-17T17:56:35.881Z","storeservices":{"createdAt":"2016-11-17T17:57:09.417Z","updatedAt":"2016-11-17T17:57:09.417Z","storeId":7,"serviceId":2}},{"id":3,"name":"Best Buy For Business","createdAt":"2016-11-17T17:56:35.881Z","updatedAt":"2016-11-17T17:56:35.881Z","storeservices":{"createdAt":"2016-11-17T17:57:09.417Z","updatedAt":"2016-11-17T17:57:09.417Z","storeId":7,"serviceId":3}},{"id":4,"name":"Apple Shop","createdAt":"2016-11-17T17:56:35.881Z","updatedAt":"2016-11-17T17:56:35.881Z","storeservices":{"createdAt":"2016-11-17T17:57:09.417Z","updatedAt":"2016-11-17T17:57:09.417Z","storeId":7,"serviceId":4}},{"id":5,"name":"Hablamos Español","createdAt":"2016-11-17T17:56:35.881Z","updatedAt":"2016-11-17T17:56:35.881Z","storeservices":{"createdAt":"2016-11-17T17:57:09.417Z","updatedAt":"2016-11-17T17:57:09.417Z","storeId":7,"serviceId":5}},{"id":6,"name":"Camera Experience Shop ","createdAt":"2016-11-17T17:56:35.881Z","updatedAt":"2016-11-17T17:56:35.881Z","storeservices":{"createdAt":"2016-11-17T17:57:09.417Z","updatedAt":"2016-11-17T17:57:09.417Z","storeId":7,"serviceId":6}},{"id":7,"name":"Electronics Recycling","createdAt":"2016-11-17T17:56:35.881Z","updatedAt":"2016-11-17T17:56:35.881Z","storeservices":{"createdAt":"2016-11-17T17:57:09.417Z","updatedAt":"2016-11-17T17:57:09.417Z","storeId":7,"serviceId":7}},{"id":8,"name":"Magnolia Home Theater","createdAt":"2016-11-17T17:56:35.881Z","updatedAt":"2016-11-17T17:56:35.881Z","storeservices":{"createdAt":"2016-11-17T17:57:09.417Z","updatedAt":"2016-11-17T17:57:09.417Z","storeId":7,"serviceId":8}},{"id":10,"name":"Windows Store","createdAt":"2016-11-17T17:56:35.881Z","updatedAt":"2016-11-17T17:56:35.881Z","storeservices":{"createdAt":"2016-11-17T17:57:09.417Z","updatedAt":"2016-11-17T17:57:09.417Z","storeId":7,"serviceId":10}},{"id":11,"name":"Samsung Experience","createdAt":"2016-11-17T17:56:35.881Z","updatedAt":"2016-11-17T17:56:35.881Z","storeservices":{"createdAt":"2016-11-17T17:57:09.417Z","updatedAt":"2016-11-17T17:57:09.417Z","storeId":7,"serviceId":11}},{"id":12,"name":"Car & GPS Installation Services","createdAt":"2016-11-17T17:56:35.881Z","updatedAt":"2016-11-17T17:56:35.881Z","storeservices":{"createdAt":"2016-11-17T17:57:09.417Z","updatedAt":"2016-11-17T17:57:09.417Z","storeId":7,"serviceId":12}},{"id":15,"name":"Best Buy Marine Powered by Geek Squad","createdAt":"2016-11-17T17:56:35.881Z","updatedAt":"2016-11-17T17:56:35.881Z","storeservices":{"createdAt":"2016-11-17T17:57:09.417Z","updatedAt":"2016-11-17T17:57:09.417Z","storeId":7,"serviceId":15}},{"id":18,"name":"Geek Squad Solution Central","createdAt":"2016-11-17T17:56:35.881Z","updatedAt":"2016-11-17T17:56:35.881Z","storeservices":{"createdAt":"2016-11-17T17:57:09.417Z","updatedAt":"2016-11-17T17:57:09.417Z","storeId":7,"serviceId":18}},{"id":19,"name":"Pacific Kitchen & Home","createdAt":"2016-11-17T17:56:35.881Z","updatedAt":"2016-11-17T17:56:35.881Z","storeservices":{"createdAt":"2016-11-17T17:57:09.417Z","updatedAt":"2016-11-17T17:57:09.417Z","storeId":7,"serviceId":19}}]},{"id":8,"name":"Burnsville","type":"BigBox","address":"14141 Aldrich Ave S","address2":"","city":"Burnsville","state":"MN","zip":"55337","lat":44.747404,"lng":-93.288039,"hours":"Mon: 10-9; Tue: 10-9; Wed: 10-9; Thurs: 10-9; Fri: 10-9; Sat: 10-9; Sun: 10-8","createdAt":"2016-11-17T17:57:06.108Z","updatedAt":"2016-11-17T17:57:06.108Z","services":[{"id":1,"name":"Geek Squad Services","createdAt":"2016-11-17T17:56:35.881Z","updatedAt":"2016-11-17T17:56:35.881Z","storeservices":{"createdAt":"2016-11-17T17:57:09.595Z","updatedAt":"2016-11-17T17:57:09.595Z","storeId":8,"serviceId":1}},{"id":2,"name":"Best Buy Mobile","createdAt":"2016-11-17T17:56:35.881Z","updatedAt":"2016-11-17T17:56:35.881Z","storeservices":{"createdAt":"2016-11-17T17:57:09.595Z","updatedAt":"2016-11-17T17:57:09.595Z","storeId":8,"serviceId":2}},{"id":3,"name":"Best Buy For Business","createdAt":"2016-11-17T17:56:35.881Z","updatedAt":"2016-11-17T17:56:35.881Z","storeservices":{"createdAt":"2016-11-17T17:57:09.595Z","updatedAt":"2016-11-17T17:57:09.595Z","storeId":8,"serviceId":3}},{"id":4,"name":"Apple Shop","createdAt":"2016-11-17T17:56:35.881Z","updatedAt":"2016-11-17T17:56:35.881Z","storeservices":{"createdAt":"2016-11-17T17:57:09.595Z","updatedAt":"2016-11-17T17:57:09.595Z","storeId":8,"serviceId":4}},{"id":7,"name":"Electronics Recycling","createdAt":"2016-11-17T17:56:35.881Z","updatedAt":"2016-11-17T17:56:35.881Z","storeservices":{"createdAt":"2016-11-17T17:57:09.595Z","updatedAt":"2016-11-17T17:57:09.595Z","storeId":8,"serviceId":7}},{"id":9,"name":"Samsung Experience Shop","createdAt":"2016-11-17T17:56:35.881Z","updatedAt":"2016-11-17T17:56:35.881Z","storeservices":{"createdAt":"2016-11-17T17:57:09.595Z","updatedAt":"2016-11-17T17:57:09.595Z","storeId":8,"serviceId":9}},{"id":18,"name":"Geek Squad Solution Central","createdAt":"2016-11-17T17:56:35.881Z","updatedAt":"2016-11-17T17:56:35.881Z","storeservices":{"createdAt":"2016-11-17T17:57:09.595Z","updatedAt":"2016-11-17T17:57:09.595Z","storeId":8,"serviceId":18}}]},{"id":10,"name":"Maplewood","type":"BigBox","address":"1795 County Rd D E","address2":"","city":"Maplewood","state":"MN","zip":"55109","lat":45.036556,"lng":-93.025986,"hours":"Mon: 10-9; Tue: 10-9; Wed: 10-9; Thurs: 10-9; Fri: 10-9; Sat: 10-9; Sun: 10-8","createdAt":"2016-11-17T17:57:04.414Z","updatedAt":"2016-11-17T17:57:04.414Z","services":[{"id":1,"name":"Geek Squad Services","createdAt":"2016-11-17T17:56:35.881Z","updatedAt":"2016-11-17T17:56:35.881Z","storeservices":{"createdAt":"2016-11-17T17:57:08.033Z","updatedAt":"2016-11-17T17:57:08.033Z","storeId":10,"serviceId":1}},{"id":2,"name":"Best Buy Mobile","createdAt":"2016-11-17T17:56:35.881Z","updatedAt":"2016-11-17T17:56:35.881Z","storeservices":{"createdAt":"2016-11-17T17:57:08.033Z","updatedAt":"2016-11-17T17:57:08.033Z","storeId":10,"serviceId":2}},{"id":3,"name":"Best Buy For Business","createdAt":"2016-11-17T17:56:35.881Z","updatedAt":"2016-11-17T17:56:35.881Z","storeservices":{"createdAt":"2016-11-17T17:57:08.033Z","updatedAt":"2016-11-17T17:57:08.033Z","storeId":10,"serviceId":3}},{"id":4,"name":"Apple Shop","createdAt":"2016-11-17T17:56:35.881Z","updatedAt":"2016-11-17T17:56:35.881Z","storeservices":{"createdAt":"2016-11-17T17:57:08.033Z","updatedAt":"2016-11-17T17:57:08.033Z","storeId":10,"serviceId":4}},{"id":7,"name":"Electronics Recycling","createdAt":"2016-11-17T17:56:35.881Z","updatedAt":"2016-11-17T17:56:35.881Z","storeservices":{"createdAt":"2016-11-17T17:57:08.033Z","updatedAt":"2016-11-17T17:57:08.033Z","storeId":10,"serviceId":7}},{"id":8,"name":"Magnolia Home Theater","createdAt":"2016-11-17T17:56:35.881Z","updatedAt":"2016-11-17T17:56:35.881Z","storeservices":{"createdAt":"2016-11-17T17:57:08.033Z","updatedAt":"2016-11-17T17:57:08.033Z","storeId":10,"serviceId":8}},{"id":10,"name":"Windows Store","createdAt":"2016-11-17T17:56:35.881Z","updatedAt":"2016-11-17T17:56:35.881Z","storeservices":{"createdAt":"2016-11-17T17:57:08.033Z","updatedAt":"2016-11-17T17:57:08.033Z","storeId":10,"serviceId":10}},{"id":11,"name":"Samsung Experience","createdAt":"2016-11-17T17:56:35.881Z","updatedAt":"2016-11-17T17:56:35.881Z","storeservices":{"createdAt":"2016-11-17T17:57:08.033Z","updatedAt":"2016-11-17T17:57:08.033Z","storeId":10,"serviceId":11}},{"id":12,"name":"Car & GPS Installation Services","createdAt":"2016-11-17T17:56:35.881Z","updatedAt":"2016-11-17T17:56:35.881Z","storeservices":{"createdAt":"2016-11-17T17:57:08.033Z","updatedAt":"2016-11-17T17:57:08.033Z","storeId":10,"serviceId":12}},{"id":13,"name":"LG Experience ","createdAt":"2016-11-17T17:56:35.881Z","updatedAt":"2016-11-17T17:56:35.881Z","storeservices":{"createdAt":"2016-11-17T17:57:08.033Z","updatedAt":"2016-11-17T17:57:08.033Z","storeId":10,"serviceId":13}},{"id":14,"name":"Sony Experience ","createdAt":"2016-11-17T17:56:35.881Z","updatedAt":"2016-11-17T17:56:35.881Z","storeservices":{"createdAt":"2016-11-17T17:57:08.033Z","updatedAt":"2016-11-17T17:57:08.033Z","storeId":10,"serviceId":14}},{"id":18,"name":"Geek Squad Solution Central","createdAt":"2016-11-17T17:56:35.881Z","updatedAt":"2016-11-17T17:56:35.881Z","storeservices":{"createdAt":"2016-11-17T17:57:08.033Z","updatedAt":"2016-11-17T17:57:08.033Z","storeId":10,"serviceId":18}}]},{"id":12,"name":"St Cloud","type":"BigBox","address":"4130 W Division St","address2":"","city":"Saint Cloud","state":"MN","zip":"56301","lat":45.55275,"lng":-94.209656,"hours":"Mon: 10-9; Tue: 10-9; Wed: 10-9; Thurs: 10-9; Fri: 9-9; Sat: 9-9; Sun: 10-8","createdAt":"2016-11-17T17:57:04.575Z","updatedAt":"2016-11-17T17:57:04.575Z","services":[{"id":1,"name":"Geek Squad Services","createdAt":"2016-11-17T17:56:35.881Z","updatedAt":"2016-11-17T17:56:35.881Z","storeservices":{"createdAt":"2016-11-17T17:57:08.169Z","updatedAt":"2016-11-17T17:57:08.169Z","storeId":12,"serviceId":1}},{"id":2,"name":"Best Buy Mobile","createdAt":"2016-11-17T17:56:35.881Z","updatedAt":"2016-11-17T17:56:35.881Z","storeservices":{"createdAt":"2016-11-17T17:57:08.169Z","updatedAt":"2016-11-17T17:57:08.169Z","storeId":12,"serviceId":2}},{"id":3,"name":"Best Buy For Business","createdAt":"2016-11-17T17:56:35.881Z","updatedAt":"2016-11-17T17:56:35.881Z","storeservices":{"createdAt":"2016-11-17T17:57:08.169Z","updatedAt":"2016-11-17T17:57:08.169Z","storeId":12,"serviceId":3}},{"id":4,"name":"Apple Shop","createdAt":"2016-11-17T17:56:35.881Z","updatedAt":"2016-11-17T17:56:35.881Z","storeservices":{"createdAt":"2016-11-17T17:57:08.169Z","updatedAt":"2016-11-17T17:57:08.169Z","storeId":12,"serviceId":4}},{"id":5,"name":"Hablamos Español","createdAt":"2016-11-17T17:56:35.881Z","updatedAt":"2016-11-17T17:56:35.881Z","storeservices":{"createdAt":"2016-11-17T17:57:08.169Z","updatedAt":"2016-11-17T17:57:08.169Z","storeId":12,"serviceId":5}},{"id":7,"name":"Electronics Recycling","createdAt":"2016-11-17T17:56:35.881Z","updatedAt":"2016-11-17T17:56:35.881Z","storeservices":{"createdAt":"2016-11-17T17:57:08.169Z","updatedAt":"2016-11-17T17:57:08.169Z","storeId":12,"serviceId":7}},{"id":10,"name":"Windows Store","createdAt":"2016-11-17T17:56:35.881Z","updatedAt":"2016-11-17T17:56:35.881Z","storeservices":{"createdAt":"2016-11-17T17:57:08.169Z","updatedAt":"2016-11-17T17:57:08.169Z","storeId":12,"serviceId":10}},{"id":11,"name":"Samsung Experience","createdAt":"2016-11-17T17:56:35.881Z","updatedAt":"2016-11-17T17:56:35.881Z","storeservices":{"createdAt":"2016-11-17T17:57:08.169Z","updatedAt":"2016-11-17T17:57:08.169Z","storeId":12,"serviceId":11}},{"id":12,"name":"Car & GPS Installation Services","createdAt":"2016-11-17T17:56:35.881Z","updatedAt":"2016-11-17T17:56:35.881Z","storeservices":{"createdAt":"2016-11-17T17:57:08.169Z","updatedAt":"2016-11-17T17:57:08.169Z","storeId":12,"serviceId":12}},{"id":15,"name":"Best Buy Marine Powered by Geek Squad","createdAt":"2016-11-17T17:56:35.881Z","updatedAt":"2016-11-17T17:56:35.881Z","storeservices":{"createdAt":"2016-11-17T17:57:08.169Z","updatedAt":"2016-11-17T17:57:08.169Z","storeId":12,"serviceId":15}}]},{"id":13,"name":"Fargo","type":"BigBox","address":"1615 38th St S","address2":"","city":"Fargo","state":"ND","zip":"58103","lat":46.857113,"lng":-96.842743,"hours":"Mon: 10-9; Tue: 10-9; Wed: 10-9; Thurs: 10-9; Fri: 9-9; Sat: 9-9; Sun: 12-8","createdAt":"2016-11-17T17:57:04.603Z","updatedAt":"2016-11-17T17:57:04.603Z","services":[{"id":1,"name":"Geek Squad Services","createdAt":"2016-11-17T17:56:35.881Z","updatedAt":"2016-11-17T17:56:35.881Z","storeservices":{"createdAt":"2016-11-17T17:57:08.218Z","updatedAt":"2016-11-17T17:57:08.218Z","storeId":13,"serviceId":1}},{"id":2,"name":"Best Buy Mobile","createdAt":"2016-11-17T17:56:35.881Z","updatedAt":"2016-11-17T17:56:35.881Z","storeservices":{"createdAt":"2016-11-17T17:57:08.218Z","updatedAt":"2016-11-17T17:57:08.218Z","storeId":13,"serviceId":2}},{"id":3,"name":"Best Buy For Business","createdAt":"2016-11-17T17:56:35.881Z","updatedAt":"2016-11-17T17:56:35.881Z","storeservices":{"createdAt":"2016-11-17T17:57:08.218Z","updatedAt":"2016-11-17T17:57:08.218Z","storeId":13,"serviceId":3}},{"id":4,"name":"Apple Shop","createdAt":"2016-11-17T17:56:35.881Z","updatedAt":"2016-11-17T17:56:35.881Z","storeservices":{"createdAt":"2016-11-17T17:57:08.218Z","updatedAt":"2016-11-17T17:57:08.218Z","storeId":13,"serviceId":4}},{"id":7,"name":"Electronics Recycling","createdAt":"2016-11-17T17:56:35.881Z","updatedAt":"2016-11-17T17:56:35.881Z","storeservices":{"createdAt":"2016-11-17T17:57:08.218Z","updatedAt":"2016-11-17T17:57:08.218Z","storeId":13,"serviceId":7}},{"id":10,"name":"Windows Store","createdAt":"2016-11-17T17:56:35.881Z","updatedAt":"2016-11-17T17:56:35.881Z","storeservices":{"createdAt":"2016-11-17T17:57:08.218Z","updatedAt":"2016-11-17T17:57:08.218Z","storeId":13,"serviceId":10}},{"id":11,"name":"Samsung Experience","createdAt":"2016-11-17T17:56:35.881Z","updatedAt":"2016-11-17T17:56:35.881Z","storeservices":{"createdAt":"2016-11-17T17:57:08.218Z","updatedAt":"2016-11-17T17:57:08.218Z","storeId":13,"serviceId":11}},{"id":12,"name":"Car & GPS Installation Services","createdAt":"2016-11-17T17:56:35.881Z","updatedAt":"2016-11-17T17:56:35.881Z","storeservices":{"createdAt":"2016-11-17T17:57:08.218Z","updatedAt":"2016-11-17T17:57:08.218Z","storeId":13,"serviceId":12}},{"id":13,"name":"LG Experience ","createdAt":"2016-11-17T17:56:35.881Z","updatedAt":"2016-11-17T17:56:35.881Z","storeservices":{"createdAt":"2016-11-17T17:57:08.218Z","updatedAt":"2016-11-17T17:57:08.218Z","storeId":13,"serviceId":13}},{"id":14,"name":"Sony Experience ","createdAt":"2016-11-17T17:56:35.881Z","updatedAt":"2016-11-17T17:56:35.881Z","storeservices":{"createdAt":"2016-11-17T17:57:08.218Z","updatedAt":"2016-11-17T17:57:08.218Z","storeId":13,"serviceId":14}},{"id":15,"name":"Best Buy Marine Powered by Geek Squad","createdAt":"2016-11-17T17:56:35.881Z","updatedAt":"2016-11-17T17:56:35.881Z","storeservices":{"createdAt":"2016-11-17T17:57:08.218Z","updatedAt":"2016-11-17T17:57:08.218Z","storeId":13,"serviceId":15}}]},{"id":14,"name":"Rochester","type":"BigBox","address":"4050 Hwy 52 N","address2":"","city":"Rochester","state":"MN","zip":"55901","lat":44.064365,"lng":-92.496895,"hours":"Mon: 10-9; Tue: 10-9; Wed: 10-9; Thurs: 10-9; Fri: 10-9; Sat: 10-9; Sun: 10-8","createdAt":"2016-11-17T17:57:04.756Z","updatedAt":"2016-11-17T17:57:04.756Z","services":[{"id":1,"name":"Geek Squad Services","createdAt":"2016-11-17T17:56:35.881Z","updatedAt":"2016-11-17T17:56:35.881Z","storeservices":{"createdAt":"2016-11-17T17:57:08.328Z","updatedAt":"2016-11-17T17:57:08.328Z","storeId":14,"serviceId":1}},{"id":2,"name":"Best Buy Mobile","createdAt":"2016-11-17T17:56:35.881Z","updatedAt":"2016-11-17T17:56:35.881Z","storeservices":{"createdAt":"2016-11-17T17:57:08.328Z","updatedAt":"2016-11-17T17:57:08.328Z","storeId":14,"serviceId":2}},{"id":3,"name":"Best Buy For Business","createdAt":"2016-11-17T17:56:35.881Z","updatedAt":"2016-11-17T17:56:35.881Z","storeservices":{"createdAt":"2016-11-17T17:57:08.328Z","updatedAt":"2016-11-17T17:57:08.328Z","storeId":14,"serviceId":3}},{"id":4,"name":"Apple Shop","createdAt":"2016-11-17T17:56:35.881Z","updatedAt":"2016-11-17T17:56:35.881Z","storeservices":{"createdAt":"2016-11-17T17:57:08.328Z","updatedAt":"2016-11-17T17:57:08.328Z","storeId":14,"serviceId":4}},{"id":7,"name":"Electronics Recycling","createdAt":"2016-11-17T17:56:35.881Z","updatedAt":"2016-11-17T17:56:35.881Z","storeservices":{"createdAt":"2016-11-17T17:57:08.328Z","updatedAt":"2016-11-17T17:57:08.328Z","storeId":14,"serviceId":7}},{"id":10,"name":"Windows Store","createdAt":"2016-11-17T17:56:35.881Z","updatedAt":"2016-11-17T17:56:35.881Z","storeservices":{"createdAt":"2016-11-17T17:57:08.328Z","updatedAt":"2016-11-17T17:57:08.328Z","storeId":14,"serviceId":10}},{"id":11,"name":"Samsung Experience","createdAt":"2016-11-17T17:56:35.881Z","updatedAt":"2016-11-17T17:56:35.881Z","storeservices":{"createdAt":"2016-11-17T17:57:08.328Z","updatedAt":"2016-11-17T17:57:08.328Z","storeId":14,"serviceId":11}},{"id":12,"name":"Car & GPS Installation Services","createdAt":"2016-11-17T17:56:35.881Z","updatedAt":"2016-11-17T17:56:35.881Z","storeservices":{"createdAt":"2016-11-17T17:57:08.328Z","updatedAt":"2016-11-17T17:57:08.328Z","storeId":14,"serviceId":12}},{"id":13,"name":"LG Experience ","createdAt":"2016-11-17T17:56:35.881Z","updatedAt":"2016-11-17T17:56:35.881Z","storeservices":{"createdAt":"2016-11-17T17:57:08.328Z","updatedAt":"2016-11-17T17:57:08.328Z","storeId":14,"serviceId":13}},{"id":14,"name":"Sony Experience ","createdAt":"2016-11-17T17:56:35.881Z","updatedAt":"2016-11-17T17:56:35.881Z","storeservices":{"createdAt":"2016-11-17T17:57:08.328Z","updatedAt":"2016-11-17T17:57:08.328Z","storeId":14,"serviceId":14}}]},{"id":15,"name":"Oakdale","type":"BigBox","address":"8301 3rd St N","address2":"","city":"Oakdale","state":"MN","zip":"55128","lat":44.950054,"lng":-92.936394,"hours":"Mon: 10-9; Tue: 10-9; Wed: 10-9; Thurs: 10-9; Fri: 10-9; Sat: 10-9; Sun: 10-8","createdAt":"2016-11-17T17:57:04.813Z","updatedAt":"2016-11-17T17:57:04.813Z","services":[{"id":1,"name":"Geek Squad Services","createdAt":"2016-11-17T17:56:35.881Z","updatedAt":"2016-11-17T17:56:35.881Z","storeservices":{"createdAt":"2016-11-17T17:57:08.361Z","updatedAt":"2016-11-17T17:57:08.361Z","storeId":15,"serviceId":1}},{"id":2,"name":"Best Buy Mobile","createdAt":"2016-11-17T17:56:35.881Z","updatedAt":"2016-11-17T17:56:35.881Z","storeservices":{"createdAt":"2016-11-17T17:57:08.361Z","updatedAt":"2016-11-17T17:57:08.361Z","storeId":15,"serviceId":2}},{"id":3,"name":"Best Buy For Business","createdAt":"2016-11-17T17:56:35.881Z","updatedAt":"2016-11-17T17:56:35.881Z","storeservices":{"createdAt":"2016-11-17T17:57:08.361Z","updatedAt":"2016-11-17T17:57:08.361Z","storeId":15,"serviceId":3}},{"id":4,"name":"Apple Shop","createdAt":"2016-11-17T17:56:35.881Z","updatedAt":"2016-11-17T17:56:35.881Z","storeservices":{"createdAt":"2016-11-17T17:57:08.361Z","updatedAt":"2016-11-17T17:57:08.361Z","storeId":15,"serviceId":4}},{"id":7,"name":"Electronics Recycling","createdAt":"2016-11-17T17:56:35.881Z","updatedAt":"2016-11-17T17:56:35.881Z","storeservices":{"createdAt":"2016-11-17T17:57:08.361Z","updatedAt":"2016-11-17T17:57:08.361Z","storeId":15,"serviceId":7}},{"id":10,"name":"Windows Store","createdAt":"2016-11-17T17:56:35.881Z","updatedAt":"2016-11-17T17:56:35.881Z","storeservices":{"createdAt":"2016-11-17T17:57:08.361Z","updatedAt":"2016-11-17T17:57:08.361Z","storeId":15,"serviceId":10}},{"id":11,"name":"Samsung Experience","createdAt":"2016-11-17T17:56:35.881Z","updatedAt":"2016-11-17T17:56:35.881Z","storeservices":{"createdAt":"2016-11-17T17:57:08.361Z","updatedAt":"2016-11-17T17:57:08.361Z","storeId":15,"serviceId":11}},{"id":12,"name":"Car & GPS Installation Services","createdAt":"2016-11-17T17:56:35.881Z","updatedAt":"2016-11-17T17:56:35.881Z","storeservices":{"createdAt":"2016-11-17T17:57:08.361Z","updatedAt":"2016-11-17T17:57:08.361Z","storeId":15,"serviceId":12}},{"id":13,"name":"LG Experience ","createdAt":"2016-11-17T17:56:35.881Z","updatedAt":"2016-11-17T17:56:35.881Z","storeservices":{"createdAt":"2016-11-17T17:57:08.361Z","updatedAt":"2016-11-17T17:57:08.361Z","storeId":15,"serviceId":13}},{"id":14,"name":"Sony Experience ","createdAt":"2016-11-17T17:56:35.881Z","updatedAt":"2016-11-17T17:56:35.881Z","storeservices":{"createdAt":"2016-11-17T17:57:08.361Z","updatedAt":"2016-11-17T17:57:08.361Z","storeId":15,"serviceId":14}},{"id":17,"name":"Magnolia Design Center ","createdAt":"2016-11-17T17:56:35.881Z","updatedAt":"2016-11-17T17:56:35.881Z","storeservices":{"createdAt":"2016-11-17T17:57:08.361Z","updatedAt":"2016-11-17T17:57:08.361Z","storeId":15,"serviceId":17}},{"id":18,"name":"Geek Squad Solution Central","createdAt":"2016-11-17T17:56:35.881Z","updatedAt":"2016-11-17T17:56:35.881Z","storeservices":{"createdAt":"2016-11-17T17:57:08.361Z","updatedAt":"2016-11-17T17:57:08.361Z","storeId":15,"serviceId":18}},{"id":19,"name":"Pacific Kitchen & Home","createdAt":"2016-11-17T17:56:35.881Z","updatedAt":"2016-11-17T17:56:35.881Z","storeservices":{"createdAt":"2016-11-17T17:57:08.361Z","updatedAt":"2016-11-17T17:57:08.361Z","storeId":15,"serviceId":19}}]},{"id":16,"name":"West Des Moines","type":"BigBox","address":"4100 University Ave","address2":"Ste 240","city":"West Des Moines","state":"IA","zip":"50265","lat":41.599323,"lng":-93.760139,"hours":"Mon: 10-9; Tue: 10-9; Wed: 10-9; Thurs: 10-9; Fri: 9-9; Sat: 9-9; Sun: 10-8","createdAt":"2016-11-17T17:57:04.845Z","updatedAt":"2016-11-17T17:57:04.845Z","services":[{"id":1,"name":"Geek Squad Services","createdAt":"2016-11-17T17:56:35.881Z","updatedAt":"2016-11-17T17:56:35.881Z","storeservices":{"createdAt":"2016-11-17T17:57:08.418Z","updatedAt":"2016-11-17T17:57:08.418Z","storeId":16,"serviceId":1}},{"id":2,"name":"Best Buy Mobile","createdAt":"2016-11-17T17:56:35.881Z","updatedAt":"2016-11-17T17:56:35.881Z","storeservices":{"createdAt":"2016-11-17T17:57:08.418Z","updatedAt":"2016-11-17T17:57:08.418Z","storeId":16,"serviceId":2}},{"id":3,"name":"Best Buy For Business","createdAt":"2016-11-17T17:56:35.881Z","updatedAt":"2016-11-17T17:56:35.881Z","storeservices":{"createdAt":"2016-11-17T17:57:08.418Z","updatedAt":"2016-11-17T17:57:08.418Z","storeId":16,"serviceId":3}},{"id":4,"name":"Apple Shop","createdAt":"2016-11-17T17:56:35.881Z","updatedAt":"2016-11-17T17:56:35.881Z","storeservices":{"createdAt":"2016-11-17T17:57:08.418Z","updatedAt":"2016-11-17T17:57:08.418Z","storeId":16,"serviceId":4}},{"id":5,"name":"Hablamos Español","createdAt":"2016-11-17T17:56:35.881Z","updatedAt":"2016-11-17T17:56:35.881Z","storeservices":{"createdAt":"2016-11-17T17:57:08.418Z","updatedAt":"2016-11-17T17:57:08.418Z","storeId":16,"serviceId":5}},{"id":6,"name":"Camera Experience Shop ","createdAt":"2016-11-17T17:56:35.881Z","updatedAt":"2016-11-17T17:56:35.881Z","storeservices":{"createdAt":"2016-11-17T17:57:08.418Z","updatedAt":"2016-11-17T17:57:08.418Z","storeId":16,"serviceId":6}},{"id":7,"name":"Electronics Recycling","createdAt":"2016-11-17T17:56:35.881Z","updatedAt":"2016-11-17T17:56:35.881Z","storeservices":{"createdAt":"2016-11-17T17:57:08.418Z","updatedAt":"2016-11-17T17:57:08.418Z","storeId":16,"serviceId":7}},{"id":8,"name":"Magnolia Home Theater","createdAt":"2016-11-17T17:56:35.881Z","updatedAt":"2016-11-17T17:56:35.881Z","storeservices":{"createdAt":"2016-11-17T17:57:08.418Z","updatedAt":"2016-11-17T17:57:08.418Z","storeId":16,"serviceId":8}},{"id":10,"name":"Windows Store","createdAt":"2016-11-17T17:56:35.881Z","updatedAt":"2016-11-17T17:56:35.881Z","storeservices":{"createdAt":"2016-11-17T17:57:08.418Z","updatedAt":"2016-11-17T17:57:08.418Z","storeId":16,"serviceId":10}},{"id":11,"name":"Samsung Experience","createdAt":"2016-11-17T17:56:35.881Z","updatedAt":"2016-11-17T17:56:35.881Z","storeservices":{"createdAt":"2016-11-17T17:57:08.418Z","updatedAt":"2016-11-17T17:57:08.418Z","storeId":16,"serviceId":11}},{"id":12,"name":"Car & GPS Installation Services","createdAt":"2016-11-17T17:56:35.881Z","updatedAt":"2016-11-17T17:56:35.881Z","storeservices":{"createdAt":"2016-11-17T17:57:08.418Z","updatedAt":"2016-11-17T17:57:08.418Z","storeId":16,"serviceId":12}},{"id":19,"name":"Pacific Kitchen & Home","createdAt":"2016-11-17T17:56:35.881Z","updatedAt":"2016-11-17T17:56:35.881Z","storeservices":{"createdAt":"2016-11-17T17:57:08.418Z","updatedAt":"2016-11-17T17:57:08.418Z","storeId":16,"serviceId":19}}]}]}

22:49:10.111 [ForkJoinPool-1-worker-5] DEBUG com.intuit.karate - response time in milliseconds: 271.04
1 < 404
1 < Access-Control-Allow-Origin: *
1 < Connection: keep-alive
1 < Content-Length: 93
1 < Content-Type: application/json; charset=utf-8
1 < Date: Fri, 08 Nov 2019 17:19:10 GMT
1 < ETag: W/"5d-QoCLoYQbBZvX9r0oLMz0KatYCKI"
1 < Vary: Accept-Encoding
1 < X-Powered-By: Express
{"name":"NotFound","message":"Page not found","code":404,"className":"not-found","errors":{}}

22:49:10.115 [ForkJoinPool-1-worker-3] DEBUG com.intuit.karate - response time in milliseconds: 568.72
1 < 200
1 < Access-Control-Allow-Origin: *
1 < Connection: keep-alive
1 < Content-Length: 99
1 < Content-Type: application/json; charset=utf-8
1 < Date: Fri, 08 Nov 2019 17:19:10 GMT
1 < ETag: W/"63-M/BAOa+3ohukZD3l0v6IxMpasi8"
1 < Vary: Accept-Encoding
1 < X-Powered-By: Express
{"uptime":34114.99,"readonly":false,"documents":{"products":51957,"stores":1563,"categories":4307}}

22:49:10.140 [pool-1-thread-1] INFO  com.intuit.karate.Runner - <<pass>> feature 17 of 17: classpath:com/n26/bestbuy/api/utilities/healthcheck.feature
---------------------------------------------------------
feature: classpath:com/n26/bestbuy/api/utilities/healthcheck.feature
report: target\surefire-reports\com.n26.bestbuy.api.utilities.healthcheck.json
scenarios:  3 | passed:  3 | failed:  0 | time: 1.1382
---------------------------------------------------------
22:49:10.195 [ForkJoinPool-1-worker-2] DEBUG com.intuit.karate - response time in milliseconds: 786.71
1 < 200
1 < Access-Control-Allow-Origin: *
1 < Allow: GET,POST,PUT,PATCH,DELETE
1 < Connection: keep-alive
1 < Content-Type: application/json; charset=utf-8
1 < Date: Fri, 08 Nov 2019 17:19:10 GMT
1 < ETag: W/"6676-7SEKtPhHIqh3lHPP4MYS80GAEiQ"
1 < Transfer-Encoding: chunked
1 < Vary: Accept, Accept-Encoding
1 < X-Powered-By: Express
{"total":8,"limit":10,"skip":0,"data":[{"id":109,"name":"West LA","type":"BigBox","address":"11301 W Pico Blvd","address2":"","city":"Los Angeles","state":"CA","zip":"90064","lat":34.035656,"lng":-118.4389,"hours":"Mon: 10-9; Tue: 10-9; Wed: 10-9; Thurs: 10-9; Fri: 10-9; Sat: 10-9; Sun: 11-8","createdAt":"2016-11-17T17:57:04.414Z","updatedAt":"2016-11-17T17:57:04.414Z","services":[{"id":1,"name":"Geek Squad Services","createdAt":"2016-11-17T17:56:35.881Z","updatedAt":"2016-11-17T17:56:35.881Z","storeservices":{"createdAt":"2016-11-17T17:57:08.033Z","updatedAt":"2016-11-17T17:57:08.033Z","storeId":109,"serviceId":1}},{"id":2,"name":"Best Buy Mobile","createdAt":"2016-11-17T17:56:35.881Z","updatedAt":"2016-11-17T17:56:35.881Z","storeservices":{"createdAt":"2016-11-17T17:57:08.033Z","updatedAt":"2016-11-17T17:57:08.033Z","storeId":109,"serviceId":2}},{"id":3,"name":"Best Buy For Business","createdAt":"2016-11-17T17:56:35.881Z","updatedAt":"2016-11-17T17:56:35.881Z","storeservices":{"createdAt":"2016-11-17T17:57:08.033Z","updatedAt":"2016-11-17T17:57:08.033Z","storeId":109,"serviceId":3}},{"id":4,"name":"Apple Shop","createdAt":"2016-11-17T17:56:35.881Z","updatedAt":"2016-11-17T17:56:35.881Z","storeservices":{"createdAt":"2016-11-17T17:57:08.033Z","updatedAt":"2016-11-17T17:57:08.033Z","storeId":109,"serviceId":4}},{"id":5,"name":"Hablamos Español","createdAt":"2016-11-17T17:56:35.881Z","updatedAt":"2016-11-17T17:56:35.881Z","storeservices":{"createdAt":"2016-11-17T17:57:08.033Z","updatedAt":"2016-11-17T17:57:08.033Z","storeId":109,"serviceId":5}},{"id":6,"name":"Camera Experience Shop ","createdAt":"2016-11-17T17:56:35.881Z","updatedAt":"2016-11-17T17:56:35.881Z","storeservices":{"createdAt":"2016-11-17T17:57:08.033Z","updatedAt":"2016-11-17T17:57:08.033Z","storeId":109,"serviceId":6}},{"id":7,"name":"Electronics Recycling","createdAt":"2016-11-17T17:56:35.881Z","updatedAt":"2016-11-17T17:56:35.881Z","storeservices":{"createdAt":"2016-11-17T17:57:08.033Z","updatedAt":"2016-11-17T17:57:08.033Z","storeId":109,"serviceId":7}},{"id":10,"name":"Windows Store","createdAt":"2016-11-17T17:56:35.881Z","updatedAt":"2016-11-17T17:56:35.881Z","storeservices":{"createdAt":"2016-11-17T17:57:08.033Z","updatedAt":"2016-11-17T17:57:08.033Z","storeId":109,"serviceId":10}},{"id":11,"name":"Samsung Experience","createdAt":"2016-11-17T17:56:35.881Z","updatedAt":"2016-11-17T17:56:35.881Z","storeservices":{"createdAt":"2016-11-17T17:57:08.033Z","updatedAt":"2016-11-17T17:57:08.033Z","storeId":109,"serviceId":11}},{"id":12,"name":"Car & GPS Installation Services","createdAt":"2016-11-17T17:56:35.881Z","updatedAt":"2016-11-17T17:56:35.881Z","storeservices":{"createdAt":"2016-11-17T17:57:08.033Z","updatedAt":"2016-11-17T17:57:08.033Z","storeId":109,"serviceId":12}},{"id":13,"name":"LG Experience ","createdAt":"2016-11-17T17:56:35.881Z","updatedAt":"2016-11-17T17:56:35.881Z","storeservices":{"createdAt":"2016-11-17T17:57:08.033Z","updatedAt":"2016-11-17T17:57:08.033Z","storeId":109,"serviceId":13}},{"id":14,"name":"Sony Experience ","createdAt":"2016-11-17T17:56:35.881Z","updatedAt":"2016-11-17T17:56:35.881Z","storeservices":{"createdAt":"2016-11-17T17:57:08.033Z","updatedAt":"2016-11-17T17:57:08.033Z","storeId":109,"serviceId":14}},{"id":16,"name":"Pacific Sales Kitchen & Home","createdAt":"2016-11-17T17:56:35.881Z","updatedAt":"2016-11-17T17:56:35.881Z","storeservices":{"createdAt":"2016-11-17T17:57:08.033Z","updatedAt":"2016-11-17T17:57:08.033Z","storeId":109,"serviceId":16}},{"id":17,"name":"Magnolia Design Center ","createdAt":"2016-11-17T17:56:35.881Z","updatedAt":"2016-11-17T17:56:35.881Z","storeservices":{"createdAt":"2016-11-17T17:57:08.033Z","updatedAt":"2016-11-17T17:57:08.033Z","storeId":109,"serviceId":17}}]},{"id":137,"name":"Burbank","type":"BigBox","address":"1501 N Victory Pl","address2":"","city":"Burbank","state":"CA","zip":"91504","lat":34.189072,"lng":-118.32756,"hours":"Mon: 10-9; Tue: 10-9; Wed: 10-9; Thurs: 10-9; Fri: 10-9; Sat: 10-9; Sun: 11-8","createdAt":"2016-11-17T17:57:04.576Z","updatedAt":"2016-11-17T17:57:04.576Z","services":[{"id":1,"name":"Geek Squad Services","createdAt":"2016-11-17T17:56:35.881Z","updatedAt":"2016-11-17T17:56:35.881Z","storeservices":{"createdAt":"2016-11-17T17:57:08.170Z","updatedAt":"2016-11-17T17:57:08.170Z","storeId":137,"serviceId":1}},{"id":2,"name":"Best Buy Mobile","createdAt":"2016-11-17T17:56:35.881Z","updatedAt":"2016-11-17T17:56:35.881Z","storeservices":{"createdAt":"2016-11-17T17:57:08.170Z","updatedAt":"2016-11-17T17:57:08.170Z","storeId":137,"serviceId":2}},{"id":3,"name":"Best Buy For Business","createdAt":"2016-11-17T17:56:35.881Z","updatedAt":"2016-11-17T17:56:35.881Z","storeservices":{"createdAt":"2016-11-17T17:57:08.170Z","updatedAt":"2016-11-17T17:57:08.170Z","storeId":137,"serviceId":3}},{"id":4,"name":"Apple Shop","createdAt":"2016-11-17T17:56:35.881Z","updatedAt":"2016-11-17T17:56:35.881Z","storeservices":{"createdAt":"2016-11-17T17:57:08.170Z","updatedAt":"2016-11-17T17:57:08.170Z","storeId":137,"serviceId":4}},{"id":6,"name":"Camera Experience Shop ","createdAt":"2016-11-17T17:56:35.881Z","updatedAt":"2016-11-17T17:56:35.881Z","storeservices":{"createdAt":"2016-11-17T17:57:08.170Z","updatedAt":"2016-11-17T17:57:08.170Z","storeId":137,"serviceId":6}},{"id":7,"name":"Electronics Recycling","createdAt":"2016-11-17T17:56:35.881Z","updatedAt":"2016-11-17T17:56:35.881Z","storeservices":{"createdAt":"2016-11-17T17:57:08.170Z","updatedAt":"2016-11-17T17:57:08.170Z","storeId":137,"serviceId":7}},{"id":10,"name":"Windows Store","createdAt":"2016-11-17T17:56:35.881Z","updatedAt":"2016-11-17T17:56:35.881Z","storeservices":{"createdAt":"2016-11-17T17:57:08.170Z","updatedAt":"2016-11-17T17:57:08.170Z","storeId":137,"serviceId":10}},{"id":11,"name":"Samsung Experience","createdAt":"2016-11-17T17:56:35.881Z","updatedAt":"2016-11-17T17:56:35.881Z","storeservices":{"createdAt":"2016-11-17T17:57:08.170Z","updatedAt":"2016-11-17T17:57:08.170Z","storeId":137,"serviceId":11}},{"id":12,"name":"Car & GPS Installation Services","createdAt":"2016-11-17T17:56:35.881Z","updatedAt":"2016-11-17T17:56:35.881Z","storeservices":{"createdAt":"2016-11-17T17:57:08.170Z","updatedAt":"2016-11-17T17:57:08.170Z","storeId":137,"serviceId":12}},{"id":13,"name":"LG Experience ","createdAt":"2016-11-17T17:56:35.881Z","updatedAt":"2016-11-17T17:56:35.881Z","storeservices":{"createdAt":"2016-11-17T17:57:08.170Z","updatedAt":"2016-11-17T17:57:08.170Z","storeId":137,"serviceId":13}},{"id":14,"name":"Sony Experience ","createdAt":"2016-11-17T17:56:35.881Z","updatedAt":"2016-11-17T17:56:35.881Z","storeservices":{"createdAt":"2016-11-17T17:57:08.170Z","updatedAt":"2016-11-17T17:57:08.170Z","storeId":137,"serviceId":14}},{"id":16,"name":"Pacific Sales Kitchen & Home","createdAt":"2016-11-17T17:56:35.881Z","updatedAt":"2016-11-17T17:56:35.881Z","storeservices":{"createdAt":"2016-11-17T17:57:08.170Z","updatedAt":"2016-11-17T17:57:08.170Z","storeId":137,"serviceId":16}},{"id":17,"name":"Magnolia Design Center ","createdAt":"2016-11-17T17:56:35.881Z","updatedAt":"2016-11-17T17:56:35.881Z","storeservices":{"createdAt":"2016-11-17T17:57:08.170Z","updatedAt":"2016-11-17T17:57:08.170Z","storeId":137,"serviceId":17}}]},{"id":179,"name":"Culver City","type":"BigBox","address":"10799 Washington Blvd","address2":"","city":"Culver City","state":"CA","zip":"90232","lat":34.016224,"lng":-118.40641,"hours":"Mon: 10-9; Tue: 10-9; Wed: 10-9; Thurs: 10-9; Fri: 10-9; Sat: 10-9; Sun: 11-8","createdAt":"2016-11-17T17:57:04.911Z","updatedAt":"2016-11-17T17:57:04.911Z","services":[{"id":1,"name":"Geek Squad Services","createdAt":"2016-11-17T17:56:35.881Z","updatedAt":"2016-11-17T17:56:35.881Z","storeservices":{"createdAt":"2016-11-17T17:57:08.465Z","updatedAt":"2016-11-17T17:57:08.465Z","storeId":179,"serviceId":1}},{"id":2,"name":"Best Buy Mobile","createdAt":"2016-11-17T17:56:35.881Z","updatedAt":"2016-11-17T17:56:35.881Z","storeservices":{"createdAt":"2016-11-17T17:57:08.465Z","updatedAt":"2016-11-17T17:57:08.465Z","storeId":179,"serviceId":2}},{"id":3,"name":"Best Buy For Business","createdAt":"2016-11-17T17:56:35.881Z","updatedAt":"2016-11-17T17:56:35.881Z","storeservices":{"createdAt":"2016-11-17T17:57:08.465Z","updatedAt":"2016-11-17T17:57:08.465Z","storeId":179,"serviceId":3}},{"id":4,"name":"Apple Shop","createdAt":"2016-11-17T17:56:35.881Z","updatedAt":"2016-11-17T17:56:35.881Z","storeservices":{"createdAt":"2016-11-17T17:57:08.465Z","updatedAt":"2016-11-17T17:57:08.465Z","storeId":179,"serviceId":4}},{"id":5,"name":"Hablamos Español","createdAt":"2016-11-17T17:56:35.881Z","updatedAt":"2016-11-17T17:56:35.881Z","storeservices":{"createdAt":"2016-11-17T17:57:08.465Z","updatedAt":"2016-11-17T17:57:08.465Z","storeId":179,"serviceId":5}},{"id":7,"name":"Electronics Recycling","createdAt":"2016-11-17T17:56:35.881Z","updatedAt":"2016-11-17T17:56:35.881Z","storeservices":{"createdAt":"2016-11-17T17:57:08.465Z","updatedAt":"2016-11-17T17:57:08.465Z","storeId":179,"serviceId":7}},{"id":8,"name":"Magnolia Home Theater","createdAt":"2016-11-17T17:56:35.881Z","updatedAt":"2016-11-17T17:56:35.881Z","storeservices":{"createdAt":"2016-11-17T17:57:08.465Z","updatedAt":"2016-11-17T17:57:08.465Z","storeId":179,"serviceId":8}},{"id":10,"name":"Windows Store","createdAt":"2016-11-17T17:56:35.881Z","updatedAt":"2016-11-17T17:56:35.881Z","storeservices":{"createdAt":"2016-11-17T17:57:08.465Z","updatedAt":"2016-11-17T17:57:08.465Z","storeId":179,"serviceId":10}},{"id":11,"name":"Samsung Experience","createdAt":"2016-11-17T17:56:35.881Z","updatedAt":"2016-11-17T17:56:35.881Z","storeservices":{"createdAt":"2016-11-17T17:57:08.465Z","updatedAt":"2016-11-17T17:57:08.465Z","storeId":179,"serviceId":11}},{"id":12,"name":"Car & GPS Installation Services","createdAt":"2016-11-17T17:56:35.881Z","updatedAt":"2016-11-17T17:56:35.881Z","storeservices":{"createdAt":"2016-11-17T17:57:08.465Z","updatedAt":"2016-11-17T17:57:08.465Z","storeId":179,"serviceId":12}},{"id":13,"name":"LG Experience ","createdAt":"2016-11-17T17:56:35.881Z","updatedAt":"2016-11-17T17:56:35.881Z","storeservices":{"createdAt":"2016-11-17T17:57:08.465Z","updatedAt":"2016-11-17T17:57:08.465Z","storeId":179,"serviceId":13}},{"id":14,"name":"Sony Experience ","createdAt":"2016-11-17T17:56:35.881Z","updatedAt":"2016-11-17T17:56:35.881Z","storeservices":{"createdAt":"2016-11-17T17:57:08.465Z","updatedAt":"2016-11-17T17:57:08.465Z","storeId":179,"serviceId":14}}]},{"id":183,"name":"Atwater Village","type":"BigBox","address":"2909 Los Feliz Blvd","address2":"","city":"Los Angeles","state":"CA","zip":"90039","lat":34.126701,"lng":-118.26443,"hours":"Mon: 10-9; Tue: 10-9; Wed: 10-9; Thurs: 10-9; Fri: 10-9; Sat: 10-9; Sun: 11-8","createdAt":"2016-11-17T17:57:04.912Z","updatedAt":"2016-11-17T17:57:04.912Z","services":[{"id":1,"name":"Geek Squad Services","createdAt":"2016-11-17T17:56:35.881Z","updatedAt":"2016-11-17T17:56:35.881Z","storeservices":{"createdAt":"2016-11-17T17:57:08.466Z","updatedAt":"2016-11-17T17:57:08.466Z","storeId":183,"serviceId":1}},{"id":2,"name":"Best Buy Mobile","createdAt":"2016-11-17T17:56:35.881Z","updatedAt":"2016-11-17T17:56:35.881Z","storeservices":{"createdAt":"2016-11-17T17:57:08.466Z","updatedAt":"2016-11-17T17:57:08.466Z","storeId":183,"serviceId":2}},{"id":3,"name":"Best Buy For Business","createdAt":"2016-11-17T17:56:35.881Z","updatedAt":"2016-11-17T17:56:35.881Z","storeservices":{"createdAt":"2016-11-17T17:57:08.466Z","updatedAt":"2016-11-17T17:57:08.466Z","storeId":183,"serviceId":3}},{"id":4,"name":"Apple Shop","createdAt":"2016-11-17T17:56:35.881Z","updatedAt":"2016-11-17T17:56:35.881Z","storeservices":{"createdAt":"2016-11-17T17:57:08.466Z","updatedAt":"2016-11-17T17:57:08.466Z","storeId":183,"serviceId":4}},{"id":5,"name":"Hablamos Español","createdAt":"2016-11-17T17:56:35.881Z","updatedAt":"2016-11-17T17:56:35.881Z","storeservices":{"createdAt":"2016-11-17T17:57:08.466Z","updatedAt":"2016-11-17T17:57:08.466Z","storeId":183,"serviceId":5}},{"id":7,"name":"Electronics Recycling","createdAt":"2016-11-17T17:56:35.881Z","updatedAt":"2016-11-17T17:56:35.881Z","storeservices":{"createdAt":"2016-11-17T17:57:08.466Z","updatedAt":"2016-11-17T17:57:08.466Z","storeId":183,"serviceId":7}},{"id":8,"name":"Magnolia Home Theater","createdAt":"2016-11-17T17:56:35.881Z","updatedAt":"2016-11-17T17:56:35.881Z","storeservices":{"createdAt":"2016-11-17T17:57:08.466Z","updatedAt":"2016-11-17T17:57:08.466Z","storeId":183,"serviceId":8}},{"id":10,"name":"Windows Store","createdAt":"2016-11-17T17:56:35.881Z","updatedAt":"2016-11-17T17:56:35.881Z","storeservices":{"createdAt":"2016-11-17T17:57:08.466Z","updatedAt":"2016-11-17T17:57:08.466Z","storeId":183,"serviceId":10}},{"id":11,"name":"Samsung Experience","createdAt":"2016-11-17T17:56:35.881Z","updatedAt":"2016-11-17T17:56:35.881Z","storeservices":{"createdAt":"2016-11-17T17:57:08.466Z","updatedAt":"2016-11-17T17:57:08.466Z","storeId":183,"serviceId":11}},{"id":12,"name":"Car & GPS Installation Services","createdAt":"2016-11-17T17:56:35.881Z","updatedAt":"2016-11-17T17:56:35.881Z","storeservices":{"createdAt":"2016-11-17T17:57:08.466Z","updatedAt":"2016-11-17T17:57:08.466Z","storeId":183,"serviceId":12}},{"id":13,"name":"LG Experience ","createdAt":"2016-11-17T17:56:35.881Z","updatedAt":"2016-11-17T17:56:35.881Z","storeservices":{"createdAt":"2016-11-17T17:57:08.466Z","updatedAt":"2016-11-17T17:57:08.466Z","storeId":183,"serviceId":13}},{"id":14,"name":"Sony Experience ","createdAt":"2016-11-17T17:56:35.881Z","updatedAt":"2016-11-17T17:56:35.881Z","storeservices":{"createdAt":"2016-11-17T17:57:08.466Z","updatedAt":"2016-11-17T17:57:08.466Z","storeId":183,"serviceId":14}},{"id":16,"name":"Pacific Sales Kitchen & Home","createdAt":"2016-11-17T17:56:35.881Z","updatedAt":"2016-11-17T17:56:35.881Z","storeservices":{"createdAt":"2016-11-17T17:57:08.466Z","updatedAt":"2016-11-17T17:57:08.466Z","storeId":183,"serviceId":16}}]},{"id":393,"name":"West Hollywood","type":"BigBox","address":"1015 N La Brea Ave","address2":"","city":"W Hollywood","state":"CA","zip":"90038","lat":34.089316,"lng":-118.344561,"hours":"Mon: 10-9; Tue: 10-9; Wed: 10-9; Thurs: 10-9; Fri: 10-9; Sat: 10-9; Sun: 11-8","createdAt":"2016-11-17T17:57:05.596Z","updatedAt":"2016-11-17T17:57:05.596Z","services":[{"id":1,"name":"Geek Squad Services","createdAt":"2016-11-17T17:56:35.881Z","updatedAt":"2016-11-17T17:56:35.881Z","storeservices":{"createdAt":"2016-11-17T17:57:09.066Z","updatedAt":"2016-11-17T17:57:09.066Z","storeId":393,"serviceId":1}},{"id":2,"name":"Best Buy Mobile","createdAt":"2016-11-17T17:56:35.881Z","updatedAt":"2016-11-17T17:56:35.881Z","storeservices":{"createdAt":"2016-11-17T17:57:09.066Z","updatedAt":"2016-11-17T17:57:09.066Z","storeId":393,"serviceId":2}},{"id":3,"name":"Best Buy For Business","createdAt":"2016-11-17T17:56:35.881Z","updatedAt":"2016-11-17T17:56:35.881Z","storeservices":{"createdAt":"2016-11-17T17:57:09.066Z","updatedAt":"2016-11-17T17:57:09.066Z","storeId":393,"serviceId":3}},{"id":4,"name":"Apple Shop","createdAt":"2016-11-17T17:56:35.881Z","updatedAt":"2016-11-17T17:56:35.881Z","storeservices":{"createdAt":"2016-11-17T17:57:09.066Z","updatedAt":"2016-11-17T17:57:09.066Z","storeId":393,"serviceId":4}},{"id":5,"name":"Hablamos Español","createdAt":"2016-11-17T17:56:35.881Z","updatedAt":"2016-11-17T17:56:35.881Z","storeservices":{"createdAt":"2016-11-17T17:57:09.066Z","updatedAt":"2016-11-17T17:57:09.066Z","storeId":393,"serviceId":5}},{"id":7,"name":"Electronics Recycling","createdAt":"2016-11-17T17:56:35.881Z","updatedAt":"2016-11-17T17:56:35.881Z","storeservices":{"createdAt":"2016-11-17T17:57:09.066Z","updatedAt":"2016-11-17T17:57:09.066Z","storeId":393,"serviceId":7}},{"id":10,"name":"Windows Store","createdAt":"2016-11-17T17:56:35.881Z","updatedAt":"2016-11-17T17:56:35.881Z","storeservices":{"createdAt":"2016-11-17T17:57:09.066Z","updatedAt":"2016-11-17T17:57:09.066Z","storeId":393,"serviceId":10}},{"id":11,"name":"Samsung Experience","createdAt":"2016-11-17T17:56:35.881Z","updatedAt":"2016-11-17T17:56:35.881Z","storeservices":{"createdAt":"2016-11-17T17:57:09.066Z","updatedAt":"2016-11-17T17:57:09.066Z","storeId":393,"serviceId":11}},{"id":12,"name":"Car & GPS Installation Services","createdAt":"2016-11-17T17:56:35.881Z","updatedAt":"2016-11-17T17:56:35.881Z","storeservices":{"createdAt":"2016-11-17T17:57:09.066Z","updatedAt":"2016-11-17T17:57:09.066Z","storeId":393,"serviceId":12}},{"id":13,"name":"LG Experience ","createdAt":"2016-11-17T17:56:35.881Z","updatedAt":"2016-11-17T17:56:35.881Z","storeservices":{"createdAt":"2016-11-17T17:57:09.066Z","updatedAt":"2016-11-17T17:57:09.066Z","storeId":393,"serviceId":13}},{"id":14,"name":"Sony Experience ","createdAt":"2016-11-17T17:56:35.881Z","updatedAt":"2016-11-17T17:56:35.881Z","storeservices":{"createdAt":"2016-11-17T17:57:09.066Z","updatedAt":"2016-11-17T17:57:09.066Z","storeId":393,"serviceId":14}},{"id":16,"name":"Pacific Sales Kitchen & Home","createdAt":"2016-11-17T17:56:35.881Z","updatedAt":"2016-11-17T17:56:35.881Z","storeservices":{"createdAt":"2016-11-17T17:57:09.066Z","updatedAt":"2016-11-17T17:57:09.066Z","storeId":393,"serviceId":16}},{"id":17,"name":"Magnolia Design Center ","createdAt":"2016-11-17T17:56:35.881Z","updatedAt":"2016-11-17T17:56:35.881Z","storeservices":{"createdAt":"2016-11-17T17:57:09.066Z","updatedAt":"2016-11-17T17:57:09.066Z","storeId":393,"serviceId":17}}]},{"id":764,"name":"Sherman Oaks","type":"BigBox","address":"4500 Van Nuys Blvd","address2":"","city":"Sherman Oaks","state":"CA","zip":"91403","lat":34.153481,"lng":-118.44733,"hours":"Mon: 10-9; Tue: 10-9; Wed: 10-9; Thurs: 10-9; Fri: 10-9; Sat: 10-9; Sun: 11-8","createdAt":"2016-11-17T17:57:05.848Z","updatedAt":"2016-11-17T17:57:05.848Z","services":[{"id":1,"name":"Geek Squad Services","createdAt":"2016-11-17T17:56:35.881Z","updatedAt":"2016-11-17T17:56:35.881Z","storeservices":{"createdAt":"2016-11-17T17:57:09.415Z","updatedAt":"2016-11-17T17:57:09.415Z","storeId":764,"serviceId":1}},{"id":2,"name":"Best Buy Mobile","createdAt":"2016-11-17T17:56:35.881Z","updatedAt":"2016-11-17T17:56:35.881Z","storeservices":{"createdAt":"2016-11-17T17:57:09.415Z","updatedAt":"2016-11-17T17:57:09.415Z","storeId":764,"serviceId":2}},{"id":3,"name":"Best Buy For Business","createdAt":"2016-11-17T17:56:35.881Z","updatedAt":"2016-11-17T17:56:35.881Z","storeservices":{"createdAt":"2016-11-17T17:57:09.415Z","updatedAt":"2016-11-17T17:57:09.415Z","storeId":764,"serviceId":3}},{"id":4,"name":"Apple Shop","createdAt":"2016-11-17T17:56:35.881Z","updatedAt":"2016-11-17T17:56:35.881Z","storeservices":{"createdAt":"2016-11-17T17:57:09.415Z","updatedAt":"2016-11-17T17:57:09.415Z","storeId":764,"serviceId":4}},{"id":5,"name":"Hablamos Español","createdAt":"2016-11-17T17:56:35.881Z","updatedAt":"2016-11-17T17:56:35.881Z","storeservices":{"createdAt":"2016-11-17T17:57:09.415Z","updatedAt":"2016-11-17T17:57:09.415Z","storeId":764,"serviceId":5}},{"id":7,"name":"Electronics Recycling","createdAt":"2016-11-17T17:56:35.881Z","updatedAt":"2016-11-17T17:56:35.881Z","storeservices":{"createdAt":"2016-11-17T17:57:09.415Z","updatedAt":"2016-11-17T17:57:09.415Z","storeId":764,"serviceId":7}},{"id":8,"name":"Magnolia Home Theater","createdAt":"2016-11-17T17:56:35.881Z","updatedAt":"2016-11-17T17:56:35.881Z","storeservices":{"createdAt":"2016-11-17T17:57:09.415Z","updatedAt":"2016-11-17T17:57:09.415Z","storeId":764,"serviceId":8}},{"id":10,"name":"Windows Store","createdAt":"2016-11-17T17:56:35.881Z","updatedAt":"2016-11-17T17:56:35.881Z","storeservices":{"createdAt":"2016-11-17T17:57:09.415Z","updatedAt":"2016-11-17T17:57:09.415Z","storeId":764,"serviceId":10}},{"id":11,"name":"Samsung Experience","createdAt":"2016-11-17T17:56:35.881Z","updatedAt":"2016-11-17T17:56:35.881Z","storeservices":{"createdAt":"2016-11-17T17:57:09.415Z","updatedAt":"2016-11-17T17:57:09.415Z","storeId":764,"serviceId":11}},{"id":13,"name":"LG Experience ","createdAt":"2016-11-17T17:56:35.881Z","updatedAt":"2016-11-17T17:56:35.881Z","storeservices":{"createdAt":"2016-11-17T17:57:09.415Z","updatedAt":"2016-11-17T17:57:09.415Z","storeId":764,"serviceId":13}},{"id":14,"name":"Sony Experience ","createdAt":"2016-11-17T17:56:35.881Z","updatedAt":"2016-11-17T17:56:35.881Z","storeservices":{"createdAt":"2016-11-17T17:57:09.415Z","updatedAt":"2016-11-17T17:57:09.415Z","storeId":764,"serviceId":14}},{"id":16,"name":"Pacific Sales Kitchen & Home","createdAt":"2016-11-17T17:56:35.881Z","updatedAt":"2016-11-17T17:56:35.881Z","storeservices":{"createdAt":"2016-11-17T17:57:09.415Z","updatedAt":"2016-11-17T17:57:09.415Z","storeId":764,"serviceId":16}}]},{"id":1180,"name":"Northridge","type":"BigBox","address":"19350 #B Nordhoff Way","address2":"","city":"Northridge","state":"CA","zip":"91324","lat":34.23403,"lng":-118.55508,"hours":"Mon: 10-9; Tue: 10-9; Wed: 10-9; Thurs: 10-9; Fri: 10-9; Sat: 10-9; Sun: 11-8","createdAt":"2016-11-17T17:57:04.517Z","updatedAt":"2016-11-17T17:57:04.517Z","services":[{"id":1,"name":"Geek Squad Services","createdAt":"2016-11-17T17:56:35.881Z","updatedAt":"2016-11-17T17:56:35.881Z","storeservices":{"createdAt":"2016-11-17T17:57:08.113Z","updatedAt":"2016-11-17T17:57:08.113Z","storeId":1180,"serviceId":1}},{"id":2,"name":"Best Buy Mobile","createdAt":"2016-11-17T17:56:35.881Z","updatedAt":"2016-11-17T17:56:35.881Z","storeservices":{"createdAt":"2016-11-17T17:57:08.113Z","updatedAt":"2016-11-17T17:57:08.113Z","storeId":1180,"serviceId":2}},{"id":3,"name":"Best Buy For Business","createdAt":"2016-11-17T17:56:35.881Z","updatedAt":"2016-11-17T17:56:35.881Z","storeservices":{"createdAt":"2016-11-17T17:57:08.113Z","updatedAt":"2016-11-17T17:57:08.113Z","storeId":1180,"serviceId":3}},{"id":4,"name":"Apple Shop","createdAt":"2016-11-17T17:56:35.881Z","updatedAt":"2016-11-17T17:56:35.881Z","storeservices":{"createdAt":"2016-11-17T17:57:08.113Z","updatedAt":"2016-11-17T17:57:08.113Z","storeId":1180,"serviceId":4}},{"id":5,"name":"Hablamos Español","createdAt":"2016-11-17T17:56:35.881Z","updatedAt":"2016-11-17T17:56:35.881Z","storeservices":{"createdAt":"2016-11-17T17:57:08.113Z","updatedAt":"2016-11-17T17:57:08.113Z","storeId":1180,"serviceId":5}},{"id":7,"name":"Electronics Recycling","createdAt":"2016-11-17T17:56:35.881Z","updatedAt":"2016-11-17T17:56:35.881Z","storeservices":{"createdAt":"2016-11-17T17:57:08.113Z","updatedAt":"2016-11-17T17:57:08.113Z","storeId":1180,"serviceId":7}},{"id":10,"name":"Windows Store","createdAt":"2016-11-17T17:56:35.881Z","updatedAt":"2016-11-17T17:56:35.881Z","storeservices":{"createdAt":"2016-11-17T17:57:08.113Z","updatedAt":"2016-11-17T17:57:08.113Z","storeId":1180,"serviceId":10}},{"id":11,"name":"Samsung Experience","createdAt":"2016-11-17T17:56:35.881Z","updatedAt":"2016-11-17T17:56:35.881Z","storeservices":{"createdAt":"2016-11-17T17:57:08.113Z","updatedAt":"2016-11-17T17:57:08.113Z","storeId":1180,"serviceId":11}},{"id":12,"name":"Car & GPS Installation Services","createdAt":"2016-11-17T17:56:35.881Z","updatedAt":"2016-11-17T17:56:35.881Z","storeservices":{"createdAt":"2016-11-17T17:57:08.113Z","updatedAt":"2016-11-17T17:57:08.113Z","storeId":1180,"serviceId":12}},{"id":13,"name":"LG Experience ","createdAt":"2016-11-17T17:56:35.881Z","updatedAt":"2016-11-17T17:56:35.881Z","storeservices":{"createdAt":"2016-11-17T17:57:08.113Z","updatedAt":"2016-11-17T17:57:08.113Z","storeId":1180,"serviceId":13}},{"id":14,"name":"Sony Experience ","createdAt":"2016-11-17T17:56:35.881Z","updatedAt":"2016-11-17T17:56:35.881Z","storeservices":{"createdAt":"2016-11-17T17:57:08.113Z","updatedAt":"2016-11-17T17:57:08.113Z","storeId":1180,"serviceId":14}}]},{"id":1510,"name":"Culver City Westfield Mall","type":"BigBox","address":"6000 Sepulveda Blvd.","address2":"","city":"Culver City","state":"CA","zip":"90230","lat":33.985787,"lng":-118.394938,"hours":"Mon: 10-9; Tue: 10-9; Wed: 10-9; Thurs: 10-9; Fri: 10-9; Sat: 10-9; Sun: 11-8","createdAt":"2016-11-17T17:57:04.783Z","updatedAt":"2016-11-17T17:57:04.783Z","services":[{"id":1,"name":"Geek Squad Services","createdAt":"2016-11-17T17:56:35.881Z","updatedAt":"2016-11-17T17:56:35.881Z","storeservices":{"createdAt":"2016-11-17T17:57:08.340Z","updatedAt":"2016-11-17T17:57:08.340Z","storeId":1510,"serviceId":1}},{"id":2,"name":"Best Buy Mobile","createdAt":"2016-11-17T17:56:35.881Z","updatedAt":"2016-11-17T17:56:35.881Z","storeservices":{"createdAt":"2016-11-17T17:57:08.340Z","updatedAt":"2016-11-17T17:57:08.340Z","storeId":1510,"serviceId":2}},{"id":3,"name":"Best Buy For Business","createdAt":"2016-11-17T17:56:35.881Z","updatedAt":"2016-11-17T17:56:35.881Z","storeservices":{"createdAt":"2016-11-17T17:57:08.340Z","updatedAt":"2016-11-17T17:57:08.340Z","storeId":1510,"serviceId":3}},{"id":4,"name":"Apple Shop","createdAt":"2016-11-17T17:56:35.881Z","updatedAt":"2016-11-17T17:56:35.881Z","storeservices":{"createdAt":"2016-11-17T17:57:08.340Z","updatedAt":"2016-11-17T17:57:08.340Z","storeId":1510,"serviceId":4}},{"id":5,"name":"Hablamos Español","createdAt":"2016-11-17T17:56:35.881Z","updatedAt":"2016-11-17T17:56:35.881Z","storeservices":{"createdAt":"2016-11-17T17:57:08.340Z","updatedAt":"2016-11-17T17:57:08.340Z","storeId":1510,"serviceId":5}},{"id":7,"name":"Electronics Recycling","createdAt":"2016-11-17T17:56:35.881Z","updatedAt":"2016-11-17T17:56:35.881Z","storeservices":{"createdAt":"2016-11-17T17:57:08.340Z","updatedAt":"2016-11-17T17:57:08.340Z","storeId":1510,"serviceId":7}},{"id":10,"name":"Windows Store","createdAt":"2016-11-17T17:56:35.881Z","updatedAt":"2016-11-17T17:56:35.881Z","storeservices":{"createdAt":"2016-11-17T17:57:08.340Z","updatedAt":"2016-11-17T17:57:08.340Z","storeId":1510,"serviceId":10}},{"id":11,"name":"Samsung Experience","createdAt":"2016-11-17T17:56:35.881Z","updatedAt":"2016-11-17T17:56:35.881Z","storeservices":{"createdAt":"2016-11-17T17:57:08.340Z","updatedAt":"2016-11-17T17:57:08.340Z","storeId":1510,"serviceId":11}},{"id":12,"name":"Car & GPS Installation Services","createdAt":"2016-11-17T17:56:35.881Z","updatedAt":"2016-11-17T17:56:35.881Z","storeservices":{"createdAt":"2016-11-17T17:57:08.340Z","updatedAt":"2016-11-17T17:57:08.340Z","storeId":1510,"serviceId":12}}]}]}

22:49:10.222 [pool-1-thread-2] INFO  com.intuit.karate.Runner - <<pass>> feature 14 of 17: classpath:com/n26/bestbuy/api/stores/stores-get.feature
---------------------------------------------------------
feature: classpath:com/n26/bestbuy/api/stores/stores-get.feature
report: target\surefire-reports\com.n26.bestbuy.api.stores.stores-get.json
scenarios:  3 | passed:  3 | failed:  0 | time: 1.9453
---------------------------------------------------------
Karate version: 0.9.4
======================================================
elapsed:  22.91 | threads:    5 | thread time: 98.18 
features:    17 | ignored:    0 | efficiency: 0.86
scenarios:   47 | passed:    46 | failed: 1
======================================================
failed features:
com.n26.bestbuy.api.products.products-patch: products-patch.feature:11 - 
java.net.SocketTimeoutException: Read timed out

]]></system-out>
    <system-err><![CDATA[ERROR StatusLogger No log4j2 configuration file found. Using default configuration: logging only errors to the console.
]]></system-err>
  </testcase>
</testsuite>