<?xml version="1.0" encoding="UTF-8"?>
<testsuite xmlns:xsi="http://www.w3.org/2001/XMLSchema-instance" xsi:noNamespaceSchemaLocation="https://maven.apache.org/surefire/maven-surefire-plugin/xsd/surefire-test-report.xsd" name="com.n26.bestbuy.api.categories.CategoriesTest" time="34.929" tests="1" errors="0" skipped="0" failures="0">
  <properties>
    <property name="sun.desktop" value="windows"/>
    <property name="awt.toolkit" value="sun.awt.windows.WToolkit"/>
    <property name="file.encoding.pkg" value="sun.io"/>
    <property name="java.specification.version" value="1.8"/>
    <property name="sun.cpu.isalist" value="amd64"/>
    <property name="sun.jnu.encoding" value="Cp1252"/>
    <property name="java.class.path" value="C:\Users\bkristip\eclipse-workspace\swamy\rest-automation\target\test-classes;C:\Users\bkristip\eclipse-workspace\swamy\rest-automation\target\classes;C:\Users\bkristip\.m2\repository\com\intuit\karate\karate-apache\0.9.4\karate-apache-0.9.4.jar;C:\Users\bkristip\.m2\repository\com\intuit\karate\karate-core\0.9.4\karate-core-0.9.4.jar;C:\Users\bkristip\.m2\repository\com\jayway\jsonpath\json-path\2.1.0\json-path-2.1.0.jar;C:\Users\bkristip\.m2\repository\net\minidev\json-smart\2.2\json-smart-2.2.jar;C:\Users\bkristip\.m2\repository\net\minidev\accessors-smart\1.1\accessors-smart-1.1.jar;C:\Users\bkristip\.m2\repository\org\ow2\asm\asm\5.0.3\asm-5.0.3.jar;C:\Users\bkristip\.m2\repository\info\cukes\cucumber-java\1.2.5\cucumber-java-1.2.5.jar;C:\Users\bkristip\.m2\repository\info\cukes\cucumber-core\1.2.5\cucumber-core-1.2.5.jar;C:\Users\bkristip\.m2\repository\org\yaml\snakeyaml\1.24\snakeyaml-1.24.jar;C:\Users\bkristip\.m2\repository\de\siegmar\fastcsv\1.0.3\fastcsv-1.0.3.jar;C:\Users\bkristip\.m2\repository\info\picocli\picocli\3.0.1\picocli-3.0.1.jar;C:\Users\bkristip\.m2\repository\org\apache\httpcomponents\httpclient\4.5.5\httpclient-4.5.5.jar;C:\Users\bkristip\.m2\repository\org\apache\httpcomponents\httpcore\4.4.9\httpcore-4.4.9.jar;C:\Users\bkristip\.m2\repository\commons-codec\commons-codec\1.10\commons-codec-1.10.jar;C:\Users\bkristip\.m2\repository\org\apache\httpcomponents\httpmime\4.5.5\httpmime-4.5.5.jar;C:\Users\bkristip\.m2\repository\org\slf4j\jcl-over-slf4j\1.7.25\jcl-over-slf4j-1.7.25.jar;C:\Users\bkristip\.m2\repository\org\slf4j\slf4j-api\1.7.25\slf4j-api-1.7.25.jar;C:\Users\bkristip\.m2\repository\ch\qos\logback\logback-classic\1.2.3\logback-classic-1.2.3.jar;C:\Users\bkristip\.m2\repository\ch\qos\logback\logback-core\1.2.3\logback-core-1.2.3.jar;C:\Users\bkristip\.m2\repository\com\intuit\karate\karate-junit4\0.9.4\karate-junit4-0.9.4.jar;C:\Users\bkristip\.m2\repository\junit\junit\4.12\junit-4.12.jar;C:\Users\bkristip\.m2\repository\org\hamcrest\hamcrest-core\1.3\hamcrest-core-1.3.jar;C:\Users\bkristip\.m2\repository\net\masterthought\cucumber-reporting\3.8.0\cucumber-reporting-3.8.0.jar;C:\Users\bkristip\.m2\repository\org\apache\logging\log4j\log4j-api\2.6\log4j-api-2.6.jar;C:\Users\bkristip\.m2\repository\org\apache\logging\log4j\log4j-core\2.6\log4j-core-2.6.jar;C:\Users\bkristip\.m2\repository\com\fasterxml\jackson\core\jackson-databind\2.8.5\jackson-databind-2.8.5.jar;C:\Users\bkristip\.m2\repository\com\fasterxml\jackson\core\jackson-annotations\2.8.0\jackson-annotations-2.8.0.jar;C:\Users\bkristip\.m2\repository\com\fasterxml\jackson\core\jackson-core\2.8.5\jackson-core-2.8.5.jar;C:\Users\bkristip\.m2\repository\org\apache\velocity\velocity\1.7\velocity-1.7.jar;C:\Users\bkristip\.m2\repository\commons-collections\commons-collections\3.2.1\commons-collections-3.2.1.jar;C:\Users\bkristip\.m2\repository\commons-lang\commons-lang\2.4\commons-lang-2.4.jar;C:\Users\bkristip\.m2\repository\velocity-tools\velocity-tools\1.4\velocity-tools-1.4.jar;C:\Users\bkristip\.m2\repository\joda-time\joda-time\2.9.6\joda-time-2.9.6.jar;C:\Users\bkristip\.m2\repository\org\apache\commons\commons-lang3\3.5\commons-lang3-3.5.jar;C:\Users\bkristip\.m2\repository\commons-io\commons-io\2.5\commons-io-2.5.jar;C:\Users\bkristip\.m2\repository\net\lingala\zip4j\zip4j\1.3.2\zip4j-1.3.2.jar;C:\Users\bkristip\.m2\repository\org\codehaus\plexus\plexus-utils\3.0.24\plexus-utils-3.0.24.jar;C:\Users\bkristip\.m2\repository\org\jsoup\jsoup\1.10.1\jsoup-1.10.1.jar;C:\Users\bkristip\.m2\repository\com\googlecode\owasp-java-html-sanitizer\owasp-java-html-sanitizer\20160924.1\owasp-java-html-sanitizer-20160924.1.jar;C:\Users\bkristip\.m2\repository\com\google\guava\guava\20.0\guava-20.0.jar;"/>
    <property name="java.vm.vendor" value="Oracle Corporation"/>
    <property name="sun.arch.data.model" value="64"/>
    <property name="user.variant" value=""/>
    <property name="java.vendor.url" value="http://java.oracle.com/"/>
    <property name="user.timezone" value="Asia/Calcutta"/>
    <property name="java.vm.specification.version" value="1.8"/>
    <property name="os.name" value="Windows 10"/>
    <property name="user.country" value="US"/>
    <property name="sun.java.launcher" value="SUN_STANDARD"/>
    <property name="sun.boot.library.path" value="C:\Program Files\Java\jdk1.8.0_221\jre\bin"/>
    <property name="sun.java.command" value="C:\Users\bkristip\AppData\Local\Temp\surefire5212646527525730228\surefirebooter5758107515892931277.jar C:\Users\bkristip\AppData\Local\Temp\surefire5212646527525730228 2019-11-08T22-44-31_095-jvmRun1 surefire5724453022956782477tmp surefire_07029012651419076380tmp"/>
    <property name="surefire.test.class.path" value="C:\Users\bkristip\eclipse-workspace\swamy\rest-automation\target\test-classes;C:\Users\bkristip\eclipse-workspace\swamy\rest-automation\target\classes;C:\Users\bkristip\.m2\repository\com\intuit\karate\karate-apache\0.9.4\karate-apache-0.9.4.jar;C:\Users\bkristip\.m2\repository\com\intuit\karate\karate-core\0.9.4\karate-core-0.9.4.jar;C:\Users\bkristip\.m2\repository\com\jayway\jsonpath\json-path\2.1.0\json-path-2.1.0.jar;C:\Users\bkristip\.m2\repository\net\minidev\json-smart\2.2\json-smart-2.2.jar;C:\Users\bkristip\.m2\repository\net\minidev\accessors-smart\1.1\accessors-smart-1.1.jar;C:\Users\bkristip\.m2\repository\org\ow2\asm\asm\5.0.3\asm-5.0.3.jar;C:\Users\bkristip\.m2\repository\info\cukes\cucumber-java\1.2.5\cucumber-java-1.2.5.jar;C:\Users\bkristip\.m2\repository\info\cukes\cucumber-core\1.2.5\cucumber-core-1.2.5.jar;C:\Users\bkristip\.m2\repository\org\yaml\snakeyaml\1.24\snakeyaml-1.24.jar;C:\Users\bkristip\.m2\repository\de\siegmar\fastcsv\1.0.3\fastcsv-1.0.3.jar;C:\Users\bkristip\.m2\repository\info\picocli\picocli\3.0.1\picocli-3.0.1.jar;C:\Users\bkristip\.m2\repository\org\apache\httpcomponents\httpclient\4.5.5\httpclient-4.5.5.jar;C:\Users\bkristip\.m2\repository\org\apache\httpcomponents\httpcore\4.4.9\httpcore-4.4.9.jar;C:\Users\bkristip\.m2\repository\commons-codec\commons-codec\1.10\commons-codec-1.10.jar;C:\Users\bkristip\.m2\repository\org\apache\httpcomponents\httpmime\4.5.5\httpmime-4.5.5.jar;C:\Users\bkristip\.m2\repository\org\slf4j\jcl-over-slf4j\1.7.25\jcl-over-slf4j-1.7.25.jar;C:\Users\bkristip\.m2\repository\org\slf4j\slf4j-api\1.7.25\slf4j-api-1.7.25.jar;C:\Users\bkristip\.m2\repository\ch\qos\logback\logback-classic\1.2.3\logback-classic-1.2.3.jar;C:\Users\bkristip\.m2\repository\ch\qos\logback\logback-core\1.2.3\logback-core-1.2.3.jar;C:\Users\bkristip\.m2\repository\com\intuit\karate\karate-junit4\0.9.4\karate-junit4-0.9.4.jar;C:\Users\bkristip\.m2\repository\junit\junit\4.12\junit-4.12.jar;C:\Users\bkristip\.m2\repository\org\hamcrest\hamcrest-core\1.3\hamcrest-core-1.3.jar;C:\Users\bkristip\.m2\repository\net\masterthought\cucumber-reporting\3.8.0\cucumber-reporting-3.8.0.jar;C:\Users\bkristip\.m2\repository\org\apache\logging\log4j\log4j-api\2.6\log4j-api-2.6.jar;C:\Users\bkristip\.m2\repository\org\apache\logging\log4j\log4j-core\2.6\log4j-core-2.6.jar;C:\Users\bkristip\.m2\repository\com\fasterxml\jackson\core\jackson-databind\2.8.5\jackson-databind-2.8.5.jar;C:\Users\bkristip\.m2\repository\com\fasterxml\jackson\core\jackson-annotations\2.8.0\jackson-annotations-2.8.0.jar;C:\Users\bkristip\.m2\repository\com\fasterxml\jackson\core\jackson-core\2.8.5\jackson-core-2.8.5.jar;C:\Users\bkristip\.m2\repository\org\apache\velocity\velocity\1.7\velocity-1.7.jar;C:\Users\bkristip\.m2\repository\commons-collections\commons-collections\3.2.1\commons-collections-3.2.1.jar;C:\Users\bkristip\.m2\repository\commons-lang\commons-lang\2.4\commons-lang-2.4.jar;C:\Users\bkristip\.m2\repository\velocity-tools\velocity-tools\1.4\velocity-tools-1.4.jar;C:\Users\bkristip\.m2\repository\joda-time\joda-time\2.9.6\joda-time-2.9.6.jar;C:\Users\bkristip\.m2\repository\org\apache\commons\commons-lang3\3.5\commons-lang3-3.5.jar;C:\Users\bkristip\.m2\repository\commons-io\commons-io\2.5\commons-io-2.5.jar;C:\Users\bkristip\.m2\repository\net\lingala\zip4j\zip4j\1.3.2\zip4j-1.3.2.jar;C:\Users\bkristip\.m2\repository\org\codehaus\plexus\plexus-utils\3.0.24\plexus-utils-3.0.24.jar;C:\Users\bkristip\.m2\repository\org\jsoup\jsoup\1.10.1\jsoup-1.10.1.jar;C:\Users\bkristip\.m2\repository\com\googlecode\owasp-java-html-sanitizer\owasp-java-html-sanitizer\20160924.1\owasp-java-html-sanitizer-20160924.1.jar;C:\Users\bkristip\.m2\repository\com\google\guava\guava\20.0\guava-20.0.jar;"/>
    <property name="sun.cpu.endian" value="little"/>
    <property name="user.home" value="C:\Users\bkristip"/>
    <property name="user.language" value="en"/>
    <property name="java.specification.vendor" value="Oracle Corporation"/>
    <property name="java.home" value="C:\Program Files\Java\jdk1.8.0_221\jre"/>
    <property name="basedir" value="C:\Users\bkristip\eclipse-workspace\swamy\rest-automation"/>
    <property name="file.separator" value="\"/>
    <property name="line.separator" value="&#10;"/>
    <property name="java.vm.specification.vendor" value="Oracle Corporation"/>
    <property name="java.specification.name" value="Java Platform API Specification"/>
    <property name="java.awt.graphicsenv" value="sun.awt.Win32GraphicsEnvironment"/>
    <property name="surefire.real.class.path" value="C:\Users\bkristip\AppData\Local\Temp\surefire5212646527525730228\surefirebooter5758107515892931277.jar"/>
    <property name="sun.boot.class.path" value="C:\Program Files\Java\jdk1.8.0_221\jre\lib\resources.jar;C:\Program Files\Java\jdk1.8.0_221\jre\lib\rt.jar;C:\Program Files\Java\jdk1.8.0_221\jre\lib\sunrsasign.jar;C:\Program Files\Java\jdk1.8.0_221\jre\lib\jsse.jar;C:\Program Files\Java\jdk1.8.0_221\jre\lib\jce.jar;C:\Program Files\Java\jdk1.8.0_221\jre\lib\charsets.jar;C:\Program Files\Java\jdk1.8.0_221\jre\lib\jfr.jar;C:\Program Files\Java\jdk1.8.0_221\jre\classes"/>
    <property name="user.script" value=""/>
    <property name="sun.management.compiler" value="HotSpot 64-Bit Tiered Compilers"/>
    <property name="java.runtime.version" value="1.8.0_221-b11"/>
    <property name="user.name" value="bkristip"/>
    <property name="path.separator" value=";"/>
    <property name="os.version" value="10.0"/>
    <property name="java.endorsed.dirs" value="C:\Program Files\Java\jdk1.8.0_221\jre\lib\endorsed"/>
    <property name="java.runtime.name" value="Java(TM) SE Runtime Environment"/>
    <property name="file.encoding" value="Cp1252"/>
    <property name="java.vm.name" value="Java HotSpot(TM) 64-Bit Server VM"/>
    <property name="localRepository" value="C:\Users\bkristip\.m2\repository"/>
    <property name="java.vendor.url.bug" value="http://bugreport.sun.com/bugreport/"/>
    <property name="java.io.tmpdir" value="C:\Users\bkristip\AppData\Local\Temp\"/>
    <property name="java.version" value="1.8.0_221"/>
    <property name="user.dir" value="C:\Users\bkristip\eclipse-workspace\swamy\rest-automation"/>
    <property name="os.arch" value="amd64"/>
    <property name="java.vm.specification.name" value="Java Virtual Machine Specification"/>
    <property name="java.awt.printerjob" value="sun.awt.windows.WPrinterJob"/>
    <property name="sun.os.patch.level" value=""/>
    <property name="java.library.path" value="C:\Program Files\Java\jdk1.8.0_221\jre\bin;C:\windows\Sun\Java\bin;C:\windows\system32;C:\windows;C:/Program Files/Java/jdk1.8.0_221/bin/../jre/bin/server;C:/Program Files/Java/jdk1.8.0_221/bin/../jre/bin;C:/Program Files/Java/jdk1.8.0_221/bin/../jre/lib/amd64;C:\ProgramData\DockerDesktop\version-bin;C:\Program Files\Docker\Docker\Resources\bin;C:\Program Files\Java\jdk1.8.0_221\bin;C:\apache-maven-3.6.1\bin;C:\apache-ant-1.10.6\bin;C:\Bharath\softwares\gradle-5.6.2\bin;C:\windows\system32;C:\windows;C:\windows\System32\Wbem;C:\windows\System32\WindowsPowerShell\v1.0\;C:\windows\System32\OpenSSH\;C:\Program Files\Git\cmd;C:\Program Files\Mercurial\;C:\Program Files (x86)\DevDesktop\drush_9;C:\Program Files (x86)\Yarn\bin\;C:\Program Files\nodejs\;C:\Program Files\Amazon\AWSCLI\bin\;C:\Users\bkristip\AppData\Local\Programs\Python\Python37-32\Scripts\;C:\Users\bkristip\AppData\Local\Programs\Python\Python37-32\;C:\Users\bkristip\AppData\Local\Programs\Microsoft VS Code\bin;C:\Users\bkristip\AppData\Local\Yarn\bin;C:\Users\bkristip\AppData\Roaming\npm;C:\Bharath\softwares\eclipse-jee-2019-09-R-win32-x86_64\eclipse;;."/>
    <property name="java.vm.info" value="mixed mode"/>
    <property name="java.vendor" value="Oracle Corporation"/>
    <property name="java.vm.version" value="25.221-b11"/>
    <property name="java.ext.dirs" value="C:\Program Files\Java\jdk1.8.0_221\jre\lib\ext;C:\windows\Sun\Java\lib\ext"/>
    <property name="sun.io.unicode.encoding" value="UnicodeLittle"/>
    <property name="java.class.version" value="52.0"/>
  </properties>
  <testcase name="testParallel" classname="com.n26.bestbuy.api.categories.CategoriesTest" time="34.503"/>
</testsuite>