<?xml version="1.0" encoding="UTF-8"?>
<testsuite xmlns:xsi="http://www.w3.org/2001/XMLSchema-instance" xsi:noNamespaceSchemaLocation="https://maven.apache.org/surefire/maven-surefire-plugin/xsd/surefire-test-report.xsd" name="com.n26.bestbuy.api.products.ProductsTest" time="10.748" tests="1" errors="0" skipped="0" failures="1">
  <properties>
    <property name="sun.desktop" value="windows"/>
    <property name="awt.toolkit" value="sun.awt.windows.WToolkit"/>
    <property name="file.encoding.pkg" value="sun.io"/>
    <property name="java.specification.version" value="1.8"/>
    <property name="sun.cpu.isalist" value="amd64"/>
    <property name="sun.jnu.encoding" value="Cp1252"/>
    <property name="java.class.path" value="C:\Users\bkristip\eclipse-workspace\swamy\rest-automation\target\test-classes;C:\Users\bkristip\eclipse-workspace\swamy\rest-automation\target\classes;C:\Users\bkristip\.m2\repository\com\intuit\karate\karate-apache\0.9.4\karate-apache-0.9.4.jar;C:\Users\bkristip\.m2\repository\com\intuit\karate\karate-core\0.9.4\karate-core-0.9.4.jar;C:\Users\bkristip\.m2\repository\com\jayway\jsonpath\json-path\2.1.0\json-path-2.1.0.jar;C:\Users\bkristip\.m2\repository\net\minidev\json-smart\2.2\json-smart-2.2.jar;C:\Users\bkristip\.m2\repository\net\minidev\accessors-smart\1.1\accessors-smart-1.1.jar;C:\Users\bkristip\.m2\repository\org\ow2\asm\asm\5.0.3\asm-5.0.3.jar;C:\Users\bkristip\.m2\repository\info\cukes\cucumber-java\1.2.5\cucumber-java-1.2.5.jar;C:\Users\bkristip\.m2\repository\info\cukes\cucumber-core\1.2.5\cucumber-core-1.2.5.jar;C:\Users\bkristip\.m2\repository\org\yaml\snakeyaml\1.24\snakeyaml-1.24.jar;C:\Users\bkristip\.m2\repository\de\siegmar\fastcsv\1.0.3\fastcsv-1.0.3.jar;C:\Users\bkristip\.m2\repository\info\picocli\picocli\3.0.1\picocli-3.0.1.jar;C:\Users\bkristip\.m2\repository\org\apache\httpcomponents\httpclient\4.5.5\httpclient-4.5.5.jar;C:\Users\bkristip\.m2\repository\org\apache\httpcomponents\httpcore\4.4.9\httpcore-4.4.9.jar;C:\Users\bkristip\.m2\repository\commons-codec\commons-codec\1.10\commons-codec-1.10.jar;C:\Users\bkristip\.m2\repository\org\apache\httpcomponents\httpmime\4.5.5\httpmime-4.5.5.jar;C:\Users\bkristip\.m2\repository\org\slf4j\jcl-over-slf4j\1.7.25\jcl-over-slf4j-1.7.25.jar;C:\Users\bkristip\.m2\repository\org\slf4j\slf4j-api\1.7.25\slf4j-api-1.7.25.jar;C:\Users\bkristip\.m2\repository\ch\qos\logback\logback-classic\1.2.3\logback-classic-1.2.3.jar;C:\Users\bkristip\.m2\repository\ch\qos\logback\logback-core\1.2.3\logback-core-1.2.3.jar;C:\Users\bkristip\.m2\repository\com\intuit\karate\karate-junit4\0.9.4\karate-junit4-0.9.4.jar;C:\Users\bkristip\.m2\repository\junit\junit\4.12\junit-4.12.jar;C:\Users\bkristip\.m2\repository\org\hamcrest\hamcrest-core\1.3\hamcrest-core-1.3.jar;C:\Users\bkristip\.m2\repository\net\masterthought\cucumber-reporting\3.8.0\cucumber-reporting-3.8.0.jar;C:\Users\bkristip\.m2\repository\org\apache\logging\log4j\log4j-api\2.6\log4j-api-2.6.jar;C:\Users\bkristip\.m2\repository\org\apache\logging\log4j\log4j-core\2.6\log4j-core-2.6.jar;C:\Users\bkristip\.m2\repository\com\fasterxml\jackson\core\jackson-databind\2.8.5\jackson-databind-2.8.5.jar;C:\Users\bkristip\.m2\repository\com\fasterxml\jackson\core\jackson-annotations\2.8.0\jackson-annotations-2.8.0.jar;C:\Users\bkristip\.m2\repository\com\fasterxml\jackson\core\jackson-core\2.8.5\jackson-core-2.8.5.jar;C:\Users\bkristip\.m2\repository\org\apache\velocity\velocity\1.7\velocity-1.7.jar;C:\Users\bkristip\.m2\repository\commons-collections\commons-collections\3.2.1\commons-collections-3.2.1.jar;C:\Users\bkristip\.m2\repository\commons-lang\commons-lang\2.4\commons-lang-2.4.jar;C:\Users\bkristip\.m2\repository\velocity-tools\velocity-tools\1.4\velocity-tools-1.4.jar;C:\Users\bkristip\.m2\repository\joda-time\joda-time\2.9.6\joda-time-2.9.6.jar;C:\Users\bkristip\.m2\repository\org\apache\commons\commons-lang3\3.5\commons-lang3-3.5.jar;C:\Users\bkristip\.m2\repository\commons-io\commons-io\2.5\commons-io-2.5.jar;C:\Users\bkristip\.m2\repository\net\lingala\zip4j\zip4j\1.3.2\zip4j-1.3.2.jar;C:\Users\bkristip\.m2\repository\org\codehaus\plexus\plexus-utils\3.0.24\plexus-utils-3.0.24.jar;C:\Users\bkristip\.m2\repository\org\jsoup\jsoup\1.10.1\jsoup-1.10.1.jar;C:\Users\bkristip\.m2\repository\com\googlecode\owasp-java-html-sanitizer\owasp-java-html-sanitizer\20160924.1\owasp-java-html-sanitizer-20160924.1.jar;C:\Users\bkristip\.m2\repository\com\google\guava\guava\20.0\guava-20.0.jar;"/>
    <property name="java.vm.vendor" value="Oracle Corporation"/>
    <property name="sun.arch.data.model" value="64"/>
    <property name="user.variant" value=""/>
    <property name="java.vendor.url" value="http://java.oracle.com/"/>
    <property name="user.timezone" value="Asia/Calcutta"/>
    <property name="java.vm.specification.version" value="1.8"/>
    <property name="os.name" value="Windows 10"/>
    <property name="user.country" value="US"/>
    <property name="sun.java.launcher" value="SUN_STANDARD"/>
    <property name="sun.boot.library.path" value="C:\Program Files\Java\jdk1.8.0_221\jre\bin"/>
    <property name="sun.java.command" value="C:\Users\bkristip\AppData\Local\Temp\surefire5212646527525730228\surefirebooter5758107515892931277.jar C:\Users\bkristip\AppData\Local\Temp\surefire5212646527525730228 2019-11-08T22-44-31_095-jvmRun1 surefire5724453022956782477tmp surefire_07029012651419076380tmp"/>
    <property name="surefire.test.class.path" value="C:\Users\bkristip\eclipse-workspace\swamy\rest-automation\target\test-classes;C:\Users\bkristip\eclipse-workspace\swamy\rest-automation\target\classes;C:\Users\bkristip\.m2\repository\com\intuit\karate\karate-apache\0.9.4\karate-apache-0.9.4.jar;C:\Users\bkristip\.m2\repository\com\intuit\karate\karate-core\0.9.4\karate-core-0.9.4.jar;C:\Users\bkristip\.m2\repository\com\jayway\jsonpath\json-path\2.1.0\json-path-2.1.0.jar;C:\Users\bkristip\.m2\repository\net\minidev\json-smart\2.2\json-smart-2.2.jar;C:\Users\bkristip\.m2\repository\net\minidev\accessors-smart\1.1\accessors-smart-1.1.jar;C:\Users\bkristip\.m2\repository\org\ow2\asm\asm\5.0.3\asm-5.0.3.jar;C:\Users\bkristip\.m2\repository\info\cukes\cucumber-java\1.2.5\cucumber-java-1.2.5.jar;C:\Users\bkristip\.m2\repository\info\cukes\cucumber-core\1.2.5\cucumber-core-1.2.5.jar;C:\Users\bkristip\.m2\repository\org\yaml\snakeyaml\1.24\snakeyaml-1.24.jar;C:\Users\bkristip\.m2\repository\de\siegmar\fastcsv\1.0.3\fastcsv-1.0.3.jar;C:\Users\bkristip\.m2\repository\info\picocli\picocli\3.0.1\picocli-3.0.1.jar;C:\Users\bkristip\.m2\repository\org\apache\httpcomponents\httpclient\4.5.5\httpclient-4.5.5.jar;C:\Users\bkristip\.m2\repository\org\apache\httpcomponents\httpcore\4.4.9\httpcore-4.4.9.jar;C:\Users\bkristip\.m2\repository\commons-codec\commons-codec\1.10\commons-codec-1.10.jar;C:\Users\bkristip\.m2\repository\org\apache\httpcomponents\httpmime\4.5.5\httpmime-4.5.5.jar;C:\Users\bkristip\.m2\repository\org\slf4j\jcl-over-slf4j\1.7.25\jcl-over-slf4j-1.7.25.jar;C:\Users\bkristip\.m2\repository\org\slf4j\slf4j-api\1.7.25\slf4j-api-1.7.25.jar;C:\Users\bkristip\.m2\repository\ch\qos\logback\logback-classic\1.2.3\logback-classic-1.2.3.jar;C:\Users\bkristip\.m2\repository\ch\qos\logback\logback-core\1.2.3\logback-core-1.2.3.jar;C:\Users\bkristip\.m2\repository\com\intuit\karate\karate-junit4\0.9.4\karate-junit4-0.9.4.jar;C:\Users\bkristip\.m2\repository\junit\junit\4.12\junit-4.12.jar;C:\Users\bkristip\.m2\repository\org\hamcrest\hamcrest-core\1.3\hamcrest-core-1.3.jar;C:\Users\bkristip\.m2\repository\net\masterthought\cucumber-reporting\3.8.0\cucumber-reporting-3.8.0.jar;C:\Users\bkristip\.m2\repository\org\apache\logging\log4j\log4j-api\2.6\log4j-api-2.6.jar;C:\Users\bkristip\.m2\repository\org\apache\logging\log4j\log4j-core\2.6\log4j-core-2.6.jar;C:\Users\bkristip\.m2\repository\com\fasterxml\jackson\core\jackson-databind\2.8.5\jackson-databind-2.8.5.jar;C:\Users\bkristip\.m2\repository\com\fasterxml\jackson\core\jackson-annotations\2.8.0\jackson-annotations-2.8.0.jar;C:\Users\bkristip\.m2\repository\com\fasterxml\jackson\core\jackson-core\2.8.5\jackson-core-2.8.5.jar;C:\Users\bkristip\.m2\repository\org\apache\velocity\velocity\1.7\velocity-1.7.jar;C:\Users\bkristip\.m2\repository\commons-collections\commons-collections\3.2.1\commons-collections-3.2.1.jar;C:\Users\bkristip\.m2\repository\commons-lang\commons-lang\2.4\commons-lang-2.4.jar;C:\Users\bkristip\.m2\repository\velocity-tools\velocity-tools\1.4\velocity-tools-1.4.jar;C:\Users\bkristip\.m2\repository\joda-time\joda-time\2.9.6\joda-time-2.9.6.jar;C:\Users\bkristip\.m2\repository\org\apache\commons\commons-lang3\3.5\commons-lang3-3.5.jar;C:\Users\bkristip\.m2\repository\commons-io\commons-io\2.5\commons-io-2.5.jar;C:\Users\bkristip\.m2\repository\net\lingala\zip4j\zip4j\1.3.2\zip4j-1.3.2.jar;C:\Users\bkristip\.m2\repository\org\codehaus\plexus\plexus-utils\3.0.24\plexus-utils-3.0.24.jar;C:\Users\bkristip\.m2\repository\org\jsoup\jsoup\1.10.1\jsoup-1.10.1.jar;C:\Users\bkristip\.m2\repository\com\googlecode\owasp-java-html-sanitizer\owasp-java-html-sanitizer\20160924.1\owasp-java-html-sanitizer-20160924.1.jar;C:\Users\bkristip\.m2\repository\com\google\guava\guava\20.0\guava-20.0.jar;"/>
    <property name="sun.cpu.endian" value="little"/>
    <property name="user.home" value="C:\Users\bkristip"/>
    <property name="user.language" value="en"/>
    <property name="java.specification.vendor" value="Oracle Corporation"/>
    <property name="java.home" value="C:\Program Files\Java\jdk1.8.0_221\jre"/>
    <property name="basedir" value="C:\Users\bkristip\eclipse-workspace\swamy\rest-automation"/>
    <property name="file.separator" value="\"/>
    <property name="line.separator" value="&#10;"/>
    <property name="java.vm.specification.vendor" value="Oracle Corporation"/>
    <property name="java.specification.name" value="Java Platform API Specification"/>
    <property name="java.awt.graphicsenv" value="sun.awt.Win32GraphicsEnvironment"/>
    <property name="surefire.real.class.path" value="C:\Users\bkristip\AppData\Local\Temp\surefire5212646527525730228\surefirebooter5758107515892931277.jar"/>
    <property name="sun.boot.class.path" value="C:\Program Files\Java\jdk1.8.0_221\jre\lib\resources.jar;C:\Program Files\Java\jdk1.8.0_221\jre\lib\rt.jar;C:\Program Files\Java\jdk1.8.0_221\jre\lib\sunrsasign.jar;C:\Program Files\Java\jdk1.8.0_221\jre\lib\jsse.jar;C:\Program Files\Java\jdk1.8.0_221\jre\lib\jce.jar;C:\Program Files\Java\jdk1.8.0_221\jre\lib\charsets.jar;C:\Program Files\Java\jdk1.8.0_221\jre\lib\jfr.jar;C:\Program Files\Java\jdk1.8.0_221\jre\classes"/>
    <property name="user.script" value=""/>
    <property name="sun.management.compiler" value="HotSpot 64-Bit Tiered Compilers"/>
    <property name="java.runtime.version" value="1.8.0_221-b11"/>
    <property name="user.name" value="bkristip"/>
    <property name="path.separator" value=";"/>
    <property name="os.version" value="10.0"/>
    <property name="java.endorsed.dirs" value="C:\Program Files\Java\jdk1.8.0_221\jre\lib\endorsed"/>
    <property name="java.runtime.name" value="Java(TM) SE Runtime Environment"/>
    <property name="file.encoding" value="Cp1252"/>
    <property name="java.vm.name" value="Java HotSpot(TM) 64-Bit Server VM"/>
    <property name="localRepository" value="C:\Users\bkristip\.m2\repository"/>
    <property name="java.vendor.url.bug" value="http://bugreport.sun.com/bugreport/"/>
    <property name="java.io.tmpdir" value="C:\Users\bkristip\AppData\Local\Temp\"/>
    <property name="java.version" value="1.8.0_221"/>
    <property name="user.dir" value="C:\Users\bkristip\eclipse-workspace\swamy\rest-automation"/>
    <property name="os.arch" value="amd64"/>
    <property name="java.vm.specification.name" value="Java Virtual Machine Specification"/>
    <property name="java.awt.printerjob" value="sun.awt.windows.WPrinterJob"/>
    <property name="sun.os.patch.level" value=""/>
    <property name="java.library.path" value="C:\Program Files\Java\jdk1.8.0_221\jre\bin;C:\windows\Sun\Java\bin;C:\windows\system32;C:\windows;C:/Program Files/Java/jdk1.8.0_221/bin/../jre/bin/server;C:/Program Files/Java/jdk1.8.0_221/bin/../jre/bin;C:/Program Files/Java/jdk1.8.0_221/bin/../jre/lib/amd64;C:\ProgramData\DockerDesktop\version-bin;C:\Program Files\Docker\Docker\Resources\bin;C:\Program Files\Java\jdk1.8.0_221\bin;C:\apache-maven-3.6.1\bin;C:\apache-ant-1.10.6\bin;C:\Bharath\softwares\gradle-5.6.2\bin;C:\windows\system32;C:\windows;C:\windows\System32\Wbem;C:\windows\System32\WindowsPowerShell\v1.0\;C:\windows\System32\OpenSSH\;C:\Program Files\Git\cmd;C:\Program Files\Mercurial\;C:\Program Files (x86)\DevDesktop\drush_9;C:\Program Files (x86)\Yarn\bin\;C:\Program Files\nodejs\;C:\Program Files\Amazon\AWSCLI\bin\;C:\Users\bkristip\AppData\Local\Programs\Python\Python37-32\Scripts\;C:\Users\bkristip\AppData\Local\Programs\Python\Python37-32\;C:\Users\bkristip\AppData\Local\Programs\Microsoft VS Code\bin;C:\Users\bkristip\AppData\Local\Yarn\bin;C:\Users\bkristip\AppData\Roaming\npm;C:\Bharath\softwares\eclipse-jee-2019-09-R-win32-x86_64\eclipse;;."/>
    <property name="java.vm.info" value="mixed mode"/>
    <property name="java.vendor" value="Oracle Corporation"/>
    <property name="java.vm.version" value="25.221-b11"/>
    <property name="java.ext.dirs" value="C:\Program Files\Java\jdk1.8.0_221\jre\lib\ext;C:\windows\Sun\Java\lib\ext"/>
    <property name="sun.io.unicode.encoding" value="UnicodeLittle"/>
    <property name="java.class.version" value="52.0"/>
  </properties>
  <testcase name="testParallel" classname="com.n26.bestbuy.api.products.ProductsTest" time="10.747">
    <failure message="failed features:&#10;com.n26.bestbuy.api.products.products-delete: products-delete.feature:26 - &#10;java.net.SocketTimeoutException: Read timed out&#10;com.n26.bestbuy.api.products.products-patch: products-patch.feature:11 - &#10;java.net.SocketTimeoutException: Read timed out&#10;com.n26.bestbuy.api.products.products-post: products-post.feature:11 - &#10;java.net.SocketTimeoutException: Read timed out&#10;products-post.feature:20 - &#10;java.net.SocketTimeoutException: Read timed out&#10;products-post.feature:26 - &#10;java.net.SocketTimeoutException: Read timed out&#10;" type="java.lang.AssertionError">java.lang.AssertionError: 
failed features:
com.n26.bestbuy.api.products.products-delete: products-delete.feature:26 - 
java.net.SocketTimeoutException: Read timed out
com.n26.bestbuy.api.products.products-patch: products-patch.feature:11 - 
java.net.SocketTimeoutException: Read timed out
com.n26.bestbuy.api.products.products-post: products-post.feature:11 - 
java.net.SocketTimeoutException: Read timed out
products-post.feature:20 - 
java.net.SocketTimeoutException: Read timed out
products-post.feature:26 - 
java.net.SocketTimeoutException: Read timed out

</failure>
    <system-out><![CDATA[22:45:24.742 [ForkJoinPool-3-worker-4] INFO  com.intuit.karate - karate.env system property was: null 
22:45:24.746 [ForkJoinPool-3-worker-4] DEBUG com.intuit.karate - request:
1 > GET http://localhost:3030/products?%24select%5B%5D=description
1 > Accept-Encoding: gzip,deflate
1 > Connection: Keep-Alive
1 > Host: localhost:3030
1 > User-Agent: Apache-HttpClient/4.5.5 (Java/1.8.0_221)

22:45:24.762 [ForkJoinPool-3-worker-3] INFO  com.intuit.karate - karate.env system property was: null 
22:45:24.767 [ForkJoinPool-3-worker-3] DEBUG com.intuit.karate - request:
1 > GET http://localhost:3030/products?%24select%5B%5D=description
1 > Accept-Encoding: gzip,deflate
1 > Connection: Keep-Alive
1 > Host: localhost:3030
1 > User-Agent: Apache-HttpClient/4.5.5 (Java/1.8.0_221)

22:45:24.819 [ForkJoinPool-3-worker-1] INFO  com.intuit.karate - karate.env system property was: null 
22:45:24.820 [ForkJoinPool-3-worker-2] INFO  com.intuit.karate - karate.env system property was: null 
22:45:24.824 [ForkJoinPool-3-worker-1] DEBUG com.intuit.karate - request:
1 > GET http://localhost:3030/products?category.name=TVs&price%5B%24gt%5D=500&price%5B%24lt%5D=800&shipping%5B%24eq%5D=0
1 > Accept-Encoding: gzip,deflate
1 > Connection: Keep-Alive
1 > Host: localhost:3030
1 > User-Agent: Apache-HttpClient/4.5.5 (Java/1.8.0_221)

22:45:24.826 [ForkJoinPool-3-worker-2] DEBUG com.intuit.karate - request:
1 > GET http://localhost:3030/products?category.name=TVs&price%5B%24gt%5D=500&price%5B%24lt%5D=800&shipping%5B%24eq%5D=0
1 > Accept-Encoding: gzip,deflate
1 > Connection: Keep-Alive
1 > Host: localhost:3030
1 > User-Agent: Apache-HttpClient/4.5.5 (Java/1.8.0_221)

22:45:24.872 [ForkJoinPool-3-worker-5] INFO  com.intuit.karate - karate.env system property was: null 
22:45:24.881 [ForkJoinPool-3-worker-5] DEBUG com.intuit.karate - request:
1 > GET http://localhost:3030/products?%24sort%5Bprice%5D=-1
1 > Accept-Encoding: gzip,deflate
1 > Connection: Keep-Alive
1 > Host: localhost:3030
1 > User-Agent: Apache-HttpClient/4.5.5 (Java/1.8.0_221)

22:45:27.835 [ForkJoinPool-3-worker-3] DEBUG com.intuit.karate - response time in milliseconds: 2820.62
1 < 200
1 < Access-Control-Allow-Origin: *
1 < Allow: GET,POST,PUT,PATCH,DELETE
1 < Connection: keep-alive
1 < Content-Type: application/json; charset=utf-8
1 < Date: Fri, 08 Nov 2019 17:15:27 GMT
1 < ETag: W/"498-GpO+gKQiRbESBYyTAWYZBnny7JI"
1 < Transfer-Encoding: chunked
1 < Vary: Accept, Accept-Encoding
1 < X-Powered-By: Express
{"total":51957,"limit":10,"skip":0,"data":[{"description":"Compatible with select electronic devices; AAA size; DURALOCK Power Preserve technology; 4-pack"},{"description":"Long-lasting energy; DURALOCK Power Preserve technology; for toys, clocks, radios, games, remotes, PDAs and more"},{"description":"Compatible with select electronic devices; AA size; DURALOCK Power Preserve technology; 8-pack"},{"description":"4-pack AA alkaline batteries; battery tester included"},{"description":"Compatible with select electronic devices; C size; DURALOCK Power Preserve technology; 4-pack"},{"description":"Compatible with select electronic devices; D size; DURALOCK Power Preserve technology; 4-pack"},{"description":"80W maximum power (20W RMS); 4\" IMPP composite cone woofer; 3/4\" horn tweeter"},{"description":"Compatible with select electronic devices; alkaline chemistry; 9V size; DURALOCK Power Preserve technology; 2-pack"},{"description":"Alkaline batteries; 1.5V"},{"description":"From our expanded online assortment; compatible with most 1989-2000 Ford, Lincoln and Mercury vehicles; snap-in TurboKit offers fast installation; spacer/trim ring; rear support bracket"}]}

22:45:27.844 [ForkJoinPool-3-worker-3] INFO  com.intuit.karate - karate.env system property was: null 
22:45:27.848 [ForkJoinPool-3-worker-3] DEBUG com.intuit.karate - request:
1 > GET http://localhost:3030/products?%24sort%5Bprice%5D=-1
1 > Accept-Encoding: gzip,deflate
1 > Connection: Keep-Alive
1 > Host: localhost:3030
1 > User-Agent: Apache-HttpClient/4.5.5 (Java/1.8.0_221)

22:45:27.873 [ForkJoinPool-3-worker-4] DEBUG com.intuit.karate - response time in milliseconds: 3122.39
1 < 200
1 < Access-Control-Allow-Origin: *
1 < Allow: GET,POST,PUT,PATCH,DELETE
1 < Connection: keep-alive
1 < Content-Type: application/json; charset=utf-8
1 < Date: Fri, 08 Nov 2019 17:15:27 GMT
1 < ETag: W/"498-GpO+gKQiRbESBYyTAWYZBnny7JI"
1 < Transfer-Encoding: chunked
1 < Vary: Accept, Accept-Encoding
1 < X-Powered-By: Express
{"total":51957,"limit":10,"skip":0,"data":[{"description":"Compatible with select electronic devices; AAA size; DURALOCK Power Preserve technology; 4-pack"},{"description":"Long-lasting energy; DURALOCK Power Preserve technology; for toys, clocks, radios, games, remotes, PDAs and more"},{"description":"Compatible with select electronic devices; AA size; DURALOCK Power Preserve technology; 8-pack"},{"description":"4-pack AA alkaline batteries; battery tester included"},{"description":"Compatible with select electronic devices; C size; DURALOCK Power Preserve technology; 4-pack"},{"description":"Compatible with select electronic devices; D size; DURALOCK Power Preserve technology; 4-pack"},{"description":"80W maximum power (20W RMS); 4\" IMPP composite cone woofer; 3/4\" horn tweeter"},{"description":"Compatible with select electronic devices; alkaline chemistry; 9V size; DURALOCK Power Preserve technology; 2-pack"},{"description":"Alkaline batteries; 1.5V"},{"description":"From our expanded online assortment; compatible with most 1989-2000 Ford, Lincoln and Mercury vehicles; snap-in TurboKit offers fast installation; spacer/trim ring; rear support bracket"}]}

22:45:27.881 [ForkJoinPool-3-worker-4] INFO  com.intuit.karate - karate.env system property was: null 
22:45:27.880 [ForkJoinPool-3-worker-5] DEBUG com.intuit.karate - response time in milliseconds: 2988.47
1 < 200
1 < Access-Control-Allow-Origin: *
1 < Allow: GET,POST,PUT,PATCH,DELETE
1 < Connection: keep-alive
1 < Content-Type: application/json; charset=utf-8
1 < Date: Fri, 08 Nov 2019 17:15:27 GMT
1 < ETag: W/"3293-P9azs8YOnTtIwIdcIW+1YJyStx8"
1 < Transfer-Encoding: chunked
1 < Vary: Accept, Accept-Encoding
1 < X-Powered-By: Express
{"total":51957,"limit":10,"skip":0,"data":[{"id":3041141,"name":"Sony - ES SXRD 3D-Ready 4K Home Theater Projector - Black","type":"HardGood","price":27999.98,"upc":"027242873193","shipping":0,"description":"4K (4096 x 2160) resolution2000 lumens brightness16:9 aspect ratio","manufacturer":"Sony","model":"VPLVW1100ES","url":"http://www.bestbuy.com/site/sony-es-sxrd-3d-ready-4k-home-theater-projector-black/3041141.p?id=1219086346401&skuId=3041141&cmp=RMXCC","image":"http://img.bbystatic.com/BestBuy_US/images/products/3041/3041141_sa.jpg","createdAt":"2016-11-17T18:02:21.601Z","updatedAt":"2016-11-17T18:02:21.601Z","categories":[{"id":"abcat0100000","name":"TV & Home Theater","createdAt":"2016-11-17T17:57:04.285Z","updatedAt":"2016-11-17T17:57:04.285Z"},{"id":"pcmcat158900050008","name":"Projectors & Screens","createdAt":"2016-11-17T17:57:04.899Z","updatedAt":"2016-11-17T17:57:04.899Z"},{"id":"pcmcat158900050018","name":"Projectors","createdAt":"2016-11-17T17:57:04.899Z","updatedAt":"2016-11-17T17:57:04.899Z"}]},{"id":1790046,"name":"Nikon - AF-S NIKKOR 800mm f/5.6E FL ED VR Super-Telephoto Lens for Select Nikon Cameras - Black","type":"HardGood","price":16299.99,"upc":"018208022052","shipping":0,"description":"Compatible with select Nikon cameras; VR (Vibration Reduction) image stabilization; ED (Extra-Low Dispersion) glass; SWM (Silent Wave Motor); 1.25x teleconverter","manufacturer":"Nikon","model":"2205","url":"http://www.bestbuy.com/site/nikon-af-s-nikkor-800mm-f-5-6e-fl-ed-vr-super-telephoto-lens-for-select-nikon-cameras-black/1790046.p?id=1219064724072&skuId=1790046&cmp=RMXCC","image":"http://img.bbystatic.com/BestBuy_US/images/products/1790/1790046_sa.jpg","createdAt":"2016-11-17T18:00:01.751Z","updatedAt":"2016-11-17T18:00:01.751Z","categories":[{"id":"abcat0400000","name":"Cameras & Camcorders","createdAt":"2016-11-17T17:57:04.285Z","updatedAt":"2016-11-17T17:57:04.285Z"},{"id":"abcat0410000","name":"Digital Camera Accessories","createdAt":"2016-11-17T17:57:04.285Z","updatedAt":"2016-11-17T17:57:04.285Z"},{"id":"abcat0410018","name":"Camera Lenses","createdAt":"2016-11-17T17:57:04.285Z","updatedAt":"2016-11-17T17:57:04.285Z"},{"id":"pcmcat195200050001","name":"Prime Lenses","createdAt":"2016-11-17T17:57:05.399Z","updatedAt":"2016-11-17T17:57:05.399Z"},{"id":"pcmcat233000050008","name":"DSLR Lenses","createdAt":"2016-11-17T17:57:05.399Z","updatedAt":"2016-11-17T17:57:05.399Z"}]},{"id":4621000,"name":"Sony - ES 4K SXRD Projector - Black","type":"HardGood","price":14999.98,"upc":"027242892095","shipping":0,"description":"4K Ultra HD resolution16:9 aspect ratio","manufacturer":"Sony","model":"VPLVW665ES","url":"http://www.bestbuy.com/site/sony-es-4k-sxrd-projector-black/4621000.p?id=1219780138505&skuId=4621000&cmp=RMXCC","image":"http://img.bbystatic.com/BestBuy_US/images/products/4621/4621000_sa.jpg","createdAt":"2016-11-17T18:01:33.383Z","updatedAt":"2016-11-17T18:01:33.383Z","categories":[{"id":"abcat0100000","name":"TV & Home Theater","createdAt":"2016-11-17T17:57:04.285Z","updatedAt":"2016-11-17T17:57:04.285Z"},{"id":"pcmcat158900050008","name":"Projectors & Screens","createdAt":"2016-11-17T17:57:04.899Z","updatedAt":"2016-11-17T17:57:04.899Z"},{"id":"pcmcat158900050018","name":"Projectors","createdAt":"2016-11-17T17:57:04.899Z","updatedAt":"2016-11-17T17:57:04.899Z"}]},{"id":8794897,"name":"Canon - EF 800mm f/5.6L IS USM Super-Telephoto Lens for Canon EOS Cameras - White","type":"HardGood","price":12999.99,"upc":"013803092738","shipping":0,"description":"Compatible with Canon EOS cameras; image stabilization; USM (Ultrasonic Motor); 800mm focal length; 0.14x maximum magnification; f/32 minimum and f/5.6 maximum aperture","manufacturer":"Canon","model":"2746B002","url":"http://www.bestbuy.com/site/canon-ef-800mm-f-5-6l-is-usm-super-telephoto-lens-for-canon-eos-cameras-white/8794897.p?id=1205537954826&skuId=8794897&cmp=RMXCC","image":"http://img.bbystatic.com/BestBuy_US/images/products/8794/8794897_rc.jpg","createdAt":"2016-11-17T18:00:31.886Z","updatedAt":"2016-11-17T18:00:31.886Z","categories":[{"id":"abcat0400000","name":"Cameras & Camcorders","createdAt":"2016-11-17T17:57:04.285Z","updatedAt":"2016-11-17T17:57:04.285Z"},{"id":"abcat0410000","name":"Digital Camera Accessories","createdAt":"2016-11-17T17:57:04.285Z","updatedAt":"2016-11-17T17:57:04.285Z"},{"id":"abcat0410018","name":"Camera Lenses","createdAt":"2016-11-17T17:57:04.285Z","updatedAt":"2016-11-17T17:57:04.285Z"},{"id":"pcmcat195200050001","name":"Prime Lenses","createdAt":"2016-11-17T17:57:05.399Z","updatedAt":"2016-11-17T17:57:05.399Z"},{"id":"pcmcat233000050008","name":"DSLR Lenses","createdAt":"2016-11-17T17:57:05.399Z","updatedAt":"2016-11-17T17:57:05.399Z"}]},{"id":4262200,"name":"Nikon - Nikkor AF-S 600mm f/4.0 E FL ED VR Optical Telephoto Lens for Nikon F - Black","type":"HardGood","price":12299.99,"upc":"018208200542","shipping":0,"description":"Compatible with 35mm SLRs and digital SLRs; optical image stabilization; tele; internal focusing system, full-time manual focusing, ED glass; 40.5mm filter size; 14.4' minimum focus distance; up to 0.14x magnification","manufacturer":"Nikon","model":"20054","url":"http://www.bestbuy.com/site/nikon-nikkor-af-s-600mm-f-4-0-e-fl-ed-vr-optical-telephoto-lens-for-nikon-f-black/4262200.p?id=1219732458980&skuId=4262200&cmp=RMXCC","image":"http://img.bbystatic.com/BestBuy_US/images/products/4262/4262200_sa.jpg","createdAt":"2016-11-17T18:01:06.648Z","updatedAt":"2016-11-17T18:01:06.648Z","categories":[{"id":"abcat0400000","name":"Cameras & Camcorders","createdAt":"2016-11-17T17:57:04.285Z","updatedAt":"2016-11-17T17:57:04.285Z"},{"id":"abcat0410000","name":"Digital Camera Accessories","createdAt":"2016-11-17T17:57:04.285Z","updatedAt":"2016-11-17T17:57:04.285Z"},{"id":"abcat0410018","name":"Camera Lenses","createdAt":"2016-11-17T17:57:04.285Z","updatedAt":"2016-11-17T17:57:04.285Z"},{"id":"pcmcat196500050012","name":"Long-Range Zoom Lenses","createdAt":"2016-11-17T17:57:05.399Z","updatedAt":"2016-11-17T17:57:05.399Z"},{"id":"pcmcat233000050008","name":"DSLR Lenses","createdAt":"2016-11-17T17:57:05.399Z","updatedAt":"2016-11-17T17:57:05.399Z"}]},{"id":8437043,"name":"Key Digital - Champion Series 16 x 16 HDMI Matrix Switcher - Black","type":"HardGood","price":11999.98,"upc":"819505001708","shipping":0,"description":"KEY DIGITAL Champion Series 16 x 16 HDMI Matrix Switcher: Compatible with most HDMI sources; 1080p maximum resolution; supports Dolby TrueHD, Dolby Digital Plus and DTS-HD Master Audio; 3D-ready","manufacturer":"Key Digital","model":"KD-16X16CS","url":"http://www.bestbuy.com/site/key-digital-champion-series-16-x-16-hdmi-matrix-switcher-black/8437043.p?id=1219691713155&skuId=8437043&cmp=RMXCC","image":"http://img.bbystatic.com/BestBuy_US/images/products/8437/8437043_sa.jpg","createdAt":"2016-11-17T18:01:44.806Z","updatedAt":"2016-11-17T18:01:44.806Z","categories":[{"id":"abcat0100000","name":"TV & Home Theater","createdAt":"2016-11-17T17:57:04.285Z","updatedAt":"2016-11-17T17:57:04.285Z"},{"id":"abcat0107000","name":"TV & Home Theater Accessories","createdAt":"2016-11-17T17:57:04.285Z","updatedAt":"2016-11-17T17:57:04.285Z"},{"id":"abcat0107015","name":"A/V Cables & Connectors","createdAt":"2016-11-17T17:57:04.285Z","updatedAt":"2016-11-17T17:57:04.285Z"},{"id":"pcmcat175600050016","name":"A/V Switchers","createdAt":"2016-11-17T17:57:05.399Z","updatedAt":"2016-11-17T17:57:05.399Z"}]},{"id":1688841,"name":"Canon - EF 600mm f/4L IS II USM Super Telephoto Lens for Most Canon EOS SLR Cameras - White","type":"HardGood","price":11499.99,"upc":"013803134148","shipping":0,"description":"Compatible with most Canon EOS SLR cameras; 3 image stabilization modes; inner focusing system; 52mm filter size; 14.8' minimum focus distance","manufacturer":"Canon","model":"5125B002","url":"http://www.bestbuy.com/site/canon-ef-600mm-f-4l-is-ii-usm-super-telephoto-lens-for-most-canon-eos-slr-cameras-white/1688841.p?id=1219060409045&skuId=1688841&cmp=RMXCC","image":"http://img.bbystatic.com/BestBuy_US/images/products/1688/1688841_rc.jpg","createdAt":"2016-11-17T17:58:03.298Z","updatedAt":"2016-11-17T17:58:03.298Z","categories":[{"id":"abcat0400000","name":"Cameras & Camcorders","createdAt":"2016-11-17T17:57:04.285Z","updatedAt":"2016-11-17T17:57:04.285Z"},{"id":"abcat0410000","name":"Digital Camera Accessories","createdAt":"2016-11-17T17:57:04.285Z","updatedAt":"2016-11-17T17:57:04.285Z"},{"id":"abcat0410018","name":"Camera Lenses","createdAt":"2016-11-17T17:57:04.285Z","updatedAt":"2016-11-17T17:57:04.285Z"},{"id":"pcmcat195200050001","name":"Prime Lenses","createdAt":"2016-11-17T17:57:05.399Z","updatedAt":"2016-11-17T17:57:05.399Z"},{"id":"pcmcat233000050008","name":"DSLR Lenses","createdAt":"2016-11-17T17:57:05.399Z","updatedAt":"2016-11-17T17:57:05.399Z"}]},{"id":9324006,"name":"Nikon - AF-S NIKKOR 400mm f/2.8E FL ED VR Lens for Select Nikon DSLR Cameras","type":"HardGood","price":11199.99,"upc":"018208022175","shipping":0,"description":"Compatible with most Nikon DSLR cameras with an F-Bayonet mount; lightweight design; image stabilization; ED glass; fluorite lens element; IF lens; nano crystal coat; silent wave motor","manufacturer":"Nikon","model":"2217","url":"http://www.bestbuy.com/site/nikon-af-s-nikkor-400mm-f-2-8e-fl-ed-vr-lens-for-select-nikon-dslr-cameras/9324006.p?id=1219405808498&skuId=9324006&cmp=RMXCC","image":"http://img.bbystatic.com/BestBuy_US/images/products/9324/9324006_sa.jpg","createdAt":"2016-11-17T17:58:46.655Z","updatedAt":"2016-11-17T17:58:46.655Z","categories":[{"id":"abcat0400000","name":"Cameras & Camcorders","createdAt":"2016-11-17T17:57:04.285Z","updatedAt":"2016-11-17T17:57:04.285Z"},{"id":"abcat0410000","name":"Digital Camera Accessories","createdAt":"2016-11-17T17:57:04.285Z","updatedAt":"2016-11-17T17:57:04.285Z"},{"id":"abcat0410018","name":"Camera Lenses","createdAt":"2016-11-17T17:57:04.285Z","updatedAt":"2016-11-17T17:57:04.285Z"},{"id":"pcmcat195200050001","name":"Prime Lenses","createdAt":"2016-11-17T17:57:05.399Z","updatedAt":"2016-11-17T17:57:05.399Z"},{"id":"pcmcat233000050008","name":"DSLR Lenses","createdAt":"2016-11-17T17:57:05.399Z","updatedAt":"2016-11-17T17:57:05.399Z"}]},{"id":1757296,"name":"Canon - EF 200-400mm f/4L IS USM Super Telephoto Lens for Most Canon EOS SLR Cameras - White","type":"HardGood","price":10999.99,"upc":"013803134179","shipping":0,"description":"Compatible with most Canon EOS SLR cameras; built-in 1.4x extender; 3 image stabilization modes; 52mm filter size; 6.6' minimum focus distance","manufacturer":"Canon","model":"5176B002","url":"http://www.bestbuy.com/site/canon-ef-200-400mm-f-4l-is-usm-super-telephoto-lens-for-most-canon-eos-slr-cameras-white/1757296.p?id=1219062656772&skuId=1757296&cmp=RMXCC","image":"http://img.bbystatic.com/BestBuy_US/images/products/1757/1757296_sa.jpg","createdAt":"2016-11-17T17:59:24.820Z","updatedAt":"2016-11-17T17:59:24.820Z","categories":[{"id":"abcat0400000","name":"Cameras & Camcorders","createdAt":"2016-11-17T17:57:04.285Z","updatedAt":"2016-11-17T17:57:04.285Z"},{"id":"abcat0410000","name":"Digital Camera Accessories","createdAt":"2016-11-17T17:57:04.285Z","updatedAt":"2016-11-17T17:57:04.285Z"},{"id":"abcat0410018","name":"Camera Lenses","createdAt":"2016-11-17T17:57:04.285Z","updatedAt":"2016-11-17T17:57:04.285Z"},{"id":"pcmcat196500050012","name":"Long-Range Zoom Lenses","createdAt":"2016-11-17T17:57:05.399Z","updatedAt":"2016-11-17T17:57:05.399Z"},{"id":"pcmcat233000050008","name":"DSLR Lenses","createdAt":"2016-11-17T17:57:05.399Z","updatedAt":"2016-11-17T17:57:05.399Z"}]},{"id":4262000,"name":"Nikon - AF-S NIKKOR 500mm f/4E FL ED VR Super Telephoto Lens - Black","type":"HardGood","price":10299.99,"upc":"018208200535","shipping":0,"description":"Compatible with Nikon cameras with an F-mount; 4-stop VR image stabilization; Nano Crystal Coat; 40.5mm filter size; 11.9' minimum focus distance","manufacturer":"Nikon","model":"20053","url":"http://www.bestbuy.com/site/nikon-af-s-nikkor-500mm-f-4e-fl-ed-vr-super-telephoto-lens-black/4262000.p?id=1219732457043&skuId=4262000&cmp=RMXCC","image":"http://img.bbystatic.com/BestBuy_US/images/products/4262/4262000_sa.jpg","createdAt":"2016-11-17T18:01:06.648Z","updatedAt":"2016-11-17T18:01:06.648Z","categories":[{"id":"abcat0400000","name":"Cameras & Camcorders","createdAt":"2016-11-17T17:57:04.285Z","updatedAt":"2016-11-17T17:57:04.285Z"},{"id":"abcat0410000","name":"Digital Camera Accessories","createdAt":"2016-11-17T17:57:04.285Z","updatedAt":"2016-11-17T17:57:04.285Z"},{"id":"abcat0410018","name":"Camera Lenses","createdAt":"2016-11-17T17:57:04.285Z","updatedAt":"2016-11-17T17:57:04.285Z"},{"id":"pcmcat195200050001","name":"Prime Lenses","createdAt":"2016-11-17T17:57:05.399Z","updatedAt":"2016-11-17T17:57:05.399Z"},{"id":"pcmcat233000050008","name":"DSLR Lenses","createdAt":"2016-11-17T17:57:05.399Z","updatedAt":"2016-11-17T17:57:05.399Z"}]}]}

22:45:27.885 [ForkJoinPool-3-worker-4] DEBUG com.intuit.karate - request:
1 > GET http://localhost:3030/products?%24select%5B%5D=description
1 > Accept-Encoding: gzip,deflate
1 > Connection: Keep-Alive
1 > Host: localhost:3030
1 > User-Agent: Apache-HttpClient/4.5.5 (Java/1.8.0_221)

22:45:27.892 [ForkJoinPool-3-worker-5] INFO  com.intuit.karate - karate.env system property was: null 
22:45:27.897 [ForkJoinPool-3-worker-5] DEBUG com.intuit.karate - request:
1 > GET http://localhost:3030/products?category.name=TVs&price%5B%24gt%5D=500&price%5B%24lt%5D=800&shipping%5B%24eq%5D=0
1 > Accept-Encoding: gzip,deflate
1 > Connection: Keep-Alive
1 > Host: localhost:3030
1 > User-Agent: Apache-HttpClient/4.5.5 (Java/1.8.0_221)

22:45:29.646 [ForkJoinPool-3-worker-1] DEBUG com.intuit.karate - response time in milliseconds: 4816.51
1 < 200
1 < Access-Control-Allow-Origin: *
1 < Allow: GET,POST,PUT,PATCH,DELETE
1 < Connection: keep-alive
1 < Content-Type: application/json; charset=utf-8
1 < Date: Fri, 08 Nov 2019 17:15:29 GMT
1 < ETag: W/"26ba-UOMZTn8L8Lk9aDbN1qp7bvK0uFQ"
1 < Transfer-Encoding: chunked
1 < Vary: Accept, Accept-Encoding
1 < X-Powered-By: Express
{"total":29,"limit":10,"skip":0,"data":[{"id":2698105,"name":"Sony - 43\" Class (42.5\" Diag.) - LED - 2160p - Smart - 4K Ultra HD TV - Black","type":"HardGood","price":699.99,"upc":"027242888067","shipping":0,"description":"2160p resolutionMotionflow XR 960Smart Android TV with Google Play and Google Cast built-in","manufacturer":"Sony","model":"XBR43X830C","url":"http://www.bestbuy.com/site/sony-43-class-42-5-diag--led-2160p-smart-4k-ultra-hd-tv-black/2698105.p?id=1219555371949&skuId=2698105&cmp=RMXCC","image":"http://img.bbystatic.com/BestBuy_US/images/products/2698/2698105_sa.jpg","createdAt":"2016-11-17T18:01:44.806Z","updatedAt":"2016-11-17T18:01:44.806Z","categories":[{"id":"abcat0100000","name":"TV & Home Theater","createdAt":"2016-11-17T17:57:04.285Z","updatedAt":"2016-11-17T17:57:04.285Z"},{"id":"abcat0101000","name":"TVs","createdAt":"2016-11-17T17:57:04.285Z","updatedAt":"2016-11-17T17:57:04.285Z"},{"id":"pcmcat333800050003","name":"4K Ultra HD TVs","createdAt":"2016-11-17T17:57:04.643Z","updatedAt":"2016-11-17T17:57:04.643Z"}]},{"id":3892026,"name":"LG - 50\" Class (49.5\" Diag.) - LED - 1080p - Smart - HDTV - Black","type":"HardGood","price":549.99,"upc":"719192597044","shipping":0,"description":"1080p resolutionTruMotion 120Smart TV, LG Content Store, Web browser included","manufacturer":"LG","model":"50LF6100","url":"http://www.bestbuy.com/site/lg-50-class-49-5-diag--led-1080p-smart-hdtv-black/3892026.p?id=1219606085772&skuId=3892026&cmp=RMXCC","image":"http://img.bbystatic.com/BestBuy_US/images/products/3892/3892026_sa.jpg","createdAt":"2016-11-17T18:00:01.751Z","updatedAt":"2016-11-17T18:00:01.751Z","categories":[{"id":"abcat0100000","name":"TV & Home Theater","createdAt":"2016-11-17T17:57:04.285Z","updatedAt":"2016-11-17T17:57:04.285Z"},{"id":"abcat0101000","name":"TVs","createdAt":"2016-11-17T17:57:04.285Z","updatedAt":"2016-11-17T17:57:04.285Z"},{"id":"abcat0101001","name":"All Flat-Panel TVs","createdAt":"2016-11-17T17:57:04.285Z","updatedAt":"2016-11-17T17:57:04.285Z"}]},{"id":3953157,"name":"Samsung - 40\" Class (40\" Diag.) - LED - 2160p - Smart - 4K Ultra HD TV - Black","type":"HardGood","price":749.99,"upc":"887276075716","shipping":0,"description":"2160p 4K Ultra HD resolutionClear Motion Rate 120Smart TV, S-Recommendation, Web browser","manufacturer":"Samsung","model":"UN40JU6500FXZA","url":"http://www.bestbuy.com/site/samsung-40-class-40-diag--led-2160p-smart-4k-ultra-hd-tv-black/3953157.p?id=1219609307257&skuId=3953157&cmp=RMXCC","image":"http://img.bbystatic.com/BestBuy_US/images/products/3953/3953157_sa.jpg","createdAt":"2016-11-17T18:00:31.886Z","updatedAt":"2016-11-17T18:00:31.886Z","categories":[{"id":"abcat0100000","name":"TV & Home Theater","createdAt":"2016-11-17T17:57:04.285Z","updatedAt":"2016-11-17T17:57:04.285Z"},{"id":"abcat0101000","name":"TVs","createdAt":"2016-11-17T17:57:04.285Z","updatedAt":"2016-11-17T17:57:04.285Z"},{"id":"pcmcat333800050003","name":"4K Ultra HD TVs","createdAt":"2016-11-17T17:57:04.643Z","updatedAt":"2016-11-17T17:57:04.643Z"}]},{"id":4405201,"name":"Samsung - 50\" Class (49.5\" Diag.) - LED - 1080p - Smart - HDTV - Black","type":"HardGood","price":699.99,"upc":"887276069210","shipping":0,"description":"1080p resolutionMotion Rate 60Smart TV, Web browser included","manufacturer":"Samsung","model":"UN50J5200AFXZA","url":"http://www.bestbuy.com/site/samsung-50-class-49-5-diag--led-1080p-smart-hdtv-black/4405201.p?id=1219743457219&skuId=4405201&cmp=RMXCC","image":"http://img.bbystatic.com/BestBuy_US/images/products/4405/4405201_sa.jpg","createdAt":"2016-11-17T18:01:06.648Z","updatedAt":"2016-11-17T18:01:06.648Z","categories":[{"id":"abcat0100000","name":"TV & Home Theater","createdAt":"2016-11-17T17:57:04.285Z","updatedAt":"2016-11-17T17:57:04.285Z"},{"id":"abcat0101000","name":"TVs","createdAt":"2016-11-17T17:57:04.285Z","updatedAt":"2016-11-17T17:57:04.285Z"},{"id":"abcat0101001","name":"All Flat-Panel TVs","createdAt":"2016-11-17T17:57:04.285Z","updatedAt":"2016-11-17T17:57:04.285Z"}]},{"id":4513700,"name":"Samsung - 48\" Class (47.6\" Diag.) - LED - 1080p - Smart - HDTV - Black","type":"HardGood","price":599.99,"upc":"887276124797","shipping":0,"description":"1080p resolutionMotion Rate 60Smart TV, Samsung Smart Hub, Web browser included","manufacturer":"Samsung","model":"UN48J5201AFXZA","url":"http://www.bestbuy.com/site/samsung-48-class-47-6-diag--led-1080p-smart-hdtv-black/4513700.p?id=1219756369972&skuId=4513700&cmp=RMXCC","image":"http://img.bbystatic.com/BestBuy_US/images/products/4513/4513700_sa.jpg","createdAt":"2016-11-17T17:58:03.298Z","updatedAt":"2016-11-17T17:58:03.298Z","categories":[{"id":"abcat0100000","name":"TV & Home Theater","createdAt":"2016-11-17T17:57:04.285Z","updatedAt":"2016-11-17T17:57:04.285Z"},{"id":"abcat0101000","name":"TVs","createdAt":"2016-11-17T17:57:04.285Z","updatedAt":"2016-11-17T17:57:04.285Z"},{"id":"abcat0101001","name":"All Flat-Panel TVs","createdAt":"2016-11-17T17:57:04.285Z","updatedAt":"2016-11-17T17:57:04.285Z"}]},{"id":4517000,"name":"LG - 49\" Class (48.5\" Diag.) - LED - 2160p - Smart - 4K Ultra HDTV - Black","type":"HardGood","price":599.99,"upc":"719192602632","shipping":0,"description":"2160p resolutionTruMotion 120Smart TV","manufacturer":"LG","model":"49UF6430","url":"http://www.bestbuy.com/site/lg-49-class-48-5-diag--led-2160p-smart-4k-ultra-hdtv-black/4517000.p?id=1219755712396&skuId=4517000&cmp=RMXCC","image":"http://img.bbystatic.com/BestBuy_US/images/products/4517/4517000_sa.jpg","createdAt":"2016-11-17T17:58:03.298Z","updatedAt":"2016-11-17T17:58:03.298Z","categories":[{"id":"abcat0100000","name":"TV & Home Theater","createdAt":"2016-11-17T17:57:04.285Z","updatedAt":"2016-11-17T17:57:04.285Z"},{"id":"abcat0101000","name":"TVs","createdAt":"2016-11-17T17:57:04.285Z","updatedAt":"2016-11-17T17:57:04.285Z"},{"id":"pcmcat333800050003","name":"4K Ultra HD TVs","createdAt":"2016-11-17T17:57:04.643Z","updatedAt":"2016-11-17T17:57:04.643Z"}]},{"id":4801501,"name":"Sony - 48\" Class (47.6\" Diag.) - LED - 1080p - Smart - HDTV - Black","type":"HardGood","price":549.99,"upc":"027242896482","shipping":0,"description":"1080p resolutionMotionflow XR 240Smart TV, Opera browser,","manufacturer":"Sony","model":"KDL48W650D","url":"http://www.bestbuy.com/site/sony-48-class-47-6-diag--led-1080p-smart-hdtv-black/4801501.p?id=1219824662196&skuId=4801501&cmp=RMXCC","image":"http://img.bbystatic.com/BestBuy_US/images/products/4801/4801501_sa.jpg","createdAt":"2016-11-17T18:02:21.601Z","updatedAt":"2016-11-17T18:02:21.601Z","categories":[{"id":"abcat0100000","name":"TV & Home Theater","createdAt":"2016-11-17T17:57:04.285Z","updatedAt":"2016-11-17T17:57:04.285Z"},{"id":"abcat0101000","name":"TVs","createdAt":"2016-11-17T17:57:04.285Z","updatedAt":"2016-11-17T17:57:04.285Z"},{"id":"abcat0101001","name":"All Flat-Panel TVs","createdAt":"2016-11-17T17:57:04.285Z","updatedAt":"2016-11-17T17:57:04.285Z"}]},{"id":4801700,"name":"Sony - 43\" Class (42.5\" Diag.) - LED - 2160p - Smart - 4K Ultra HD TV with High Dynamic Range - Black","type":"HardGood","price":749.99,"upc":"027242896529","shipping":0,"description":"2160p resolution with HDRMotionflow XR 240Smart TV, Android TV","manufacturer":"Sony","model":"XBR43X800D","url":"http://www.bestbuy.com/site/sony-43-class-42-5-diag--led-2160p-smart-4k-ultra-hd-tv-with-high-dynamic-range-black/4801700.p?id=1219824659346&skuId=4801700&cmp=RMXCC","image":"http://img.bbystatic.com/BestBuy_US/images/products/4801/4801700_sa.jpg","createdAt":"2016-11-17T18:02:21.601Z","updatedAt":"2016-11-17T18:02:21.601Z","categories":[{"id":"abcat0100000","name":"TV & Home Theater","createdAt":"2016-11-17T17:57:04.285Z","updatedAt":"2016-11-17T17:57:04.285Z"},{"id":"abcat0101000","name":"TVs","createdAt":"2016-11-17T17:57:04.285Z","updatedAt":"2016-11-17T17:57:04.285Z"},{"id":"pcmcat333800050003","name":"4K Ultra HD TVs","createdAt":"2016-11-17T17:57:04.643Z","updatedAt":"2016-11-17T17:57:04.643Z"}]},{"id":4801704,"name":"Sony - 49\" Class (48.5\" Diag.) - LED - 2160p - Smart - 4K Ultra HD TV - Black","type":"HardGood","price":799.99,"upc":"027242896581","shipping":0,"description":"2160p resolutionMotionflow XR 240Smart TV, Android TV","manufacturer":"Sony","model":"XBR49X700D","url":"http://www.bestbuy.com/site/sony-49-class-48-5-diag--led-2160p-smart-4k-ultra-hd-tv-black/4801704.p?id=1219824659349&skuId=4801704&cmp=RMXCC","image":"http://img.bbystatic.com/BestBuy_US/images/products/4801/4801704_sa.jpg","createdAt":"2016-11-17T18:02:21.601Z","updatedAt":"2016-11-17T18:02:21.601Z","categories":[{"id":"abcat0100000","name":"TV & Home Theater","createdAt":"2016-11-17T17:57:04.285Z","updatedAt":"2016-11-17T17:57:04.285Z"},{"id":"abcat0101000","name":"TVs","createdAt":"2016-11-17T17:57:04.285Z","updatedAt":"2016-11-17T17:57:04.285Z"},{"id":"pcmcat333800050003","name":"4K Ultra HD TVs","createdAt":"2016-11-17T17:57:04.643Z","updatedAt":"2016-11-17T17:57:04.643Z"}]},{"id":4807300,"name":"Toshiba - 55\" Class (54.6\" Diag.) - LED - 1080p - Smart - HDTV - Black","type":"HardGood","price":549.99,"upc":"600603198250","shipping":0,"description":"Only at Best Buy1080p resolution60Hz refresh rateSmart TV","manufacturer":"Toshiba","model":"55L421U","url":"http://www.bestbuy.com/site/toshiba-55-class-54-6-diag--led-1080p-smart-hdtv-black/4807300.p?id=bb4807300&skuId=4807300&cmp=RMXCC","image":"http://img.bbystatic.com/BestBuy_US/images/products/4807/4807300_sa.jpg","createdAt":"2016-11-17T17:58:03.298Z","updatedAt":"2016-11-17T17:58:03.298Z","categories":[{"id":"abcat0100000","name":"TV & Home Theater","createdAt":"2016-11-17T17:57:04.285Z","updatedAt":"2016-11-17T17:57:04.285Z"},{"id":"abcat0101000","name":"TVs","createdAt":"2016-11-17T17:57:04.285Z","updatedAt":"2016-11-17T17:57:04.285Z"},{"id":"abcat0101001","name":"All Flat-Panel TVs","createdAt":"2016-11-17T17:57:04.285Z","updatedAt":"2016-11-17T17:57:04.285Z"}]}]}

22:45:29.657 [ForkJoinPool-3-worker-1] INFO  com.intuit.karate - karate.env system property was: null 
22:45:29.662 [ForkJoinPool-3-worker-1] DEBUG com.intuit.karate - request:
1 > GET http://localhost:3030/products?%24select%5B%5D=description
1 > Accept-Encoding: gzip,deflate
1 > Connection: Keep-Alive
1 > Host: localhost:3030
1 > User-Agent: Apache-HttpClient/4.5.5 (Java/1.8.0_221)

22:45:29.668 [ForkJoinPool-3-worker-2] DEBUG com.intuit.karate - response time in milliseconds: 4818.81
1 < 200
1 < Access-Control-Allow-Origin: *
1 < Allow: GET,POST,PUT,PATCH,DELETE
1 < Connection: keep-alive
1 < Content-Type: application/json; charset=utf-8
1 < Date: Fri, 08 Nov 2019 17:15:29 GMT
1 < ETag: W/"26ba-UOMZTn8L8Lk9aDbN1qp7bvK0uFQ"
1 < Transfer-Encoding: chunked
1 < Vary: Accept, Accept-Encoding
1 < X-Powered-By: Express
{"total":29,"limit":10,"skip":0,"data":[{"id":2698105,"name":"Sony - 43\" Class (42.5\" Diag.) - LED - 2160p - Smart - 4K Ultra HD TV - Black","type":"HardGood","price":699.99,"upc":"027242888067","shipping":0,"description":"2160p resolutionMotionflow XR 960Smart Android TV with Google Play and Google Cast built-in","manufacturer":"Sony","model":"XBR43X830C","url":"http://www.bestbuy.com/site/sony-43-class-42-5-diag--led-2160p-smart-4k-ultra-hd-tv-black/2698105.p?id=1219555371949&skuId=2698105&cmp=RMXCC","image":"http://img.bbystatic.com/BestBuy_US/images/products/2698/2698105_sa.jpg","createdAt":"2016-11-17T18:01:44.806Z","updatedAt":"2016-11-17T18:01:44.806Z","categories":[{"id":"abcat0100000","name":"TV & Home Theater","createdAt":"2016-11-17T17:57:04.285Z","updatedAt":"2016-11-17T17:57:04.285Z"},{"id":"abcat0101000","name":"TVs","createdAt":"2016-11-17T17:57:04.285Z","updatedAt":"2016-11-17T17:57:04.285Z"},{"id":"pcmcat333800050003","name":"4K Ultra HD TVs","createdAt":"2016-11-17T17:57:04.643Z","updatedAt":"2016-11-17T17:57:04.643Z"}]},{"id":3892026,"name":"LG - 50\" Class (49.5\" Diag.) - LED - 1080p - Smart - HDTV - Black","type":"HardGood","price":549.99,"upc":"719192597044","shipping":0,"description":"1080p resolutionTruMotion 120Smart TV, LG Content Store, Web browser included","manufacturer":"LG","model":"50LF6100","url":"http://www.bestbuy.com/site/lg-50-class-49-5-diag--led-1080p-smart-hdtv-black/3892026.p?id=1219606085772&skuId=3892026&cmp=RMXCC","image":"http://img.bbystatic.com/BestBuy_US/images/products/3892/3892026_sa.jpg","createdAt":"2016-11-17T18:00:01.751Z","updatedAt":"2016-11-17T18:00:01.751Z","categories":[{"id":"abcat0100000","name":"TV & Home Theater","createdAt":"2016-11-17T17:57:04.285Z","updatedAt":"2016-11-17T17:57:04.285Z"},{"id":"abcat0101000","name":"TVs","createdAt":"2016-11-17T17:57:04.285Z","updatedAt":"2016-11-17T17:57:04.285Z"},{"id":"abcat0101001","name":"All Flat-Panel TVs","createdAt":"2016-11-17T17:57:04.285Z","updatedAt":"2016-11-17T17:57:04.285Z"}]},{"id":3953157,"name":"Samsung - 40\" Class (40\" Diag.) - LED - 2160p - Smart - 4K Ultra HD TV - Black","type":"HardGood","price":749.99,"upc":"887276075716","shipping":0,"description":"2160p 4K Ultra HD resolutionClear Motion Rate 120Smart TV, S-Recommendation, Web browser","manufacturer":"Samsung","model":"UN40JU6500FXZA","url":"http://www.bestbuy.com/site/samsung-40-class-40-diag--led-2160p-smart-4k-ultra-hd-tv-black/3953157.p?id=1219609307257&skuId=3953157&cmp=RMXCC","image":"http://img.bbystatic.com/BestBuy_US/images/products/3953/3953157_sa.jpg","createdAt":"2016-11-17T18:00:31.886Z","updatedAt":"2016-11-17T18:00:31.886Z","categories":[{"id":"abcat0100000","name":"TV & Home Theater","createdAt":"2016-11-17T17:57:04.285Z","updatedAt":"2016-11-17T17:57:04.285Z"},{"id":"abcat0101000","name":"TVs","createdAt":"2016-11-17T17:57:04.285Z","updatedAt":"2016-11-17T17:57:04.285Z"},{"id":"pcmcat333800050003","name":"4K Ultra HD TVs","createdAt":"2016-11-17T17:57:04.643Z","updatedAt":"2016-11-17T17:57:04.643Z"}]},{"id":4405201,"name":"Samsung - 50\" Class (49.5\" Diag.) - LED - 1080p - Smart - HDTV - Black","type":"HardGood","price":699.99,"upc":"887276069210","shipping":0,"description":"1080p resolutionMotion Rate 60Smart TV, Web browser included","manufacturer":"Samsung","model":"UN50J5200AFXZA","url":"http://www.bestbuy.com/site/samsung-50-class-49-5-diag--led-1080p-smart-hdtv-black/4405201.p?id=1219743457219&skuId=4405201&cmp=RMXCC","image":"http://img.bbystatic.com/BestBuy_US/images/products/4405/4405201_sa.jpg","createdAt":"2016-11-17T18:01:06.648Z","updatedAt":"2016-11-17T18:01:06.648Z","categories":[{"id":"abcat0100000","name":"TV & Home Theater","createdAt":"2016-11-17T17:57:04.285Z","updatedAt":"2016-11-17T17:57:04.285Z"},{"id":"abcat0101000","name":"TVs","createdAt":"2016-11-17T17:57:04.285Z","updatedAt":"2016-11-17T17:57:04.285Z"},{"id":"abcat0101001","name":"All Flat-Panel TVs","createdAt":"2016-11-17T17:57:04.285Z","updatedAt":"2016-11-17T17:57:04.285Z"}]},{"id":4513700,"name":"Samsung - 48\" Class (47.6\" Diag.) - LED - 1080p - Smart - HDTV - Black","type":"HardGood","price":599.99,"upc":"887276124797","shipping":0,"description":"1080p resolutionMotion Rate 60Smart TV, Samsung Smart Hub, Web browser included","manufacturer":"Samsung","model":"UN48J5201AFXZA","url":"http://www.bestbuy.com/site/samsung-48-class-47-6-diag--led-1080p-smart-hdtv-black/4513700.p?id=1219756369972&skuId=4513700&cmp=RMXCC","image":"http://img.bbystatic.com/BestBuy_US/images/products/4513/4513700_sa.jpg","createdAt":"2016-11-17T17:58:03.298Z","updatedAt":"2016-11-17T17:58:03.298Z","categories":[{"id":"abcat0100000","name":"TV & Home Theater","createdAt":"2016-11-17T17:57:04.285Z","updatedAt":"2016-11-17T17:57:04.285Z"},{"id":"abcat0101000","name":"TVs","createdAt":"2016-11-17T17:57:04.285Z","updatedAt":"2016-11-17T17:57:04.285Z"},{"id":"abcat0101001","name":"All Flat-Panel TVs","createdAt":"2016-11-17T17:57:04.285Z","updatedAt":"2016-11-17T17:57:04.285Z"}]},{"id":4517000,"name":"LG - 49\" Class (48.5\" Diag.) - LED - 2160p - Smart - 4K Ultra HDTV - Black","type":"HardGood","price":599.99,"upc":"719192602632","shipping":0,"description":"2160p resolutionTruMotion 120Smart TV","manufacturer":"LG","model":"49UF6430","url":"http://www.bestbuy.com/site/lg-49-class-48-5-diag--led-2160p-smart-4k-ultra-hdtv-black/4517000.p?id=1219755712396&skuId=4517000&cmp=RMXCC","image":"http://img.bbystatic.com/BestBuy_US/images/products/4517/4517000_sa.jpg","createdAt":"2016-11-17T17:58:03.298Z","updatedAt":"2016-11-17T17:58:03.298Z","categories":[{"id":"abcat0100000","name":"TV & Home Theater","createdAt":"2016-11-17T17:57:04.285Z","updatedAt":"2016-11-17T17:57:04.285Z"},{"id":"abcat0101000","name":"TVs","createdAt":"2016-11-17T17:57:04.285Z","updatedAt":"2016-11-17T17:57:04.285Z"},{"id":"pcmcat333800050003","name":"4K Ultra HD TVs","createdAt":"2016-11-17T17:57:04.643Z","updatedAt":"2016-11-17T17:57:04.643Z"}]},{"id":4801501,"name":"Sony - 48\" Class (47.6\" Diag.) - LED - 1080p - Smart - HDTV - Black","type":"HardGood","price":549.99,"upc":"027242896482","shipping":0,"description":"1080p resolutionMotionflow XR 240Smart TV, Opera browser,","manufacturer":"Sony","model":"KDL48W650D","url":"http://www.bestbuy.com/site/sony-48-class-47-6-diag--led-1080p-smart-hdtv-black/4801501.p?id=1219824662196&skuId=4801501&cmp=RMXCC","image":"http://img.bbystatic.com/BestBuy_US/images/products/4801/4801501_sa.jpg","createdAt":"2016-11-17T18:02:21.601Z","updatedAt":"2016-11-17T18:02:21.601Z","categories":[{"id":"abcat0100000","name":"TV & Home Theater","createdAt":"2016-11-17T17:57:04.285Z","updatedAt":"2016-11-17T17:57:04.285Z"},{"id":"abcat0101000","name":"TVs","createdAt":"2016-11-17T17:57:04.285Z","updatedAt":"2016-11-17T17:57:04.285Z"},{"id":"abcat0101001","name":"All Flat-Panel TVs","createdAt":"2016-11-17T17:57:04.285Z","updatedAt":"2016-11-17T17:57:04.285Z"}]},{"id":4801700,"name":"Sony - 43\" Class (42.5\" Diag.) - LED - 2160p - Smart - 4K Ultra HD TV with High Dynamic Range - Black","type":"HardGood","price":749.99,"upc":"027242896529","shipping":0,"description":"2160p resolution with HDRMotionflow XR 240Smart TV, Android TV","manufacturer":"Sony","model":"XBR43X800D","url":"http://www.bestbuy.com/site/sony-43-class-42-5-diag--led-2160p-smart-4k-ultra-hd-tv-with-high-dynamic-range-black/4801700.p?id=1219824659346&skuId=4801700&cmp=RMXCC","image":"http://img.bbystatic.com/BestBuy_US/images/products/4801/4801700_sa.jpg","createdAt":"2016-11-17T18:02:21.601Z","updatedAt":"2016-11-17T18:02:21.601Z","categories":[{"id":"abcat0100000","name":"TV & Home Theater","createdAt":"2016-11-17T17:57:04.285Z","updatedAt":"2016-11-17T17:57:04.285Z"},{"id":"abcat0101000","name":"TVs","createdAt":"2016-11-17T17:57:04.285Z","updatedAt":"2016-11-17T17:57:04.285Z"},{"id":"pcmcat333800050003","name":"4K Ultra HD TVs","createdAt":"2016-11-17T17:57:04.643Z","updatedAt":"2016-11-17T17:57:04.643Z"}]},{"id":4801704,"name":"Sony - 49\" Class (48.5\" Diag.) - LED - 2160p - Smart - 4K Ultra HD TV - Black","type":"HardGood","price":799.99,"upc":"027242896581","shipping":0,"description":"2160p resolutionMotionflow XR 240Smart TV, Android TV","manufacturer":"Sony","model":"XBR49X700D","url":"http://www.bestbuy.com/site/sony-49-class-48-5-diag--led-2160p-smart-4k-ultra-hd-tv-black/4801704.p?id=1219824659349&skuId=4801704&cmp=RMXCC","image":"http://img.bbystatic.com/BestBuy_US/images/products/4801/4801704_sa.jpg","createdAt":"2016-11-17T18:02:21.601Z","updatedAt":"2016-11-17T18:02:21.601Z","categories":[{"id":"abcat0100000","name":"TV & Home Theater","createdAt":"2016-11-17T17:57:04.285Z","updatedAt":"2016-11-17T17:57:04.285Z"},{"id":"abcat0101000","name":"TVs","createdAt":"2016-11-17T17:57:04.285Z","updatedAt":"2016-11-17T17:57:04.285Z"},{"id":"pcmcat333800050003","name":"4K Ultra HD TVs","createdAt":"2016-11-17T17:57:04.643Z","updatedAt":"2016-11-17T17:57:04.643Z"}]},{"id":4807300,"name":"Toshiba - 55\" Class (54.6\" Diag.) - LED - 1080p - Smart - HDTV - Black","type":"HardGood","price":549.99,"upc":"600603198250","shipping":0,"description":"Only at Best Buy1080p resolution60Hz refresh rateSmart TV","manufacturer":"Toshiba","model":"55L421U","url":"http://www.bestbuy.com/site/toshiba-55-class-54-6-diag--led-1080p-smart-hdtv-black/4807300.p?id=bb4807300&skuId=4807300&cmp=RMXCC","image":"http://img.bbystatic.com/BestBuy_US/images/products/4807/4807300_sa.jpg","createdAt":"2016-11-17T17:58:03.298Z","updatedAt":"2016-11-17T17:58:03.298Z","categories":[{"id":"abcat0100000","name":"TV & Home Theater","createdAt":"2016-11-17T17:57:04.285Z","updatedAt":"2016-11-17T17:57:04.285Z"},{"id":"abcat0101000","name":"TVs","createdAt":"2016-11-17T17:57:04.285Z","updatedAt":"2016-11-17T17:57:04.285Z"},{"id":"abcat0101001","name":"All Flat-Panel TVs","createdAt":"2016-11-17T17:57:04.285Z","updatedAt":"2016-11-17T17:57:04.285Z"}]}]}

22:45:29.678 [ForkJoinPool-3-worker-2] INFO  com.intuit.karate - karate.env system property was: null 
22:45:29.682 [ForkJoinPool-3-worker-2] DEBUG com.intuit.karate - request:
1 > GET http://localhost:3030/products?%24sort%5Bprice%5D=-1
1 > Accept-Encoding: gzip,deflate
1 > Connection: Keep-Alive
1 > Host: localhost:3030
1 > User-Agent: Apache-HttpClient/4.5.5 (Java/1.8.0_221)

22:45:29.713 [pool-4-thread-2] INFO  com.intuit.karate.Runner - <<pass>> feature 2 of 4: classpath:com/n26/bestbuy/api/products/products-get.feature
---------------------------------------------------------
feature: classpath:com/n26/bestbuy/api/products/products-get.feature
report: target\surefire-reports\com.n26.bestbuy.api.products.products-get.json
scenarios:  3 | passed:  3 | failed:  0 | time: 10.9273
---------------------------------------------------------
22:45:32.854 [ForkJoinPool-3-worker-3] ERROR com.intuit.karate - java.net.SocketTimeoutException: Read timed out, http call failed after 5005 milliseconds for URL: http://localhost:3030/products?%24sort%5Bprice%5D=-1
22:45:32.854 [ForkJoinPool-3-worker-3] ERROR com.intuit.karate - http request failed: 
java.net.SocketTimeoutException: Read timed out
22:45:32.863 [ForkJoinPool-3-worker-3] INFO  com.intuit.karate - karate.env system property was: null 
22:45:32.868 [ForkJoinPool-3-worker-3] DEBUG com.intuit.karate - request:
1 > GET http://localhost:3030/products?category.name=TVs&price%5B%24gt%5D=500&price%5B%24lt%5D=800&shipping%5B%24eq%5D=0
1 > Accept-Encoding: gzip,deflate
1 > Connection: Keep-Alive
1 > Host: localhost:3030
1 > User-Agent: Apache-HttpClient/4.5.5 (Java/1.8.0_221)

22:45:32.887 [ForkJoinPool-3-worker-4] ERROR com.intuit.karate - java.net.SocketTimeoutException: Read timed out, http call failed after 5002 milliseconds for URL: http://localhost:3030/products?%24select%5B%5D=description
22:45:32.887 [ForkJoinPool-3-worker-4] ERROR com.intuit.karate - http request failed: 
java.net.SocketTimeoutException: Read timed out
22:45:32.894 [pool-4-thread-1] INFO  com.intuit.karate.Runner - <<fail>> feature 1 of 4: classpath:com/n26/bestbuy/api/products/products-delete.feature
---------------------------------------------------------
feature: classpath:com/n26/bestbuy/api/products/products-delete.feature
report: target\surefire-reports\com.n26.bestbuy.api.products.products-delete.json
scenarios:  3 | passed:  2 | failed:  1 | time: 12.9670
---------------------------------------------------------
22:45:32.896 [ForkJoinPool-3-worker-4] INFO  com.intuit.karate - karate.env system property was: null 
22:45:32.899 [ForkJoinPool-3-worker-5] ERROR com.intuit.karate - java.net.SocketTimeoutException: Read timed out, http call failed after 5002 milliseconds for URL: http://localhost:3030/products?category.name=TVs&price%5B%24gt%5D=500&price%5B%24lt%5D=800&shipping%5B%24eq%5D=0
22:45:32.899 [ForkJoinPool-3-worker-5] ERROR com.intuit.karate - http request failed: 
java.net.SocketTimeoutException: Read timed out
22:45:32.900 [ForkJoinPool-3-worker-4] DEBUG com.intuit.karate - request:
1 > GET http://localhost:3030/products?%24sort%5Bprice%5D=-1
1 > Accept-Encoding: gzip,deflate
1 > Connection: Keep-Alive
1 > Host: localhost:3030
1 > User-Agent: Apache-HttpClient/4.5.5 (Java/1.8.0_221)

22:45:34.665 [ForkJoinPool-3-worker-1] ERROR com.intuit.karate - java.net.SocketTimeoutException: Read timed out, http call failed after 5003 milliseconds for URL: http://localhost:3030/products?%24select%5B%5D=description
22:45:34.665 [ForkJoinPool-3-worker-1] ERROR com.intuit.karate - http request failed: 
java.net.SocketTimeoutException: Read timed out
22:45:34.684 [ForkJoinPool-3-worker-2] ERROR com.intuit.karate - java.net.SocketTimeoutException: Read timed out, http call failed after 5002 milliseconds for URL: http://localhost:3030/products?%24sort%5Bprice%5D=-1
22:45:34.685 [ForkJoinPool-3-worker-2] ERROR com.intuit.karate - http request failed: 
java.net.SocketTimeoutException: Read timed out
22:45:34.709 [pool-4-thread-4] INFO  com.intuit.karate.Runner - <<fail>> feature 4 of 4: classpath:com/n26/bestbuy/api/products/products-post.feature
---------------------------------------------------------
feature: classpath:com/n26/bestbuy/api/products/products-post.feature
report: target\surefire-reports\com.n26.bestbuy.api.products.products-post.json
scenarios:  3 | passed:  0 | failed:  3 | time: 15.0185
---------------------------------------------------------
22:45:37.199 [ForkJoinPool-3-worker-3] DEBUG com.intuit.karate - response time in milliseconds: 4329.08
1 < 200
1 < Access-Control-Allow-Origin: *
1 < Allow: GET,POST,PUT,PATCH,DELETE
1 < Connection: keep-alive
1 < Content-Type: application/json; charset=utf-8
1 < Date: Fri, 08 Nov 2019 17:15:37 GMT
1 < ETag: W/"26ba-UOMZTn8L8Lk9aDbN1qp7bvK0uFQ"
1 < Transfer-Encoding: chunked
1 < Vary: Accept, Accept-Encoding
1 < X-Powered-By: Express
{"total":29,"limit":10,"skip":0,"data":[{"id":2698105,"name":"Sony - 43\" Class (42.5\" Diag.) - LED - 2160p - Smart - 4K Ultra HD TV - Black","type":"HardGood","price":699.99,"upc":"027242888067","shipping":0,"description":"2160p resolutionMotionflow XR 960Smart Android TV with Google Play and Google Cast built-in","manufacturer":"Sony","model":"XBR43X830C","url":"http://www.bestbuy.com/site/sony-43-class-42-5-diag--led-2160p-smart-4k-ultra-hd-tv-black/2698105.p?id=1219555371949&skuId=2698105&cmp=RMXCC","image":"http://img.bbystatic.com/BestBuy_US/images/products/2698/2698105_sa.jpg","createdAt":"2016-11-17T18:01:44.806Z","updatedAt":"2016-11-17T18:01:44.806Z","categories":[{"id":"abcat0100000","name":"TV & Home Theater","createdAt":"2016-11-17T17:57:04.285Z","updatedAt":"2016-11-17T17:57:04.285Z"},{"id":"abcat0101000","name":"TVs","createdAt":"2016-11-17T17:57:04.285Z","updatedAt":"2016-11-17T17:57:04.285Z"},{"id":"pcmcat333800050003","name":"4K Ultra HD TVs","createdAt":"2016-11-17T17:57:04.643Z","updatedAt":"2016-11-17T17:57:04.643Z"}]},{"id":3892026,"name":"LG - 50\" Class (49.5\" Diag.) - LED - 1080p - Smart - HDTV - Black","type":"HardGood","price":549.99,"upc":"719192597044","shipping":0,"description":"1080p resolutionTruMotion 120Smart TV, LG Content Store, Web browser included","manufacturer":"LG","model":"50LF6100","url":"http://www.bestbuy.com/site/lg-50-class-49-5-diag--led-1080p-smart-hdtv-black/3892026.p?id=1219606085772&skuId=3892026&cmp=RMXCC","image":"http://img.bbystatic.com/BestBuy_US/images/products/3892/3892026_sa.jpg","createdAt":"2016-11-17T18:00:01.751Z","updatedAt":"2016-11-17T18:00:01.751Z","categories":[{"id":"abcat0100000","name":"TV & Home Theater","createdAt":"2016-11-17T17:57:04.285Z","updatedAt":"2016-11-17T17:57:04.285Z"},{"id":"abcat0101000","name":"TVs","createdAt":"2016-11-17T17:57:04.285Z","updatedAt":"2016-11-17T17:57:04.285Z"},{"id":"abcat0101001","name":"All Flat-Panel TVs","createdAt":"2016-11-17T17:57:04.285Z","updatedAt":"2016-11-17T17:57:04.285Z"}]},{"id":3953157,"name":"Samsung - 40\" Class (40\" Diag.) - LED - 2160p - Smart - 4K Ultra HD TV - Black","type":"HardGood","price":749.99,"upc":"887276075716","shipping":0,"description":"2160p 4K Ultra HD resolutionClear Motion Rate 120Smart TV, S-Recommendation, Web browser","manufacturer":"Samsung","model":"UN40JU6500FXZA","url":"http://www.bestbuy.com/site/samsung-40-class-40-diag--led-2160p-smart-4k-ultra-hd-tv-black/3953157.p?id=1219609307257&skuId=3953157&cmp=RMXCC","image":"http://img.bbystatic.com/BestBuy_US/images/products/3953/3953157_sa.jpg","createdAt":"2016-11-17T18:00:31.886Z","updatedAt":"2016-11-17T18:00:31.886Z","categories":[{"id":"abcat0100000","name":"TV & Home Theater","createdAt":"2016-11-17T17:57:04.285Z","updatedAt":"2016-11-17T17:57:04.285Z"},{"id":"abcat0101000","name":"TVs","createdAt":"2016-11-17T17:57:04.285Z","updatedAt":"2016-11-17T17:57:04.285Z"},{"id":"pcmcat333800050003","name":"4K Ultra HD TVs","createdAt":"2016-11-17T17:57:04.643Z","updatedAt":"2016-11-17T17:57:04.643Z"}]},{"id":4405201,"name":"Samsung - 50\" Class (49.5\" Diag.) - LED - 1080p - Smart - HDTV - Black","type":"HardGood","price":699.99,"upc":"887276069210","shipping":0,"description":"1080p resolutionMotion Rate 60Smart TV, Web browser included","manufacturer":"Samsung","model":"UN50J5200AFXZA","url":"http://www.bestbuy.com/site/samsung-50-class-49-5-diag--led-1080p-smart-hdtv-black/4405201.p?id=1219743457219&skuId=4405201&cmp=RMXCC","image":"http://img.bbystatic.com/BestBuy_US/images/products/4405/4405201_sa.jpg","createdAt":"2016-11-17T18:01:06.648Z","updatedAt":"2016-11-17T18:01:06.648Z","categories":[{"id":"abcat0100000","name":"TV & Home Theater","createdAt":"2016-11-17T17:57:04.285Z","updatedAt":"2016-11-17T17:57:04.285Z"},{"id":"abcat0101000","name":"TVs","createdAt":"2016-11-17T17:57:04.285Z","updatedAt":"2016-11-17T17:57:04.285Z"},{"id":"abcat0101001","name":"All Flat-Panel TVs","createdAt":"2016-11-17T17:57:04.285Z","updatedAt":"2016-11-17T17:57:04.285Z"}]},{"id":4513700,"name":"Samsung - 48\" Class (47.6\" Diag.) - LED - 1080p - Smart - HDTV - Black","type":"HardGood","price":599.99,"upc":"887276124797","shipping":0,"description":"1080p resolutionMotion Rate 60Smart TV, Samsung Smart Hub, Web browser included","manufacturer":"Samsung","model":"UN48J5201AFXZA","url":"http://www.bestbuy.com/site/samsung-48-class-47-6-diag--led-1080p-smart-hdtv-black/4513700.p?id=1219756369972&skuId=4513700&cmp=RMXCC","image":"http://img.bbystatic.com/BestBuy_US/images/products/4513/4513700_sa.jpg","createdAt":"2016-11-17T17:58:03.298Z","updatedAt":"2016-11-17T17:58:03.298Z","categories":[{"id":"abcat0100000","name":"TV & Home Theater","createdAt":"2016-11-17T17:57:04.285Z","updatedAt":"2016-11-17T17:57:04.285Z"},{"id":"abcat0101000","name":"TVs","createdAt":"2016-11-17T17:57:04.285Z","updatedAt":"2016-11-17T17:57:04.285Z"},{"id":"abcat0101001","name":"All Flat-Panel TVs","createdAt":"2016-11-17T17:57:04.285Z","updatedAt":"2016-11-17T17:57:04.285Z"}]},{"id":4517000,"name":"LG - 49\" Class (48.5\" Diag.) - LED - 2160p - Smart - 4K Ultra HDTV - Black","type":"HardGood","price":599.99,"upc":"719192602632","shipping":0,"description":"2160p resolutionTruMotion 120Smart TV","manufacturer":"LG","model":"49UF6430","url":"http://www.bestbuy.com/site/lg-49-class-48-5-diag--led-2160p-smart-4k-ultra-hdtv-black/4517000.p?id=1219755712396&skuId=4517000&cmp=RMXCC","image":"http://img.bbystatic.com/BestBuy_US/images/products/4517/4517000_sa.jpg","createdAt":"2016-11-17T17:58:03.298Z","updatedAt":"2016-11-17T17:58:03.298Z","categories":[{"id":"abcat0100000","name":"TV & Home Theater","createdAt":"2016-11-17T17:57:04.285Z","updatedAt":"2016-11-17T17:57:04.285Z"},{"id":"abcat0101000","name":"TVs","createdAt":"2016-11-17T17:57:04.285Z","updatedAt":"2016-11-17T17:57:04.285Z"},{"id":"pcmcat333800050003","name":"4K Ultra HD TVs","createdAt":"2016-11-17T17:57:04.643Z","updatedAt":"2016-11-17T17:57:04.643Z"}]},{"id":4801501,"name":"Sony - 48\" Class (47.6\" Diag.) - LED - 1080p - Smart - HDTV - Black","type":"HardGood","price":549.99,"upc":"027242896482","shipping":0,"description":"1080p resolutionMotionflow XR 240Smart TV, Opera browser,","manufacturer":"Sony","model":"KDL48W650D","url":"http://www.bestbuy.com/site/sony-48-class-47-6-diag--led-1080p-smart-hdtv-black/4801501.p?id=1219824662196&skuId=4801501&cmp=RMXCC","image":"http://img.bbystatic.com/BestBuy_US/images/products/4801/4801501_sa.jpg","createdAt":"2016-11-17T18:02:21.601Z","updatedAt":"2016-11-17T18:02:21.601Z","categories":[{"id":"abcat0100000","name":"TV & Home Theater","createdAt":"2016-11-17T17:57:04.285Z","updatedAt":"2016-11-17T17:57:04.285Z"},{"id":"abcat0101000","name":"TVs","createdAt":"2016-11-17T17:57:04.285Z","updatedAt":"2016-11-17T17:57:04.285Z"},{"id":"abcat0101001","name":"All Flat-Panel TVs","createdAt":"2016-11-17T17:57:04.285Z","updatedAt":"2016-11-17T17:57:04.285Z"}]},{"id":4801700,"name":"Sony - 43\" Class (42.5\" Diag.) - LED - 2160p - Smart - 4K Ultra HD TV with High Dynamic Range - Black","type":"HardGood","price":749.99,"upc":"027242896529","shipping":0,"description":"2160p resolution with HDRMotionflow XR 240Smart TV, Android TV","manufacturer":"Sony","model":"XBR43X800D","url":"http://www.bestbuy.com/site/sony-43-class-42-5-diag--led-2160p-smart-4k-ultra-hd-tv-with-high-dynamic-range-black/4801700.p?id=1219824659346&skuId=4801700&cmp=RMXCC","image":"http://img.bbystatic.com/BestBuy_US/images/products/4801/4801700_sa.jpg","createdAt":"2016-11-17T18:02:21.601Z","updatedAt":"2016-11-17T18:02:21.601Z","categories":[{"id":"abcat0100000","name":"TV & Home Theater","createdAt":"2016-11-17T17:57:04.285Z","updatedAt":"2016-11-17T17:57:04.285Z"},{"id":"abcat0101000","name":"TVs","createdAt":"2016-11-17T17:57:04.285Z","updatedAt":"2016-11-17T17:57:04.285Z"},{"id":"pcmcat333800050003","name":"4K Ultra HD TVs","createdAt":"2016-11-17T17:57:04.643Z","updatedAt":"2016-11-17T17:57:04.643Z"}]},{"id":4801704,"name":"Sony - 49\" Class (48.5\" Diag.) - LED - 2160p - Smart - 4K Ultra HD TV - Black","type":"HardGood","price":799.99,"upc":"027242896581","shipping":0,"description":"2160p resolutionMotionflow XR 240Smart TV, Android TV","manufacturer":"Sony","model":"XBR49X700D","url":"http://www.bestbuy.com/site/sony-49-class-48-5-diag--led-2160p-smart-4k-ultra-hd-tv-black/4801704.p?id=1219824659349&skuId=4801704&cmp=RMXCC","image":"http://img.bbystatic.com/BestBuy_US/images/products/4801/4801704_sa.jpg","createdAt":"2016-11-17T18:02:21.601Z","updatedAt":"2016-11-17T18:02:21.601Z","categories":[{"id":"abcat0100000","name":"TV & Home Theater","createdAt":"2016-11-17T17:57:04.285Z","updatedAt":"2016-11-17T17:57:04.285Z"},{"id":"abcat0101000","name":"TVs","createdAt":"2016-11-17T17:57:04.285Z","updatedAt":"2016-11-17T17:57:04.285Z"},{"id":"pcmcat333800050003","name":"4K Ultra HD TVs","createdAt":"2016-11-17T17:57:04.643Z","updatedAt":"2016-11-17T17:57:04.643Z"}]},{"id":4807300,"name":"Toshiba - 55\" Class (54.6\" Diag.) - LED - 1080p - Smart - HDTV - Black","type":"HardGood","price":549.99,"upc":"600603198250","shipping":0,"description":"Only at Best Buy1080p resolution60Hz refresh rateSmart TV","manufacturer":"Toshiba","model":"55L421U","url":"http://www.bestbuy.com/site/toshiba-55-class-54-6-diag--led-1080p-smart-hdtv-black/4807300.p?id=bb4807300&skuId=4807300&cmp=RMXCC","image":"http://img.bbystatic.com/BestBuy_US/images/products/4807/4807300_sa.jpg","createdAt":"2016-11-17T17:58:03.298Z","updatedAt":"2016-11-17T17:58:03.298Z","categories":[{"id":"abcat0100000","name":"TV & Home Theater","createdAt":"2016-11-17T17:57:04.285Z","updatedAt":"2016-11-17T17:57:04.285Z"},{"id":"abcat0101000","name":"TVs","createdAt":"2016-11-17T17:57:04.285Z","updatedAt":"2016-11-17T17:57:04.285Z"},{"id":"abcat0101001","name":"All Flat-Panel TVs","createdAt":"2016-11-17T17:57:04.285Z","updatedAt":"2016-11-17T17:57:04.285Z"}]}]}

22:45:37.199 [ForkJoinPool-3-worker-4] DEBUG com.intuit.karate - response time in milliseconds: 4297.28
1 < 200
1 < Access-Control-Allow-Origin: *
1 < Allow: GET,POST,PUT,PATCH,DELETE
1 < Connection: keep-alive
1 < Content-Type: application/json; charset=utf-8
1 < Date: Fri, 08 Nov 2019 17:15:37 GMT
1 < ETag: W/"3293-P9azs8YOnTtIwIdcIW+1YJyStx8"
1 < Transfer-Encoding: chunked
1 < Vary: Accept, Accept-Encoding
1 < X-Powered-By: Express
{"total":51957,"limit":10,"skip":0,"data":[{"id":3041141,"name":"Sony - ES SXRD 3D-Ready 4K Home Theater Projector - Black","type":"HardGood","price":27999.98,"upc":"027242873193","shipping":0,"description":"4K (4096 x 2160) resolution2000 lumens brightness16:9 aspect ratio","manufacturer":"Sony","model":"VPLVW1100ES","url":"http://www.bestbuy.com/site/sony-es-sxrd-3d-ready-4k-home-theater-projector-black/3041141.p?id=1219086346401&skuId=3041141&cmp=RMXCC","image":"http://img.bbystatic.com/BestBuy_US/images/products/3041/3041141_sa.jpg","createdAt":"2016-11-17T18:02:21.601Z","updatedAt":"2016-11-17T18:02:21.601Z","categories":[{"id":"abcat0100000","name":"TV & Home Theater","createdAt":"2016-11-17T17:57:04.285Z","updatedAt":"2016-11-17T17:57:04.285Z"},{"id":"pcmcat158900050008","name":"Projectors & Screens","createdAt":"2016-11-17T17:57:04.899Z","updatedAt":"2016-11-17T17:57:04.899Z"},{"id":"pcmcat158900050018","name":"Projectors","createdAt":"2016-11-17T17:57:04.899Z","updatedAt":"2016-11-17T17:57:04.899Z"}]},{"id":1790046,"name":"Nikon - AF-S NIKKOR 800mm f/5.6E FL ED VR Super-Telephoto Lens for Select Nikon Cameras - Black","type":"HardGood","price":16299.99,"upc":"018208022052","shipping":0,"description":"Compatible with select Nikon cameras; VR (Vibration Reduction) image stabilization; ED (Extra-Low Dispersion) glass; SWM (Silent Wave Motor); 1.25x teleconverter","manufacturer":"Nikon","model":"2205","url":"http://www.bestbuy.com/site/nikon-af-s-nikkor-800mm-f-5-6e-fl-ed-vr-super-telephoto-lens-for-select-nikon-cameras-black/1790046.p?id=1219064724072&skuId=1790046&cmp=RMXCC","image":"http://img.bbystatic.com/BestBuy_US/images/products/1790/1790046_sa.jpg","createdAt":"2016-11-17T18:00:01.751Z","updatedAt":"2016-11-17T18:00:01.751Z","categories":[{"id":"abcat0400000","name":"Cameras & Camcorders","createdAt":"2016-11-17T17:57:04.285Z","updatedAt":"2016-11-17T17:57:04.285Z"},{"id":"abcat0410000","name":"Digital Camera Accessories","createdAt":"2016-11-17T17:57:04.285Z","updatedAt":"2016-11-17T17:57:04.285Z"},{"id":"abcat0410018","name":"Camera Lenses","createdAt":"2016-11-17T17:57:04.285Z","updatedAt":"2016-11-17T17:57:04.285Z"},{"id":"pcmcat195200050001","name":"Prime Lenses","createdAt":"2016-11-17T17:57:05.399Z","updatedAt":"2016-11-17T17:57:05.399Z"},{"id":"pcmcat233000050008","name":"DSLR Lenses","createdAt":"2016-11-17T17:57:05.399Z","updatedAt":"2016-11-17T17:57:05.399Z"}]},{"id":4621000,"name":"Sony - ES 4K SXRD Projector - Black","type":"HardGood","price":14999.98,"upc":"027242892095","shipping":0,"description":"4K Ultra HD resolution16:9 aspect ratio","manufacturer":"Sony","model":"VPLVW665ES","url":"http://www.bestbuy.com/site/sony-es-4k-sxrd-projector-black/4621000.p?id=1219780138505&skuId=4621000&cmp=RMXCC","image":"http://img.bbystatic.com/BestBuy_US/images/products/4621/4621000_sa.jpg","createdAt":"2016-11-17T18:01:33.383Z","updatedAt":"2016-11-17T18:01:33.383Z","categories":[{"id":"abcat0100000","name":"TV & Home Theater","createdAt":"2016-11-17T17:57:04.285Z","updatedAt":"2016-11-17T17:57:04.285Z"},{"id":"pcmcat158900050008","name":"Projectors & Screens","createdAt":"2016-11-17T17:57:04.899Z","updatedAt":"2016-11-17T17:57:04.899Z"},{"id":"pcmcat158900050018","name":"Projectors","createdAt":"2016-11-17T17:57:04.899Z","updatedAt":"2016-11-17T17:57:04.899Z"}]},{"id":8794897,"name":"Canon - EF 800mm f/5.6L IS USM Super-Telephoto Lens for Canon EOS Cameras - White","type":"HardGood","price":12999.99,"upc":"013803092738","shipping":0,"description":"Compatible with Canon EOS cameras; image stabilization; USM (Ultrasonic Motor); 800mm focal length; 0.14x maximum magnification; f/32 minimum and f/5.6 maximum aperture","manufacturer":"Canon","model":"2746B002","url":"http://www.bestbuy.com/site/canon-ef-800mm-f-5-6l-is-usm-super-telephoto-lens-for-canon-eos-cameras-white/8794897.p?id=1205537954826&skuId=8794897&cmp=RMXCC","image":"http://img.bbystatic.com/BestBuy_US/images/products/8794/8794897_rc.jpg","createdAt":"2016-11-17T18:00:31.886Z","updatedAt":"2016-11-17T18:00:31.886Z","categories":[{"id":"abcat0400000","name":"Cameras & Camcorders","createdAt":"2016-11-17T17:57:04.285Z","updatedAt":"2016-11-17T17:57:04.285Z"},{"id":"abcat0410000","name":"Digital Camera Accessories","createdAt":"2016-11-17T17:57:04.285Z","updatedAt":"2016-11-17T17:57:04.285Z"},{"id":"abcat0410018","name":"Camera Lenses","createdAt":"2016-11-17T17:57:04.285Z","updatedAt":"2016-11-17T17:57:04.285Z"},{"id":"pcmcat195200050001","name":"Prime Lenses","createdAt":"2016-11-17T17:57:05.399Z","updatedAt":"2016-11-17T17:57:05.399Z"},{"id":"pcmcat233000050008","name":"DSLR Lenses","createdAt":"2016-11-17T17:57:05.399Z","updatedAt":"2016-11-17T17:57:05.399Z"}]},{"id":4262200,"name":"Nikon - Nikkor AF-S 600mm f/4.0 E FL ED VR Optical Telephoto Lens for Nikon F - Black","type":"HardGood","price":12299.99,"upc":"018208200542","shipping":0,"description":"Compatible with 35mm SLRs and digital SLRs; optical image stabilization; tele; internal focusing system, full-time manual focusing, ED glass; 40.5mm filter size; 14.4' minimum focus distance; up to 0.14x magnification","manufacturer":"Nikon","model":"20054","url":"http://www.bestbuy.com/site/nikon-nikkor-af-s-600mm-f-4-0-e-fl-ed-vr-optical-telephoto-lens-for-nikon-f-black/4262200.p?id=1219732458980&skuId=4262200&cmp=RMXCC","image":"http://img.bbystatic.com/BestBuy_US/images/products/4262/4262200_sa.jpg","createdAt":"2016-11-17T18:01:06.648Z","updatedAt":"2016-11-17T18:01:06.648Z","categories":[{"id":"abcat0400000","name":"Cameras & Camcorders","createdAt":"2016-11-17T17:57:04.285Z","updatedAt":"2016-11-17T17:57:04.285Z"},{"id":"abcat0410000","name":"Digital Camera Accessories","createdAt":"2016-11-17T17:57:04.285Z","updatedAt":"2016-11-17T17:57:04.285Z"},{"id":"abcat0410018","name":"Camera Lenses","createdAt":"2016-11-17T17:57:04.285Z","updatedAt":"2016-11-17T17:57:04.285Z"},{"id":"pcmcat196500050012","name":"Long-Range Zoom Lenses","createdAt":"2016-11-17T17:57:05.399Z","updatedAt":"2016-11-17T17:57:05.399Z"},{"id":"pcmcat233000050008","name":"DSLR Lenses","createdAt":"2016-11-17T17:57:05.399Z","updatedAt":"2016-11-17T17:57:05.399Z"}]},{"id":8437043,"name":"Key Digital - Champion Series 16 x 16 HDMI Matrix Switcher - Black","type":"HardGood","price":11999.98,"upc":"819505001708","shipping":0,"description":"KEY DIGITAL Champion Series 16 x 16 HDMI Matrix Switcher: Compatible with most HDMI sources; 1080p maximum resolution; supports Dolby TrueHD, Dolby Digital Plus and DTS-HD Master Audio; 3D-ready","manufacturer":"Key Digital","model":"KD-16X16CS","url":"http://www.bestbuy.com/site/key-digital-champion-series-16-x-16-hdmi-matrix-switcher-black/8437043.p?id=1219691713155&skuId=8437043&cmp=RMXCC","image":"http://img.bbystatic.com/BestBuy_US/images/products/8437/8437043_sa.jpg","createdAt":"2016-11-17T18:01:44.806Z","updatedAt":"2016-11-17T18:01:44.806Z","categories":[{"id":"abcat0100000","name":"TV & Home Theater","createdAt":"2016-11-17T17:57:04.285Z","updatedAt":"2016-11-17T17:57:04.285Z"},{"id":"abcat0107000","name":"TV & Home Theater Accessories","createdAt":"2016-11-17T17:57:04.285Z","updatedAt":"2016-11-17T17:57:04.285Z"},{"id":"abcat0107015","name":"A/V Cables & Connectors","createdAt":"2016-11-17T17:57:04.285Z","updatedAt":"2016-11-17T17:57:04.285Z"},{"id":"pcmcat175600050016","name":"A/V Switchers","createdAt":"2016-11-17T17:57:05.399Z","updatedAt":"2016-11-17T17:57:05.399Z"}]},{"id":1688841,"name":"Canon - EF 600mm f/4L IS II USM Super Telephoto Lens for Most Canon EOS SLR Cameras - White","type":"HardGood","price":11499.99,"upc":"013803134148","shipping":0,"description":"Compatible with most Canon EOS SLR cameras; 3 image stabilization modes; inner focusing system; 52mm filter size; 14.8' minimum focus distance","manufacturer":"Canon","model":"5125B002","url":"http://www.bestbuy.com/site/canon-ef-600mm-f-4l-is-ii-usm-super-telephoto-lens-for-most-canon-eos-slr-cameras-white/1688841.p?id=1219060409045&skuId=1688841&cmp=RMXCC","image":"http://img.bbystatic.com/BestBuy_US/images/products/1688/1688841_rc.jpg","createdAt":"2016-11-17T17:58:03.298Z","updatedAt":"2016-11-17T17:58:03.298Z","categories":[{"id":"abcat0400000","name":"Cameras & Camcorders","createdAt":"2016-11-17T17:57:04.285Z","updatedAt":"2016-11-17T17:57:04.285Z"},{"id":"abcat0410000","name":"Digital Camera Accessories","createdAt":"2016-11-17T17:57:04.285Z","updatedAt":"2016-11-17T17:57:04.285Z"},{"id":"abcat0410018","name":"Camera Lenses","createdAt":"2016-11-17T17:57:04.285Z","updatedAt":"2016-11-17T17:57:04.285Z"},{"id":"pcmcat195200050001","name":"Prime Lenses","createdAt":"2016-11-17T17:57:05.399Z","updatedAt":"2016-11-17T17:57:05.399Z"},{"id":"pcmcat233000050008","name":"DSLR Lenses","createdAt":"2016-11-17T17:57:05.399Z","updatedAt":"2016-11-17T17:57:05.399Z"}]},{"id":9324006,"name":"Nikon - AF-S NIKKOR 400mm f/2.8E FL ED VR Lens for Select Nikon DSLR Cameras","type":"HardGood","price":11199.99,"upc":"018208022175","shipping":0,"description":"Compatible with most Nikon DSLR cameras with an F-Bayonet mount; lightweight design; image stabilization; ED glass; fluorite lens element; IF lens; nano crystal coat; silent wave motor","manufacturer":"Nikon","model":"2217","url":"http://www.bestbuy.com/site/nikon-af-s-nikkor-400mm-f-2-8e-fl-ed-vr-lens-for-select-nikon-dslr-cameras/9324006.p?id=1219405808498&skuId=9324006&cmp=RMXCC","image":"http://img.bbystatic.com/BestBuy_US/images/products/9324/9324006_sa.jpg","createdAt":"2016-11-17T17:58:46.655Z","updatedAt":"2016-11-17T17:58:46.655Z","categories":[{"id":"abcat0400000","name":"Cameras & Camcorders","createdAt":"2016-11-17T17:57:04.285Z","updatedAt":"2016-11-17T17:57:04.285Z"},{"id":"abcat0410000","name":"Digital Camera Accessories","createdAt":"2016-11-17T17:57:04.285Z","updatedAt":"2016-11-17T17:57:04.285Z"},{"id":"abcat0410018","name":"Camera Lenses","createdAt":"2016-11-17T17:57:04.285Z","updatedAt":"2016-11-17T17:57:04.285Z"},{"id":"pcmcat195200050001","name":"Prime Lenses","createdAt":"2016-11-17T17:57:05.399Z","updatedAt":"2016-11-17T17:57:05.399Z"},{"id":"pcmcat233000050008","name":"DSLR Lenses","createdAt":"2016-11-17T17:57:05.399Z","updatedAt":"2016-11-17T17:57:05.399Z"}]},{"id":1757296,"name":"Canon - EF 200-400mm f/4L IS USM Super Telephoto Lens for Most Canon EOS SLR Cameras - White","type":"HardGood","price":10999.99,"upc":"013803134179","shipping":0,"description":"Compatible with most Canon EOS SLR cameras; built-in 1.4x extender; 3 image stabilization modes; 52mm filter size; 6.6' minimum focus distance","manufacturer":"Canon","model":"5176B002","url":"http://www.bestbuy.com/site/canon-ef-200-400mm-f-4l-is-usm-super-telephoto-lens-for-most-canon-eos-slr-cameras-white/1757296.p?id=1219062656772&skuId=1757296&cmp=RMXCC","image":"http://img.bbystatic.com/BestBuy_US/images/products/1757/1757296_sa.jpg","createdAt":"2016-11-17T17:59:24.820Z","updatedAt":"2016-11-17T17:59:24.820Z","categories":[{"id":"abcat0400000","name":"Cameras & Camcorders","createdAt":"2016-11-17T17:57:04.285Z","updatedAt":"2016-11-17T17:57:04.285Z"},{"id":"abcat0410000","name":"Digital Camera Accessories","createdAt":"2016-11-17T17:57:04.285Z","updatedAt":"2016-11-17T17:57:04.285Z"},{"id":"abcat0410018","name":"Camera Lenses","createdAt":"2016-11-17T17:57:04.285Z","updatedAt":"2016-11-17T17:57:04.285Z"},{"id":"pcmcat196500050012","name":"Long-Range Zoom Lenses","createdAt":"2016-11-17T17:57:05.399Z","updatedAt":"2016-11-17T17:57:05.399Z"},{"id":"pcmcat233000050008","name":"DSLR Lenses","createdAt":"2016-11-17T17:57:05.399Z","updatedAt":"2016-11-17T17:57:05.399Z"}]},{"id":4262000,"name":"Nikon - AF-S NIKKOR 500mm f/4E FL ED VR Super Telephoto Lens - Black","type":"HardGood","price":10299.99,"upc":"018208200535","shipping":0,"description":"Compatible with Nikon cameras with an F-mount; 4-stop VR image stabilization; Nano Crystal Coat; 40.5mm filter size; 11.9' minimum focus distance","manufacturer":"Nikon","model":"20053","url":"http://www.bestbuy.com/site/nikon-af-s-nikkor-500mm-f-4e-fl-ed-vr-super-telephoto-lens-black/4262000.p?id=1219732457043&skuId=4262000&cmp=RMXCC","image":"http://img.bbystatic.com/BestBuy_US/images/products/4262/4262000_sa.jpg","createdAt":"2016-11-17T18:01:06.648Z","updatedAt":"2016-11-17T18:01:06.648Z","categories":[{"id":"abcat0400000","name":"Cameras & Camcorders","createdAt":"2016-11-17T17:57:04.285Z","updatedAt":"2016-11-17T17:57:04.285Z"},{"id":"abcat0410000","name":"Digital Camera Accessories","createdAt":"2016-11-17T17:57:04.285Z","updatedAt":"2016-11-17T17:57:04.285Z"},{"id":"abcat0410018","name":"Camera Lenses","createdAt":"2016-11-17T17:57:04.285Z","updatedAt":"2016-11-17T17:57:04.285Z"},{"id":"pcmcat195200050001","name":"Prime Lenses","createdAt":"2016-11-17T17:57:05.399Z","updatedAt":"2016-11-17T17:57:05.399Z"},{"id":"pcmcat233000050008","name":"DSLR Lenses","createdAt":"2016-11-17T17:57:05.399Z","updatedAt":"2016-11-17T17:57:05.399Z"}]}]}

22:45:37.220 [pool-4-thread-3] INFO  com.intuit.karate.Runner - <<fail>> feature 3 of 4: classpath:com/n26/bestbuy/api/products/products-patch.feature
---------------------------------------------------------
feature: classpath:com/n26/bestbuy/api/products/products-patch.feature
report: target\surefire-reports\com.n26.bestbuy.api.products.products-patch.json
scenarios:  3 | passed:  2 | failed:  1 | time: 13.6431
---------------------------------------------------------
Karate version: 0.9.4
======================================================
elapsed:  12.64 | threads:    5 | thread time: 52.56 
features:     4 | ignored:    0 | efficiency: 0.83
scenarios:   12 | passed:     7 | failed: 5
======================================================
failed features:
com.n26.bestbuy.api.products.products-delete: products-delete.feature:26 - 
java.net.SocketTimeoutException: Read timed out
com.n26.bestbuy.api.products.products-patch: products-patch.feature:11 - 
java.net.SocketTimeoutException: Read timed out
com.n26.bestbuy.api.products.products-post: products-post.feature:11 - 
java.net.SocketTimeoutException: Read timed out
products-post.feature:20 - 
java.net.SocketTimeoutException: Read timed out
products-post.feature:26 - 
java.net.SocketTimeoutException: Read timed out

]]></system-out>
  </testcase>
</testsuite>