<?xml version="1.0" encoding="UTF-8"?>
<!-- Generated by org.testng.reporters.JUnitReportReporter -->
<testsuite hostname="BKRISTIP-IN" name="com.n26.bestbuy.api.services.ServicesTest" tests="1" failures="0" timestamp="8 Nov 2019 17:12:40 GMT" time="2.912" errors="0">
  <testcase name="testParallel" time="2.912" classname="com.n26.bestbuy.api.services.ServicesTest"/>
</testsuite> <!-- com.n26.bestbuy.api.services.ServicesTest -->
